[ 2017-03-31T10:44:15+08:00 ] ::1 /ZH/educational_administration_system/index.php
INFO: [ app_init ] --START--
INFO: Run Behavior\BuildLiteBehavior [ RunTime:0.000014s ]
INFO: [ app_init ] --END-- [ RunTime:0.025005s ]
INFO: [ app_begin ] --START--
INFO: Run Behavior\ReadHtmlCacheBehavior [ RunTime:0.025752s ]
INFO: [ app_begin ] --END-- [ RunTime:0.025806s ]
INFO: [ view_parse ] --START--
INFO: [ template_filter ] --START--
INFO: Run Behavior\ContentReplaceBehavior [ RunTime:0.000066s ]
INFO: [ template_filter ] --END-- [ RunTime:0.000112s ]
INFO: Run Behavior\ParseTemplateBehavior [ RunTime:0.215680s ]
INFO: [ view_parse ] --END-- [ RunTime:0.215766s ]
INFO: [ view_filter ] --START--
INFO: Run Behavior\WriteHtmlCacheBehavior [ RunTime:0.033851s ]
INFO: [ view_filter ] --END-- [ RunTime:0.033899s ]
INFO: [ app_end ] --START--
INFO: Run Behavior\ShowPageTraceBehavior [ RunTime:0.036681s ]
INFO: [ app_end ] --END-- [ RunTime:0.036761s ]

[ 2017-03-31T10:44:15+08:00 ] ::1 /ZH/educational_administration_system/index.php/Home/Index/yanzheng
INFO: [ app_init ] --START--
INFO: Run Behavior\BuildLiteBehavior [ RunTime:0.000016s ]
INFO: [ app_init ] --END-- [ RunTime:0.000865s ]
INFO: [ app_begin ] --START--
INFO: Run Behavior\ReadHtmlCacheBehavior [ RunTime:0.002240s ]
INFO: [ app_begin ] --END-- [ RunTime:0.002307s ]
INFO: [ app_end ] --START--
INFO: Run Behavior\ShowPageTraceBehavior [ RunTime:0.001975s ]
INFO: [ app_end ] --END-- [ RunTime:0.002026s ]

[ 2017-03-31T10:44:29+08:00 ] ::1 /ZH/educational_administration_system/index.php/Home/Index/login
INFO: [ app_init ] --START--
INFO: Run Behavior\BuildLiteBehavior [ RunTime:0.000012s ]
INFO: [ app_init ] --END-- [ RunTime:0.000795s ]
INFO: [ app_begin ] --START--
INFO: Run Behavior\ReadHtmlCacheBehavior [ RunTime:0.001887s ]
INFO: [ app_begin ] --END-- [ RunTime:0.001950s ]
SQL: SHOW COLUMNS FROM `edu_login` [ RunTime:0.0575s ]
SQL: SELECT * FROM `edu_login` WHERE `user` = '040169' AND `pass` = '1' LIMIT 1   [ RunTime:0.0004s ]
NOTIC: [8] Use of undefined constant q - assumed 'q' D:\xampp\htdocs\ZH\educational_administration_system\Application\Home\Controller\IndexController.class.php 第 36 行.
NOTIC: [8] Use of undefined constant q - assumed 'q' D:\xampp\htdocs\ZH\educational_administration_system\Application\Home\Controller\IndexController.class.php 第 43 行.
NOTIC: [8] Use of undefined constant q - assumed 'q' D:\xampp\htdocs\ZH\educational_administration_system\Application\Home\Controller\IndexController.class.php 第 44 行.
NOTIC: [8] Use of undefined constant name - assumed 'name' D:\xampp\htdocs\ZH\educational_administration_system\Application\Home\Controller\IndexController.class.php 第 46 行.
INFO: [ app_end ] --START--
INFO: Run Behavior\ShowPageTraceBehavior [ RunTime:0.002327s ]
INFO: [ app_end ] --END-- [ RunTime:0.002368s ]

[ 2017-03-31T10:44:46+08:00 ] ::1 /ZH/educational_administration_system/index.php/Home/Content/schedule
INFO: [ app_init ] --START--
INFO: Run Behavior\BuildLiteBehavior [ RunTime:0.000012s ]
INFO: [ app_init ] --END-- [ RunTime:0.000658s ]
INFO: [ app_begin ] --START--
INFO: Run Behavior\ReadHtmlCacheBehavior [ RunTime:0.001661s ]
INFO: [ app_begin ] --END-- [ RunTime:0.001694s ]
NOTIC: [8] Use of undefined constant user - assumed 'user' D:\xampp\htdocs\ZH\educational_administration_system\Application\Home\Controller\ContentController.class.php 第 110 行.
NOTIC: [8] Use of undefined constant q - assumed 'q' D:\xampp\htdocs\ZH\educational_administration_system\Application\Home\Controller\ContentController.class.php 第 111 行.
SQL: SHOW COLUMNS FROM `edu_course` [ RunTime:0.0102s ]
SQL: SELECT * FROM `edu_course` WHERE `teacherID` = '040169'  [ RunTime:0.0004s ]
NOTIC: [8] Use of undefined constant name - assumed 'name' D:\xampp\htdocs\ZH\educational_administration_system\Application\Home\Controller\ContentController.class.php 第 153 行.
NOTIC: [8] Use of undefined constant plan - assumed 'plan' D:\xampp\htdocs\ZH\educational_administration_system\Application\Home\Controller\ContentController.class.php 第 154 行.
NOTIC: [8] Use of undefined constant level - assumed 'level' D:\xampp\htdocs\ZH\educational_administration_system\Application\Home\Controller\ContentController.class.php 第 155 行.
NOTIC: [8] Use of undefined constant name - assumed 'name' D:\xampp\htdocs\ZH\educational_administration_system\Application\Home\Controller\ContentController.class.php 第 153 行.
NOTIC: [8] Use of undefined constant plan - assumed 'plan' D:\xampp\htdocs\ZH\educational_administration_system\Application\Home\Controller\ContentController.class.php 第 154 行.
NOTIC: [8] Use of undefined constant level - assumed 'level' D:\xampp\htdocs\ZH\educational_administration_system\Application\Home\Controller\ContentController.class.php 第 155 行.
NOTIC: [8] Use of undefined constant name - assumed 'name' D:\xampp\htdocs\ZH\educational_administration_system\Application\Home\Controller\ContentController.class.php 第 153 行.
NOTIC: [8] Use of undefined constant plan - assumed 'plan' D:\xampp\htdocs\ZH\educational_administration_system\Application\Home\Controller\ContentController.class.php 第 154 行.
NOTIC: [8] Use of undefined constant level - assumed 'level' D:\xampp\htdocs\ZH\educational_administration_system\Application\Home\Controller\ContentController.class.php 第 155 行.
NOTIC: [8] Use of undefined constant name - assumed 'name' D:\xampp\htdocs\ZH\educational_administration_system\Application\Home\Controller\ContentController.class.php 第 153 行.
NOTIC: [8] Use of undefined constant plan - assumed 'plan' D:\xampp\htdocs\ZH\educational_administration_system\Application\Home\Controller\ContentController.class.php 第 154 行.
NOTIC: [8] Use of undefined constant level - assumed 'level' D:\xampp\htdocs\ZH\educational_administration_system\Application\Home\Controller\ContentController.class.php 第 155 行.
INFO: [ view_parse ] --START--
INFO: [ template_filter ] --START--
INFO: Run Behavior\ContentReplaceBehavior [ RunTime:0.000054s ]
INFO: [ template_filter ] --END-- [ RunTime:0.000112s ]
INFO: Run Behavior\ParseTemplateBehavior [ RunTime:0.079218s ]
INFO: [ view_parse ] --END-- [ RunTime:0.079278s ]
INFO: [ view_filter ] --START--
INFO: Run Behavior\WriteHtmlCacheBehavior [ RunTime:0.001615s ]
INFO: [ view_filter ] --END-- [ RunTime:0.001644s ]
INFO: [ app_end ] --START--
INFO: Run Behavior\ShowPageTraceBehavior [ RunTime:0.001762s ]
INFO: [ app_end ] --END-- [ RunTime:0.001799s ]

[ 2017-03-31T23:10:56+08:00 ] ::1 /ZH/educational_administration_system/index.php
INFO: [ app_init ] --START--
INFO: Run Behavior\BuildLiteBehavior [ RunTime:0.000015s ]
INFO: [ app_init ] --END-- [ RunTime:0.023848s ]
INFO: [ app_begin ] --START--
INFO: Run Behavior\ReadHtmlCacheBehavior [ RunTime:0.025982s ]
INFO: [ app_begin ] --END-- [ RunTime:0.026038s ]
INFO: [ view_parse ] --START--
INFO: [ template_filter ] --START--
INFO: Run Behavior\ContentReplaceBehavior [ RunTime:0.000128s ]
INFO: [ template_filter ] --END-- [ RunTime:0.000186s ]
INFO: Run Behavior\ParseTemplateBehavior [ RunTime:0.256686s ]
INFO: [ view_parse ] --END-- [ RunTime:0.256744s ]
INFO: [ view_filter ] --START--
INFO: Run Behavior\WriteHtmlCacheBehavior [ RunTime:0.035400s ]
INFO: [ view_filter ] --END-- [ RunTime:0.035444s ]
INFO: [ app_end ] --START--
INFO: Run Behavior\ShowPageTraceBehavior [ RunTime:0.094439s ]
INFO: [ app_end ] --END-- [ RunTime:0.094508s ]

[ 2017-03-31T23:10:57+08:00 ] ::1 /ZH/educational_administration_system/index.php/Home/Index/yanzheng
INFO: [ app_init ] --START--
INFO: Run Behavior\BuildLiteBehavior [ RunTime:0.000008s ]
INFO: [ app_init ] --END-- [ RunTime:0.000606s ]
INFO: [ app_begin ] --START--
INFO: Run Behavior\ReadHtmlCacheBehavior [ RunTime:0.001904s ]
INFO: [ app_begin ] --END-- [ RunTime:0.001961s ]
INFO: [ app_end ] --START--
INFO: Run Behavior\ShowPageTraceBehavior [ RunTime:0.001898s ]
INFO: [ app_end ] --END-- [ RunTime:0.001949s ]

[ 2017-03-31T23:11:14+08:00 ] ::1 /ZH/educational_administration_system/index.php/Home/Index/login
INFO: [ app_init ] --START--
INFO: Run Behavior\BuildLiteBehavior [ RunTime:0.000012s ]
INFO: [ app_init ] --END-- [ RunTime:0.000695s ]
INFO: [ app_begin ] --START--
INFO: Run Behavior\ReadHtmlCacheBehavior [ RunTime:0.001841s ]
INFO: [ app_begin ] --END-- [ RunTime:0.001895s ]
SQL: SHOW COLUMNS FROM `edu_login` [ RunTime:0.0144s ]
SQL: SELECT * FROM `edu_login` WHERE `user` = '040169' AND `pass` = '1' LIMIT 1   [ RunTime:0.0004s ]
NOTIC: [8] Use of undefined constant q - assumed 'q' D:\xampp\htdocs\ZH\educational_administration_system\Application\Home\Controller\IndexController.class.php 第 36 行.
NOTIC: [8] Use of undefined constant q - assumed 'q' D:\xampp\htdocs\ZH\educational_administration_system\Application\Home\Controller\IndexController.class.php 第 43 行.
NOTIC: [8] Use of undefined constant q - assumed 'q' D:\xampp\htdocs\ZH\educational_administration_system\Application\Home\Controller\IndexController.class.php 第 44 行.
NOTIC: [8] Use of undefined constant name - assumed 'name' D:\xampp\htdocs\ZH\educational_administration_system\Application\Home\Controller\IndexController.class.php 第 46 行.
INFO: [ app_end ] --START--
INFO: Run Behavior\ShowPageTraceBehavior [ RunTime:0.002095s ]
INFO: [ app_end ] --END-- [ RunTime:0.002140s ]

[ 2017-03-31T23:11:26+08:00 ] ::1 /ZH/educational_administration_system/index.php/Home/Content/schedule
INFO: [ app_init ] --START--
INFO: Run Behavior\BuildLiteBehavior [ RunTime:0.000010s ]
INFO: [ app_init ] --END-- [ RunTime:0.000609s ]
INFO: [ app_begin ] --START--
INFO: Run Behavior\ReadHtmlCacheBehavior [ RunTime:0.001788s ]
INFO: [ app_begin ] --END-- [ RunTime:0.001834s ]
NOTIC: [8] Use of undefined constant user - assumed 'user' D:\xampp\htdocs\ZH\educational_administration_system\Application\Home\Controller\ContentController.class.php 第 110 行.
NOTIC: [8] Use of undefined constant q - assumed 'q' D:\xampp\htdocs\ZH\educational_administration_system\Application\Home\Controller\ContentController.class.php 第 111 行.
SQL: SHOW COLUMNS FROM `edu_course` [ RunTime:0.0165s ]
SQL: SELECT * FROM `edu_course` WHERE `teacherID` = '040169'  [ RunTime:0.0004s ]
NOTIC: [8] Use of undefined constant name - assumed 'name' D:\xampp\htdocs\ZH\educational_administration_system\Application\Home\Controller\ContentController.class.php 第 153 行.
NOTIC: [8] Use of undefined constant plan - assumed 'plan' D:\xampp\htdocs\ZH\educational_administration_system\Application\Home\Controller\ContentController.class.php 第 154 行.
NOTIC: [8] Use of undefined constant level - assumed 'level' D:\xampp\htdocs\ZH\educational_administration_system\Application\Home\Controller\ContentController.class.php 第 155 行.
NOTIC: [8] Use of undefined constant name - assumed 'name' D:\xampp\htdocs\ZH\educational_administration_system\Application\Home\Controller\ContentController.class.php 第 153 行.
NOTIC: [8] Use of undefined constant plan - assumed 'plan' D:\xampp\htdocs\ZH\educational_administration_system\Application\Home\Controller\ContentController.class.php 第 154 行.
NOTIC: [8] Use of undefined constant level - assumed 'level' D:\xampp\htdocs\ZH\educational_administration_system\Application\Home\Controller\ContentController.class.php 第 155 行.
NOTIC: [8] Use of undefined constant name - assumed 'name' D:\xampp\htdocs\ZH\educational_administration_system\Application\Home\Controller\ContentController.class.php 第 153 行.
NOTIC: [8] Use of undefined constant plan - assumed 'plan' D:\xampp\htdocs\ZH\educational_administration_system\Application\Home\Controller\ContentController.class.php 第 154 行.
NOTIC: [8] Use of undefined constant level - assumed 'level' D:\xampp\htdocs\ZH\educational_administration_system\Application\Home\Controller\ContentController.class.php 第 155 行.
NOTIC: [8] Use of undefined constant name - assumed 'name' D:\xampp\htdocs\ZH\educational_administration_system\Application\Home\Controller\ContentController.class.php 第 153 行.
NOTIC: [8] Use of undefined constant plan - assumed 'plan' D:\xampp\htdocs\ZH\educational_administration_system\Application\Home\Controller\ContentController.class.php 第 154 行.
NOTIC: [8] Use of undefined constant level - assumed 'level' D:\xampp\htdocs\ZH\educational_administration_system\Application\Home\Controller\ContentController.class.php 第 155 行.
INFO: [ view_parse ] --START--
INFO: [ template_filter ] --START--
INFO: Run Behavior\ContentReplaceBehavior [ RunTime:0.000040s ]
INFO: [ template_filter ] --END-- [ RunTime:0.000081s ]
INFO: Run Behavior\ParseTemplateBehavior [ RunTime:0.337186s ]
INFO: [ view_parse ] --END-- [ RunTime:0.337263s ]
INFO: [ view_filter ] --START--
INFO: Run Behavior\WriteHtmlCacheBehavior [ RunTime:0.002092s ]
INFO: [ view_filter ] --END-- [ RunTime:0.002147s ]
INFO: [ app_end ] --START--
INFO: Run Behavior\ShowPageTraceBehavior [ RunTime:0.001890s ]
INFO: [ app_end ] --END-- [ RunTime:0.001948s ]

