[ 2017-04-13T20:53:21+08:00 ] ::1 /ZH/educational_administration_system/index.php
INFO: [ app_init ] --START--
INFO: Run Behavior\BuildLiteBehavior [ RunTime:0.000017s ]
INFO: [ app_init ] --END-- [ RunTime:0.055523s ]
INFO: [ app_begin ] --START--
INFO: Run Behavior\ReadHtmlCacheBehavior [ RunTime:0.024590s ]
INFO: [ app_begin ] --END-- [ RunTime:0.024656s ]
INFO: [ view_parse ] --START--
INFO: [ template_filter ] --START--
INFO: Run Behavior\ContentReplaceBehavior [ RunTime:0.000076s ]
INFO: [ template_filter ] --END-- [ RunTime:0.000130s ]
INFO: Run Behavior\ParseTemplateBehavior [ RunTime:0.242922s ]
INFO: [ view_parse ] --END-- [ RunTime:0.242987s ]
INFO: [ view_filter ] --START--
INFO: Run Behavior\WriteHtmlCacheBehavior [ RunTime:0.034465s ]
INFO: [ view_filter ] --END-- [ RunTime:0.034526s ]
INFO: [ app_end ] --START--
INFO: Run Behavior\ShowPageTraceBehavior [ RunTime:0.016523s ]
INFO: [ app_end ] --END-- [ RunTime:0.016621s ]

[ 2017-04-13T20:53:21+08:00 ] ::1 /ZH/educational_administration_system/index.php/Home/Index/yanzheng
INFO: [ app_init ] --START--
INFO: Run Behavior\BuildLiteBehavior [ RunTime:0.000014s ]
INFO: [ app_init ] --END-- [ RunTime:0.000392s ]
INFO: [ app_begin ] --START--
INFO: Run Behavior\ReadHtmlCacheBehavior [ RunTime:0.001228s ]
INFO: [ app_begin ] --END-- [ RunTime:0.001314s ]
INFO: [ app_end ] --START--
INFO: Run Behavior\ShowPageTraceBehavior [ RunTime:0.000896s ]
INFO: [ app_end ] --END-- [ RunTime:0.000967s ]

[ 2017-04-13T20:53:55+08:00 ] ::1 /ZH/educational_administration_system/index.php/Home/Index/login
INFO: [ app_init ] --START--
INFO: Run Behavior\BuildLiteBehavior [ RunTime:0.000011s ]
INFO: [ app_init ] --END-- [ RunTime:0.000331s ]
INFO: [ app_begin ] --START--
INFO: Run Behavior\ReadHtmlCacheBehavior [ RunTime:0.001021s ]
INFO: [ app_begin ] --END-- [ RunTime:0.001076s ]
SQL: SHOW COLUMNS FROM `edu_login` [ RunTime:0.0609s ]
SQL: SELECT * FROM `edu_login` WHERE `user` = '1317404001' AND `pass` = '123456' LIMIT 1   [ RunTime:0.0004s ]
NOTIC: [8] Use of undefined constant q - assumed 'q' D:\xampp1\htdocs\ZH\educational_administration_system\Application\Home\Controller\IndexController.class.php 第 36 行.
NOTIC: [8] Use of undefined constant q - assumed 'q' D:\xampp1\htdocs\ZH\educational_administration_system\Application\Home\Controller\IndexController.class.php 第 38 行.
NOTIC: [8] Use of undefined constant zhuanye - assumed 'zhuanye' D:\xampp1\htdocs\ZH\educational_administration_system\Application\Home\Controller\IndexController.class.php 第 40 行.
NOTIC: [8] Use of undefined constant name - assumed 'name' D:\xampp1\htdocs\ZH\educational_administration_system\Application\Home\Controller\IndexController.class.php 第 41 行.
INFO: [ app_end ] --START--
INFO: Run Behavior\ShowPageTraceBehavior [ RunTime:0.000885s ]
INFO: [ app_end ] --END-- [ RunTime:0.000924s ]

[ 2017-04-13T20:53:56+08:00 ] ::1 /ZH/educational_administration_system/index.php//Home/System/stu_system/name/%E5%BC%A0%E8%B1%AA
INFO: [ app_init ] --START--
INFO: Run Behavior\BuildLiteBehavior [ RunTime:0.000014s ]
INFO: [ app_init ] --END-- [ RunTime:0.000390s ]
INFO: [ app_begin ] --START--
INFO: Run Behavior\ReadHtmlCacheBehavior [ RunTime:0.000751s ]
INFO: [ app_begin ] --END-- [ RunTime:0.000797s ]
INFO: [ view_parse ] --START--
INFO: [ template_filter ] --START--
INFO: Run Behavior\ContentReplaceBehavior [ RunTime:0.000089s ]
INFO: [ template_filter ] --END-- [ RunTime:0.000147s ]
INFO: Run Behavior\ParseTemplateBehavior [ RunTime:0.146011s ]
INFO: [ view_parse ] --END-- [ RunTime:0.146104s ]
INFO: [ view_filter ] --START--
INFO: Run Behavior\WriteHtmlCacheBehavior [ RunTime:0.000858s ]
INFO: [ view_filter ] --END-- [ RunTime:0.000921s ]
INFO: [ app_end ] --START--
INFO: Run Behavior\ShowPageTraceBehavior [ RunTime:0.001099s ]
INFO: [ app_end ] --END-- [ RunTime:0.001170s ]

[ 2017-04-13T20:53:56+08:00 ] ::1 /ZH/educational_administration_system/index.php/Home/Content/final_exam
INFO: [ app_init ] --START--
INFO: Run Behavior\BuildLiteBehavior [ RunTime:0.000020s ]
INFO: [ app_init ] --END-- [ RunTime:0.000523s ]
INFO: [ app_begin ] --START--
INFO: Run Behavior\ReadHtmlCacheBehavior [ RunTime:0.001125s ]
INFO: [ app_begin ] --END-- [ RunTime:0.001202s ]
INFO: [ view_parse ] --START--
INFO: [ template_filter ] --START--
INFO: Run Behavior\ContentReplaceBehavior [ RunTime:0.000037s ]
INFO: [ template_filter ] --END-- [ RunTime:0.000090s ]
INFO: Run Behavior\ParseTemplateBehavior [ RunTime:0.138212s ]
INFO: [ view_parse ] --END-- [ RunTime:0.138300s ]
INFO: [ view_filter ] --START--
INFO: Run Behavior\WriteHtmlCacheBehavior [ RunTime:0.000588s ]
INFO: [ view_filter ] --END-- [ RunTime:0.000626s ]
INFO: [ app_end ] --START--
INFO: Run Behavior\ShowPageTraceBehavior [ RunTime:0.000908s ]
INFO: [ app_end ] --END-- [ RunTime:0.000953s ]

[ 2017-04-13T20:54:15+08:00 ] ::1 /ZH/educational_administration_system/index.php/Home/Content/schedule
INFO: [ app_init ] --START--
INFO: Run Behavior\BuildLiteBehavior [ RunTime:0.000017s ]
INFO: [ app_init ] --END-- [ RunTime:0.000503s ]
INFO: [ app_begin ] --START--
INFO: Run Behavior\ReadHtmlCacheBehavior [ RunTime:0.001077s ]
INFO: [ app_begin ] --END-- [ RunTime:0.001154s ]
NOTIC: [8] Use of undefined constant user - assumed 'user' D:\xampp1\htdocs\ZH\educational_administration_system\Application\Home\Controller\ContentController.class.php 第 110 行.
NOTIC: [8] Use of undefined constant q - assumed 'q' D:\xampp1\htdocs\ZH\educational_administration_system\Application\Home\Controller\ContentController.class.php 第 111 行.
SQL: SHOW COLUMNS FROM `edu_login` [ RunTime:0.0129s ]
SQL: SELECT `courseID` FROM `edu_login` WHERE `user` = '1317404001' LIMIT 1   [ RunTime:0.0003s ]
SQL: SHOW COLUMNS FROM `edu_course` [ RunTime:0.0844s ]
SQL: SELECT `name` FROM `edu_course` WHERE `id` = 3 LIMIT 1   [ RunTime:0.0003s ]
SQL: SELECT `plan` FROM `edu_course` WHERE `id` = 3 LIMIT 1   [ RunTime:0.0002s ]
SQL: SELECT `level` FROM `edu_course` WHERE `id` = 3 LIMIT 1   [ RunTime:0.0002s ]
SQL: SELECT `name` FROM `edu_course` WHERE `id` = 6 LIMIT 1   [ RunTime:0.0002s ]
SQL: SELECT `plan` FROM `edu_course` WHERE `id` = 6 LIMIT 1   [ RunTime:0.0002s ]
SQL: SELECT `level` FROM `edu_course` WHERE `id` = 6 LIMIT 1   [ RunTime:0.0002s ]
SQL: SELECT `name` FROM `edu_course` WHERE `id` = 10 LIMIT 1   [ RunTime:0.0002s ]
SQL: SELECT `plan` FROM `edu_course` WHERE `id` = 10 LIMIT 1   [ RunTime:0.0002s ]
SQL: SELECT `level` FROM `edu_course` WHERE `id` = 10 LIMIT 1   [ RunTime:0.0002s ]
SQL: SELECT `name` FROM `edu_course` WHERE `id` = 11 LIMIT 1   [ RunTime:0.0001s ]
SQL: SELECT `plan` FROM `edu_course` WHERE `id` = 11 LIMIT 1   [ RunTime:0.0001s ]
SQL: SELECT `level` FROM `edu_course` WHERE `id` = 11 LIMIT 1   [ RunTime:0.0001s ]
SQL: SELECT `name` FROM `edu_course` WHERE `id` = 9 LIMIT 1   [ RunTime:0.0001s ]
SQL: SELECT `plan` FROM `edu_course` WHERE `id` = 9 LIMIT 1   [ RunTime:0.0001s ]
SQL: SELECT `level` FROM `edu_course` WHERE `id` = 9 LIMIT 1   [ RunTime:0.0001s ]
SQL: SELECT `name` FROM `edu_course` WHERE `id` = 4 LIMIT 1   [ RunTime:0.0010s ]
SQL: SELECT `plan` FROM `edu_course` WHERE `id` = 4 LIMIT 1   [ RunTime:0.0005s ]
SQL: SELECT `level` FROM `edu_course` WHERE `id` = 4 LIMIT 1   [ RunTime:0.0002s ]
SQL: SELECT `name` FROM `edu_course` WHERE `id` = 7 LIMIT 1   [ RunTime:0.0001s ]
SQL: SELECT `plan` FROM `edu_course` WHERE `id` = 7 LIMIT 1   [ RunTime:0.0001s ]
SQL: SELECT `level` FROM `edu_course` WHERE `id` = 7 LIMIT 1   [ RunTime:0.0001s ]
INFO: [ view_parse ] --START--
INFO: [ template_filter ] --START--
INFO: Run Behavior\ContentReplaceBehavior [ RunTime:0.000082s ]
INFO: [ template_filter ] --END-- [ RunTime:0.000173s ]
INFO: Run Behavior\ParseTemplateBehavior [ RunTime:0.059707s ]
INFO: [ view_parse ] --END-- [ RunTime:0.059780s ]
INFO: [ view_filter ] --START--
INFO: Run Behavior\WriteHtmlCacheBehavior [ RunTime:0.000571s ]
INFO: [ view_filter ] --END-- [ RunTime:0.000606s ]
INFO: [ app_end ] --START--
INFO: Run Behavior\ShowPageTraceBehavior [ RunTime:0.000714s ]
INFO: [ app_end ] --END-- [ RunTime:0.000750s ]

[ 2017-04-13T20:54:19+08:00 ] ::1 /ZH/educational_administration_system/index.php/Home/Content/xuanke
INFO: [ app_init ] --START--
INFO: Run Behavior\BuildLiteBehavior [ RunTime:0.000013s ]
INFO: [ app_init ] --END-- [ RunTime:0.000476s ]
INFO: [ app_begin ] --START--
INFO: Run Behavior\ReadHtmlCacheBehavior [ RunTime:0.000806s ]
INFO: [ app_begin ] --END-- [ RunTime:0.000866s ]
INFO: [ view_parse ] --START--
INFO: [ template_filter ] --START--
INFO: Run Behavior\ContentReplaceBehavior [ RunTime:0.000054s ]
INFO: [ template_filter ] --END-- [ RunTime:0.000117s ]
INFO: Run Behavior\ParseTemplateBehavior [ RunTime:0.062458s ]
INFO: [ view_parse ] --END-- [ RunTime:0.062936s ]
INFO: [ view_filter ] --START--
INFO: Run Behavior\WriteHtmlCacheBehavior [ RunTime:0.001182s ]
INFO: [ view_filter ] --END-- [ RunTime:0.001242s ]
INFO: [ app_end ] --START--
INFO: Run Behavior\ShowPageTraceBehavior [ RunTime:0.000779s ]
INFO: [ app_end ] --END-- [ RunTime:0.000820s ]

[ 2017-04-13T20:54:56+08:00 ] ::1 /ZH/educational_administration_system/index.php/Home/System/doLogOut
INFO: [ app_init ] --START--
INFO: Run Behavior\BuildLiteBehavior [ RunTime:0.000022s ]
INFO: [ app_init ] --END-- [ RunTime:0.000555s ]
INFO: [ app_begin ] --START--
INFO: Run Behavior\ReadHtmlCacheBehavior [ RunTime:0.001062s ]
INFO: [ app_begin ] --END-- [ RunTime:0.001144s ]
NOTIC: [8] Use of undefined constant session_name - assumed 'session_name' D:\xampp1\htdocs\ZH\educational_administration_system\Application\Home\Controller\SystemController.class.php 第 17 行.

[ 2017-04-13T20:54:56+08:00 ] ::1 /ZH/educational_administration_system/index.php/Home/Index/index.html
INFO: [ app_init ] --START--
INFO: Run Behavior\BuildLiteBehavior [ RunTime:0.000013s ]
INFO: [ app_init ] --END-- [ RunTime:0.000365s ]
INFO: [ app_begin ] --START--
INFO: Run Behavior\ReadHtmlCacheBehavior [ RunTime:0.000942s ]
INFO: [ app_begin ] --END-- [ RunTime:0.001035s ]
INFO: [ view_parse ] --START--
INFO: [ template_filter ] --START--
INFO: Run Behavior\ContentReplaceBehavior [ RunTime:0.000075s ]
INFO: [ template_filter ] --END-- [ RunTime:0.000125s ]
INFO: Run Behavior\ParseTemplateBehavior [ RunTime:0.007869s ]
INFO: [ view_parse ] --END-- [ RunTime:0.007927s ]
INFO: [ view_filter ] --START--
INFO: Run Behavior\WriteHtmlCacheBehavior [ RunTime:0.000575s ]
INFO: [ view_filter ] --END-- [ RunTime:0.000612s ]
INFO: [ app_end ] --START--
INFO: Run Behavior\ShowPageTraceBehavior [ RunTime:0.001312s ]
INFO: [ app_end ] --END-- [ RunTime:0.001401s ]

[ 2017-04-13T20:54:56+08:00 ] ::1 /ZH/educational_administration_system/index.php/Home/Index/yanzheng
INFO: [ app_init ] --START--
INFO: Run Behavior\BuildLiteBehavior [ RunTime:0.000025s ]
INFO: [ app_init ] --END-- [ RunTime:0.000565s ]
INFO: [ app_begin ] --START--
INFO: Run Behavior\ReadHtmlCacheBehavior [ RunTime:0.001908s ]
INFO: [ app_begin ] --END-- [ RunTime:0.002022s ]
INFO: [ app_end ] --START--
INFO: Run Behavior\ShowPageTraceBehavior [ RunTime:0.001509s ]
INFO: [ app_end ] --END-- [ RunTime:0.001685s ]

[ 2017-04-13T20:55:09+08:00 ] ::1 /ZH/educational_administration_system/index.php/Home/Index/login
INFO: [ app_init ] --START--
INFO: Run Behavior\BuildLiteBehavior [ RunTime:0.000015s ]
INFO: [ app_init ] --END-- [ RunTime:0.000360s ]
INFO: [ app_begin ] --START--
INFO: Run Behavior\ReadHtmlCacheBehavior [ RunTime:0.000693s ]
INFO: [ app_begin ] --END-- [ RunTime:0.000735s ]
SQL: SHOW COLUMNS FROM `edu_login` [ RunTime:0.0584s ]
SQL: SELECT * FROM `edu_login` WHERE `user` = '040169' AND `pass` = '1' LIMIT 1   [ RunTime:0.0004s ]
NOTIC: [8] Use of undefined constant q - assumed 'q' D:\xampp1\htdocs\ZH\educational_administration_system\Application\Home\Controller\IndexController.class.php 第 36 行.
NOTIC: [8] Use of undefined constant q - assumed 'q' D:\xampp1\htdocs\ZH\educational_administration_system\Application\Home\Controller\IndexController.class.php 第 43 行.
NOTIC: [8] Use of undefined constant q - assumed 'q' D:\xampp1\htdocs\ZH\educational_administration_system\Application\Home\Controller\IndexController.class.php 第 44 行.
NOTIC: [8] Use of undefined constant name - assumed 'name' D:\xampp1\htdocs\ZH\educational_administration_system\Application\Home\Controller\IndexController.class.php 第 46 行.
INFO: [ app_end ] --START--
INFO: Run Behavior\ShowPageTraceBehavior [ RunTime:0.001251s ]
INFO: [ app_end ] --END-- [ RunTime:0.001326s ]

