[ 2017-04-08T10:52:06+08:00 ] ::1 /ZH/educational_administration_system/index.php
INFO: [ app_init ] --START--
INFO: Run Behavior\BuildLiteBehavior [ RunTime:0.000014s ]
INFO: [ app_init ] --END-- [ RunTime:0.032313s ]
INFO: [ app_begin ] --START--
INFO: Run Behavior\ReadHtmlCacheBehavior [ RunTime:0.023950s ]
INFO: [ app_begin ] --END-- [ RunTime:0.024007s ]
INFO: [ view_parse ] --START--
INFO: [ template_filter ] --START--
INFO: Run Behavior\ContentReplaceBehavior [ RunTime:0.000080s ]
INFO: [ template_filter ] --END-- [ RunTime:0.000130s ]
INFO: Run Behavior\ParseTemplateBehavior [ RunTime:0.284883s ]
INFO: [ view_parse ] --END-- [ RunTime:0.284945s ]
INFO: [ view_filter ] --START--
INFO: Run Behavior\WriteHtmlCacheBehavior [ RunTime:0.050649s ]
INFO: [ view_filter ] --END-- [ RunTime:0.050715s ]
INFO: [ app_end ] --START--
INFO: Run Behavior\ShowPageTraceBehavior [ RunTime:0.036803s ]
INFO: [ app_end ] --END-- [ RunTime:0.036881s ]

[ 2017-04-08T10:52:06+08:00 ] ::1 /ZH/educational_administration_system/index.php/Home/Index/yanzheng
INFO: [ app_init ] --START--
INFO: Run Behavior\BuildLiteBehavior [ RunTime:0.000014s ]
INFO: [ app_init ] --END-- [ RunTime:0.000581s ]
INFO: [ app_begin ] --START--
INFO: Run Behavior\ReadHtmlCacheBehavior [ RunTime:0.001273s ]
INFO: [ app_begin ] --END-- [ RunTime:0.001342s ]
INFO: [ app_end ] --START--
INFO: Run Behavior\ShowPageTraceBehavior [ RunTime:0.001394s ]
INFO: [ app_end ] --END-- [ RunTime:0.001477s ]

[ 2017-04-08T10:52:22+08:00 ] ::1 /ZH/educational_administration_system/index.php/Home/Index/login
INFO: [ app_init ] --START--
INFO: Run Behavior\BuildLiteBehavior [ RunTime:0.000011s ]
INFO: [ app_init ] --END-- [ RunTime:0.000522s ]
INFO: [ app_begin ] --START--
INFO: Run Behavior\ReadHtmlCacheBehavior [ RunTime:0.000894s ]
INFO: [ app_begin ] --END-- [ RunTime:0.000940s ]
INFO: [ app_end ] --START--
INFO: Run Behavior\ShowPageTraceBehavior [ RunTime:0.000912s ]
INFO: [ app_end ] --END-- [ RunTime:0.000958s ]

[ 2017-04-08T10:52:25+08:00 ] ::1 /ZH/educational_administration_system/index.php/Home/Index/yanzheng
INFO: [ app_init ] --START--
INFO: Run Behavior\BuildLiteBehavior [ RunTime:0.000016s ]
INFO: [ app_init ] --END-- [ RunTime:0.000576s ]
INFO: [ app_begin ] --START--
INFO: Run Behavior\ReadHtmlCacheBehavior [ RunTime:0.001305s ]
INFO: [ app_begin ] --END-- [ RunTime:0.001378s ]
INFO: [ app_end ] --START--
INFO: Run Behavior\ShowPageTraceBehavior [ RunTime:0.001047s ]
INFO: [ app_end ] --END-- [ RunTime:0.001111s ]

[ 2017-04-08T10:52:32+08:00 ] ::1 /ZH/educational_administration_system/index.php/Home/Index/login
INFO: [ app_init ] --START--
INFO: Run Behavior\BuildLiteBehavior [ RunTime:0.000020s ]
INFO: [ app_init ] --END-- [ RunTime:0.000644s ]
INFO: [ app_begin ] --START--
INFO: Run Behavior\ReadHtmlCacheBehavior [ RunTime:0.001314s ]
INFO: [ app_begin ] --END-- [ RunTime:0.001376s ]
SQL: SHOW COLUMNS FROM `edu_login` [ RunTime:0.1120s ]
SQL: SELECT * FROM `edu_login` WHERE `user` = '040169' AND `pass` = '1' LIMIT 1   [ RunTime:0.0004s ]
NOTIC: [8] Use of undefined constant q - assumed 'q' D:\xampp\htdocs\ZH\educational_administration_system\Application\Home\Controller\IndexController.class.php 第 36 行.
NOTIC: [8] Use of undefined constant q - assumed 'q' D:\xampp\htdocs\ZH\educational_administration_system\Application\Home\Controller\IndexController.class.php 第 43 行.
NOTIC: [8] Use of undefined constant q - assumed 'q' D:\xampp\htdocs\ZH\educational_administration_system\Application\Home\Controller\IndexController.class.php 第 44 行.
NOTIC: [8] Use of undefined constant name - assumed 'name' D:\xampp\htdocs\ZH\educational_administration_system\Application\Home\Controller\IndexController.class.php 第 46 行.
INFO: [ app_end ] --START--
INFO: Run Behavior\ShowPageTraceBehavior [ RunTime:0.000927s ]
INFO: [ app_end ] --END-- [ RunTime:0.000956s ]

