[ 2017-03-25T09:22:35+08:00 ] ::1 /ZH/educational_administration_system/index.php
INFO: [ app_init ] --START--
INFO: Run Behavior\BuildLiteBehavior [ RunTime:0.000029s ]
INFO: [ app_init ] --END-- [ RunTime:0.014396s ]
INFO: [ app_begin ] --START--
INFO: Run Behavior\ReadHtmlCacheBehavior [ RunTime:0.025027s ]
INFO: [ app_begin ] --END-- [ RunTime:0.025114s ]
INFO: [ view_parse ] --START--
INFO: [ template_filter ] --START--
INFO: Run Behavior\ContentReplaceBehavior [ RunTime:0.000078s ]
INFO: [ template_filter ] --END-- [ RunTime:0.000125s ]
INFO: Run Behavior\ParseTemplateBehavior [ RunTime:0.262037s ]
INFO: [ view_parse ] --END-- [ RunTime:0.262102s ]
INFO: [ view_filter ] --START--
INFO: Run Behavior\WriteHtmlCacheBehavior [ RunTime:0.011784s ]
INFO: [ view_filter ] --END-- [ RunTime:0.011832s ]
INFO: [ app_end ] --START--
INFO: Run Behavior\ShowPageTraceBehavior [ RunTime:0.018016s ]
INFO: [ app_end ] --END-- [ RunTime:0.018079s ]

[ 2017-03-25T09:22:35+08:00 ] ::1 /ZH/educational_administration_system/index.php/Home/Index/yanzheng
INFO: [ app_init ] --START--
INFO: Run Behavior\BuildLiteBehavior [ RunTime:0.000009s ]
INFO: [ app_init ] --END-- [ RunTime:0.000332s ]
INFO: [ app_begin ] --START--
INFO: Run Behavior\ReadHtmlCacheBehavior [ RunTime:0.000463s ]
INFO: [ app_begin ] --END-- [ RunTime:0.000494s ]
INFO: [ app_end ] --START--
INFO: Run Behavior\ShowPageTraceBehavior [ RunTime:0.000593s ]
INFO: [ app_end ] --END-- [ RunTime:0.000641s ]

[ 2017-03-25T09:23:01+08:00 ] ::1 /ZH/educational_administration_system/index.php/Home/Index/login
INFO: [ app_init ] --START--
INFO: Run Behavior\BuildLiteBehavior [ RunTime:0.000014s ]
INFO: [ app_init ] --END-- [ RunTime:0.000422s ]
INFO: [ app_begin ] --START--
INFO: Run Behavior\ReadHtmlCacheBehavior [ RunTime:0.000507s ]
INFO: [ app_begin ] --END-- [ RunTime:0.000556s ]
SQL: SHOW COLUMNS FROM `edu_login` [ RunTime:0.0928s ]
SQL: SELECT * FROM `edu_login` WHERE `user` = 'admin' AND `pass` = 'admin' LIMIT 1   [ RunTime:0.0004s ]
NOTIC: [8] Use of undefined constant q - assumed 'q' D:\xampp\htdocs\ZH\educational_administration_system\Application\Home\Controller\IndexController.class.php 第 36 行.
NOTIC: [8] Use of undefined constant q - assumed 'q' D:\xampp\htdocs\ZH\educational_administration_system\Application\Home\Controller\IndexController.class.php 第 43 行.
NOTIC: [8] Use of undefined constant q - assumed 'q' D:\xampp\htdocs\ZH\educational_administration_system\Application\Home\Controller\IndexController.class.php 第 48 行.
NOTIC: [8] Use of undefined constant name - assumed 'name' D:\xampp\htdocs\ZH\educational_administration_system\Application\Home\Controller\IndexController.class.php 第 50 行.
INFO: [ app_end ] --START--
INFO: Run Behavior\ShowPageTraceBehavior [ RunTime:0.000463s ]
INFO: [ app_end ] --END-- [ RunTime:0.000490s ]

[ 2017-03-25T09:23:32+08:00 ] ::1 /ZH/educational_administration_system/index.php/Home/System/doLogOut
INFO: [ app_init ] --START--
INFO: Run Behavior\BuildLiteBehavior [ RunTime:0.000008s ]
INFO: [ app_init ] --END-- [ RunTime:0.000284s ]
INFO: [ app_begin ] --START--
INFO: Run Behavior\ReadHtmlCacheBehavior [ RunTime:0.000464s ]
INFO: [ app_begin ] --END-- [ RunTime:0.000504s ]
NOTIC: [8] Use of undefined constant session_name - assumed 'session_name' D:\xampp\htdocs\ZH\educational_administration_system\Application\Home\Controller\SystemController.class.php 第 17 行.

[ 2017-03-25T09:23:32+08:00 ] ::1 /ZH/educational_administration_system/index.php/Home/Index/index.html
INFO: [ app_init ] --START--
INFO: Run Behavior\BuildLiteBehavior [ RunTime:0.000010s ]
INFO: [ app_init ] --END-- [ RunTime:0.000288s ]
INFO: [ app_begin ] --START--
INFO: Run Behavior\ReadHtmlCacheBehavior [ RunTime:0.000351s ]
INFO: [ app_begin ] --END-- [ RunTime:0.000382s ]
INFO: [ view_parse ] --START--
INFO: [ template_filter ] --START--
INFO: Run Behavior\ContentReplaceBehavior [ RunTime:0.000059s ]
INFO: [ template_filter ] --END-- [ RunTime:0.000103s ]
INFO: Run Behavior\ParseTemplateBehavior [ RunTime:0.004673s ]
INFO: [ view_parse ] --END-- [ RunTime:0.004734s ]
INFO: [ view_filter ] --START--
INFO: Run Behavior\WriteHtmlCacheBehavior [ RunTime:0.000226s ]
INFO: [ view_filter ] --END-- [ RunTime:0.000256s ]
INFO: [ app_end ] --START--
INFO: Run Behavior\ShowPageTraceBehavior [ RunTime:0.000671s ]
INFO: [ app_end ] --END-- [ RunTime:0.000732s ]

[ 2017-03-25T09:23:32+08:00 ] ::1 /ZH/educational_administration_system/index.php/Home/Index/yanzheng
INFO: [ app_init ] --START--
INFO: Run Behavior\BuildLiteBehavior [ RunTime:0.000015s ]
INFO: [ app_init ] --END-- [ RunTime:0.000465s ]
INFO: [ app_begin ] --START--
INFO: Run Behavior\ReadHtmlCacheBehavior [ RunTime:0.000434s ]
INFO: [ app_begin ] --END-- [ RunTime:0.000476s ]
INFO: [ app_end ] --START--
INFO: Run Behavior\ShowPageTraceBehavior [ RunTime:0.000528s ]
INFO: [ app_end ] --END-- [ RunTime:0.000581s ]

[ 2017-03-25T09:24:03+08:00 ] ::1 /ZH/educational_administration_system/index.php/Home/Index/login
INFO: [ app_init ] --START--
INFO: Run Behavior\BuildLiteBehavior [ RunTime:0.000010s ]
INFO: [ app_init ] --END-- [ RunTime:0.000358s ]
INFO: [ app_begin ] --START--
INFO: Run Behavior\ReadHtmlCacheBehavior [ RunTime:0.000601s ]
INFO: [ app_begin ] --END-- [ RunTime:0.000647s ]
INFO: [ app_end ] --START--
INFO: Run Behavior\ShowPageTraceBehavior [ RunTime:0.000504s ]
INFO: [ app_end ] --END-- [ RunTime:0.000545s ]

[ 2017-03-25T09:24:05+08:00 ] ::1 /ZH/educational_administration_system/index.php/Home/Index/yanzheng
INFO: [ app_init ] --START--
INFO: Run Behavior\BuildLiteBehavior [ RunTime:0.000016s ]
INFO: [ app_init ] --END-- [ RunTime:0.000576s ]
INFO: [ app_begin ] --START--
INFO: Run Behavior\ReadHtmlCacheBehavior [ RunTime:0.000666s ]
INFO: [ app_begin ] --END-- [ RunTime:0.000735s ]
INFO: [ app_end ] --START--
INFO: Run Behavior\ShowPageTraceBehavior [ RunTime:0.000539s ]
INFO: [ app_end ] --END-- [ RunTime:0.000614s ]

[ 2017-03-25T09:24:22+08:00 ] ::1 /ZH/educational_administration_system/index.php/Home/Index/login
INFO: [ app_init ] --START--
INFO: Run Behavior\BuildLiteBehavior [ RunTime:0.000011s ]
INFO: [ app_init ] --END-- [ RunTime:0.000307s ]
INFO: [ app_begin ] --START--
INFO: Run Behavior\ReadHtmlCacheBehavior [ RunTime:0.000395s ]
INFO: [ app_begin ] --END-- [ RunTime:0.000434s ]
SQL: SHOW COLUMNS FROM `edu_login` [ RunTime:0.0097s ]
SQL: SELECT * FROM `edu_login` WHERE `user` = 'admin' AND `pass` = 'admin' LIMIT 1   [ RunTime:0.0004s ]
NOTIC: [8] Use of undefined constant q - assumed 'q' D:\xampp\htdocs\ZH\educational_administration_system\Application\Home\Controller\IndexController.class.php 第 36 行.
NOTIC: [8] Use of undefined constant q - assumed 'q' D:\xampp\htdocs\ZH\educational_administration_system\Application\Home\Controller\IndexController.class.php 第 43 行.
NOTIC: [8] Use of undefined constant q - assumed 'q' D:\xampp\htdocs\ZH\educational_administration_system\Application\Home\Controller\IndexController.class.php 第 48 行.
NOTIC: [8] Use of undefined constant name - assumed 'name' D:\xampp\htdocs\ZH\educational_administration_system\Application\Home\Controller\IndexController.class.php 第 50 行.
INFO: [ app_end ] --START--
INFO: Run Behavior\ShowPageTraceBehavior [ RunTime:0.000604s ]
INFO: [ app_end ] --END-- [ RunTime:0.000642s ]

[ 2017-03-25T09:24:45+08:00 ] ::1 /ZH/educational_administration_system/index.php/Home/System/doLogOut
INFO: [ app_init ] --START--
INFO: Run Behavior\BuildLiteBehavior [ RunTime:0.000018s ]
INFO: [ app_init ] --END-- [ RunTime:0.000563s ]
INFO: [ app_begin ] --START--
INFO: Run Behavior\ReadHtmlCacheBehavior [ RunTime:0.000655s ]
INFO: [ app_begin ] --END-- [ RunTime:0.000756s ]
NOTIC: [8] Use of undefined constant session_name - assumed 'session_name' D:\xampp\htdocs\ZH\educational_administration_system\Application\Home\Controller\SystemController.class.php 第 17 行.

[ 2017-03-25T09:24:45+08:00 ] ::1 /ZH/educational_administration_system/index.php/Home/Index/index.html
INFO: [ app_init ] --START--
INFO: Run Behavior\BuildLiteBehavior [ RunTime:0.000009s ]
INFO: [ app_init ] --END-- [ RunTime:0.000284s ]
INFO: [ app_begin ] --START--
INFO: Run Behavior\ReadHtmlCacheBehavior [ RunTime:0.000362s ]
INFO: [ app_begin ] --END-- [ RunTime:0.000392s ]
INFO: [ view_parse ] --START--
INFO: [ template_filter ] --START--
INFO: Run Behavior\ContentReplaceBehavior [ RunTime:0.000074s ]
INFO: [ template_filter ] --END-- [ RunTime:0.000146s ]
INFO: Run Behavior\ParseTemplateBehavior [ RunTime:0.005581s ]
INFO: [ view_parse ] --END-- [ RunTime:0.005650s ]
INFO: [ view_filter ] --START--
INFO: Run Behavior\WriteHtmlCacheBehavior [ RunTime:0.000890s ]
INFO: [ view_filter ] --END-- [ RunTime:0.000969s ]
INFO: [ app_end ] --START--
INFO: Run Behavior\ShowPageTraceBehavior [ RunTime:0.001437s ]
INFO: [ app_end ] --END-- [ RunTime:0.001604s ]

[ 2017-03-25T09:24:45+08:00 ] ::1 /ZH/educational_administration_system/index.php/Home/Index/yanzheng
INFO: [ app_init ] --START--
INFO: Run Behavior\BuildLiteBehavior [ RunTime:0.000010s ]
INFO: [ app_init ] --END-- [ RunTime:0.000305s ]
INFO: [ app_begin ] --START--
INFO: Run Behavior\ReadHtmlCacheBehavior [ RunTime:0.000380s ]
INFO: [ app_begin ] --END-- [ RunTime:0.000414s ]
INFO: [ app_end ] --START--
INFO: Run Behavior\ShowPageTraceBehavior [ RunTime:0.000701s ]
INFO: [ app_end ] --END-- [ RunTime:0.000772s ]

[ 2017-03-25T09:25:05+08:00 ] ::1 /ZH/educational_administration_system/index.php/Home/Index/login
INFO: [ app_init ] --START--
INFO: Run Behavior\BuildLiteBehavior [ RunTime:0.000010s ]
INFO: [ app_init ] --END-- [ RunTime:0.000357s ]
INFO: [ app_begin ] --START--
INFO: Run Behavior\ReadHtmlCacheBehavior [ RunTime:0.000530s ]
INFO: [ app_begin ] --END-- [ RunTime:0.000568s ]
SQL: SHOW COLUMNS FROM `edu_login` [ RunTime:0.0177s ]
SQL: SELECT * FROM `edu_login` WHERE `user` = '1317403901' AND `pass` = '1' LIMIT 1   [ RunTime:0.0004s ]
NOTIC: [8] Use of undefined constant q - assumed 'q' D:\xampp\htdocs\ZH\educational_administration_system\Application\Home\Controller\IndexController.class.php 第 36 行.
NOTIC: [8] Use of undefined constant q - assumed 'q' D:\xampp\htdocs\ZH\educational_administration_system\Application\Home\Controller\IndexController.class.php 第 38 行.
NOTIC: [8] Use of undefined constant zhuanye - assumed 'zhuanye' D:\xampp\htdocs\ZH\educational_administration_system\Application\Home\Controller\IndexController.class.php 第 40 行.
NOTIC: [8] Use of undefined constant name - assumed 'name' D:\xampp\htdocs\ZH\educational_administration_system\Application\Home\Controller\IndexController.class.php 第 41 行.
INFO: [ app_end ] --START--
INFO: Run Behavior\ShowPageTraceBehavior [ RunTime:0.000608s ]
INFO: [ app_end ] --END-- [ RunTime:0.000641s ]

[ 2017-03-25T09:25:06+08:00 ] ::1 /ZH/educational_administration_system/index.php//Home/System/stu_system/name/%E9%82%B9%E8%8D%A3%E8%BE%89
INFO: [ app_init ] --START--
INFO: Run Behavior\BuildLiteBehavior [ RunTime:0.000013s ]
INFO: [ app_init ] --END-- [ RunTime:0.000373s ]
INFO: [ app_begin ] --START--
INFO: Run Behavior\ReadHtmlCacheBehavior [ RunTime:0.000393s ]
INFO: [ app_begin ] --END-- [ RunTime:0.000430s ]
INFO: [ view_parse ] --START--
INFO: [ template_filter ] --START--
INFO: Run Behavior\ContentReplaceBehavior [ RunTime:0.000082s ]
INFO: [ template_filter ] --END-- [ RunTime:0.000154s ]
INFO: Run Behavior\ParseTemplateBehavior [ RunTime:0.133250s ]
INFO: [ view_parse ] --END-- [ RunTime:0.133312s ]
INFO: [ view_filter ] --START--
INFO: Run Behavior\WriteHtmlCacheBehavior [ RunTime:0.000378s ]
INFO: [ view_filter ] --END-- [ RunTime:0.000419s ]
INFO: [ app_end ] --START--
INFO: Run Behavior\ShowPageTraceBehavior [ RunTime:0.000583s ]
INFO: [ app_end ] --END-- [ RunTime:0.000747s ]

[ 2017-03-25T09:25:06+08:00 ] ::1 /ZH/educational_administration_system/index.php/Home/Content/final_exam
INFO: [ app_init ] --START--
INFO: Run Behavior\BuildLiteBehavior [ RunTime:0.000016s ]
INFO: [ app_init ] --END-- [ RunTime:0.000534s ]
INFO: [ app_begin ] --START--
INFO: Run Behavior\ReadHtmlCacheBehavior [ RunTime:0.000600s ]
INFO: [ app_begin ] --END-- [ RunTime:0.000661s ]
INFO: [ view_parse ] --START--
INFO: [ template_filter ] --START--
INFO: Run Behavior\ContentReplaceBehavior [ RunTime:0.000027s ]
INFO: [ template_filter ] --END-- [ RunTime:0.000070s ]
INFO: Run Behavior\ParseTemplateBehavior [ RunTime:0.028390s ]
INFO: [ view_parse ] --END-- [ RunTime:0.028466s ]
INFO: [ view_filter ] --START--
INFO: Run Behavior\WriteHtmlCacheBehavior [ RunTime:0.000278s ]
INFO: [ view_filter ] --END-- [ RunTime:0.000307s ]
INFO: [ app_end ] --START--
INFO: Run Behavior\ShowPageTraceBehavior [ RunTime:0.000411s ]
INFO: [ app_end ] --END-- [ RunTime:0.000439s ]

[ 2017-03-25T09:25:10+08:00 ] ::1 /ZH/educational_administration_system/index.php/Home/Content/schedule
INFO: [ app_init ] --START--
INFO: Run Behavior\BuildLiteBehavior [ RunTime:0.000010s ]
INFO: [ app_init ] --END-- [ RunTime:0.000286s ]
INFO: [ app_begin ] --START--
INFO: Run Behavior\ReadHtmlCacheBehavior [ RunTime:0.000552s ]
INFO: [ app_begin ] --END-- [ RunTime:0.000606s ]
NOTIC: [8] Use of undefined constant user - assumed 'user' D:\xampp\htdocs\ZH\educational_administration_system\Application\Home\Controller\ContentController.class.php 第 110 行.
NOTIC: [8] Use of undefined constant q - assumed 'q' D:\xampp\htdocs\ZH\educational_administration_system\Application\Home\Controller\ContentController.class.php 第 111 行.
SQL: SHOW COLUMNS FROM `edu_login` [ RunTime:0.0115s ]
SQL: SELECT `courseID` FROM `edu_login` WHERE `user` = '1317403901' LIMIT 1   [ RunTime:0.0003s ]
SQL: SHOW COLUMNS FROM `edu_course` [ RunTime:0.0586s ]
SQL: SELECT `name` FROM `edu_course` WHERE `id` = 3 LIMIT 1   [ RunTime:0.0005s ]
SQL: SELECT `plan` FROM `edu_course` WHERE `id` = 3 LIMIT 1   [ RunTime:0.0002s ]
SQL: SELECT `level` FROM `edu_course` WHERE `id` = 3 LIMIT 1   [ RunTime:0.0002s ]
SQL: SELECT `name` FROM `edu_course` WHERE `id` = 7 LIMIT 1   [ RunTime:0.0002s ]
SQL: SELECT `plan` FROM `edu_course` WHERE `id` = 7 LIMIT 1   [ RunTime:0.0002s ]
SQL: SELECT `level` FROM `edu_course` WHERE `id` = 7 LIMIT 1   [ RunTime:0.0002s ]
SQL: SELECT `name` FROM `edu_course` WHERE `id` = 10 LIMIT 1   [ RunTime:0.0002s ]
SQL: SELECT `plan` FROM `edu_course` WHERE `id` = 10 LIMIT 1   [ RunTime:0.0002s ]
SQL: SELECT `level` FROM `edu_course` WHERE `id` = 10 LIMIT 1   [ RunTime:0.0002s ]
SQL: SELECT `name` FROM `edu_course` WHERE `id` = 4 LIMIT 1   [ RunTime:0.0002s ]
SQL: SELECT `plan` FROM `edu_course` WHERE `id` = 4 LIMIT 1   [ RunTime:0.0002s ]
SQL: SELECT `level` FROM `edu_course` WHERE `id` = 4 LIMIT 1   [ RunTime:0.0002s ]
INFO: [ view_parse ] --START--
INFO: [ template_filter ] --START--
INFO: Run Behavior\ContentReplaceBehavior [ RunTime:0.000040s ]
INFO: [ template_filter ] --END-- [ RunTime:0.000080s ]
INFO: Run Behavior\ParseTemplateBehavior [ RunTime:0.042438s ]
INFO: [ view_parse ] --END-- [ RunTime:0.042500s ]
INFO: [ view_filter ] --START--
INFO: Run Behavior\WriteHtmlCacheBehavior [ RunTime:0.000214s ]
INFO: [ view_filter ] --END-- [ RunTime:0.000240s ]
INFO: [ app_end ] --START--
INFO: Run Behavior\ShowPageTraceBehavior [ RunTime:0.000380s ]
INFO: [ app_end ] --END-- [ RunTime:0.000406s ]

[ 2017-03-25T09:25:29+08:00 ] ::1 /ZH/educational_administration_system/index.php/Home/Content/xuanke
INFO: [ app_init ] --START--
INFO: Run Behavior\BuildLiteBehavior [ RunTime:0.000013s ]
INFO: [ app_init ] --END-- [ RunTime:0.000408s ]
INFO: [ app_begin ] --START--
INFO: Run Behavior\ReadHtmlCacheBehavior [ RunTime:0.000501s ]
INFO: [ app_begin ] --END-- [ RunTime:0.000547s ]
INFO: [ view_parse ] --START--
INFO: [ template_filter ] --START--
INFO: Run Behavior\ContentReplaceBehavior [ RunTime:0.000048s ]
INFO: [ template_filter ] --END-- [ RunTime:0.000092s ]
INFO: Run Behavior\ParseTemplateBehavior [ RunTime:0.074513s ]
INFO: [ view_parse ] --END-- [ RunTime:0.074585s ]
INFO: [ view_filter ] --START--
INFO: Run Behavior\WriteHtmlCacheBehavior [ RunTime:0.000503s ]
INFO: [ view_filter ] --END-- [ RunTime:0.000541s ]
INFO: [ app_end ] --START--
INFO: Run Behavior\ShowPageTraceBehavior [ RunTime:0.000610s ]
INFO: [ app_end ] --END-- [ RunTime:0.000651s ]

[ 2017-03-25T09:25:34+08:00 ] ::1 /ZH/educational_administration_system/index.php/Home/Content/xuankeContent
INFO: [ app_init ] --START--
INFO: Run Behavior\BuildLiteBehavior [ RunTime:0.000011s ]
INFO: [ app_init ] --END-- [ RunTime:0.000308s ]
INFO: [ app_begin ] --START--
INFO: Run Behavior\ReadHtmlCacheBehavior [ RunTime:0.000344s ]
INFO: [ app_begin ] --END-- [ RunTime:0.000374s ]
NOTIC: [8] Use of undefined constant nianji - assumed 'nianji' D:\xampp\htdocs\ZH\educational_administration_system\Application\Home\Controller\ContentController.class.php 第 14 行.
NOTIC: [8] Use of undefined constant user - assumed 'user' D:\xampp\htdocs\ZH\educational_administration_system\Application\Home\Controller\ContentController.class.php 第 15 行.
NOTIC: [8] Use of undefined constant profession - assumed 'profession' D:\xampp\htdocs\ZH\educational_administration_system\Application\Home\Controller\ContentController.class.php 第 16 行.
SQL: SHOW COLUMNS FROM `edu_course` [ RunTime:0.0161s ]
SQL: SELECT * FROM `edu_course` WHERE ( profession="法学" )  [ RunTime:0.0004s ]
SQL: SELECT * FROM `edu_course` WHERE ( profession="all" )  [ RunTime:0.0003s ]
SQL: SHOW COLUMNS FROM `edu_login` [ RunTime:0.0065s ]
SQL: SELECT `courseID` FROM `edu_login` WHERE `user` = '1317403901' LIMIT 1   [ RunTime:0.0003s ]
INFO: [ view_parse ] --START--
INFO: [ template_filter ] --START--
INFO: Run Behavior\ContentReplaceBehavior [ RunTime:0.000078s ]
INFO: [ template_filter ] --END-- [ RunTime:0.000121s ]
INFO: Run Behavior\ParseTemplateBehavior [ RunTime:0.067704s ]
INFO: [ view_parse ] --END-- [ RunTime:0.067754s ]
INFO: [ view_filter ] --START--
INFO: Run Behavior\WriteHtmlCacheBehavior [ RunTime:0.000212s ]
INFO: [ view_filter ] --END-- [ RunTime:0.000238s ]
INFO: [ app_end ] --START--
INFO: Run Behavior\ShowPageTraceBehavior [ RunTime:0.000456s ]
INFO: [ app_end ] --END-- [ RunTime:0.000490s ]

[ 2017-03-25T09:25:39+08:00 ] ::1 /ZH/educational_administration_system/index.php/Home/Content/weixuan
INFO: [ app_init ] --START--
INFO: Run Behavior\BuildLiteBehavior [ RunTime:0.000011s ]
INFO: [ app_init ] --END-- [ RunTime:0.000368s ]
INFO: [ app_begin ] --START--
INFO: Run Behavior\ReadHtmlCacheBehavior [ RunTime:0.000410s ]
INFO: [ app_begin ] --END-- [ RunTime:0.000439s ]
NOTIC: [8] Use of undefined constant user - assumed 'user' D:\xampp\htdocs\ZH\educational_administration_system\Application\Home\Controller\ContentController.class.php 第 51 行.
SQL: SHOW COLUMNS FROM `edu_course` [ RunTime:0.0463s ]
SQL: SELECT `level` FROM `edu_course` WHERE `id` = 5 LIMIT 1   [ RunTime:0.0003s ]
SQL: SHOW COLUMNS FROM `edu_login` [ RunTime:0.0057s ]
SQL: SELECT `courseID` FROM `edu_login` WHERE ( user=1317403901 ) LIMIT 1   [ RunTime:0.0003s ]
SQL: SELECT `courseL` FROM `edu_login` WHERE ( user=1317403901 ) LIMIT 1   [ RunTime:0.0002s ]
INFO: [ app_end ] --START--
INFO: Run Behavior\ShowPageTraceBehavior [ RunTime:0.000479s ]
INFO: [ app_end ] --END-- [ RunTime:0.000507s ]

[ 2017-03-25T09:25:45+08:00 ] ::1 /ZH/educational_administration_system/index.php/Home/Content/weixuan
INFO: [ app_init ] --START--
INFO: Run Behavior\BuildLiteBehavior [ RunTime:0.000009s ]
INFO: [ app_init ] --END-- [ RunTime:0.000276s ]
INFO: [ app_begin ] --START--
INFO: Run Behavior\ReadHtmlCacheBehavior [ RunTime:0.000339s ]
INFO: [ app_begin ] --END-- [ RunTime:0.000365s ]
NOTIC: [8] Use of undefined constant user - assumed 'user' D:\xampp\htdocs\ZH\educational_administration_system\Application\Home\Controller\ContentController.class.php 第 51 行.
SQL: SHOW COLUMNS FROM `edu_course` [ RunTime:0.0085s ]
SQL: SELECT `level` FROM `edu_course` WHERE `id` = 8 LIMIT 1   [ RunTime:0.0003s ]
SQL: SHOW COLUMNS FROM `edu_login` [ RunTime:0.0071s ]
SQL: SELECT `courseID` FROM `edu_login` WHERE ( user=1317403901 ) LIMIT 1   [ RunTime:0.0004s ]
SQL: SELECT `courseL` FROM `edu_login` WHERE ( user=1317403901 ) LIMIT 1   [ RunTime:0.0002s ]
SQL: UPDATE `edu_login` SET `courseID`='3,7,10,4,8',`courseL`='3,19,1,25,9,4' WHERE ( user=1317403901 ) [ RunTime:0.0004s ]
INFO: [ app_end ] --START--
INFO: Run Behavior\ShowPageTraceBehavior [ RunTime:0.000698s ]
INFO: [ app_end ] --END-- [ RunTime:0.000743s ]

[ 2017-03-25T09:26:14+08:00 ] ::1 /ZH/educational_administration_system/index.php/Home/Content/xuankeContent1
INFO: [ app_init ] --START--
INFO: Run Behavior\BuildLiteBehavior [ RunTime:0.000010s ]
INFO: [ app_init ] --END-- [ RunTime:0.000282s ]
INFO: [ app_begin ] --START--
INFO: Run Behavior\ReadHtmlCacheBehavior [ RunTime:0.000544s ]
INFO: [ app_begin ] --END-- [ RunTime:0.000581s ]
NOTIC: [8] Use of undefined constant user - assumed 'user' D:\xampp\htdocs\ZH\educational_administration_system\Application\Home\Controller\ContentController.class.php 第 32 行.
SQL: SHOW COLUMNS FROM `edu_course` [ RunTime:0.0389s ]
SQL: SELECT * FROM `edu_course` WHERE ( profession="计算机" )  [ RunTime:0.0004s ]
SQL: SELECT * FROM `edu_course` WHERE ( profession="all" )  [ RunTime:0.0003s ]
SQL: SHOW COLUMNS FROM `edu_login` [ RunTime:0.0060s ]
SQL: SELECT `courseID` FROM `edu_login` WHERE `user` = '1317403901' LIMIT 1   [ RunTime:0.0003s ]
NOTIC: [8] Use of undefined constant courseID - assumed 'courseID' D:\xampp\htdocs\ZH\educational_administration_system\Application\Home\Controller\ContentController.class.php 第 43 行.
NOTIC: [8] Use of undefined constant courseID - assumed 'courseID' D:\xampp\htdocs\ZH\educational_administration_system\Application\Home\Controller\ContentController.class.php 第 43 行.
NOTIC: [8] Use of undefined constant courseID - assumed 'courseID' D:\xampp\htdocs\ZH\educational_administration_system\Application\Home\Controller\ContentController.class.php 第 43 行.
NOTIC: [8] Use of undefined constant courseID - assumed 'courseID' D:\xampp\htdocs\ZH\educational_administration_system\Application\Home\Controller\ContentController.class.php 第 43 行.
NOTIC: [8] Use of undefined constant courseID - assumed 'courseID' D:\xampp\htdocs\ZH\educational_administration_system\Application\Home\Controller\ContentController.class.php 第 43 行.
NOTIC: [8] Use of undefined constant courseID - assumed 'courseID' D:\xampp\htdocs\ZH\educational_administration_system\Application\Home\Controller\ContentController.class.php 第 43 行.
NOTIC: [8] Use of undefined constant courseID - assumed 'courseID' D:\xampp\htdocs\ZH\educational_administration_system\Application\Home\Controller\ContentController.class.php 第 43 行.
NOTIC: [8] Use of undefined constant courseID - assumed 'courseID' D:\xampp\htdocs\ZH\educational_administration_system\Application\Home\Controller\ContentController.class.php 第 43 行.

[ 2017-03-25T09:26:15+08:00 ] ::1 /ZH/educational_administration_system/index.php/Home/Content/xuankeContent1
INFO: [ app_init ] --START--
INFO: Run Behavior\BuildLiteBehavior [ RunTime:0.000011s ]
INFO: [ app_init ] --END-- [ RunTime:0.000421s ]
INFO: [ app_begin ] --START--
INFO: Run Behavior\ReadHtmlCacheBehavior [ RunTime:0.000482s ]
INFO: [ app_begin ] --END-- [ RunTime:0.000531s ]
NOTIC: [8] Use of undefined constant user - assumed 'user' D:\xampp\htdocs\ZH\educational_administration_system\Application\Home\Controller\ContentController.class.php 第 32 行.
SQL: SHOW COLUMNS FROM `edu_course` [ RunTime:0.0377s ]
SQL: SELECT * FROM `edu_course` WHERE ( profession="法学" )  [ RunTime:0.0004s ]
SQL: SELECT * FROM `edu_course` WHERE ( profession="all" )  [ RunTime:0.0003s ]
SQL: SHOW COLUMNS FROM `edu_login` [ RunTime:0.0057s ]
SQL: SELECT `courseID` FROM `edu_login` WHERE `user` = '1317403901' LIMIT 1   [ RunTime:0.0003s ]
NOTIC: [8] Use of undefined constant courseID - assumed 'courseID' D:\xampp\htdocs\ZH\educational_administration_system\Application\Home\Controller\ContentController.class.php 第 43 行.
NOTIC: [8] Use of undefined constant courseID - assumed 'courseID' D:\xampp\htdocs\ZH\educational_administration_system\Application\Home\Controller\ContentController.class.php 第 43 行.
NOTIC: [8] Use of undefined constant courseID - assumed 'courseID' D:\xampp\htdocs\ZH\educational_administration_system\Application\Home\Controller\ContentController.class.php 第 43 行.
NOTIC: [8] Use of undefined constant courseID - assumed 'courseID' D:\xampp\htdocs\ZH\educational_administration_system\Application\Home\Controller\ContentController.class.php 第 43 行.
NOTIC: [8] Use of undefined constant courseID - assumed 'courseID' D:\xampp\htdocs\ZH\educational_administration_system\Application\Home\Controller\ContentController.class.php 第 43 行.
NOTIC: [8] Use of undefined constant courseID - assumed 'courseID' D:\xampp\htdocs\ZH\educational_administration_system\Application\Home\Controller\ContentController.class.php 第 43 行.

[ 2017-03-25T09:26:17+08:00 ] ::1 /ZH/educational_administration_system/index.php/Home/Content/xuankeContent1
INFO: [ app_init ] --START--
INFO: Run Behavior\BuildLiteBehavior [ RunTime:0.000011s ]
INFO: [ app_init ] --END-- [ RunTime:0.000373s ]
INFO: [ app_begin ] --START--
INFO: Run Behavior\ReadHtmlCacheBehavior [ RunTime:0.000396s ]
INFO: [ app_begin ] --END-- [ RunTime:0.000431s ]
NOTIC: [8] Use of undefined constant user - assumed 'user' D:\xampp\htdocs\ZH\educational_administration_system\Application\Home\Controller\ContentController.class.php 第 32 行.
SQL: SHOW COLUMNS FROM `edu_course` [ RunTime:0.0134s ]
SQL: SELECT * FROM `edu_course` WHERE ( profession="计算机" )  [ RunTime:0.0004s ]
SQL: SELECT * FROM `edu_course` WHERE ( profession="all" )  [ RunTime:0.0003s ]
SQL: SHOW COLUMNS FROM `edu_login` [ RunTime:0.0057s ]
SQL: SELECT `courseID` FROM `edu_login` WHERE `user` = '1317403901' LIMIT 1   [ RunTime:0.0003s ]
NOTIC: [8] Use of undefined constant courseID - assumed 'courseID' D:\xampp\htdocs\ZH\educational_administration_system\Application\Home\Controller\ContentController.class.php 第 43 行.
NOTIC: [8] Use of undefined constant courseID - assumed 'courseID' D:\xampp\htdocs\ZH\educational_administration_system\Application\Home\Controller\ContentController.class.php 第 43 行.
NOTIC: [8] Use of undefined constant courseID - assumed 'courseID' D:\xampp\htdocs\ZH\educational_administration_system\Application\Home\Controller\ContentController.class.php 第 43 行.
NOTIC: [8] Use of undefined constant courseID - assumed 'courseID' D:\xampp\htdocs\ZH\educational_administration_system\Application\Home\Controller\ContentController.class.php 第 43 行.
NOTIC: [8] Use of undefined constant courseID - assumed 'courseID' D:\xampp\htdocs\ZH\educational_administration_system\Application\Home\Controller\ContentController.class.php 第 43 行.
NOTIC: [8] Use of undefined constant courseID - assumed 'courseID' D:\xampp\htdocs\ZH\educational_administration_system\Application\Home\Controller\ContentController.class.php 第 43 行.
NOTIC: [8] Use of undefined constant courseID - assumed 'courseID' D:\xampp\htdocs\ZH\educational_administration_system\Application\Home\Controller\ContentController.class.php 第 43 行.
NOTIC: [8] Use of undefined constant courseID - assumed 'courseID' D:\xampp\htdocs\ZH\educational_administration_system\Application\Home\Controller\ContentController.class.php 第 43 行.

[ 2017-03-25T09:26:23+08:00 ] ::1 /ZH/educational_administration_system/index.php/Home/Content/schedule
INFO: [ app_init ] --START--
INFO: Run Behavior\BuildLiteBehavior [ RunTime:0.000009s ]
INFO: [ app_init ] --END-- [ RunTime:0.000266s ]
INFO: [ app_begin ] --START--
INFO: Run Behavior\ReadHtmlCacheBehavior [ RunTime:0.000333s ]
INFO: [ app_begin ] --END-- [ RunTime:0.000362s ]
NOTIC: [8] Use of undefined constant user - assumed 'user' D:\xampp\htdocs\ZH\educational_administration_system\Application\Home\Controller\ContentController.class.php 第 110 行.
NOTIC: [8] Use of undefined constant q - assumed 'q' D:\xampp\htdocs\ZH\educational_administration_system\Application\Home\Controller\ContentController.class.php 第 111 行.
SQL: SHOW COLUMNS FROM `edu_login` [ RunTime:0.0141s ]
SQL: SELECT `courseID` FROM `edu_login` WHERE `user` = '1317403901' LIMIT 1   [ RunTime:0.0003s ]
SQL: SHOW COLUMNS FROM `edu_course` [ RunTime:0.0057s ]
SQL: SELECT `name` FROM `edu_course` WHERE `id` = 3 LIMIT 1   [ RunTime:0.0003s ]
SQL: SELECT `plan` FROM `edu_course` WHERE `id` = 3 LIMIT 1   [ RunTime:0.0002s ]
SQL: SELECT `level` FROM `edu_course` WHERE `id` = 3 LIMIT 1   [ RunTime:0.0002s ]
SQL: SELECT `name` FROM `edu_course` WHERE `id` = 7 LIMIT 1   [ RunTime:0.0002s ]
SQL: SELECT `plan` FROM `edu_course` WHERE `id` = 7 LIMIT 1   [ RunTime:0.0002s ]
SQL: SELECT `level` FROM `edu_course` WHERE `id` = 7 LIMIT 1   [ RunTime:0.0002s ]
SQL: SELECT `name` FROM `edu_course` WHERE `id` = 10 LIMIT 1   [ RunTime:0.0002s ]
SQL: SELECT `plan` FROM `edu_course` WHERE `id` = 10 LIMIT 1   [ RunTime:0.0002s ]
SQL: SELECT `level` FROM `edu_course` WHERE `id` = 10 LIMIT 1   [ RunTime:0.0014s ]
SQL: SELECT `name` FROM `edu_course` WHERE `id` = 4 LIMIT 1   [ RunTime:0.0004s ]
SQL: SELECT `plan` FROM `edu_course` WHERE `id` = 4 LIMIT 1   [ RunTime:0.0002s ]
SQL: SELECT `level` FROM `edu_course` WHERE `id` = 4 LIMIT 1   [ RunTime:0.0002s ]
SQL: SELECT `name` FROM `edu_course` WHERE `id` = 8 LIMIT 1   [ RunTime:0.0002s ]
SQL: SELECT `plan` FROM `edu_course` WHERE `id` = 8 LIMIT 1   [ RunTime:0.0002s ]
SQL: SELECT `level` FROM `edu_course` WHERE `id` = 8 LIMIT 1   [ RunTime:0.0002s ]
INFO: [ view_parse ] --START--
INFO: [ template_filter ] --START--
INFO: Run Behavior\ContentReplaceBehavior [ RunTime:0.000041s ]
INFO: [ template_filter ] --END-- [ RunTime:0.000076s ]
INFO: Run Behavior\ParseTemplateBehavior [ RunTime:0.005094s ]
INFO: [ view_parse ] --END-- [ RunTime:0.005151s ]
INFO: [ view_filter ] --START--
INFO: Run Behavior\WriteHtmlCacheBehavior [ RunTime:0.000206s ]
INFO: [ view_filter ] --END-- [ RunTime:0.000231s ]
INFO: [ app_end ] --START--
INFO: Run Behavior\ShowPageTraceBehavior [ RunTime:0.000383s ]
INFO: [ app_end ] --END-- [ RunTime:0.000409s ]

[ 2017-03-25T09:27:19+08:00 ] ::1 /ZH/educational_administration_system/index.php/Home/System/doLogOut
INFO: [ app_init ] --START--
INFO: Run Behavior\BuildLiteBehavior [ RunTime:0.000013s ]
INFO: [ app_init ] --END-- [ RunTime:0.000440s ]
INFO: [ app_begin ] --START--
INFO: Run Behavior\ReadHtmlCacheBehavior [ RunTime:0.000758s ]
INFO: [ app_begin ] --END-- [ RunTime:0.000801s ]
NOTIC: [8] Use of undefined constant session_name - assumed 'session_name' D:\xampp\htdocs\ZH\educational_administration_system\Application\Home\Controller\SystemController.class.php 第 17 行.

[ 2017-03-25T09:27:19+08:00 ] ::1 /ZH/educational_administration_system/index.php/Home/Index/index.html
INFO: [ app_init ] --START--
INFO: Run Behavior\BuildLiteBehavior [ RunTime:0.000014s ]
INFO: [ app_init ] --END-- [ RunTime:0.000546s ]
INFO: [ app_begin ] --START--
INFO: Run Behavior\ReadHtmlCacheBehavior [ RunTime:0.000938s ]
INFO: [ app_begin ] --END-- [ RunTime:0.000996s ]
INFO: [ view_parse ] --START--
INFO: [ template_filter ] --START--
INFO: Run Behavior\ContentReplaceBehavior [ RunTime:0.000064s ]
INFO: [ template_filter ] --END-- [ RunTime:0.000113s ]
INFO: Run Behavior\ParseTemplateBehavior [ RunTime:0.007835s ]
INFO: [ view_parse ] --END-- [ RunTime:0.007896s ]
INFO: [ view_filter ] --START--
INFO: Run Behavior\WriteHtmlCacheBehavior [ RunTime:0.000499s ]
INFO: [ view_filter ] --END-- [ RunTime:0.000528s ]
INFO: [ app_end ] --START--
INFO: Run Behavior\ShowPageTraceBehavior [ RunTime:0.001433s ]
INFO: [ app_end ] --END-- [ RunTime:0.001508s ]

[ 2017-03-25T09:27:19+08:00 ] ::1 /ZH/educational_administration_system/index.php/Home/Index/yanzheng
INFO: [ app_init ] --START--
INFO: Run Behavior\BuildLiteBehavior [ RunTime:0.000011s ]
INFO: [ app_init ] --END-- [ RunTime:0.000437s ]
INFO: [ app_begin ] --START--
INFO: Run Behavior\ReadHtmlCacheBehavior [ RunTime:0.000839s ]
INFO: [ app_begin ] --END-- [ RunTime:0.000905s ]
INFO: [ app_end ] --START--
INFO: Run Behavior\ShowPageTraceBehavior [ RunTime:0.001097s ]
INFO: [ app_end ] --END-- [ RunTime:0.001179s ]

[ 2017-03-25T09:27:32+08:00 ] ::1 /ZH/educational_administration_system/index.php/Home/Index/login
INFO: [ app_init ] --START--
INFO: Run Behavior\BuildLiteBehavior [ RunTime:0.000011s ]
INFO: [ app_init ] --END-- [ RunTime:0.000383s ]
INFO: [ app_begin ] --START--
INFO: Run Behavior\ReadHtmlCacheBehavior [ RunTime:0.000788s ]
INFO: [ app_begin ] --END-- [ RunTime:0.000838s ]
SQL: SHOW COLUMNS FROM `edu_login` [ RunTime:0.0318s ]
SQL: SELECT * FROM `edu_login` WHERE `user` = '1317404007' AND `pass` = '1' LIMIT 1   [ RunTime:0.0003s ]
NOTIC: [8] Use of undefined constant q - assumed 'q' D:\xampp\htdocs\ZH\educational_administration_system\Application\Home\Controller\IndexController.class.php 第 36 行.
NOTIC: [8] Use of undefined constant q - assumed 'q' D:\xampp\htdocs\ZH\educational_administration_system\Application\Home\Controller\IndexController.class.php 第 38 行.
NOTIC: [8] Use of undefined constant zhuanye - assumed 'zhuanye' D:\xampp\htdocs\ZH\educational_administration_system\Application\Home\Controller\IndexController.class.php 第 40 行.
NOTIC: [8] Use of undefined constant name - assumed 'name' D:\xampp\htdocs\ZH\educational_administration_system\Application\Home\Controller\IndexController.class.php 第 41 行.
INFO: [ app_end ] --START--
INFO: Run Behavior\ShowPageTraceBehavior [ RunTime:0.000738s ]
INFO: [ app_end ] --END-- [ RunTime:0.000771s ]

[ 2017-03-25T09:27:32+08:00 ] ::1 /ZH/educational_administration_system/index.php//Home/System/stu_system/name/%E5%93%88%E5%93%88
INFO: [ app_init ] --START--
INFO: Run Behavior\BuildLiteBehavior [ RunTime:0.000010s ]
INFO: [ app_init ] --END-- [ RunTime:0.000389s ]
INFO: [ app_begin ] --START--
INFO: Run Behavior\ReadHtmlCacheBehavior [ RunTime:0.000856s ]
INFO: [ app_begin ] --END-- [ RunTime:0.000921s ]
INFO: [ view_parse ] --START--
INFO: [ template_filter ] --START--
INFO: Run Behavior\ContentReplaceBehavior [ RunTime:0.000072s ]
INFO: [ template_filter ] --END-- [ RunTime:0.000127s ]
INFO: Run Behavior\ParseTemplateBehavior [ RunTime:0.009716s ]
INFO: [ view_parse ] --END-- [ RunTime:0.009778s ]
INFO: [ view_filter ] --START--
INFO: Run Behavior\WriteHtmlCacheBehavior [ RunTime:0.000455s ]
INFO: [ view_filter ] --END-- [ RunTime:0.000489s ]
INFO: [ app_end ] --START--
INFO: Run Behavior\ShowPageTraceBehavior [ RunTime:0.000852s ]
INFO: [ app_end ] --END-- [ RunTime:0.000899s ]

[ 2017-03-25T09:27:32+08:00 ] ::1 /ZH/educational_administration_system/index.php/Home/Content/final_exam
INFO: [ app_init ] --START--
INFO: Run Behavior\BuildLiteBehavior [ RunTime:0.000018s ]
INFO: [ app_init ] --END-- [ RunTime:0.000846s ]
INFO: [ app_begin ] --START--
INFO: Run Behavior\ReadHtmlCacheBehavior [ RunTime:0.000827s ]
INFO: [ app_begin ] --END-- [ RunTime:0.000894s ]
INFO: [ view_parse ] --START--
INFO: [ template_filter ] --START--
INFO: Run Behavior\ContentReplaceBehavior [ RunTime:0.000036s ]
INFO: [ template_filter ] --END-- [ RunTime:0.000100s ]
INFO: Run Behavior\ParseTemplateBehavior [ RunTime:0.007939s ]
INFO: [ view_parse ] --END-- [ RunTime:0.008020s ]
INFO: [ view_filter ] --START--
INFO: Run Behavior\WriteHtmlCacheBehavior [ RunTime:0.000681s ]
INFO: [ view_filter ] --END-- [ RunTime:0.000740s ]
INFO: [ app_end ] --START--
INFO: Run Behavior\ShowPageTraceBehavior [ RunTime:0.001262s ]
INFO: [ app_end ] --END-- [ RunTime:0.001373s ]

[ 2017-03-25T09:27:36+08:00 ] ::1 /ZH/educational_administration_system/index.php/Home/Content/schedule
INFO: [ app_init ] --START--
INFO: Run Behavior\BuildLiteBehavior [ RunTime:0.000009s ]
INFO: [ app_init ] --END-- [ RunTime:0.000344s ]
INFO: [ app_begin ] --START--
INFO: Run Behavior\ReadHtmlCacheBehavior [ RunTime:0.000510s ]
INFO: [ app_begin ] --END-- [ RunTime:0.000544s ]
NOTIC: [8] Use of undefined constant user - assumed 'user' D:\xampp\htdocs\ZH\educational_administration_system\Application\Home\Controller\ContentController.class.php 第 110 行.
NOTIC: [8] Use of undefined constant q - assumed 'q' D:\xampp\htdocs\ZH\educational_administration_system\Application\Home\Controller\ContentController.class.php 第 111 行.
SQL: SHOW COLUMNS FROM `edu_login` [ RunTime:0.0325s ]
SQL: SELECT `courseID` FROM `edu_login` WHERE `user` = '1317404007' LIMIT 1   [ RunTime:0.0003s ]
SQL: SHOW COLUMNS FROM `edu_course` [ RunTime:0.0062s ]
INFO: [ view_parse ] --START--
INFO: [ template_filter ] --START--
INFO: Run Behavior\ContentReplaceBehavior [ RunTime:0.000044s ]
INFO: [ template_filter ] --END-- [ RunTime:0.000090s ]
INFO: Run Behavior\ParseTemplateBehavior [ RunTime:0.007063s ]
INFO: [ view_parse ] --END-- [ RunTime:0.007125s ]
INFO: [ view_filter ] --START--
INFO: Run Behavior\WriteHtmlCacheBehavior [ RunTime:0.000476s ]
INFO: [ view_filter ] --END-- [ RunTime:0.000521s ]
INFO: [ app_end ] --START--
INFO: Run Behavior\ShowPageTraceBehavior [ RunTime:0.000705s ]
INFO: [ app_end ] --END-- [ RunTime:0.000741s ]

[ 2017-03-25T09:28:02+08:00 ] ::1 /ZH/educational_administration_system/index.php/Home/Content/xuanke
INFO: [ app_init ] --START--
INFO: Run Behavior\BuildLiteBehavior [ RunTime:0.000016s ]
INFO: [ app_init ] --END-- [ RunTime:0.000608s ]
INFO: [ app_begin ] --START--
INFO: Run Behavior\ReadHtmlCacheBehavior [ RunTime:0.000581s ]
INFO: [ app_begin ] --END-- [ RunTime:0.000625s ]
INFO: [ view_parse ] --START--
INFO: [ template_filter ] --START--
INFO: Run Behavior\ContentReplaceBehavior [ RunTime:0.000045s ]
INFO: [ template_filter ] --END-- [ RunTime:0.000080s ]
INFO: Run Behavior\ParseTemplateBehavior [ RunTime:0.005912s ]
INFO: [ view_parse ] --END-- [ RunTime:0.005960s ]
INFO: [ view_filter ] --START--
INFO: Run Behavior\WriteHtmlCacheBehavior [ RunTime:0.000428s ]
INFO: [ view_filter ] --END-- [ RunTime:0.000464s ]
INFO: [ app_end ] --START--
INFO: Run Behavior\ShowPageTraceBehavior [ RunTime:0.001173s ]
INFO: [ app_end ] --END-- [ RunTime:0.001236s ]

[ 2017-03-25T09:28:07+08:00 ] ::1 /ZH/educational_administration_system/index.php/Home/Content/xuankeContent
INFO: [ app_init ] --START--
INFO: Run Behavior\BuildLiteBehavior [ RunTime:0.000009s ]
INFO: [ app_init ] --END-- [ RunTime:0.000341s ]
INFO: [ app_begin ] --START--
INFO: Run Behavior\ReadHtmlCacheBehavior [ RunTime:0.000967s ]
INFO: [ app_begin ] --END-- [ RunTime:0.001078s ]
NOTIC: [8] Use of undefined constant nianji - assumed 'nianji' D:\xampp\htdocs\ZH\educational_administration_system\Application\Home\Controller\ContentController.class.php 第 14 行.
NOTIC: [8] Use of undefined constant user - assumed 'user' D:\xampp\htdocs\ZH\educational_administration_system\Application\Home\Controller\ContentController.class.php 第 15 行.
NOTIC: [8] Use of undefined constant profession - assumed 'profession' D:\xampp\htdocs\ZH\educational_administration_system\Application\Home\Controller\ContentController.class.php 第 16 行.
SQL: SHOW COLUMNS FROM `edu_course` [ RunTime:0.0136s ]
SQL: SELECT * FROM `edu_course` WHERE ( profession="计算机" )  [ RunTime:0.0004s ]
SQL: SELECT * FROM `edu_course` WHERE ( profession="all" )  [ RunTime:0.0003s ]
SQL: SHOW COLUMNS FROM `edu_login` [ RunTime:0.0055s ]
SQL: SELECT `courseID` FROM `edu_login` WHERE `user` = '1317404007' LIMIT 1   [ RunTime:0.0003s ]
INFO: [ view_parse ] --START--
INFO: [ template_filter ] --START--
INFO: Run Behavior\ContentReplaceBehavior [ RunTime:0.000063s ]
INFO: [ template_filter ] --END-- [ RunTime:0.000102s ]
INFO: Run Behavior\ParseTemplateBehavior [ RunTime:0.029889s ]
INFO: [ view_parse ] --END-- [ RunTime:0.029939s ]
INFO: [ view_filter ] --START--
INFO: Run Behavior\WriteHtmlCacheBehavior [ RunTime:0.000358s ]
INFO: [ view_filter ] --END-- [ RunTime:0.000386s ]
INFO: [ app_end ] --START--
INFO: Run Behavior\ShowPageTraceBehavior [ RunTime:0.000952s ]
INFO: [ app_end ] --END-- [ RunTime:0.001021s ]

[ 2017-03-25T09:28:09+08:00 ] ::1 /ZH/educational_administration_system/index.php/Home/Content/weixuan
INFO: [ app_init ] --START--
INFO: Run Behavior\BuildLiteBehavior [ RunTime:0.000010s ]
INFO: [ app_init ] --END-- [ RunTime:0.000430s ]
INFO: [ app_begin ] --START--
INFO: Run Behavior\ReadHtmlCacheBehavior [ RunTime:0.000530s ]
INFO: [ app_begin ] --END-- [ RunTime:0.000560s ]
NOTIC: [8] Use of undefined constant user - assumed 'user' D:\xampp\htdocs\ZH\educational_administration_system\Application\Home\Controller\ContentController.class.php 第 51 行.
SQL: SHOW COLUMNS FROM `edu_course` [ RunTime:0.0423s ]
SQL: SELECT `level` FROM `edu_course` WHERE `id` = 6 LIMIT 1   [ RunTime:0.0003s ]
SQL: SHOW COLUMNS FROM `edu_login` [ RunTime:0.0061s ]
SQL: SELECT `courseID` FROM `edu_login` WHERE ( user=1317404007 ) LIMIT 1   [ RunTime:0.0003s ]
SQL: SELECT `courseL` FROM `edu_login` WHERE ( user=1317404007 ) LIMIT 1   [ RunTime:0.0002s ]
SQL: UPDATE `edu_login` SET `courseID`='6',`courseL`='15,16' WHERE ( user=1317404007 ) [ RunTime:0.0003s ]
INFO: [ app_end ] --START--
INFO: Run Behavior\ShowPageTraceBehavior [ RunTime:0.000711s ]
INFO: [ app_end ] --END-- [ RunTime:0.000743s ]

[ 2017-03-25T09:28:20+08:00 ] ::1 /ZH/educational_administration_system/index.php/Home/Content/weixuan
INFO: [ app_init ] --START--
INFO: Run Behavior\BuildLiteBehavior [ RunTime:0.000011s ]
INFO: [ app_init ] --END-- [ RunTime:0.000386s ]
INFO: [ app_begin ] --START--
INFO: Run Behavior\ReadHtmlCacheBehavior [ RunTime:0.000600s ]
INFO: [ app_begin ] --END-- [ RunTime:0.000632s ]
NOTIC: [8] Use of undefined constant user - assumed 'user' D:\xampp\htdocs\ZH\educational_administration_system\Application\Home\Controller\ContentController.class.php 第 51 行.
SQL: SHOW COLUMNS FROM `edu_course` [ RunTime:0.0472s ]
SQL: SELECT `level` FROM `edu_course` WHERE `id` = 11 LIMIT 1   [ RunTime:0.0003s ]
SQL: SHOW COLUMNS FROM `edu_login` [ RunTime:0.0064s ]
SQL: SELECT `courseID` FROM `edu_login` WHERE ( user=1317404007 ) LIMIT 1   [ RunTime:0.0003s ]
SQL: SELECT `courseL` FROM `edu_login` WHERE ( user=1317404007 ) LIMIT 1   [ RunTime:0.0002s ]
SQL: UPDATE `edu_login` SET `courseID`='6,11',`courseL`='15,16,8,10' WHERE ( user=1317404007 ) [ RunTime:0.0003s ]
INFO: [ app_end ] --START--
INFO: Run Behavior\ShowPageTraceBehavior [ RunTime:0.000669s ]
INFO: [ app_end ] --END-- [ RunTime:0.000699s ]

[ 2017-03-25T09:28:28+08:00 ] ::1 /ZH/educational_administration_system/index.php/Home/Content/schedule
INFO: [ app_init ] --START--
INFO: Run Behavior\BuildLiteBehavior [ RunTime:0.000018s ]
INFO: [ app_init ] --END-- [ RunTime:0.000950s ]
INFO: [ app_begin ] --START--
INFO: Run Behavior\ReadHtmlCacheBehavior [ RunTime:0.000568s ]
INFO: [ app_begin ] --END-- [ RunTime:0.000606s ]
NOTIC: [8] Use of undefined constant user - assumed 'user' D:\xampp\htdocs\ZH\educational_administration_system\Application\Home\Controller\ContentController.class.php 第 110 行.
NOTIC: [8] Use of undefined constant q - assumed 'q' D:\xampp\htdocs\ZH\educational_administration_system\Application\Home\Controller\ContentController.class.php 第 111 行.
SQL: SHOW COLUMNS FROM `edu_login` [ RunTime:0.0182s ]
SQL: SELECT `courseID` FROM `edu_login` WHERE `user` = '1317404007' LIMIT 1   [ RunTime:0.0003s ]
SQL: SHOW COLUMNS FROM `edu_course` [ RunTime:0.0073s ]
SQL: SELECT `name` FROM `edu_course` WHERE `id` = 6 LIMIT 1   [ RunTime:0.0003s ]
SQL: SELECT `plan` FROM `edu_course` WHERE `id` = 6 LIMIT 1   [ RunTime:0.0002s ]
SQL: SELECT `level` FROM `edu_course` WHERE `id` = 6 LIMIT 1   [ RunTime:0.0002s ]
SQL: SELECT `name` FROM `edu_course` WHERE `id` = 11 LIMIT 1   [ RunTime:0.0002s ]
SQL: SELECT `plan` FROM `edu_course` WHERE `id` = 11 LIMIT 1   [ RunTime:0.0002s ]
SQL: SELECT `level` FROM `edu_course` WHERE `id` = 11 LIMIT 1   [ RunTime:0.0002s ]
INFO: [ view_parse ] --START--
INFO: [ template_filter ] --START--
INFO: Run Behavior\ContentReplaceBehavior [ RunTime:0.000041s ]
INFO: [ template_filter ] --END-- [ RunTime:0.000081s ]
INFO: Run Behavior\ParseTemplateBehavior [ RunTime:0.006254s ]
INFO: [ view_parse ] --END-- [ RunTime:0.006301s ]
INFO: [ view_filter ] --START--
INFO: Run Behavior\WriteHtmlCacheBehavior [ RunTime:0.000323s ]
INFO: [ view_filter ] --END-- [ RunTime:0.000349s ]
INFO: [ app_end ] --START--
INFO: Run Behavior\ShowPageTraceBehavior [ RunTime:0.000661s ]
INFO: [ app_end ] --END-- [ RunTime:0.000689s ]

[ 2017-03-25T09:28:43+08:00 ] ::1 /ZH/educational_administration_system/index.php/Home/System/doLogOut
INFO: [ app_init ] --START--
INFO: Run Behavior\BuildLiteBehavior [ RunTime:0.000049s ]
INFO: [ app_init ] --END-- [ RunTime:0.000764s ]
INFO: [ app_begin ] --START--
INFO: Run Behavior\ReadHtmlCacheBehavior [ RunTime:0.000851s ]
INFO: [ app_begin ] --END-- [ RunTime:0.000912s ]
NOTIC: [8] Use of undefined constant session_name - assumed 'session_name' D:\xampp\htdocs\ZH\educational_administration_system\Application\Home\Controller\SystemController.class.php 第 17 行.

[ 2017-03-25T09:28:44+08:00 ] ::1 /ZH/educational_administration_system/index.php/Home/Index/index.html
INFO: [ app_init ] --START--
INFO: Run Behavior\BuildLiteBehavior [ RunTime:0.000044s ]
INFO: [ app_init ] --END-- [ RunTime:0.000907s ]
INFO: [ app_begin ] --START--
INFO: Run Behavior\ReadHtmlCacheBehavior [ RunTime:0.000571s ]
INFO: [ app_begin ] --END-- [ RunTime:0.000616s ]
INFO: [ view_parse ] --START--
INFO: [ template_filter ] --START--
INFO: Run Behavior\ContentReplaceBehavior [ RunTime:0.000075s ]
INFO: [ template_filter ] --END-- [ RunTime:0.000139s ]
INFO: Run Behavior\ParseTemplateBehavior [ RunTime:0.008000s ]
INFO: [ view_parse ] --END-- [ RunTime:0.008048s ]
INFO: [ view_filter ] --START--
INFO: Run Behavior\WriteHtmlCacheBehavior [ RunTime:0.000352s ]
INFO: [ view_filter ] --END-- [ RunTime:0.000380s ]
INFO: [ app_end ] --START--
INFO: Run Behavior\ShowPageTraceBehavior [ RunTime:0.000926s ]
INFO: [ app_end ] --END-- [ RunTime:0.000997s ]

[ 2017-03-25T09:28:44+08:00 ] ::1 /ZH/educational_administration_system/index.php/Home/Index/yanzheng
INFO: [ app_init ] --START--
INFO: Run Behavior\BuildLiteBehavior [ RunTime:0.000021s ]
INFO: [ app_init ] --END-- [ RunTime:0.000794s ]
INFO: [ app_begin ] --START--
INFO: Run Behavior\ReadHtmlCacheBehavior [ RunTime:0.000583s ]
INFO: [ app_begin ] --END-- [ RunTime:0.000628s ]
INFO: [ app_end ] --START--
INFO: Run Behavior\ShowPageTraceBehavior [ RunTime:0.000690s ]
INFO: [ app_end ] --END-- [ RunTime:0.000741s ]

