[ 2017-03-23T12:19:00+08:00 ] ::1 /ZH/educational_administration_system/index.php
INFO: [ app_init ] --START--
INFO: Run Behavior\BuildLiteBehavior [ RunTime:0.000015s ]
INFO: [ app_init ] --END-- [ RunTime:0.010978s ]
INFO: [ app_begin ] --START--
INFO: Run Behavior\ReadHtmlCacheBehavior [ RunTime:0.017158s ]
INFO: [ app_begin ] --END-- [ RunTime:0.017214s ]
INFO: [ view_parse ] --START--
INFO: [ template_filter ] --START--
INFO: Run Behavior\ContentReplaceBehavior [ RunTime:0.000063s ]
INFO: [ template_filter ] --END-- [ RunTime:0.000112s ]
INFO: Run Behavior\ParseTemplateBehavior [ RunTime:0.174758s ]
INFO: [ view_parse ] --END-- [ RunTime:0.174815s ]
INFO: [ view_filter ] --START--
INFO: Run Behavior\WriteHtmlCacheBehavior [ RunTime:0.012434s ]
INFO: [ view_filter ] --END-- [ RunTime:0.012482s ]
INFO: [ app_end ] --START--
INFO: Run Behavior\ShowPageTraceBehavior [ RunTime:0.111484s ]
INFO: [ app_end ] --END-- [ RunTime:0.111552s ]

[ 2017-03-23T12:19:01+08:00 ] ::1 /ZH/educational_administration_system/index.php/Home/Index/yanzheng
INFO: [ app_init ] --START--
INFO: Run Behavior\BuildLiteBehavior [ RunTime:0.000013s ]
INFO: [ app_init ] --END-- [ RunTime:0.000776s ]
INFO: [ app_begin ] --START--
INFO: Run Behavior\ReadHtmlCacheBehavior [ RunTime:0.003265s ]
INFO: [ app_begin ] --END-- [ RunTime:0.003348s ]
INFO: [ app_end ] --START--
INFO: Run Behavior\ShowPageTraceBehavior [ RunTime:0.001370s ]
INFO: [ app_end ] --END-- [ RunTime:0.001425s ]

[ 2017-03-23T12:19:18+08:00 ] ::1 /ZH/educational_administration_system/index.php/Home/Index/login
INFO: [ app_init ] --START--
INFO: Run Behavior\BuildLiteBehavior [ RunTime:0.000012s ]
INFO: [ app_init ] --END-- [ RunTime:0.000587s ]
INFO: [ app_begin ] --START--
INFO: Run Behavior\ReadHtmlCacheBehavior [ RunTime:0.001369s ]
INFO: [ app_begin ] --END-- [ RunTime:0.001412s ]
SQL: SHOW COLUMNS FROM `edu_login` [ RunTime:0.0460s ]
SQL: SELECT * FROM `edu_login` WHERE `user` = 'admin' AND `pass` = 'admin' LIMIT 1   [ RunTime:0.0004s ]
NOTIC: [8] Use of undefined constant q - assumed 'q' D:\xampp\htdocs\ZH\educational_administration_system\Application\Home\Controller\IndexController.class.php 第 36 行.
NOTIC: [8] Use of undefined constant q - assumed 'q' D:\xampp\htdocs\ZH\educational_administration_system\Application\Home\Controller\IndexController.class.php 第 43 行.
NOTIC: [8] Use of undefined constant q - assumed 'q' D:\xampp\htdocs\ZH\educational_administration_system\Application\Home\Controller\IndexController.class.php 第 48 行.
NOTIC: [8] Use of undefined constant name - assumed 'name' D:\xampp\htdocs\ZH\educational_administration_system\Application\Home\Controller\IndexController.class.php 第 50 行.
INFO: [ app_end ] --START--
INFO: Run Behavior\ShowPageTraceBehavior [ RunTime:0.001622s ]
INFO: [ app_end ] --END-- [ RunTime:0.001671s ]

