[ 2017-04-25T10:38:01+08:00 ] ::1 /ZH/educational_administration_system/index.php
INFO: [ app_init ] --START--
INFO: Run Behavior\BuildLiteBehavior [ RunTime:0.000015s ]
INFO: [ app_init ] --END-- [ RunTime:0.045320s ]
INFO: [ app_begin ] --START--
INFO: Run Behavior\ReadHtmlCacheBehavior [ RunTime:0.031244s ]
INFO: [ app_begin ] --END-- [ RunTime:0.031318s ]
INFO: [ view_parse ] --START--
INFO: [ template_filter ] --START--
INFO: Run Behavior\ContentReplaceBehavior [ RunTime:0.000073s ]
INFO: [ template_filter ] --END-- [ RunTime:0.000125s ]
INFO: Run Behavior\ParseTemplateBehavior [ RunTime:0.219857s ]
INFO: [ view_parse ] --END-- [ RunTime:0.219927s ]
INFO: [ view_filter ] --START--
INFO: Run Behavior\WriteHtmlCacheBehavior [ RunTime:0.020408s ]
INFO: [ view_filter ] --END-- [ RunTime:0.020461s ]
INFO: [ app_end ] --START--
INFO: Run Behavior\ShowPageTraceBehavior [ RunTime:0.019063s ]
INFO: [ app_end ] --END-- [ RunTime:0.019144s ]

[ 2017-04-25T10:38:01+08:00 ] ::1 /ZH/educational_administration_system/index.php/Home/Index/yanzheng
INFO: [ app_init ] --START--
INFO: Run Behavior\BuildLiteBehavior [ RunTime:0.000015s ]
INFO: [ app_init ] --END-- [ RunTime:0.000421s ]
INFO: [ app_begin ] --START--
INFO: Run Behavior\ReadHtmlCacheBehavior [ RunTime:0.001240s ]
INFO: [ app_begin ] --END-- [ RunTime:0.001333s ]
INFO: [ app_end ] --START--
INFO: Run Behavior\ShowPageTraceBehavior [ RunTime:0.001476s ]
INFO: [ app_end ] --END-- [ RunTime:0.001579s ]

[ 2017-04-25T10:38:47+08:00 ] ::1 /ZH/educational_administration_system/index.php/Home/Index/login
INFO: [ app_init ] --START--
INFO: Run Behavior\BuildLiteBehavior [ RunTime:0.000013s ]
INFO: [ app_init ] --END-- [ RunTime:0.000383s ]
INFO: [ app_begin ] --START--
INFO: Run Behavior\ReadHtmlCacheBehavior [ RunTime:0.000934s ]
INFO: [ app_begin ] --END-- [ RunTime:0.000992s ]
SQL: SHOW COLUMNS FROM `edu_login` [ RunTime:0.0103s ]
SQL: SELECT * FROM `edu_login` WHERE `user` = 'admin' AND `pass` = 'admin' LIMIT 1   [ RunTime:0.0003s ]
NOTIC: [8] Use of undefined constant q - assumed 'q' D:\xampp1\htdocs\ZH\educational_administration_system\Application\Home\Controller\IndexController.class.php 第 36 行.
NOTIC: [8] Use of undefined constant q - assumed 'q' D:\xampp1\htdocs\ZH\educational_administration_system\Application\Home\Controller\IndexController.class.php 第 43 行.
NOTIC: [8] Use of undefined constant q - assumed 'q' D:\xampp1\htdocs\ZH\educational_administration_system\Application\Home\Controller\IndexController.class.php 第 48 行.
NOTIC: [8] Use of undefined constant name - assumed 'name' D:\xampp1\htdocs\ZH\educational_administration_system\Application\Home\Controller\IndexController.class.php 第 50 行.
INFO: [ app_end ] --START--
INFO: Run Behavior\ShowPageTraceBehavior [ RunTime:0.000875s ]
INFO: [ app_end ] --END-- [ RunTime:0.000919s ]

