[ 2017-03-17T15:15:15+08:00 ] ::1 /ZH/educational_administration_system/index.php
INFO: [ app_init ] --START--
INFO: Run Behavior\BuildLiteBehavior [ RunTime:0.000023s ]
INFO: [ app_init ] --END-- [ RunTime:0.102515s ]
INFO: [ app_begin ] --START--
INFO: Run Behavior\ReadHtmlCacheBehavior [ RunTime:0.035724s ]
INFO: [ app_begin ] --END-- [ RunTime:0.035778s ]
INFO: [ view_parse ] --START--
INFO: [ template_filter ] --START--
INFO: Run Behavior\ContentReplaceBehavior [ RunTime:0.000069s ]
INFO: [ template_filter ] --END-- [ RunTime:0.000117s ]
INFO: Run Behavior\ParseTemplateBehavior [ RunTime:0.364084s ]
INFO: [ view_parse ] --END-- [ RunTime:0.364144s ]
INFO: [ view_filter ] --START--
INFO: Run Behavior\WriteHtmlCacheBehavior [ RunTime:0.039132s ]
INFO: [ view_filter ] --END-- [ RunTime:0.039180s ]
INFO: [ app_end ] --START--
INFO: Run Behavior\ShowPageTraceBehavior [ RunTime:0.043022s ]
INFO: [ app_end ] --END-- [ RunTime:0.043077s ]

[ 2017-03-17T15:15:16+08:00 ] ::1 /ZH/educational_administration_system/index.php/Home/Index/yanzheng
INFO: [ app_init ] --START--
INFO: Run Behavior\BuildLiteBehavior [ RunTime:0.000013s ]
INFO: [ app_init ] --END-- [ RunTime:0.000557s ]
INFO: [ app_begin ] --START--
INFO: Run Behavior\ReadHtmlCacheBehavior [ RunTime:0.000900s ]
INFO: [ app_begin ] --END-- [ RunTime:0.000953s ]
INFO: [ app_end ] --START--
INFO: Run Behavior\ShowPageTraceBehavior [ RunTime:0.000789s ]
INFO: [ app_end ] --END-- [ RunTime:0.000840s ]

[ 2017-03-17T15:15:29+08:00 ] ::1 /ZH/educational_administration_system/index.php/Home/Index/login
INFO: [ app_init ] --START--
INFO: Run Behavior\BuildLiteBehavior [ RunTime:0.000010s ]
INFO: [ app_init ] --END-- [ RunTime:0.000412s ]
INFO: [ app_begin ] --START--
INFO: Run Behavior\ReadHtmlCacheBehavior [ RunTime:0.000787s ]
INFO: [ app_begin ] --END-- [ RunTime:0.000830s ]
SQL: SHOW COLUMNS FROM `edu_login` [ RunTime:0.1402s ]
SQL: SELECT * FROM `edu_login` WHERE `user` = '13174044001' AND `pass` = '123456' LIMIT 1   [ RunTime:0.0005s ]
INFO: [ app_end ] --START--
INFO: Run Behavior\ShowPageTraceBehavior [ RunTime:0.001200s ]
INFO: [ app_end ] --END-- [ RunTime:0.001246s ]

[ 2017-03-17T15:15:33+08:00 ] ::1 /ZH/educational_administration_system/index.php/Home/Index/yanzheng
INFO: [ app_init ] --START--
INFO: Run Behavior\BuildLiteBehavior [ RunTime:0.000020s ]
INFO: [ app_init ] --END-- [ RunTime:0.001497s ]
INFO: [ app_begin ] --START--
INFO: Run Behavior\ReadHtmlCacheBehavior [ RunTime:0.001841s ]
INFO: [ app_begin ] --END-- [ RunTime:0.002015s ]
INFO: [ app_end ] --START--
INFO: Run Behavior\ShowPageTraceBehavior [ RunTime:0.000822s ]
INFO: [ app_end ] --END-- [ RunTime:0.000908s ]

[ 2017-03-17T15:15:46+08:00 ] ::1 /ZH/educational_administration_system/index.php/Home/Index/login
INFO: [ app_init ] --START--
INFO: Run Behavior\BuildLiteBehavior [ RunTime:0.000010s ]
INFO: [ app_init ] --END-- [ RunTime:0.000409s ]
INFO: [ app_begin ] --START--
INFO: Run Behavior\ReadHtmlCacheBehavior [ RunTime:0.000694s ]
INFO: [ app_begin ] --END-- [ RunTime:0.000732s ]
SQL: SHOW COLUMNS FROM `edu_login` [ RunTime:0.0110s ]
SQL: SELECT * FROM `edu_login` WHERE `user` = '1317404001' AND `pass` = '123456' LIMIT 1   [ RunTime:0.0003s ]
NOTIC: [8] Use of undefined constant q - assumed 'q' D:\xampp\htdocs\ZH\educational_administration_system\Application\Home\Controller\IndexController.class.php 第 36 行.
NOTIC: [8] Use of undefined constant q - assumed 'q' D:\xampp\htdocs\ZH\educational_administration_system\Application\Home\Controller\IndexController.class.php 第 38 行.
NOTIC: [8] Use of undefined constant zhuanye - assumed 'zhuanye' D:\xampp\htdocs\ZH\educational_administration_system\Application\Home\Controller\IndexController.class.php 第 40 行.
NOTIC: [8] Use of undefined constant name - assumed 'name' D:\xampp\htdocs\ZH\educational_administration_system\Application\Home\Controller\IndexController.class.php 第 41 行.
INFO: [ app_end ] --START--
INFO: Run Behavior\ShowPageTraceBehavior [ RunTime:0.000825s ]
INFO: [ app_end ] --END-- [ RunTime:0.000861s ]

[ 2017-03-17T15:15:46+08:00 ] ::1 /ZH/educational_administration_system/index.php//Home/System/stu_system/name/%E5%BC%A0%E8%B1%AA
INFO: [ app_init ] --START--
INFO: Run Behavior\BuildLiteBehavior [ RunTime:0.000013s ]
INFO: [ app_init ] --END-- [ RunTime:0.000654s ]
INFO: [ app_begin ] --START--
INFO: Run Behavior\ReadHtmlCacheBehavior [ RunTime:0.000736s ]
INFO: [ app_begin ] --END-- [ RunTime:0.000782s ]
INFO: [ view_parse ] --START--
INFO: [ template_filter ] --START--
INFO: Run Behavior\ContentReplaceBehavior [ RunTime:0.000094s ]
INFO: [ template_filter ] --END-- [ RunTime:0.000158s ]
INFO: Run Behavior\ParseTemplateBehavior [ RunTime:0.106725s ]
INFO: [ view_parse ] --END-- [ RunTime:0.106803s ]
INFO: [ view_filter ] --START--
INFO: Run Behavior\WriteHtmlCacheBehavior [ RunTime:0.000600s ]
INFO: [ view_filter ] --END-- [ RunTime:0.000632s ]
INFO: [ app_end ] --START--
INFO: Run Behavior\ShowPageTraceBehavior [ RunTime:0.000718s ]
INFO: [ app_end ] --END-- [ RunTime:0.000751s ]

[ 2017-03-17T15:15:46+08:00 ] ::1 /ZH/educational_administration_system/index.php/Home/Content/final_exam
INFO: [ app_init ] --START--
INFO: Run Behavior\BuildLiteBehavior [ RunTime:0.000015s ]
INFO: [ app_init ] --END-- [ RunTime:0.000609s ]
INFO: [ app_begin ] --START--
INFO: Run Behavior\ReadHtmlCacheBehavior [ RunTime:0.001056s ]
INFO: [ app_begin ] --END-- [ RunTime:0.001127s ]
INFO: [ view_parse ] --START--
INFO: [ template_filter ] --START--
INFO: Run Behavior\ContentReplaceBehavior [ RunTime:0.000024s ]
INFO: [ template_filter ] --END-- [ RunTime:0.000068s ]
INFO: Run Behavior\ParseTemplateBehavior [ RunTime:0.060930s ]
INFO: [ view_parse ] --END-- [ RunTime:0.060994s ]
INFO: [ view_filter ] --START--
INFO: Run Behavior\WriteHtmlCacheBehavior [ RunTime:0.000585s ]
INFO: [ view_filter ] --END-- [ RunTime:0.000617s ]
INFO: [ app_end ] --START--
INFO: Run Behavior\ShowPageTraceBehavior [ RunTime:0.001151s ]
INFO: [ app_end ] --END-- [ RunTime:0.001239s ]

[ 2017-03-17T15:15:55+08:00 ] ::1 /ZH/educational_administration_system/index.php/Home/System/doLogOut
INFO: [ app_init ] --START--
INFO: Run Behavior\BuildLiteBehavior [ RunTime:0.000011s ]
INFO: [ app_init ] --END-- [ RunTime:0.000440s ]
INFO: [ app_begin ] --START--
INFO: Run Behavior\ReadHtmlCacheBehavior [ RunTime:0.001164s ]
INFO: [ app_begin ] --END-- [ RunTime:0.001241s ]
NOTIC: [8] Use of undefined constant session_name - assumed 'session_name' D:\xampp\htdocs\ZH\educational_administration_system\Application\Home\Controller\SystemController.class.php 第 17 行.

[ 2017-03-17T15:15:55+08:00 ] ::1 /ZH/educational_administration_system/index.php/Home/Index/index.html
INFO: [ app_init ] --START--
INFO: Run Behavior\BuildLiteBehavior [ RunTime:0.000009s ]
INFO: [ app_init ] --END-- [ RunTime:0.000348s ]
INFO: [ app_begin ] --START--
INFO: Run Behavior\ReadHtmlCacheBehavior [ RunTime:0.000914s ]
INFO: [ app_begin ] --END-- [ RunTime:0.000956s ]
INFO: [ view_parse ] --START--
INFO: [ template_filter ] --START--
INFO: Run Behavior\ContentReplaceBehavior [ RunTime:0.000058s ]
INFO: [ template_filter ] --END-- [ RunTime:0.000093s ]
INFO: Run Behavior\ParseTemplateBehavior [ RunTime:0.005920s ]
INFO: [ view_parse ] --END-- [ RunTime:0.005973s ]
INFO: [ view_filter ] --START--
INFO: Run Behavior\WriteHtmlCacheBehavior [ RunTime:0.001442s ]
INFO: [ view_filter ] --END-- [ RunTime:0.001565s ]
INFO: [ app_end ] --START--
INFO: Run Behavior\ShowPageTraceBehavior [ RunTime:0.001246s ]
INFO: [ app_end ] --END-- [ RunTime:0.001324s ]

[ 2017-03-17T15:15:55+08:00 ] ::1 /ZH/educational_administration_system/index.php/Home/Index/yanzheng
INFO: [ app_init ] --START--
INFO: Run Behavior\BuildLiteBehavior [ RunTime:0.000014s ]
INFO: [ app_init ] --END-- [ RunTime:0.000414s ]
INFO: [ app_begin ] --START--
INFO: Run Behavior\ReadHtmlCacheBehavior [ RunTime:0.000827s ]
INFO: [ app_begin ] --END-- [ RunTime:0.000876s ]
INFO: [ app_end ] --START--
INFO: Run Behavior\ShowPageTraceBehavior [ RunTime:0.000913s ]
INFO: [ app_end ] --END-- [ RunTime:0.000980s ]

[ 2017-03-17T15:16:05+08:00 ] ::1 /ZH/educational_administration_system/index.php/Home/Index/login
INFO: [ app_init ] --START--
INFO: Run Behavior\BuildLiteBehavior [ RunTime:0.000010s ]
INFO: [ app_init ] --END-- [ RunTime:0.000394s ]
INFO: [ app_begin ] --START--
INFO: Run Behavior\ReadHtmlCacheBehavior [ RunTime:0.000695s ]
INFO: [ app_begin ] --END-- [ RunTime:0.000734s ]
SQL: SHOW COLUMNS FROM `edu_login` [ RunTime:0.0096s ]
SQL: SELECT * FROM `edu_login` WHERE `user` = '040169' AND `pass` = '1' LIMIT 1   [ RunTime:0.0003s ]
NOTIC: [8] Use of undefined constant q - assumed 'q' D:\xampp\htdocs\ZH\educational_administration_system\Application\Home\Controller\IndexController.class.php 第 36 行.
NOTIC: [8] Use of undefined constant q - assumed 'q' D:\xampp\htdocs\ZH\educational_administration_system\Application\Home\Controller\IndexController.class.php 第 43 行.
NOTIC: [8] Use of undefined constant q - assumed 'q' D:\xampp\htdocs\ZH\educational_administration_system\Application\Home\Controller\IndexController.class.php 第 44 行.
NOTIC: [8] Use of undefined constant name - assumed 'name' D:\xampp\htdocs\ZH\educational_administration_system\Application\Home\Controller\IndexController.class.php 第 46 行.
INFO: [ app_end ] --START--
INFO: Run Behavior\ShowPageTraceBehavior [ RunTime:0.001043s ]
INFO: [ app_end ] --END-- [ RunTime:0.001095s ]

[ 2017-03-17T15:46:58+08:00 ] ::1 /ZH/educational_administration_system/index.php/Home/System/doLogOut
INFO: [ app_init ] --START--
INFO: Run Behavior\BuildLiteBehavior [ RunTime:0.000014s ]
INFO: [ app_init ] --END-- [ RunTime:0.000441s ]
INFO: [ app_begin ] --START--
INFO: Run Behavior\ReadHtmlCacheBehavior [ RunTime:0.000777s ]
INFO: [ app_begin ] --END-- [ RunTime:0.000828s ]
NOTIC: [8] Use of undefined constant session_name - assumed 'session_name' D:\xampp\htdocs\ZH\educational_administration_system\Application\Home\Controller\SystemController.class.php 第 17 行.

[ 2017-03-17T15:46:58+08:00 ] ::1 /ZH/educational_administration_system/index.php/Home/Index/index.html
INFO: [ app_init ] --START--
INFO: Run Behavior\BuildLiteBehavior [ RunTime:0.000008s ]
INFO: [ app_init ] --END-- [ RunTime:0.000339s ]
INFO: [ app_begin ] --START--
INFO: Run Behavior\ReadHtmlCacheBehavior [ RunTime:0.000621s ]
INFO: [ app_begin ] --END-- [ RunTime:0.000652s ]
INFO: [ view_parse ] --START--
INFO: [ template_filter ] --START--
INFO: Run Behavior\ContentReplaceBehavior [ RunTime:0.000063s ]
INFO: [ template_filter ] --END-- [ RunTime:0.000111s ]
INFO: Run Behavior\ParseTemplateBehavior [ RunTime:0.026024s ]
INFO: [ view_parse ] --END-- [ RunTime:0.026074s ]
INFO: [ view_filter ] --START--
INFO: Run Behavior\WriteHtmlCacheBehavior [ RunTime:0.000501s ]
INFO: [ view_filter ] --END-- [ RunTime:0.000527s ]
INFO: [ app_end ] --START--
INFO: Run Behavior\ShowPageTraceBehavior [ RunTime:0.000772s ]
INFO: [ app_end ] --END-- [ RunTime:0.000808s ]

[ 2017-03-17T15:46:58+08:00 ] ::1 /ZH/educational_administration_system/index.php/Home/Index/yanzheng
INFO: [ app_init ] --START--
INFO: Run Behavior\BuildLiteBehavior [ RunTime:0.000020s ]
INFO: [ app_init ] --END-- [ RunTime:0.000769s ]
INFO: [ app_begin ] --START--
INFO: Run Behavior\ReadHtmlCacheBehavior [ RunTime:0.001447s ]
INFO: [ app_begin ] --END-- [ RunTime:0.001544s ]
INFO: [ app_end ] --START--
INFO: Run Behavior\ShowPageTraceBehavior [ RunTime:0.000811s ]
INFO: [ app_end ] --END-- [ RunTime:0.000863s ]

[ 2017-03-17T15:47:07+08:00 ] ::1 /ZH/educational_administration_system/index.php/Home/Index/login
INFO: [ app_init ] --START--
INFO: Run Behavior\BuildLiteBehavior [ RunTime:0.000011s ]
INFO: [ app_init ] --END-- [ RunTime:0.000406s ]
INFO: [ app_begin ] --START--
INFO: Run Behavior\ReadHtmlCacheBehavior [ RunTime:0.000698s ]
INFO: [ app_begin ] --END-- [ RunTime:0.000737s ]
SQL: SHOW COLUMNS FROM `edu_login` [ RunTime:0.0100s ]
SQL: SELECT * FROM `edu_login` WHERE `user` = '040001' AND `pass` = '1' LIMIT 1   [ RunTime:0.0003s ]
INFO: [ app_end ] --START--
INFO: Run Behavior\ShowPageTraceBehavior [ RunTime:0.000885s ]
INFO: [ app_end ] --END-- [ RunTime:0.000928s ]

[ 2017-03-17T15:47:14+08:00 ] ::1 /ZH/educational_administration_system/index.php/Home/Index/yanzheng
INFO: [ app_init ] --START--
INFO: Run Behavior\BuildLiteBehavior [ RunTime:0.000010s ]
INFO: [ app_init ] --END-- [ RunTime:0.000394s ]
INFO: [ app_begin ] --START--
INFO: Run Behavior\ReadHtmlCacheBehavior [ RunTime:0.000709s ]
INFO: [ app_begin ] --END-- [ RunTime:0.000753s ]
INFO: [ app_end ] --START--
INFO: Run Behavior\ShowPageTraceBehavior [ RunTime:0.002485s ]
INFO: [ app_end ] --END-- [ RunTime:0.002686s ]

[ 2017-03-17T15:47:22+08:00 ] ::1 /ZH/educational_administration_system/index.php/Home/Index/login
INFO: [ app_init ] --START--
INFO: Run Behavior\BuildLiteBehavior [ RunTime:0.000012s ]
INFO: [ app_init ] --END-- [ RunTime:0.000406s ]
INFO: [ app_begin ] --START--
INFO: Run Behavior\ReadHtmlCacheBehavior [ RunTime:0.000778s ]
INFO: [ app_begin ] --END-- [ RunTime:0.000825s ]
SQL: SHOW COLUMNS FROM `edu_login` [ RunTime:0.0096s ]
SQL: SELECT * FROM `edu_login` WHERE `user` = '040002' AND `pass` = '1' LIMIT 1   [ RunTime:0.0003s ]
NOTIC: [8] Use of undefined constant q - assumed 'q' D:\xampp\htdocs\ZH\educational_administration_system\Application\Home\Controller\IndexController.class.php 第 36 行.
NOTIC: [8] Use of undefined constant q - assumed 'q' D:\xampp\htdocs\ZH\educational_administration_system\Application\Home\Controller\IndexController.class.php 第 43 行.
NOTIC: [8] Use of undefined constant q - assumed 'q' D:\xampp\htdocs\ZH\educational_administration_system\Application\Home\Controller\IndexController.class.php 第 44 行.
NOTIC: [8] Use of undefined constant name - assumed 'name' D:\xampp\htdocs\ZH\educational_administration_system\Application\Home\Controller\IndexController.class.php 第 46 行.
INFO: [ app_end ] --START--
INFO: Run Behavior\ShowPageTraceBehavior [ RunTime:0.001063s ]
INFO: [ app_end ] --END-- [ RunTime:0.001112s ]

