[ 2017-04-11T10:50:29+08:00 ] ::1 /ZH/educational_administration_system/index.php
INFO: [ app_init ] --START--
INFO: Run Behavior\BuildLiteBehavior [ RunTime:0.000016s ]
INFO: [ app_init ] --END-- [ RunTime:0.025435s ]
INFO: [ app_begin ] --START--
INFO: Run Behavior\ReadHtmlCacheBehavior [ RunTime:0.036140s ]
INFO: [ app_begin ] --END-- [ RunTime:0.036199s ]
INFO: [ view_parse ] --START--
INFO: [ template_filter ] --START--
INFO: Run Behavior\ContentReplaceBehavior [ RunTime:0.000063s ]
INFO: [ template_filter ] --END-- [ RunTime:0.000109s ]
INFO: Run Behavior\ParseTemplateBehavior [ RunTime:0.267281s ]
INFO: [ view_parse ] --END-- [ RunTime:0.267342s ]
INFO: [ view_filter ] --START--
INFO: Run Behavior\WriteHtmlCacheBehavior [ RunTime:0.036696s ]
INFO: [ view_filter ] --END-- [ RunTime:0.036742s ]
INFO: [ app_end ] --START--
INFO: Run Behavior\ShowPageTraceBehavior [ RunTime:0.057173s ]
INFO: [ app_end ] --END-- [ RunTime:0.057231s ]

[ 2017-04-11T10:50:29+08:00 ] ::1 /ZH/educational_administration_system/index.php/Home/Index/yanzheng
INFO: [ app_init ] --START--
INFO: Run Behavior\BuildLiteBehavior [ RunTime:0.000011s ]
INFO: [ app_init ] --END-- [ RunTime:0.001062s ]
INFO: [ app_begin ] --START--
INFO: Run Behavior\ReadHtmlCacheBehavior [ RunTime:0.001802s ]
INFO: [ app_begin ] --END-- [ RunTime:0.001845s ]
INFO: [ app_end ] --START--
INFO: Run Behavior\ShowPageTraceBehavior [ RunTime:0.002105s ]
INFO: [ app_end ] --END-- [ RunTime:0.002162s ]

[ 2017-04-11T10:50:51+08:00 ] ::1 /ZH/educational_administration_system/index.php/Home/Index/login
INFO: [ app_init ] --START--
INFO: Run Behavior\BuildLiteBehavior [ RunTime:0.000011s ]
INFO: [ app_init ] --END-- [ RunTime:0.000699s ]
INFO: [ app_begin ] --START--
INFO: Run Behavior\ReadHtmlCacheBehavior [ RunTime:0.001925s ]
INFO: [ app_begin ] --END-- [ RunTime:0.001975s ]
SQL: SHOW COLUMNS FROM `edu_login` [ RunTime:0.0485s ]
SQL: SELECT * FROM `edu_login` WHERE `user` = '040169' AND `pass` = '1' LIMIT 1   [ RunTime:0.0004s ]
NOTIC: [8] Use of undefined constant q - assumed 'q' D:\xampp\htdocs\ZH\educational_administration_system\Application\Home\Controller\IndexController.class.php 第 36 行.
NOTIC: [8] Use of undefined constant q - assumed 'q' D:\xampp\htdocs\ZH\educational_administration_system\Application\Home\Controller\IndexController.class.php 第 43 行.
NOTIC: [8] Use of undefined constant q - assumed 'q' D:\xampp\htdocs\ZH\educational_administration_system\Application\Home\Controller\IndexController.class.php 第 44 行.
NOTIC: [8] Use of undefined constant name - assumed 'name' D:\xampp\htdocs\ZH\educational_administration_system\Application\Home\Controller\IndexController.class.php 第 46 行.
INFO: [ app_end ] --START--
INFO: Run Behavior\ShowPageTraceBehavior [ RunTime:0.002102s ]
INFO: [ app_end ] --END-- [ RunTime:0.002144s ]

