[ 2017-02-28T15:08:59+08:00 ] ::1 /ZH/educational_administration_system/Application/Home/View/Content/__PUBLIC__/js/jquery-3.1.0.min.js
INFO: [ app_init ] --START--
INFO: Run Behavior\BuildLiteBehavior [ RunTime:0.000015s ]
INFO: [ app_init ] --END-- [ RunTime:0.012569s ]
ERR: 无法加载模块:Application

[ 2017-02-28T15:09:41+08:00 ] ::1 /ZH/educational_administration_system/Application/Home/View/Content/__PUBLIC__/js/jquery-3.1.0.min.js
INFO: [ app_init ] --START--
INFO: Run Behavior\BuildLiteBehavior [ RunTime:0.000019s ]
INFO: [ app_init ] --END-- [ RunTime:0.000609s ]
ERR: 无法加载模块:Application

[ 2017-02-28T15:10:33+08:00 ] ::1 /ZH/educational_administration_system/Application/Home/View/Content/__PUBLIC__/js/jquery-3.1.0.min.js
INFO: [ app_init ] --START--
INFO: Run Behavior\BuildLiteBehavior [ RunTime:0.000011s ]
INFO: [ app_init ] --END-- [ RunTime:0.000392s ]
ERR: 无法加载模块:Application

[ 2017-02-28T15:25:50+08:00 ] ::1 /ZH/educational_administration_system/Application/Home/View/Content/__PUBLIC__/js/jquery-3.1.0.min.js
INFO: [ app_init ] --START--
INFO: Run Behavior\BuildLiteBehavior [ RunTime:0.000025s ]
INFO: [ app_init ] --END-- [ RunTime:0.001249s ]
ERR: 无法加载模块:Application

[ 2017-02-28T15:25:50+08:00 ] ::1 /ZH/educational_administration_system/Application/Home/View/Content/__PUBLIC__/css/bootstrap.min.css
INFO: [ app_init ] --START--
INFO: Run Behavior\BuildLiteBehavior [ RunTime:0.000043s ]
INFO: [ app_init ] --END-- [ RunTime:0.001187s ]
ERR: 无法加载模块:Application

[ 2017-02-28T15:26:17+08:00 ] ::1 /ZH/educational_administration_system/Application/Home/View/Content/__PUBLIC__/css/bootstrap.min.css
INFO: [ app_init ] --START--
INFO: Run Behavior\BuildLiteBehavior [ RunTime:0.000010s ]
INFO: [ app_init ] --END-- [ RunTime:0.000365s ]
ERR: 无法加载模块:Application

[ 2017-02-28T15:26:17+08:00 ] ::1 /ZH/educational_administration_system/Application/Home/View/Content/__PUBLIC__/js/jquery-3.1.0.min.js
INFO: [ app_init ] --START--
INFO: Run Behavior\BuildLiteBehavior [ RunTime:0.000011s ]
INFO: [ app_init ] --END-- [ RunTime:0.000395s ]
ERR: 无法加载模块:Application

[ 2017-02-28T15:26:31+08:00 ] ::1 /ZH/educational_administration_system/Application/Home/View/Content/__PUBLIC__/js/jquery-3.1.0.min.js
INFO: [ app_init ] --START--
INFO: Run Behavior\BuildLiteBehavior [ RunTime:0.000010s ]
INFO: [ app_init ] --END-- [ RunTime:0.000298s ]
ERR: 无法加载模块:Application

[ 2017-02-28T15:26:31+08:00 ] ::1 /ZH/educational_administration_system/Application/Home/View/Content/__PUBLIC__/css/bootstrap.min.css
INFO: [ app_init ] --START--
INFO: Run Behavior\BuildLiteBehavior [ RunTime:0.000014s ]
INFO: [ app_init ] --END-- [ RunTime:0.000576s ]
ERR: 无法加载模块:Application

[ 2017-02-28T15:27:07+08:00 ] ::1 /ZH/educational_administration_system/Application/Home/View/Content/__PUBLIC__/js/jquery-3.1.0.min.js
INFO: [ app_init ] --START--
INFO: Run Behavior\BuildLiteBehavior [ RunTime:0.000020s ]
INFO: [ app_init ] --END-- [ RunTime:0.000524s ]
ERR: 无法加载模块:Application

[ 2017-02-28T15:27:07+08:00 ] ::1 /ZH/educational_administration_system/Application/Home/View/Content/__PUBLIC__/css/bootstrap.min.css
INFO: [ app_init ] --START--
INFO: Run Behavior\BuildLiteBehavior [ RunTime:0.000013s ]
INFO: [ app_init ] --END-- [ RunTime:0.000531s ]
ERR: 无法加载模块:Application

[ 2017-02-28T15:27:23+08:00 ] ::1 /ZH/educational_administration_system/Application/Home/View/Content/__PUBLIC__/js/jquery-3.1.0.min.js
INFO: [ app_init ] --START--
INFO: Run Behavior\BuildLiteBehavior [ RunTime:0.000014s ]
INFO: [ app_init ] --END-- [ RunTime:0.000411s ]
ERR: 无法加载模块:Application

[ 2017-02-28T15:27:23+08:00 ] ::1 /ZH/educational_administration_system/Application/Home/View/Content/__PUBLIC__/css/bootstrap.min.css
INFO: [ app_init ] --START--
INFO: Run Behavior\BuildLiteBehavior [ RunTime:0.000018s ]
INFO: [ app_init ] --END-- [ RunTime:0.000666s ]
ERR: 无法加载模块:Application

[ 2017-02-28T15:28:04+08:00 ] ::1 /ZH/educational_administration_system/Application/Home/View/Content/__PUBLIC__/js/jquery-3.1.0.min.js
INFO: [ app_init ] --START--
INFO: Run Behavior\BuildLiteBehavior [ RunTime:0.000016s ]
INFO: [ app_init ] --END-- [ RunTime:0.000551s ]
ERR: 无法加载模块:Application

[ 2017-02-28T15:28:04+08:00 ] ::1 /ZH/educational_administration_system/Application/Home/View/Content/__PUBLIC__/css/bootstrap.min.css
INFO: [ app_init ] --START--
INFO: Run Behavior\BuildLiteBehavior [ RunTime:0.000016s ]
INFO: [ app_init ] --END-- [ RunTime:0.000832s ]
ERR: 无法加载模块:Application

[ 2017-02-28T15:30:45+08:00 ] ::1 /ZH/educational_administration_system/Application/Home/View/Content/__PUBLIC__/js/jquery-3.1.0.min.js
INFO: [ app_init ] --START--
INFO: Run Behavior\BuildLiteBehavior [ RunTime:0.000015s ]
INFO: [ app_init ] --END-- [ RunTime:0.000537s ]
ERR: 无法加载模块:Application

[ 2017-02-28T15:30:45+08:00 ] ::1 /ZH/educational_administration_system/Application/Home/View/Content/__PUBLIC__/css/bootstrap.min.css
INFO: [ app_init ] --START--
INFO: Run Behavior\BuildLiteBehavior [ RunTime:0.000014s ]
INFO: [ app_init ] --END-- [ RunTime:0.000576s ]
ERR: 无法加载模块:Application

[ 2017-02-28T15:30:57+08:00 ] ::1 /ZH/educational_administration_system/Application/Home/View/Content/__PUBLIC__/js/jquery-3.1.0.min.js
INFO: [ app_init ] --START--
INFO: Run Behavior\BuildLiteBehavior [ RunTime:0.000013s ]
INFO: [ app_init ] --END-- [ RunTime:0.000502s ]
ERR: 无法加载模块:Application

[ 2017-02-28T15:30:57+08:00 ] ::1 /ZH/educational_administration_system/Application/Home/View/Content/__PUBLIC__/css/bootstrap.min.css
INFO: [ app_init ] --START--
INFO: Run Behavior\BuildLiteBehavior [ RunTime:0.000013s ]
INFO: [ app_init ] --END-- [ RunTime:0.000484s ]
ERR: 无法加载模块:Application

[ 2017-02-28T15:45:56+08:00 ] ::1 /ZH/educational_administration_system/Application/Home/View/Content/__PUBLIC__/js/jquery-3.1.0.min.js
INFO: [ app_init ] --START--
INFO: Run Behavior\BuildLiteBehavior [ RunTime:0.000014s ]
INFO: [ app_init ] --END-- [ RunTime:0.000449s ]
ERR: 无法加载模块:Application

[ 2017-02-28T15:45:56+08:00 ] ::1 /ZH/educational_administration_system/Application/Home/View/Content/__PUBLIC__/css/bootstrap.min.css
INFO: [ app_init ] --START--
INFO: Run Behavior\BuildLiteBehavior [ RunTime:0.000012s ]
INFO: [ app_init ] --END-- [ RunTime:0.000408s ]
ERR: 无法加载模块:Application

[ 2017-02-28T15:46:12+08:00 ] ::1 /ZH/educational_administration_system/Application/Home/View/Content/__PUBLIC__/css/bootstrap.min.css
INFO: [ app_init ] --START--
INFO: Run Behavior\BuildLiteBehavior [ RunTime:0.000016s ]
INFO: [ app_init ] --END-- [ RunTime:0.000480s ]
ERR: 无法加载模块:Application

[ 2017-02-28T16:17:32+08:00 ] ::1 /ZH/educational_administration_system/Application/Home/View/Content/__PUBLIC__/css/bootstrap.min.css
INFO: [ app_init ] --START--
INFO: Run Behavior\BuildLiteBehavior [ RunTime:0.000014s ]
INFO: [ app_init ] --END-- [ RunTime:0.021874s ]
ERR: 无法加载模块:Application

[ 2017-02-28T16:17:32+08:00 ] ::1 /ZH/educational_administration_system/Application/Home/View/Content/__PUBLIC__/js/
INFO: [ app_init ] --START--
INFO: Run Behavior\BuildLiteBehavior [ RunTime:0.000014s ]
INFO: [ app_init ] --END-- [ RunTime:0.021854s ]
ERR: 无法加载模块:Application

[ 2017-02-28T16:18:37+08:00 ] ::1 /ZH/educational_administration_system/Application/Home/View/Content/__PUBLIC__/css/bootstrap.min.css
INFO: [ app_init ] --START--
INFO: Run Behavior\BuildLiteBehavior [ RunTime:0.000010s ]
INFO: [ app_init ] --END-- [ RunTime:0.000383s ]
ERR: 无法加载模块:Application

[ 2017-02-28T16:18:37+08:00 ] ::1 /ZH/educational_administration_system/Application/Home/View/Content/__PUBLIC__/js/
INFO: [ app_init ] --START--
INFO: Run Behavior\BuildLiteBehavior [ RunTime:0.000008s ]
INFO: [ app_init ] --END-- [ RunTime:0.000385s ]
ERR: 无法加载模块:Application

[ 2017-02-28T16:36:04+08:00 ] ::1 /ZH/educational_administration_system/Application/Home/View/Content/__PUBLIC__/js/
INFO: [ app_init ] --START--
INFO: Run Behavior\BuildLiteBehavior [ RunTime:0.000010s ]
INFO: [ app_init ] --END-- [ RunTime:0.000407s ]
ERR: 无法加载模块:Application

[ 2017-02-28T16:36:04+08:00 ] ::1 /ZH/educational_administration_system/Application/Home/View/Content/__PUBLIC__/css/bootstrap.min.css
INFO: [ app_init ] --START--
INFO: Run Behavior\BuildLiteBehavior [ RunTime:0.000008s ]
INFO: [ app_init ] --END-- [ RunTime:0.000376s ]
ERR: 无法加载模块:Application

[ 2017-02-28T16:36:08+08:00 ] ::1 /ZH/educational_administration_system/Application/Home/View/Content/__PUBLIC__/css/bootstrap.min.css
INFO: [ app_init ] --START--
INFO: Run Behavior\BuildLiteBehavior [ RunTime:0.000010s ]
INFO: [ app_init ] --END-- [ RunTime:0.000407s ]
ERR: 无法加载模块:Application

[ 2017-02-28T16:37:19+08:00 ] ::1 /ZH/educational_administration_system/Application/Home/View/Content/__PUBLIC__/css/bootstrap.min.css
INFO: [ app_init ] --START--
INFO: Run Behavior\BuildLiteBehavior [ RunTime:0.000069s ]
INFO: [ app_init ] --END-- [ RunTime:0.000953s ]
ERR: 无法加载模块:Application

[ 2017-02-28T16:37:19+08:00 ] ::1 /ZH/educational_administration_system/Application/Home/View/Content/__PUBLIC__/js/
INFO: [ app_init ] --START--
INFO: Run Behavior\BuildLiteBehavior [ RunTime:0.000019s ]
INFO: [ app_init ] --END-- [ RunTime:0.000736s ]
ERR: 无法加载模块:Application

[ 2017-02-28T16:37:49+08:00 ] ::1 /ZH/educational_administration_system/Application/Home/View/Content/__PUBLIC__/js/
INFO: [ app_init ] --START--
INFO: Run Behavior\BuildLiteBehavior [ RunTime:0.000017s ]
INFO: [ app_init ] --END-- [ RunTime:0.001176s ]
ERR: 无法加载模块:Application

[ 2017-02-28T16:37:49+08:00 ] ::1 /ZH/educational_administration_system/Application/Home/View/Content/__PUBLIC__/css/bootstrap.min.css
INFO: [ app_init ] --START--
INFO: Run Behavior\BuildLiteBehavior [ RunTime:0.000012s ]
INFO: [ app_init ] --END-- [ RunTime:0.000567s ]
ERR: 无法加载模块:Application

[ 2017-02-28T16:38:23+08:00 ] ::1 /ZH/educational_administration_system/Application/Home/View/Content/__PUBLIC__/css/bootstrap.min.css
INFO: [ app_init ] --START--
INFO: Run Behavior\BuildLiteBehavior [ RunTime:0.000017s ]
INFO: [ app_init ] --END-- [ RunTime:0.000638s ]
ERR: 无法加载模块:Application

[ 2017-02-28T16:38:23+08:00 ] ::1 /ZH/educational_administration_system/Application/Home/View/Content/__PUBLIC__/js/
INFO: [ app_init ] --START--
INFO: Run Behavior\BuildLiteBehavior [ RunTime:0.000010s ]
INFO: [ app_init ] --END-- [ RunTime:0.000360s ]
ERR: 无法加载模块:Application

[ 2017-02-28T16:38:25+08:00 ] ::1 /ZH/educational_administration_system/Application/Home/View/Content/__PUBLIC__/js/
INFO: [ app_init ] --START--
INFO: Run Behavior\BuildLiteBehavior [ RunTime:0.000013s ]
INFO: [ app_init ] --END-- [ RunTime:0.000602s ]
ERR: 无法加载模块:Application

[ 2017-02-28T16:38:25+08:00 ] ::1 /ZH/educational_administration_system/Application/Home/View/Content/__PUBLIC__/css/bootstrap.min.css
INFO: [ app_init ] --START--
INFO: Run Behavior\BuildLiteBehavior [ RunTime:0.000019s ]
INFO: [ app_init ] --END-- [ RunTime:0.000886s ]
ERR: 无法加载模块:Application

[ 2017-02-28T16:38:25+08:00 ] ::1 /ZH/educational_administration_system/Application/Home/View/Content/__PUBLIC__/js/
INFO: [ app_init ] --START--
INFO: Run Behavior\BuildLiteBehavior [ RunTime:0.000017s ]
INFO: [ app_init ] --END-- [ RunTime:0.000658s ]
ERR: 无法加载模块:Application

[ 2017-02-28T16:38:25+08:00 ] ::1 /ZH/educational_administration_system/Application/Home/View/Content/__PUBLIC__/css/bootstrap.min.css
INFO: [ app_init ] --START--
INFO: Run Behavior\BuildLiteBehavior [ RunTime:0.000016s ]
INFO: [ app_init ] --END-- [ RunTime:0.000615s ]
ERR: 无法加载模块:Application

[ 2017-02-28T16:38:32+08:00 ] ::1 /ZH/educational_administration_system/Application/Home/View/Content/__PUBLIC__/css/bootstrap.min.css
INFO: [ app_init ] --START--
INFO: Run Behavior\BuildLiteBehavior [ RunTime:0.000061s ]
INFO: [ app_init ] --END-- [ RunTime:0.001131s ]
ERR: 无法加载模块:Application

[ 2017-02-28T16:38:32+08:00 ] ::1 /ZH/educational_administration_system/Application/Home/View/Content/__PUBLIC__/js/
INFO: [ app_init ] --START--
INFO: Run Behavior\BuildLiteBehavior [ RunTime:0.000020s ]
INFO: [ app_init ] --END-- [ RunTime:0.000721s ]
ERR: 无法加载模块:Application

