[ 2017-04-29T17:57:03+08:00 ] ::1 /ZH/educational_administration_system/index.php//Admin/Index/index/name/%E7%AE%A1%E7%90%86%E5%91%98
INFO: [ app_init ] --START--
INFO: Run Behavior\BuildLiteBehavior [ RunTime:0.000019s ]
INFO: [ app_init ] --END-- [ RunTime:0.000501s ]
INFO: [ app_begin ] --START--
INFO: Run Behavior\ReadHtmlCacheBehavior [ RunTime:0.000430s ]
INFO: [ app_begin ] --END-- [ RunTime:0.000483s ]
SQL: SHOW COLUMNS FROM `edu_info` [ RunTime:0.0476s ]
SQL: SHOW COLUMNS FROM `edu_login` [ RunTime:0.0037s ]
SQL: SELECT COUNT(*) AS tp_count FROM `edu_info` WHERE `reader` = 'admin' LIMIT 1   [ RunTime:0.0673s ]
SQL: SELECT * FROM `edu_info` WHERE `reader` = 'admin' ORDER BY id desc LIMIT 0,5   [ RunTime:0.0007s ]
NOTIC: [8] Use of undefined constant user - assumed 'user' D:\xampp1\htdocs\ZH\educational_administration_system\Application\Admin\Controller\IndexController.class.php 第 15 行.
NOTIC: [8] Use of undefined constant name - assumed 'name' D:\xampp1\htdocs\ZH\educational_administration_system\Application\Admin\Controller\IndexController.class.php 第 16 行.
SQL: SELECT `name` FROM `edu_login` WHERE `user` = '040003' LIMIT 1   [ RunTime:0.0003s ]
NOTIC: [8] Use of undefined constant user - assumed 'user' D:\xampp1\htdocs\ZH\educational_administration_system\Application\Admin\Controller\IndexController.class.php 第 15 行.
NOTIC: [8] Use of undefined constant name - assumed 'name' D:\xampp1\htdocs\ZH\educational_administration_system\Application\Admin\Controller\IndexController.class.php 第 16 行.
SQL: SELECT `name` FROM `edu_login` WHERE `user` = '040003' LIMIT 1   [ RunTime:0.0002s ]
INFO: [ view_parse ] --START--
INFO: [ template_filter ] --START--
INFO: Run Behavior\ContentReplaceBehavior [ RunTime:0.000080s ]
INFO: [ template_filter ] --END-- [ RunTime:0.000134s ]
INFO: Run Behavior\ParseTemplateBehavior [ RunTime:0.213369s ]
INFO: [ view_parse ] --END-- [ RunTime:0.213431s ]
INFO: [ view_filter ] --START--
INFO: Run Behavior\WriteHtmlCacheBehavior [ RunTime:0.000397s ]
INFO: [ view_filter ] --END-- [ RunTime:0.000433s ]
INFO: [ app_end ] --START--
INFO: Run Behavior\ShowPageTraceBehavior [ RunTime:0.001280s ]
INFO: [ app_end ] --END-- [ RunTime:0.001386s ]

[ 2017-04-29T17:57:04+08:00 ] ::1 /ZH/educational_administration_system/index.php/Admin/Content/index
INFO: [ app_init ] --START--
INFO: Run Behavior\BuildLiteBehavior [ RunTime:0.000013s ]
INFO: [ app_init ] --END-- [ RunTime:0.000333s ]
INFO: [ app_begin ] --START--
INFO: Run Behavior\ReadHtmlCacheBehavior [ RunTime:0.000518s ]
INFO: [ app_begin ] --END-- [ RunTime:0.000561s ]
INFO: [ view_parse ] --START--
INFO: [ template_filter ] --START--
INFO: Run Behavior\ContentReplaceBehavior [ RunTime:0.000049s ]
INFO: [ template_filter ] --END-- [ RunTime:0.000102s ]
INFO: Run Behavior\ParseTemplateBehavior [ RunTime:0.104039s ]
INFO: [ view_parse ] --END-- [ RunTime:0.104115s ]
INFO: [ view_filter ] --START--
INFO: Run Behavior\WriteHtmlCacheBehavior [ RunTime:0.000377s ]
INFO: [ view_filter ] --END-- [ RunTime:0.000414s ]
INFO: [ app_end ] --START--
INFO: Run Behavior\ShowPageTraceBehavior [ RunTime:0.000468s ]
INFO: [ app_end ] --END-- [ RunTime:0.000504s ]

[ 2017-04-29T17:59:20+08:00 ] ::1 /ZH/educational_administration_system/index.php/Admin/Content/lookGrade
INFO: [ app_init ] --START--
INFO: Run Behavior\BuildLiteBehavior [ RunTime:0.000023s ]
INFO: [ app_init ] --END-- [ RunTime:0.000634s ]
INFO: [ app_begin ] --START--
INFO: Run Behavior\ReadHtmlCacheBehavior [ RunTime:0.000824s ]
INFO: [ app_begin ] --END-- [ RunTime:0.000918s ]
SQL: SELECT * FROM information_schema.tables WHERE table_schema = 'education' AND table_name LIKE 'edu_grade%' [ RunTime:0.2813s ]
SQL: SELECT * FROM edu_grade18 [ RunTime:0.0106s ]
SQL: SELECT * FROM edu_grade21 [ RunTime:0.0004s ]
SQL: SELECT * FROM edu_grade3 [ RunTime:0.0003s ]
INFO: [ view_parse ] --START--
INFO: [ template_filter ] --START--
INFO: Run Behavior\ContentReplaceBehavior [ RunTime:0.000053s ]
INFO: [ template_filter ] --END-- [ RunTime:0.000112s ]
INFO: Run Behavior\ParseTemplateBehavior [ RunTime:0.115411s ]
INFO: [ view_parse ] --END-- [ RunTime:0.115488s ]
INFO: [ view_filter ] --START--
INFO: Run Behavior\WriteHtmlCacheBehavior [ RunTime:0.000431s ]
INFO: [ view_filter ] --END-- [ RunTime:0.000491s ]
INFO: [ app_end ] --START--
INFO: Run Behavior\ShowPageTraceBehavior [ RunTime:0.000662s ]
INFO: [ app_end ] --END-- [ RunTime:0.000721s ]

[ 2017-04-29T17:59:22+08:00 ] ::1 /ZH/educational_administration_system/index.php/Admin/Content/lookGradeDetail
INFO: [ app_init ] --START--
INFO: Run Behavior\BuildLiteBehavior [ RunTime:0.000025s ]
INFO: [ app_init ] --END-- [ RunTime:0.000644s ]
INFO: [ app_begin ] --START--
INFO: Run Behavior\ReadHtmlCacheBehavior [ RunTime:0.000829s ]
INFO: [ app_begin ] --END-- [ RunTime:0.000934s ]
SQL: SHOW COLUMNS FROM `edu_grade3` [ RunTime:0.0205s ]
SQL: SELECT * FROM `edu_grade3`  [ RunTime:0.0004s ]

[ 2017-04-29T17:59:27+08:00 ] ::1 /ZH/educational_administration_system/index.php/Admin/Content/lookGradeDetail
INFO: [ app_init ] --START--
INFO: Run Behavior\BuildLiteBehavior [ RunTime:0.000021s ]
INFO: [ app_init ] --END-- [ RunTime:0.000732s ]
INFO: [ app_begin ] --START--
INFO: Run Behavior\ReadHtmlCacheBehavior [ RunTime:0.000753s ]
INFO: [ app_begin ] --END-- [ RunTime:0.000853s ]
SQL: SHOW COLUMNS FROM `edu_grade21` [ RunTime:0.0385s ]
SQL: SELECT * FROM `edu_grade21`  [ RunTime:0.0003s ]

[ 2017-04-29T17:59:31+08:00 ] ::1 /ZH/educational_administration_system/index.php/Admin/Content/lookGradeDetail
INFO: [ app_init ] --START--
INFO: Run Behavior\BuildLiteBehavior [ RunTime:0.000036s ]
INFO: [ app_init ] --END-- [ RunTime:0.000810s ]
INFO: [ app_begin ] --START--
INFO: Run Behavior\ReadHtmlCacheBehavior [ RunTime:0.001159s ]
INFO: [ app_begin ] --END-- [ RunTime:0.001310s ]
SQL: SHOW COLUMNS FROM `edu_grade18` [ RunTime:0.1359s ]
SQL: SELECT * FROM `edu_grade18`  [ RunTime:0.0005s ]

[ 2017-04-29T17:59:33+08:00 ] ::1 /ZH/educational_administration_system/index.php/Admin/Content/index
INFO: [ app_init ] --START--
INFO: Run Behavior\BuildLiteBehavior [ RunTime:0.000024s ]
INFO: [ app_init ] --END-- [ RunTime:0.000530s ]
INFO: [ app_begin ] --START--
INFO: Run Behavior\ReadHtmlCacheBehavior [ RunTime:0.000557s ]
INFO: [ app_begin ] --END-- [ RunTime:0.000627s ]
INFO: [ view_parse ] --START--
INFO: [ template_filter ] --START--
INFO: Run Behavior\ContentReplaceBehavior [ RunTime:0.000050s ]
INFO: [ template_filter ] --END-- [ RunTime:0.000096s ]
INFO: Run Behavior\ParseTemplateBehavior [ RunTime:0.005197s ]
INFO: [ view_parse ] --END-- [ RunTime:0.005258s ]
INFO: [ view_filter ] --START--
INFO: Run Behavior\WriteHtmlCacheBehavior [ RunTime:0.000273s ]
INFO: [ view_filter ] --END-- [ RunTime:0.000320s ]
INFO: [ app_end ] --START--
INFO: Run Behavior\ShowPageTraceBehavior [ RunTime:0.000476s ]
INFO: [ app_end ] --END-- [ RunTime:0.000512s ]

[ 2017-04-29T17:59:36+08:00 ] ::1 /ZH/educational_administration_system/index.php/Admin/Content/searchClass
INFO: [ app_init ] --START--
INFO: Run Behavior\BuildLiteBehavior [ RunTime:0.000018s ]
INFO: [ app_init ] --END-- [ RunTime:0.000378s ]
INFO: [ app_begin ] --START--
INFO: Run Behavior\ReadHtmlCacheBehavior [ RunTime:0.000421s ]
INFO: [ app_begin ] --END-- [ RunTime:0.000471s ]
SQL: SHOW COLUMNS FROM `edu_login` [ RunTime:0.0121s ]
SQL: SELECT * FROM `edu_login` WHERE `q` = 0  [ RunTime:0.0174s ]
INFO: [ view_parse ] --START--
INFO: [ template_filter ] --START--
INFO: Run Behavior\ContentReplaceBehavior [ RunTime:0.000045s ]
INFO: [ template_filter ] --END-- [ RunTime:0.000103s ]
INFO: Run Behavior\ParseTemplateBehavior [ RunTime:0.106149s ]
INFO: [ view_parse ] --END-- [ RunTime:0.106243s ]
INFO: [ view_filter ] --START--
INFO: Run Behavior\WriteHtmlCacheBehavior [ RunTime:0.000235s ]
INFO: [ view_filter ] --END-- [ RunTime:0.000274s ]
INFO: [ app_end ] --START--
INFO: Run Behavior\ShowPageTraceBehavior [ RunTime:0.000405s ]
INFO: [ app_end ] --END-- [ RunTime:0.000443s ]

[ 2017-04-29T17:59:38+08:00 ] ::1 /ZH/educational_administration_system/index.php/Admin/Content/searchStudent
INFO: [ app_init ] --START--
INFO: Run Behavior\BuildLiteBehavior [ RunTime:0.000011s ]
INFO: [ app_init ] --END-- [ RunTime:0.000315s ]
INFO: [ app_begin ] --START--
INFO: Run Behavior\ReadHtmlCacheBehavior [ RunTime:0.000375s ]
INFO: [ app_begin ] --END-- [ RunTime:0.000422s ]
SQL: SHOW COLUMNS FROM `edu_login` [ RunTime:0.0186s ]
SQL: SELECT * FROM `edu_login` WHERE `user` LIKE '13174040%'  [ RunTime:0.0004s ]

[ 2017-04-29T17:59:41+08:00 ] ::1 /ZH/educational_administration_system/index.php/Admin/Content/searchStudent
INFO: [ app_init ] --START--
INFO: Run Behavior\BuildLiteBehavior [ RunTime:0.000025s ]
INFO: [ app_init ] --END-- [ RunTime:0.000814s ]
INFO: [ app_begin ] --START--
INFO: Run Behavior\ReadHtmlCacheBehavior [ RunTime:0.001138s ]
INFO: [ app_begin ] --END-- [ RunTime:0.001301s ]
SQL: SHOW COLUMNS FROM `edu_login` [ RunTime:0.0364s ]
SQL: SELECT * FROM `edu_login` WHERE `user` LIKE '13174039%'  [ RunTime:0.0007s ]

[ 2017-04-29T17:59:44+08:00 ] ::1 /ZH/educational_administration_system/index.php/Admin/Content/index
INFO: [ app_init ] --START--
INFO: Run Behavior\BuildLiteBehavior [ RunTime:0.000013s ]
INFO: [ app_init ] --END-- [ RunTime:0.000326s ]
INFO: [ app_begin ] --START--
INFO: Run Behavior\ReadHtmlCacheBehavior [ RunTime:0.000611s ]
INFO: [ app_begin ] --END-- [ RunTime:0.000689s ]
INFO: [ view_parse ] --START--
INFO: [ template_filter ] --START--
INFO: Run Behavior\ContentReplaceBehavior [ RunTime:0.000072s ]
INFO: [ template_filter ] --END-- [ RunTime:0.000144s ]
INFO: Run Behavior\ParseTemplateBehavior [ RunTime:0.005464s ]
INFO: [ view_parse ] --END-- [ RunTime:0.005525s ]
INFO: [ view_filter ] --START--
INFO: Run Behavior\WriteHtmlCacheBehavior [ RunTime:0.000306s ]
INFO: [ view_filter ] --END-- [ RunTime:0.000354s ]
INFO: [ app_end ] --START--
INFO: Run Behavior\ShowPageTraceBehavior [ RunTime:0.000488s ]
INFO: [ app_end ] --END-- [ RunTime:0.000535s ]

[ 2017-04-29T18:01:56+08:00 ] ::1 /ZH/educational_administration_system/index.php//Admin/Index/index/name/%E7%AE%A1%E7%90%86%E5%91%98
INFO: [ app_init ] --START--
INFO: Run Behavior\BuildLiteBehavior [ RunTime:0.000012s ]
INFO: [ app_init ] --END-- [ RunTime:0.000363s ]
INFO: [ app_begin ] --START--
INFO: Run Behavior\ReadHtmlCacheBehavior [ RunTime:0.000572s ]
INFO: [ app_begin ] --END-- [ RunTime:0.000622s ]
SQL: SHOW COLUMNS FROM `edu_info` [ RunTime:0.0105s ]
SQL: SHOW COLUMNS FROM `edu_login` [ RunTime:0.0065s ]
SQL: SELECT COUNT(*) AS tp_count FROM `edu_info` WHERE `reader` = 'admin' LIMIT 1   [ RunTime:0.0004s ]
SQL: SELECT * FROM `edu_info` WHERE `reader` = 'admin' ORDER BY id desc LIMIT 0,5   [ RunTime:0.0003s ]
NOTIC: [8] Use of undefined constant user - assumed 'user' D:\xampp1\htdocs\ZH\educational_administration_system\Application\Admin\Controller\IndexController.class.php 第 15 行.
NOTIC: [8] Use of undefined constant name - assumed 'name' D:\xampp1\htdocs\ZH\educational_administration_system\Application\Admin\Controller\IndexController.class.php 第 16 行.
SQL: SELECT `name` FROM `edu_login` WHERE `user` = '040003' LIMIT 1   [ RunTime:0.0002s ]
NOTIC: [8] Use of undefined constant user - assumed 'user' D:\xampp1\htdocs\ZH\educational_administration_system\Application\Admin\Controller\IndexController.class.php 第 15 行.
NOTIC: [8] Use of undefined constant name - assumed 'name' D:\xampp1\htdocs\ZH\educational_administration_system\Application\Admin\Controller\IndexController.class.php 第 16 行.
SQL: SELECT `name` FROM `edu_login` WHERE `user` = '040003' LIMIT 1   [ RunTime:0.0002s ]
INFO: [ view_parse ] --START--
INFO: [ template_filter ] --START--
INFO: Run Behavior\ContentReplaceBehavior [ RunTime:0.000079s ]
INFO: [ template_filter ] --END-- [ RunTime:0.000134s ]
INFO: Run Behavior\ParseTemplateBehavior [ RunTime:0.034519s ]
INFO: [ view_parse ] --END-- [ RunTime:0.034579s ]
INFO: [ view_filter ] --START--
INFO: Run Behavior\WriteHtmlCacheBehavior [ RunTime:0.000331s ]
INFO: [ view_filter ] --END-- [ RunTime:0.000367s ]
INFO: [ app_end ] --START--
INFO: Run Behavior\ShowPageTraceBehavior [ RunTime:0.001020s ]
INFO: [ app_end ] --END-- [ RunTime:0.001134s ]

[ 2017-04-29T18:01:56+08:00 ] ::1 /ZH/educational_administration_system/index.php/Admin/Content/index
INFO: [ app_init ] --START--
INFO: Run Behavior\BuildLiteBehavior [ RunTime:0.000022s ]
INFO: [ app_init ] --END-- [ RunTime:0.000319s ]
INFO: [ app_begin ] --START--
INFO: Run Behavior\ReadHtmlCacheBehavior [ RunTime:0.000382s ]
INFO: [ app_begin ] --END-- [ RunTime:0.000434s ]
INFO: [ view_parse ] --START--
INFO: [ template_filter ] --START--
INFO: Run Behavior\ContentReplaceBehavior [ RunTime:0.000053s ]
INFO: [ template_filter ] --END-- [ RunTime:0.000111s ]
INFO: Run Behavior\ParseTemplateBehavior [ RunTime:0.006172s ]
INFO: [ view_parse ] --END-- [ RunTime:0.006231s ]
INFO: [ view_filter ] --START--
INFO: Run Behavior\WriteHtmlCacheBehavior [ RunTime:0.000233s ]
INFO: [ view_filter ] --END-- [ RunTime:0.000272s ]
INFO: [ app_end ] --START--
INFO: Run Behavior\ShowPageTraceBehavior [ RunTime:0.000416s ]
INFO: [ app_end ] --END-- [ RunTime:0.000455s ]

[ 2017-04-29T18:02:24+08:00 ] ::1 /ZH/educational_administration_system/index.php//Admin/Index/index/name/%E7%AE%A1%E7%90%86%E5%91%98
INFO: [ app_init ] --START--
INFO: Run Behavior\BuildLiteBehavior [ RunTime:0.000012s ]
INFO: [ app_init ] --END-- [ RunTime:0.000368s ]
INFO: [ app_begin ] --START--
INFO: Run Behavior\ReadHtmlCacheBehavior [ RunTime:0.000715s ]
INFO: [ app_begin ] --END-- [ RunTime:0.000802s ]
SQL: SHOW COLUMNS FROM `edu_info` [ RunTime:0.0145s ]
SQL: SHOW COLUMNS FROM `edu_login` [ RunTime:0.0067s ]
SQL: SELECT COUNT(*) AS tp_count FROM `edu_info` WHERE `reader` = 'admin' LIMIT 1   [ RunTime:0.0004s ]
SQL: SELECT * FROM `edu_info` WHERE `reader` = 'admin' ORDER BY id desc LIMIT 0,5   [ RunTime:0.0005s ]
NOTIC: [8] Use of undefined constant user - assumed 'user' D:\xampp1\htdocs\ZH\educational_administration_system\Application\Admin\Controller\IndexController.class.php 第 15 行.
NOTIC: [8] Use of undefined constant name - assumed 'name' D:\xampp1\htdocs\ZH\educational_administration_system\Application\Admin\Controller\IndexController.class.php 第 16 行.
SQL: SELECT `name` FROM `edu_login` WHERE `user` = '040003' LIMIT 1   [ RunTime:0.0007s ]
NOTIC: [8] Use of undefined constant user - assumed 'user' D:\xampp1\htdocs\ZH\educational_administration_system\Application\Admin\Controller\IndexController.class.php 第 15 行.
NOTIC: [8] Use of undefined constant name - assumed 'name' D:\xampp1\htdocs\ZH\educational_administration_system\Application\Admin\Controller\IndexController.class.php 第 16 行.
SQL: SELECT `name` FROM `edu_login` WHERE `user` = '040003' LIMIT 1   [ RunTime:0.0002s ]
INFO: [ view_parse ] --START--
INFO: [ template_filter ] --START--
INFO: Run Behavior\ContentReplaceBehavior [ RunTime:0.000075s ]
INFO: [ template_filter ] --END-- [ RunTime:0.000124s ]
INFO: Run Behavior\ParseTemplateBehavior [ RunTime:0.033350s ]
INFO: [ view_parse ] --END-- [ RunTime:0.033422s ]
INFO: [ view_filter ] --START--
INFO: Run Behavior\WriteHtmlCacheBehavior [ RunTime:0.000339s ]
INFO: [ view_filter ] --END-- [ RunTime:0.000376s ]
INFO: [ app_end ] --START--
INFO: Run Behavior\ShowPageTraceBehavior [ RunTime:0.000990s ]
INFO: [ app_end ] --END-- [ RunTime:0.017757s ]

[ 2017-04-29T18:02:24+08:00 ] ::1 /ZH/educational_administration_system/index.php/Admin/Content/index
INFO: [ app_init ] --START--
INFO: Run Behavior\BuildLiteBehavior [ RunTime:0.000015s ]
INFO: [ app_init ] --END-- [ RunTime:0.000473s ]
INFO: [ app_begin ] --START--
INFO: Run Behavior\ReadHtmlCacheBehavior [ RunTime:0.000594s ]
INFO: [ app_begin ] --END-- [ RunTime:0.000654s ]
INFO: [ view_parse ] --START--
INFO: [ template_filter ] --START--
INFO: Run Behavior\ContentReplaceBehavior [ RunTime:0.000052s ]
INFO: [ template_filter ] --END-- [ RunTime:0.000106s ]
INFO: Run Behavior\ParseTemplateBehavior [ RunTime:0.007253s ]
INFO: [ view_parse ] --END-- [ RunTime:0.007319s ]
INFO: [ view_filter ] --START--
INFO: Run Behavior\WriteHtmlCacheBehavior [ RunTime:0.000434s ]
INFO: [ view_filter ] --END-- [ RunTime:0.000481s ]
INFO: [ app_end ] --START--
INFO: Run Behavior\ShowPageTraceBehavior [ RunTime:0.000521s ]
INFO: [ app_end ] --END-- [ RunTime:0.000563s ]

[ 2017-04-29T18:02:45+08:00 ] ::1 /ZH/educational_administration_system/index.php//Admin/Index/index/name/%E7%AE%A1%E7%90%86%E5%91%98
INFO: [ app_init ] --START--
INFO: Run Behavior\BuildLiteBehavior [ RunTime:0.000021s ]
INFO: [ app_init ] --END-- [ RunTime:0.000454s ]
INFO: [ app_begin ] --START--
INFO: Run Behavior\ReadHtmlCacheBehavior [ RunTime:0.000595s ]
INFO: [ app_begin ] --END-- [ RunTime:0.000664s ]
SQL: SHOW COLUMNS FROM `edu_info` [ RunTime:0.0518s ]
SQL: SHOW COLUMNS FROM `edu_login` [ RunTime:0.0109s ]
SQL: SELECT COUNT(*) AS tp_count FROM `edu_info` WHERE `reader` = 'admin' LIMIT 1   [ RunTime:0.0003s ]
SQL: SELECT * FROM `edu_info` WHERE `reader` = 'admin' ORDER BY id desc LIMIT 0,5   [ RunTime:0.0003s ]
NOTIC: [8] Use of undefined constant user - assumed 'user' D:\xampp1\htdocs\ZH\educational_administration_system\Application\Admin\Controller\IndexController.class.php 第 15 行.
NOTIC: [8] Use of undefined constant name - assumed 'name' D:\xampp1\htdocs\ZH\educational_administration_system\Application\Admin\Controller\IndexController.class.php 第 16 行.
SQL: SELECT `name` FROM `edu_login` WHERE `user` = '040003' LIMIT 1   [ RunTime:0.0002s ]
NOTIC: [8] Use of undefined constant user - assumed 'user' D:\xampp1\htdocs\ZH\educational_administration_system\Application\Admin\Controller\IndexController.class.php 第 15 行.
NOTIC: [8] Use of undefined constant name - assumed 'name' D:\xampp1\htdocs\ZH\educational_administration_system\Application\Admin\Controller\IndexController.class.php 第 16 行.
SQL: SELECT `name` FROM `edu_login` WHERE `user` = '040003' LIMIT 1   [ RunTime:0.0002s ]
INFO: [ view_parse ] --START--
INFO: [ template_filter ] --START--
INFO: Run Behavior\ContentReplaceBehavior [ RunTime:0.000076s ]
INFO: [ template_filter ] --END-- [ RunTime:0.000128s ]
INFO: Run Behavior\ParseTemplateBehavior [ RunTime:0.038412s ]
INFO: [ view_parse ] --END-- [ RunTime:0.038498s ]
INFO: [ view_filter ] --START--
INFO: Run Behavior\WriteHtmlCacheBehavior [ RunTime:0.000300s ]
INFO: [ view_filter ] --END-- [ RunTime:0.000360s ]
INFO: [ app_end ] --START--
INFO: Run Behavior\ShowPageTraceBehavior [ RunTime:0.000651s ]
INFO: [ app_end ] --END-- [ RunTime:0.000735s ]

[ 2017-04-29T18:02:45+08:00 ] ::1 /ZH/educational_administration_system/index.php/Admin/Content/index
INFO: [ app_init ] --START--
INFO: Run Behavior\BuildLiteBehavior [ RunTime:0.000021s ]
INFO: [ app_init ] --END-- [ RunTime:0.000469s ]
INFO: [ app_begin ] --START--
INFO: Run Behavior\ReadHtmlCacheBehavior [ RunTime:0.000626s ]
INFO: [ app_begin ] --END-- [ RunTime:0.000698s ]
INFO: [ view_parse ] --START--
INFO: [ template_filter ] --START--
INFO: Run Behavior\ContentReplaceBehavior [ RunTime:0.000077s ]
INFO: [ template_filter ] --END-- [ RunTime:0.000159s ]
INFO: Run Behavior\ParseTemplateBehavior [ RunTime:0.009412s ]
INFO: [ view_parse ] --END-- [ RunTime:0.009528s ]
INFO: [ view_filter ] --START--
INFO: Run Behavior\WriteHtmlCacheBehavior [ RunTime:0.000436s ]
INFO: [ view_filter ] --END-- [ RunTime:0.000507s ]
INFO: [ app_end ] --START--
INFO: Run Behavior\ShowPageTraceBehavior [ RunTime:0.000686s ]
INFO: [ app_end ] --END-- [ RunTime:0.000763s ]

[ 2017-04-29T18:03:00+08:00 ] ::1 /ZH/educational_administration_system/index.php//Admin/Index/index/name/%E7%AE%A1%E7%90%86%E5%91%98
INFO: [ app_init ] --START--
INFO: Run Behavior\BuildLiteBehavior [ RunTime:0.000013s ]
INFO: [ app_init ] --END-- [ RunTime:0.000335s ]
INFO: [ app_begin ] --START--
INFO: Run Behavior\ReadHtmlCacheBehavior [ RunTime:0.000407s ]
INFO: [ app_begin ] --END-- [ RunTime:0.000453s ]
SQL: SHOW COLUMNS FROM `edu_info` [ RunTime:0.0334s ]
SQL: SHOW COLUMNS FROM `edu_login` [ RunTime:0.0079s ]
SQL: SELECT COUNT(*) AS tp_count FROM `edu_info` WHERE `reader` = 'admin' LIMIT 1   [ RunTime:0.0004s ]
SQL: SELECT * FROM `edu_info` WHERE `reader` = 'admin' ORDER BY id desc LIMIT 0,5   [ RunTime:0.0003s ]
NOTIC: [8] Use of undefined constant user - assumed 'user' D:\xampp1\htdocs\ZH\educational_administration_system\Application\Admin\Controller\IndexController.class.php 第 15 行.
NOTIC: [8] Use of undefined constant name - assumed 'name' D:\xampp1\htdocs\ZH\educational_administration_system\Application\Admin\Controller\IndexController.class.php 第 16 行.
SQL: SELECT `name` FROM `edu_login` WHERE `user` = '040003' LIMIT 1   [ RunTime:0.0002s ]
NOTIC: [8] Use of undefined constant user - assumed 'user' D:\xampp1\htdocs\ZH\educational_administration_system\Application\Admin\Controller\IndexController.class.php 第 15 行.
NOTIC: [8] Use of undefined constant name - assumed 'name' D:\xampp1\htdocs\ZH\educational_administration_system\Application\Admin\Controller\IndexController.class.php 第 16 行.
SQL: SELECT `name` FROM `edu_login` WHERE `user` = '040003' LIMIT 1   [ RunTime:0.0002s ]
INFO: [ view_parse ] --START--
INFO: [ template_filter ] --START--
INFO: Run Behavior\ContentReplaceBehavior [ RunTime:0.000079s ]
INFO: [ template_filter ] --END-- [ RunTime:0.000128s ]
INFO: Run Behavior\ParseTemplateBehavior [ RunTime:0.042470s ]
INFO: [ view_parse ] --END-- [ RunTime:0.042562s ]
INFO: [ view_filter ] --START--
INFO: Run Behavior\WriteHtmlCacheBehavior [ RunTime:0.000586s ]
INFO: [ view_filter ] --END-- [ RunTime:0.000650s ]
INFO: [ app_end ] --START--
INFO: Run Behavior\ShowPageTraceBehavior [ RunTime:0.000690s ]
INFO: [ app_end ] --END-- [ RunTime:0.000776s ]

[ 2017-04-29T18:03:00+08:00 ] ::1 /ZH/educational_administration_system/index.php/Admin/Content/index
INFO: [ app_init ] --START--
INFO: Run Behavior\BuildLiteBehavior [ RunTime:0.000022s ]
INFO: [ app_init ] --END-- [ RunTime:0.000526s ]
INFO: [ app_begin ] --START--
INFO: Run Behavior\ReadHtmlCacheBehavior [ RunTime:0.001778s ]
INFO: [ app_begin ] --END-- [ RunTime:0.001888s ]
INFO: [ view_parse ] --START--
INFO: [ template_filter ] --START--
INFO: Run Behavior\ContentReplaceBehavior [ RunTime:0.000080s ]
INFO: [ template_filter ] --END-- [ RunTime:0.000178s ]
INFO: Run Behavior\ParseTemplateBehavior [ RunTime:0.010301s ]
INFO: [ view_parse ] --END-- [ RunTime:0.010385s ]
INFO: [ view_filter ] --START--
INFO: Run Behavior\WriteHtmlCacheBehavior [ RunTime:0.000443s ]
INFO: [ view_filter ] --END-- [ RunTime:0.000498s ]
INFO: [ app_end ] --START--
INFO: Run Behavior\ShowPageTraceBehavior [ RunTime:0.001536s ]
INFO: [ app_end ] --END-- [ RunTime:0.001655s ]

[ 2017-04-29T18:04:48+08:00 ] ::1 /ZH/educational_administration_system/index.php//Admin/Index/index/name/%E7%AE%A1%E7%90%86%E5%91%98
INFO: [ app_init ] --START--
INFO: Run Behavior\BuildLiteBehavior [ RunTime:0.000014s ]
INFO: [ app_init ] --END-- [ RunTime:0.000411s ]
INFO: [ app_begin ] --START--
INFO: Run Behavior\ReadHtmlCacheBehavior [ RunTime:0.000621s ]
INFO: [ app_begin ] --END-- [ RunTime:0.000680s ]
SQL: SHOW COLUMNS FROM `edu_info` [ RunTime:0.0125s ]
SQL: SHOW COLUMNS FROM `edu_login` [ RunTime:0.0075s ]
SQL: SELECT COUNT(*) AS tp_count FROM `edu_info` WHERE `reader` = 'admin' LIMIT 1   [ RunTime:0.0003s ]
SQL: SELECT * FROM `edu_info` WHERE `reader` = 'admin' ORDER BY id desc LIMIT 0,5   [ RunTime:0.0003s ]
NOTIC: [8] Use of undefined constant user - assumed 'user' D:\xampp1\htdocs\ZH\educational_administration_system\Application\Admin\Controller\IndexController.class.php 第 15 行.
NOTIC: [8] Use of undefined constant name - assumed 'name' D:\xampp1\htdocs\ZH\educational_administration_system\Application\Admin\Controller\IndexController.class.php 第 16 行.
SQL: SELECT `name` FROM `edu_login` WHERE `user` = '040003' LIMIT 1   [ RunTime:0.0002s ]
NOTIC: [8] Use of undefined constant user - assumed 'user' D:\xampp1\htdocs\ZH\educational_administration_system\Application\Admin\Controller\IndexController.class.php 第 15 行.
NOTIC: [8] Use of undefined constant name - assumed 'name' D:\xampp1\htdocs\ZH\educational_administration_system\Application\Admin\Controller\IndexController.class.php 第 16 行.
SQL: SELECT `name` FROM `edu_login` WHERE `user` = '040003' LIMIT 1   [ RunTime:0.0002s ]
INFO: [ view_parse ] --START--
INFO: [ template_filter ] --START--
INFO: Run Behavior\ContentReplaceBehavior [ RunTime:0.000079s ]
INFO: [ template_filter ] --END-- [ RunTime:0.000127s ]
INFO: Run Behavior\ParseTemplateBehavior [ RunTime:0.031895s ]
INFO: [ view_parse ] --END-- [ RunTime:0.031954s ]
INFO: [ view_filter ] --START--
INFO: Run Behavior\WriteHtmlCacheBehavior [ RunTime:0.000419s ]
INFO: [ view_filter ] --END-- [ RunTime:0.000456s ]
INFO: [ app_end ] --START--
INFO: Run Behavior\ShowPageTraceBehavior [ RunTime:0.002026s ]
INFO: [ app_end ] --END-- [ RunTime:0.002237s ]

[ 2017-04-29T18:04:48+08:00 ] ::1 /ZH/educational_administration_system/index.php/Admin/Content/index
INFO: [ app_init ] --START--
INFO: Run Behavior\BuildLiteBehavior [ RunTime:0.000022s ]
INFO: [ app_init ] --END-- [ RunTime:0.000569s ]
INFO: [ app_begin ] --START--
INFO: Run Behavior\ReadHtmlCacheBehavior [ RunTime:0.000861s ]
INFO: [ app_begin ] --END-- [ RunTime:0.000941s ]
INFO: [ view_parse ] --START--
INFO: [ template_filter ] --START--
INFO: Run Behavior\ContentReplaceBehavior [ RunTime:0.000080s ]
INFO: [ template_filter ] --END-- [ RunTime:0.000182s ]
INFO: Run Behavior\ParseTemplateBehavior [ RunTime:0.010994s ]
INFO: [ view_parse ] --END-- [ RunTime:0.011073s ]
INFO: [ view_filter ] --START--
INFO: Run Behavior\WriteHtmlCacheBehavior [ RunTime:0.000428s ]
INFO: [ view_filter ] --END-- [ RunTime:0.000467s ]
INFO: [ app_end ] --START--
INFO: Run Behavior\ShowPageTraceBehavior [ RunTime:0.000519s ]
INFO: [ app_end ] --END-- [ RunTime:0.000557s ]

[ 2017-04-29T21:17:05+08:00 ] ::1 /ZH/educational_administration_system/index.php/Admin/Content/addStudent
INFO: [ app_init ] --START--
INFO: Run Behavior\BuildLiteBehavior [ RunTime:0.000016s ]
INFO: [ app_init ] --END-- [ RunTime:0.026157s ]
INFO: [ app_begin ] --START--
INFO: Run Behavior\ReadHtmlCacheBehavior [ RunTime:0.021814s ]
INFO: [ app_begin ] --END-- [ RunTime:0.021887s ]
INFO: [ view_parse ] --START--
INFO: [ template_filter ] --START--
INFO: Run Behavior\ContentReplaceBehavior [ RunTime:0.000058s ]
INFO: [ template_filter ] --END-- [ RunTime:0.000131s ]
INFO: Run Behavior\ParseTemplateBehavior [ RunTime:0.176753s ]
INFO: [ view_parse ] --END-- [ RunTime:0.176823s ]
INFO: [ view_filter ] --START--
INFO: Run Behavior\WriteHtmlCacheBehavior [ RunTime:0.033517s ]
INFO: [ view_filter ] --END-- [ RunTime:0.033574s ]
INFO: [ app_end ] --START--
INFO: Run Behavior\ShowPageTraceBehavior [ RunTime:0.013823s ]
INFO: [ app_end ] --END-- [ RunTime:0.013879s ]

[ 2017-04-29T21:17:15+08:00 ] ::1 /ZH/educational_administration_system/index.php/Admin/Content/add
INFO: [ app_init ] --START--
INFO: Run Behavior\BuildLiteBehavior [ RunTime:0.000013s ]
INFO: [ app_init ] --END-- [ RunTime:0.000306s ]
INFO: [ app_begin ] --START--
INFO: Run Behavior\ReadHtmlCacheBehavior [ RunTime:0.000495s ]
INFO: [ app_begin ] --END-- [ RunTime:0.000533s ]
SQL: SHOW COLUMNS FROM `edu_login` [ RunTime:0.0291s ]
NOTIC: [8] Undefined index: validate D:\xampp1\htdocs\ZH\educational_administration_system\ThinkPHP\Library\Think\Model.class.php 第 1185 行.

