[ 2017-04-27T22:17:08+08:00 ] ::1 /ZH/educational_administration_system/index.php//Admin/Index/index/name/%E7%AE%A1%E7%90%86%E5%91%98
INFO: [ app_init ] --START--
INFO: Run Behavior\BuildLiteBehavior [ RunTime:0.000015s ]
INFO: [ app_init ] --END-- [ RunTime:0.000403s ]
INFO: [ app_begin ] --START--
INFO: Run Behavior\ReadHtmlCacheBehavior [ RunTime:0.001123s ]
INFO: [ app_begin ] --END-- [ RunTime:0.001208s ]
SQL: SHOW COLUMNS FROM `edu_info` [ RunTime:0.0095s ]
SQL: SHOW COLUMNS FROM `edu_login` [ RunTime:0.0053s ]
SQL: SELECT COUNT(*) AS tp_count FROM `edu_info` WHERE `reader` = 'admin' LIMIT 1   [ RunTime:0.0087s ]
SQL: SELECT * FROM `edu_info` WHERE `reader` = 'admin' ORDER BY id desc LIMIT 0,5   [ RunTime:0.0005s ]
NOTIC: [8] Use of undefined constant user - assumed 'user' D:\xampp1\htdocs\ZH\educational_administration_system\Application\Admin\Controller\IndexController.class.php 第 15 行.
NOTIC: [8] Use of undefined constant name - assumed 'name' D:\xampp1\htdocs\ZH\educational_administration_system\Application\Admin\Controller\IndexController.class.php 第 16 行.
SQL: SELECT `name` FROM `edu_login` WHERE `user` = '040003' LIMIT 1   [ RunTime:0.0003s ]
NOTIC: [8] Use of undefined constant user - assumed 'user' D:\xampp1\htdocs\ZH\educational_administration_system\Application\Admin\Controller\IndexController.class.php 第 15 行.
NOTIC: [8] Use of undefined constant name - assumed 'name' D:\xampp1\htdocs\ZH\educational_administration_system\Application\Admin\Controller\IndexController.class.php 第 16 行.
SQL: SELECT `name` FROM `edu_login` WHERE `user` = '040003' LIMIT 1   [ RunTime:0.0002s ]
INFO: [ view_parse ] --START--
INFO: [ template_filter ] --START--
INFO: Run Behavior\ContentReplaceBehavior [ RunTime:0.000134s ]
INFO: [ template_filter ] --END-- [ RunTime:0.000226s ]
INFO: Run Behavior\ParseTemplateBehavior [ RunTime:0.168624s ]
INFO: [ view_parse ] --END-- [ RunTime:0.168762s ]
INFO: [ view_filter ] --START--
INFO: Run Behavior\WriteHtmlCacheBehavior [ RunTime:0.000855s ]
INFO: [ view_filter ] --END-- [ RunTime:0.000921s ]
INFO: [ app_end ] --START--
INFO: Run Behavior\ShowPageTraceBehavior [ RunTime:0.001529s ]
INFO: [ app_end ] --END-- [ RunTime:0.001771s ]

[ 2017-04-27T22:17:08+08:00 ] ::1 /ZH/educational_administration_system/index.php/Admin/Content/index
INFO: [ app_init ] --START--
INFO: Run Behavior\BuildLiteBehavior [ RunTime:0.000024s ]
INFO: [ app_init ] --END-- [ RunTime:0.000517s ]
INFO: [ app_begin ] --START--
INFO: Run Behavior\ReadHtmlCacheBehavior [ RunTime:0.001145s ]
INFO: [ app_begin ] --END-- [ RunTime:0.001231s ]
INFO: [ view_parse ] --START--
INFO: [ template_filter ] --START--
INFO: Run Behavior\ContentReplaceBehavior [ RunTime:0.000770s ]
INFO: [ template_filter ] --END-- [ RunTime:0.001009s ]
INFO: Run Behavior\ParseTemplateBehavior [ RunTime:0.175638s ]
INFO: [ view_parse ] --END-- [ RunTime:0.175738s ]
INFO: [ view_filter ] --START--
INFO: Run Behavior\WriteHtmlCacheBehavior [ RunTime:0.000627s ]
INFO: [ view_filter ] --END-- [ RunTime:0.000665s ]
INFO: [ app_end ] --START--
INFO: Run Behavior\ShowPageTraceBehavior [ RunTime:0.000760s ]
INFO: [ app_end ] --END-- [ RunTime:0.000799s ]

