[ 2017-03-24T15:04:23+08:00 ] ::1 /ZH/educational_administration_system/index.php//Teacher/Index/index/name/%E5%87%8C%E5%85%B4%E5%AE%8F
INFO: [ app_init ] --START--
INFO: Run Behavior\BuildLiteBehavior [ RunTime:0.000013s ]
INFO: [ app_init ] --END-- [ RunTime:0.000355s ]
INFO: [ app_begin ] --START--
INFO: Run Behavior\ReadHtmlCacheBehavior [ RunTime:0.000773s ]
INFO: [ app_begin ] --END-- [ RunTime:0.000840s ]
SQL: SHOW COLUMNS FROM `edu_info` [ RunTime:0.0066s ]
SQL: SELECT COUNT(*) AS tp_count FROM `edu_info` WHERE `reader` = '040169' LIMIT 1   [ RunTime:0.0003s ]
SQL: SELECT * FROM `edu_info` WHERE `reader` = '040169' ORDER BY id desc LIMIT 0,5   [ RunTime:0.0003s ]
NOTIC: [8] Use of undefined constant user - assumed 'user' D:\xampp\htdocs\ZH\educational_administration_system\Application\Teacher\Controller\IndexController.class.php 第 17 行.
NOTIC: [8] Use of undefined constant name - assumed 'name' D:\xampp\htdocs\ZH\educational_administration_system\Application\Teacher\Controller\IndexController.class.php 第 18 行.
NOTIC: [8] Undefined variable: Login D:\xampp\htdocs\ZH\educational_administration_system\Application\Teacher\Controller\IndexController.class.php 第 18 行.
ERR: Call to a member function where() on null

[ 2017-03-24T15:05:20+08:00 ] ::1 /ZH/educational_administration_system/index.php//Teacher/Index/index/name/%E5%87%8C%E5%85%B4%E5%AE%8F
INFO: [ app_init ] --START--
INFO: Run Behavior\BuildLiteBehavior [ RunTime:0.000010s ]
INFO: [ app_init ] --END-- [ RunTime:0.000364s ]
INFO: [ app_begin ] --START--
INFO: Run Behavior\ReadHtmlCacheBehavior [ RunTime:0.000958s ]
INFO: [ app_begin ] --END-- [ RunTime:0.001010s ]
SQL: SHOW COLUMNS FROM `edu_info` [ RunTime:0.0069s ]
SQL: SELECT COUNT(*) AS tp_count FROM `edu_info` WHERE `reader` = '040169' LIMIT 1   [ RunTime:0.0003s ]
SQL: SELECT * FROM `edu_info` WHERE `reader` = '040169' ORDER BY id desc LIMIT 0,5   [ RunTime:0.0003s ]
NOTIC: [8] Use of undefined constant user - assumed 'user' D:\xampp\htdocs\ZH\educational_administration_system\Application\Teacher\Controller\IndexController.class.php 第 17 行.
NOTIC: [8] Use of undefined constant name - assumed 'name' D:\xampp\htdocs\ZH\educational_administration_system\Application\Teacher\Controller\IndexController.class.php 第 18 行.
NOTIC: [8] Undefined variable: Login D:\xampp\htdocs\ZH\educational_administration_system\Application\Teacher\Controller\IndexController.class.php 第 18 行.
ERR: Call to a member function where() on null

[ 2017-03-24T15:05:33+08:00 ] ::1 /ZH/educational_administration_system/index.php/Teacher/Index/index/name/%E5%87%8C%E5%85%B4%E5%AE%8F
INFO: [ app_init ] --START--
INFO: Run Behavior\BuildLiteBehavior [ RunTime:0.000011s ]
INFO: [ app_init ] --END-- [ RunTime:0.000364s ]
INFO: [ app_begin ] --START--
INFO: Run Behavior\ReadHtmlCacheBehavior [ RunTime:0.000753s ]
INFO: [ app_begin ] --END-- [ RunTime:0.000797s ]
SQL: SHOW COLUMNS FROM `edu_info` [ RunTime:0.0178s ]
SQL: SELECT COUNT(*) AS tp_count FROM `edu_info` WHERE `reader` = '040169' LIMIT 1   [ RunTime:0.0003s ]
SQL: SELECT * FROM `edu_info` WHERE `reader` = '040169' ORDER BY id desc LIMIT 0,5   [ RunTime:0.0003s ]
NOTIC: [8] Use of undefined constant user - assumed 'user' D:\xampp\htdocs\ZH\educational_administration_system\Application\Teacher\Controller\IndexController.class.php 第 17 行.
NOTIC: [8] Use of undefined constant name - assumed 'name' D:\xampp\htdocs\ZH\educational_administration_system\Application\Teacher\Controller\IndexController.class.php 第 18 行.
NOTIC: [8] Undefined variable: Login D:\xampp\htdocs\ZH\educational_administration_system\Application\Teacher\Controller\IndexController.class.php 第 18 行.
ERR: Call to a member function where() on null

[ 2017-03-24T15:17:19+08:00 ] ::1 /ZH/educational_administration_system/index.php//Teacher/Index/index/name/%E5%87%8C%E5%85%B4%E5%AE%8F
INFO: [ app_init ] --START--
INFO: Run Behavior\BuildLiteBehavior [ RunTime:0.000015s ]
INFO: [ app_init ] --END-- [ RunTime:0.000428s ]
INFO: [ app_begin ] --START--
INFO: Run Behavior\ReadHtmlCacheBehavior [ RunTime:0.000756s ]
INFO: [ app_begin ] --END-- [ RunTime:0.000805s ]
SQL: SHOW COLUMNS FROM `edu_info` [ RunTime:0.0645s ]
SQL: SELECT COUNT(*) AS tp_count FROM `edu_info` WHERE `reader` = '040169' LIMIT 1   [ RunTime:0.0003s ]
SQL: SELECT * FROM `edu_info` WHERE `reader` = '040169' ORDER BY id desc LIMIT 0,5   [ RunTime:0.0003s ]
NOTIC: [8] Use of undefined constant user - assumed 'user' D:\xampp\htdocs\ZH\educational_administration_system\Application\Teacher\Controller\IndexController.class.php 第 17 行.
NOTIC: [8] Use of undefined constant name - assumed 'name' D:\xampp\htdocs\ZH\educational_administration_system\Application\Teacher\Controller\IndexController.class.php 第 18 行.
NOTIC: [8] Undefined variable: Login D:\xampp\htdocs\ZH\educational_administration_system\Application\Teacher\Controller\IndexController.class.php 第 18 行.
ERR: Call to a member function where() on null

[ 2017-03-24T15:19:24+08:00 ] ::1 /ZH/educational_administration_system/index.php//Teacher/Index/index/name/%E5%87%8C%E5%85%B4%E5%AE%8F
INFO: [ app_init ] --START--
INFO: Run Behavior\BuildLiteBehavior [ RunTime:0.000013s ]
INFO: [ app_init ] --END-- [ RunTime:0.000535s ]
INFO: [ app_begin ] --START--
INFO: Run Behavior\ReadHtmlCacheBehavior [ RunTime:0.000763s ]
INFO: [ app_begin ] --END-- [ RunTime:0.000807s ]
SQL: SHOW COLUMNS FROM `edu_info` [ RunTime:0.0082s ]
SQL: SELECT COUNT(*) AS tp_count FROM `edu_info` WHERE `reader` = '040169' LIMIT 1   [ RunTime:0.0003s ]
SQL: SELECT * FROM `edu_info` WHERE `reader` = '040169' ORDER BY id desc LIMIT 0,5   [ RunTime:0.0003s ]
NOTIC: [8] Use of undefined constant user - assumed 'user' D:\xampp\htdocs\ZH\educational_administration_system\Application\Teacher\Controller\IndexController.class.php 第 17 行.
NOTIC: [8] Use of undefined constant name - assumed 'name' D:\xampp\htdocs\ZH\educational_administration_system\Application\Teacher\Controller\IndexController.class.php 第 18 行.
NOTIC: [8] Undefined variable: Login D:\xampp\htdocs\ZH\educational_administration_system\Application\Teacher\Controller\IndexController.class.php 第 18 行.
ERR: Call to a member function where() on null

[ 2017-03-24T15:20:03+08:00 ] ::1 /ZH/educational_administration_system/index.php//Teacher/Index/index/name/%E5%87%8C%E5%85%B4%E5%AE%8F
INFO: [ app_init ] --START--
INFO: Run Behavior\BuildLiteBehavior [ RunTime:0.000009s ]
INFO: [ app_init ] --END-- [ RunTime:0.000314s ]
INFO: [ app_begin ] --START--
INFO: Run Behavior\ReadHtmlCacheBehavior [ RunTime:0.000614s ]
INFO: [ app_begin ] --END-- [ RunTime:0.000645s ]
INFO: [ view_parse ] --START--
INFO: [ template_filter ] --START--
INFO: Run Behavior\ContentReplaceBehavior [ RunTime:0.000089s ]
INFO: [ template_filter ] --END-- [ RunTime:0.000131s ]
NOTIC: [8] Undefined variable: count D:\xampp\htdocs\ZH\educational_administration_system\Application\Runtime\Cache\Teacher\ac269937dc4bb16fca5e0f9cb92a05df.php 第 75 行.
NOTIC: [8] Undefined variable: count D:\xampp\htdocs\ZH\educational_administration_system\Application\Runtime\Cache\Teacher\ac269937dc4bb16fca5e0f9cb92a05df.php 第 162 行.
NOTIC: [8] Undefined variable: total D:\xampp\htdocs\ZH\educational_administration_system\Application\Runtime\Cache\Teacher\ac269937dc4bb16fca5e0f9cb92a05df.php 第 241 行.
NOTIC: [8] Undefined variable: name D:\xampp\htdocs\ZH\educational_administration_system\Application\Runtime\Cache\Teacher\ac269937dc4bb16fca5e0f9cb92a05df.php 第 275 行.
NOTIC: [8] Undefined variable: total D:\xampp\htdocs\ZH\educational_administration_system\Application\Runtime\Cache\Teacher\ac269937dc4bb16fca5e0f9cb92a05df.php 第 283 行.
INFO: Run Behavior\ParseTemplateBehavior [ RunTime:0.129325s ]
INFO: [ view_parse ] --END-- [ RunTime:0.129359s ]
INFO: [ view_filter ] --START--
INFO: Run Behavior\WriteHtmlCacheBehavior [ RunTime:0.000492s ]
INFO: [ view_filter ] --END-- [ RunTime:0.000518s ]
INFO: [ app_end ] --START--
INFO: Run Behavior\ShowPageTraceBehavior [ RunTime:0.002353s ]
INFO: [ app_end ] --END-- [ RunTime:0.002426s ]

[ 2017-03-24T15:20:06+08:00 ] ::1 /ZH/educational_administration_system/index.php//Teacher/Index/index/name/%E5%87%8C%E5%85%B4%E5%AE%8F
INFO: [ app_init ] --START--
INFO: Run Behavior\BuildLiteBehavior [ RunTime:0.000008s ]
INFO: [ app_init ] --END-- [ RunTime:0.000306s ]
INFO: [ app_begin ] --START--
INFO: Run Behavior\ReadHtmlCacheBehavior [ RunTime:0.000610s ]
INFO: [ app_begin ] --END-- [ RunTime:0.000650s ]
INFO: [ view_parse ] --START--
INFO: [ template_filter ] --START--
INFO: Run Behavior\ContentReplaceBehavior [ RunTime:0.000107s ]
INFO: [ template_filter ] --END-- [ RunTime:0.000168s ]
NOTIC: [8] Undefined variable: count D:\xampp\htdocs\ZH\educational_administration_system\Application\Runtime\Cache\Teacher\ac269937dc4bb16fca5e0f9cb92a05df.php 第 75 行.
NOTIC: [8] Undefined variable: count D:\xampp\htdocs\ZH\educational_administration_system\Application\Runtime\Cache\Teacher\ac269937dc4bb16fca5e0f9cb92a05df.php 第 162 行.
NOTIC: [8] Undefined variable: total D:\xampp\htdocs\ZH\educational_administration_system\Application\Runtime\Cache\Teacher\ac269937dc4bb16fca5e0f9cb92a05df.php 第 241 行.
NOTIC: [8] Undefined variable: name D:\xampp\htdocs\ZH\educational_administration_system\Application\Runtime\Cache\Teacher\ac269937dc4bb16fca5e0f9cb92a05df.php 第 275 行.
NOTIC: [8] Undefined variable: total D:\xampp\htdocs\ZH\educational_administration_system\Application\Runtime\Cache\Teacher\ac269937dc4bb16fca5e0f9cb92a05df.php 第 283 行.
INFO: Run Behavior\ParseTemplateBehavior [ RunTime:0.059075s ]
INFO: [ view_parse ] --END-- [ RunTime:0.059109s ]
INFO: [ view_filter ] --START--
INFO: Run Behavior\WriteHtmlCacheBehavior [ RunTime:0.000518s ]
INFO: [ view_filter ] --END-- [ RunTime:0.000546s ]
INFO: [ app_end ] --START--
INFO: Run Behavior\ShowPageTraceBehavior [ RunTime:0.000749s ]
INFO: [ app_end ] --END-- [ RunTime:0.000788s ]

[ 2017-03-24T15:21:27+08:00 ] ::1 /ZH/educational_administration_system/index.php//Teacher/Index/index/name/%E5%87%8C%E5%85%B4%E5%AE%8F
INFO: [ app_init ] --START--
INFO: Run Behavior\BuildLiteBehavior [ RunTime:0.000010s ]
INFO: [ app_init ] --END-- [ RunTime:0.000363s ]
INFO: [ app_begin ] --START--
INFO: Run Behavior\ReadHtmlCacheBehavior [ RunTime:0.000688s ]
INFO: [ app_begin ] --END-- [ RunTime:0.000723s ]
SQL: SHOW COLUMNS FROM `edu_info` [ RunTime:0.0109s ]
SQL: SELECT COUNT(*) AS tp_count FROM `edu_info` WHERE `reader` = '040169' LIMIT 1   [ RunTime:0.0004s ]
SQL: SELECT * FROM `edu_info` WHERE `reader` = '040169' ORDER BY id desc LIMIT 0,5   [ RunTime:0.0004s ]
NOTIC: [8] Use of undefined constant user - assumed 'user' D:\xampp\htdocs\ZH\educational_administration_system\Application\Teacher\Controller\IndexController.class.php 第 17 行.
NOTIC: [8] Use of undefined constant name - assumed 'name' D:\xampp\htdocs\ZH\educational_administration_system\Application\Teacher\Controller\IndexController.class.php 第 18 行.
NOTIC: [8] Undefined variable: Login D:\xampp\htdocs\ZH\educational_administration_system\Application\Teacher\Controller\IndexController.class.php 第 18 行.
ERR: Call to a member function where() on null

[ 2017-03-24T15:23:11+08:00 ] ::1 /ZH/educational_administration_system/index.php//Teacher/Index/index/name/%E5%87%8C%E5%85%B4%E5%AE%8F
INFO: [ app_init ] --START--
INFO: Run Behavior\BuildLiteBehavior [ RunTime:0.000009s ]
INFO: [ app_init ] --END-- [ RunTime:0.000347s ]
INFO: [ app_begin ] --START--
INFO: Run Behavior\ReadHtmlCacheBehavior [ RunTime:0.000616s ]
INFO: [ app_begin ] --END-- [ RunTime:0.000648s ]
SQL: SHOW COLUMNS FROM `edu_info` [ RunTime:0.0101s ]
SQL: SHOW COLUMNS FROM `edu_login` [ RunTime:0.0078s ]
SQL: SELECT COUNT(*) AS tp_count FROM `edu_info` WHERE `reader` = '040169' LIMIT 1   [ RunTime:0.0004s ]
SQL: SELECT * FROM `edu_info` WHERE `reader` = '040169' ORDER BY id desc LIMIT 0,5   [ RunTime:0.0004s ]
NOTIC: [8] Use of undefined constant user - assumed 'user' D:\xampp\htdocs\ZH\educational_administration_system\Application\Teacher\Controller\IndexController.class.php 第 18 行.
NOTIC: [8] Use of undefined constant name - assumed 'name' D:\xampp\htdocs\ZH\educational_administration_system\Application\Teacher\Controller\IndexController.class.php 第 19 行.
SQL: SELECT `name` FROM `edu_login` WHERE `user` = 'admin' LIMIT 1   [ RunTime:0.0003s ]
NOTIC: [8] Use of undefined constant user - assumed 'user' D:\xampp\htdocs\ZH\educational_administration_system\Application\Teacher\Controller\IndexController.class.php 第 18 行.
NOTIC: [8] Use of undefined constant name - assumed 'name' D:\xampp\htdocs\ZH\educational_administration_system\Application\Teacher\Controller\IndexController.class.php 第 19 行.
SQL: SELECT `name` FROM `edu_login` WHERE `user` = 'admin' LIMIT 1   [ RunTime:0.0002s ]
NOTIC: [8] Use of undefined constant user - assumed 'user' D:\xampp\htdocs\ZH\educational_administration_system\Application\Teacher\Controller\IndexController.class.php 第 18 行.
NOTIC: [8] Use of undefined constant name - assumed 'name' D:\xampp\htdocs\ZH\educational_administration_system\Application\Teacher\Controller\IndexController.class.php 第 19 行.
SQL: SELECT `name` FROM `edu_login` WHERE `user` = 'admin' LIMIT 1   [ RunTime:0.0002s ]
NOTIC: [8] Use of undefined constant user - assumed 'user' D:\xampp\htdocs\ZH\educational_administration_system\Application\Teacher\Controller\IndexController.class.php 第 18 行.
NOTIC: [8] Use of undefined constant name - assumed 'name' D:\xampp\htdocs\ZH\educational_administration_system\Application\Teacher\Controller\IndexController.class.php 第 19 行.
SQL: SELECT `name` FROM `edu_login` WHERE `user` = 'admin' LIMIT 1   [ RunTime:0.0002s ]
NOTIC: [8] Use of undefined constant user - assumed 'user' D:\xampp\htdocs\ZH\educational_administration_system\Application\Teacher\Controller\IndexController.class.php 第 18 行.
NOTIC: [8] Use of undefined constant name - assumed 'name' D:\xampp\htdocs\ZH\educational_administration_system\Application\Teacher\Controller\IndexController.class.php 第 19 行.
SQL: SELECT `name` FROM `edu_login` WHERE `user` = 'admin' LIMIT 1   [ RunTime:0.0002s ]
INFO: [ view_parse ] --START--
INFO: [ template_filter ] --START--
INFO: Run Behavior\ContentReplaceBehavior [ RunTime:0.000156s ]
INFO: [ template_filter ] --END-- [ RunTime:0.000195s ]
INFO: Run Behavior\ParseTemplateBehavior [ RunTime:0.057756s ]
INFO: [ view_parse ] --END-- [ RunTime:0.057801s ]
INFO: [ view_filter ] --START--
INFO: Run Behavior\WriteHtmlCacheBehavior [ RunTime:0.000498s ]
INFO: [ view_filter ] --END-- [ RunTime:0.000525s ]
INFO: [ app_end ] --START--
INFO: Run Behavior\ShowPageTraceBehavior [ RunTime:0.002371s ]
INFO: [ app_end ] --END-- [ RunTime:0.002448s ]

[ 2017-03-24T15:23:16+08:00 ] ::1 /ZH/educational_administration_system/index.php/Teacher/Index/infoFn
INFO: [ app_init ] --START--
INFO: Run Behavior\BuildLiteBehavior [ RunTime:0.000010s ]
INFO: [ app_init ] --END-- [ RunTime:0.000340s ]
INFO: [ app_begin ] --START--
INFO: Run Behavior\ReadHtmlCacheBehavior [ RunTime:0.000930s ]
INFO: [ app_begin ] --END-- [ RunTime:0.000982s ]
SQL: SHOW COLUMNS FROM `edu_info` [ RunTime:0.0241s ]
SQL: SELECT * FROM `edu_info` WHERE `reader` = '040169' ORDER BY id desc LIMIT 5,5   [ RunTime:0.0004s ]

[ 2017-03-24T15:23:19+08:00 ] ::1 /ZH/educational_administration_system/index.php/Teacher/Index/infoFn
INFO: [ app_init ] --START--
INFO: Run Behavior\BuildLiteBehavior [ RunTime:0.000010s ]
INFO: [ app_init ] --END-- [ RunTime:0.000352s ]
INFO: [ app_begin ] --START--
INFO: Run Behavior\ReadHtmlCacheBehavior [ RunTime:0.000842s ]
INFO: [ app_begin ] --END-- [ RunTime:0.000897s ]
SQL: SHOW COLUMNS FROM `edu_info` [ RunTime:0.0338s ]
SQL: SELECT * FROM `edu_info` WHERE `reader` = '040169' ORDER BY id desc LIMIT 0,5   [ RunTime:0.0004s ]

[ 2017-03-24T15:23:21+08:00 ] ::1 /ZH/educational_administration_system/index.php/Teacher/Index/infoFn
INFO: [ app_init ] --START--
INFO: Run Behavior\BuildLiteBehavior [ RunTime:0.000055s ]
INFO: [ app_init ] --END-- [ RunTime:0.000593s ]
INFO: [ app_begin ] --START--
INFO: Run Behavior\ReadHtmlCacheBehavior [ RunTime:0.001022s ]
INFO: [ app_begin ] --END-- [ RunTime:0.001104s ]
SQL: SHOW COLUMNS FROM `edu_info` [ RunTime:0.0120s ]
SQL: SELECT * FROM `edu_info` WHERE `reader` = '040169' ORDER BY id desc LIMIT 5,5   [ RunTime:0.0003s ]

[ 2017-03-24T15:23:23+08:00 ] ::1 /ZH/educational_administration_system/index.php/Teacher/Index/infoFn
INFO: [ app_init ] --START--
INFO: Run Behavior\BuildLiteBehavior [ RunTime:0.000010s ]
INFO: [ app_init ] --END-- [ RunTime:0.000338s ]
INFO: [ app_begin ] --START--
INFO: Run Behavior\ReadHtmlCacheBehavior [ RunTime:0.000612s ]
INFO: [ app_begin ] --END-- [ RunTime:0.000639s ]
SQL: SHOW COLUMNS FROM `edu_info` [ RunTime:0.0116s ]
SQL: SELECT * FROM `edu_info` WHERE `reader` = '040169' ORDER BY id desc LIMIT 0,5   [ RunTime:0.0004s ]

[ 2017-03-24T15:23:24+08:00 ] ::1 /ZH/educational_administration_system/index.php/Teacher/Index/infoFn
INFO: [ app_init ] --START--
INFO: Run Behavior\BuildLiteBehavior [ RunTime:0.000019s ]
INFO: [ app_init ] --END-- [ RunTime:0.000664s ]
INFO: [ app_begin ] --START--
INFO: Run Behavior\ReadHtmlCacheBehavior [ RunTime:0.000762s ]
INFO: [ app_begin ] --END-- [ RunTime:0.000811s ]
SQL: SHOW COLUMNS FROM `edu_info` [ RunTime:0.0141s ]
SQL: SELECT * FROM `edu_info` WHERE `reader` = '040169' ORDER BY id desc LIMIT 5,5   [ RunTime:0.0004s ]

[ 2017-03-24T15:23:26+08:00 ] ::1 /ZH/educational_administration_system/index.php/Teacher/Index/infoFn
INFO: [ app_init ] --START--
INFO: Run Behavior\BuildLiteBehavior [ RunTime:0.000009s ]
INFO: [ app_init ] --END-- [ RunTime:0.000313s ]
INFO: [ app_begin ] --START--
INFO: Run Behavior\ReadHtmlCacheBehavior [ RunTime:0.000609s ]
INFO: [ app_begin ] --END-- [ RunTime:0.000636s ]
SQL: SHOW COLUMNS FROM `edu_info` [ RunTime:0.0113s ]
SQL: SELECT * FROM `edu_info` WHERE `reader` = '040169' ORDER BY id desc LIMIT 0,5   [ RunTime:0.0004s ]

[ 2017-03-24T15:23:31+08:00 ] ::1 /ZH/educational_administration_system/index.php/Teacher/Content/courseSelection
INFO: [ app_init ] --START--
INFO: Run Behavior\BuildLiteBehavior [ RunTime:0.000010s ]
INFO: [ app_init ] --END-- [ RunTime:0.000339s ]
INFO: [ app_begin ] --START--
INFO: Run Behavior\ReadHtmlCacheBehavior [ RunTime:0.000855s ]
INFO: [ app_begin ] --END-- [ RunTime:0.000917s ]
NOTIC: [8] Use of undefined constant user - assumed 'user' D:\xampp\htdocs\ZH\educational_administration_system\Application\Teacher\Controller\ContentController.class.php 第 6 行.
SQL: SHOW COLUMNS FROM `edu_course` [ RunTime:0.0114s ]
SQL: SELECT * FROM `edu_course` WHERE `teacherID` = '040169'  [ RunTime:0.0004s ]
SQL: SHOW COLUMNS FROM `edu_login` [ RunTime:0.0069s ]
SQL: SELECT * FROM `edu_login`  [ RunTime:0.0004s ]
NOTIC: [8] Use of undefined constant courseid - assumed 'courseid' D:\xampp\htdocs\ZH\educational_administration_system\Application\Teacher\Controller\ContentController.class.php 第 19 行.
NOTIC: [8] Use of undefined constant id - assumed 'id' D:\xampp\htdocs\ZH\educational_administration_system\Application\Teacher\Controller\ContentController.class.php 第 20 行.
NOTIC: [8] Use of undefined constant user - assumed 'user' D:\xampp\htdocs\ZH\educational_administration_system\Application\Teacher\Controller\ContentController.class.php 第 23 行.
NOTIC: [8] Use of undefined constant count1 - assumed 'count1' D:\xampp\htdocs\ZH\educational_administration_system\Application\Teacher\Controller\ContentController.class.php 第 28 行.
NOTIC: [8] Use of undefined constant stuID - assumed 'stuID' D:\xampp\htdocs\ZH\educational_administration_system\Application\Teacher\Controller\ContentController.class.php 第 29 行.
NOTIC: [8] Use of undefined constant courseid - assumed 'courseid' D:\xampp\htdocs\ZH\educational_administration_system\Application\Teacher\Controller\ContentController.class.php 第 19 行.
NOTIC: [8] Use of undefined constant id - assumed 'id' D:\xampp\htdocs\ZH\educational_administration_system\Application\Teacher\Controller\ContentController.class.php 第 20 行.
NOTIC: [8] Use of undefined constant count1 - assumed 'count1' D:\xampp\htdocs\ZH\educational_administration_system\Application\Teacher\Controller\ContentController.class.php 第 28 行.
NOTIC: [8] Use of undefined constant stuID - assumed 'stuID' D:\xampp\htdocs\ZH\educational_administration_system\Application\Teacher\Controller\ContentController.class.php 第 29 行.
NOTIC: [8] Use of undefined constant courseid - assumed 'courseid' D:\xampp\htdocs\ZH\educational_administration_system\Application\Teacher\Controller\ContentController.class.php 第 19 行.
NOTIC: [8] Use of undefined constant id - assumed 'id' D:\xampp\htdocs\ZH\educational_administration_system\Application\Teacher\Controller\ContentController.class.php 第 20 行.
NOTIC: [8] Use of undefined constant count1 - assumed 'count1' D:\xampp\htdocs\ZH\educational_administration_system\Application\Teacher\Controller\ContentController.class.php 第 28 行.
NOTIC: [8] Use of undefined constant stuID - assumed 'stuID' D:\xampp\htdocs\ZH\educational_administration_system\Application\Teacher\Controller\ContentController.class.php 第 29 行.
NOTIC: [8] Use of undefined constant courseid - assumed 'courseid' D:\xampp\htdocs\ZH\educational_administration_system\Application\Teacher\Controller\ContentController.class.php 第 19 行.
NOTIC: [8] Use of undefined constant id - assumed 'id' D:\xampp\htdocs\ZH\educational_administration_system\Application\Teacher\Controller\ContentController.class.php 第 20 行.
NOTIC: [8] Use of undefined constant user - assumed 'user' D:\xampp\htdocs\ZH\educational_administration_system\Application\Teacher\Controller\ContentController.class.php 第 25 行.
NOTIC: [8] Use of undefined constant count1 - assumed 'count1' D:\xampp\htdocs\ZH\educational_administration_system\Application\Teacher\Controller\ContentController.class.php 第 28 行.
NOTIC: [8] Use of undefined constant stuID - assumed 'stuID' D:\xampp\htdocs\ZH\educational_administration_system\Application\Teacher\Controller\ContentController.class.php 第 29 行.
NOTIC: [8] Use of undefined constant courseid - assumed 'courseid' D:\xampp\htdocs\ZH\educational_administration_system\Application\Teacher\Controller\ContentController.class.php 第 19 行.
NOTIC: [8] Use of undefined constant id - assumed 'id' D:\xampp\htdocs\ZH\educational_administration_system\Application\Teacher\Controller\ContentController.class.php 第 20 行.
NOTIC: [8] Use of undefined constant user - assumed 'user' D:\xampp\htdocs\ZH\educational_administration_system\Application\Teacher\Controller\ContentController.class.php 第 25 行.
NOTIC: [8] Use of undefined constant count1 - assumed 'count1' D:\xampp\htdocs\ZH\educational_administration_system\Application\Teacher\Controller\ContentController.class.php 第 28 行.
NOTIC: [8] Use of undefined constant stuID - assumed 'stuID' D:\xampp\htdocs\ZH\educational_administration_system\Application\Teacher\Controller\ContentController.class.php 第 29 行.
NOTIC: [8] Use of undefined constant courseid - assumed 'courseid' D:\xampp\htdocs\ZH\educational_administration_system\Application\Teacher\Controller\ContentController.class.php 第 19 行.
NOTIC: [8] Use of undefined constant id - assumed 'id' D:\xampp\htdocs\ZH\educational_administration_system\Application\Teacher\Controller\ContentController.class.php 第 20 行.
NOTIC: [8] Use of undefined constant count1 - assumed 'count1' D:\xampp\htdocs\ZH\educational_administration_system\Application\Teacher\Controller\ContentController.class.php 第 28 行.
NOTIC: [8] Use of undefined constant stuID - assumed 'stuID' D:\xampp\htdocs\ZH\educational_administration_system\Application\Teacher\Controller\ContentController.class.php 第 29 行.
NOTIC: [8] Use of undefined constant courseid - assumed 'courseid' D:\xampp\htdocs\ZH\educational_administration_system\Application\Teacher\Controller\ContentController.class.php 第 19 行.
NOTIC: [8] Use of undefined constant id - assumed 'id' D:\xampp\htdocs\ZH\educational_administration_system\Application\Teacher\Controller\ContentController.class.php 第 20 行.
NOTIC: [8] Use of undefined constant count1 - assumed 'count1' D:\xampp\htdocs\ZH\educational_administration_system\Application\Teacher\Controller\ContentController.class.php 第 28 行.
NOTIC: [8] Use of undefined constant stuID - assumed 'stuID' D:\xampp\htdocs\ZH\educational_administration_system\Application\Teacher\Controller\ContentController.class.php 第 29 行.
NOTIC: [8] Use of undefined constant courseid - assumed 'courseid' D:\xampp\htdocs\ZH\educational_administration_system\Application\Teacher\Controller\ContentController.class.php 第 19 行.
NOTIC: [8] Use of undefined constant id - assumed 'id' D:\xampp\htdocs\ZH\educational_administration_system\Application\Teacher\Controller\ContentController.class.php 第 20 行.
NOTIC: [8] Use of undefined constant user - assumed 'user' D:\xampp\htdocs\ZH\educational_administration_system\Application\Teacher\Controller\ContentController.class.php 第 25 行.
NOTIC: [8] Use of undefined constant count1 - assumed 'count1' D:\xampp\htdocs\ZH\educational_administration_system\Application\Teacher\Controller\ContentController.class.php 第 28 行.
NOTIC: [8] Use of undefined constant stuID - assumed 'stuID' D:\xampp\htdocs\ZH\educational_administration_system\Application\Teacher\Controller\ContentController.class.php 第 29 行.
NOTIC: [8] Use of undefined constant courseid - assumed 'courseid' D:\xampp\htdocs\ZH\educational_administration_system\Application\Teacher\Controller\ContentController.class.php 第 19 行.
NOTIC: [8] Use of undefined constant id - assumed 'id' D:\xampp\htdocs\ZH\educational_administration_system\Application\Teacher\Controller\ContentController.class.php 第 20 行.
NOTIC: [8] Use of undefined constant count1 - assumed 'count1' D:\xampp\htdocs\ZH\educational_administration_system\Application\Teacher\Controller\ContentController.class.php 第 28 行.
NOTIC: [8] Use of undefined constant stuID - assumed 'stuID' D:\xampp\htdocs\ZH\educational_administration_system\Application\Teacher\Controller\ContentController.class.php 第 29 行.
NOTIC: [8] Use of undefined constant courseid - assumed 'courseid' D:\xampp\htdocs\ZH\educational_administration_system\Application\Teacher\Controller\ContentController.class.php 第 19 行.
NOTIC: [8] Use of undefined constant id - assumed 'id' D:\xampp\htdocs\ZH\educational_administration_system\Application\Teacher\Controller\ContentController.class.php 第 20 行.
NOTIC: [8] Use of undefined constant count1 - assumed 'count1' D:\xampp\htdocs\ZH\educational_administration_system\Application\Teacher\Controller\ContentController.class.php 第 28 行.
NOTIC: [8] Use of undefined constant stuID - assumed 'stuID' D:\xampp\htdocs\ZH\educational_administration_system\Application\Teacher\Controller\ContentController.class.php 第 29 行.
NOTIC: [8] Use of undefined constant courseid - assumed 'courseid' D:\xampp\htdocs\ZH\educational_administration_system\Application\Teacher\Controller\ContentController.class.php 第 19 行.
NOTIC: [8] Use of undefined constant id - assumed 'id' D:\xampp\htdocs\ZH\educational_administration_system\Application\Teacher\Controller\ContentController.class.php 第 20 行.
NOTIC: [8] Use of undefined constant user - assumed 'user' D:\xampp\htdocs\ZH\educational_administration_system\Application\Teacher\Controller\ContentController.class.php 第 23 行.
NOTIC: [8] Use of undefined constant count1 - assumed 'count1' D:\xampp\htdocs\ZH\educational_administration_system\Application\Teacher\Controller\ContentController.class.php 第 28 行.
NOTIC: [8] Use of undefined constant stuID - assumed 'stuID' D:\xampp\htdocs\ZH\educational_administration_system\Application\Teacher\Controller\ContentController.class.php 第 29 行.
NOTIC: [8] Use of undefined constant courseid - assumed 'courseid' D:\xampp\htdocs\ZH\educational_administration_system\Application\Teacher\Controller\ContentController.class.php 第 19 行.
NOTIC: [8] Use of undefined constant id - assumed 'id' D:\xampp\htdocs\ZH\educational_administration_system\Application\Teacher\Controller\ContentController.class.php 第 20 行.
NOTIC: [8] Use of undefined constant user - assumed 'user' D:\xampp\htdocs\ZH\educational_administration_system\Application\Teacher\Controller\ContentController.class.php 第 25 行.
NOTIC: [8] Use of undefined constant count1 - assumed 'count1' D:\xampp\htdocs\ZH\educational_administration_system\Application\Teacher\Controller\ContentController.class.php 第 28 行.
NOTIC: [8] Use of undefined constant stuID - assumed 'stuID' D:\xampp\htdocs\ZH\educational_administration_system\Application\Teacher\Controller\ContentController.class.php 第 29 行.
NOTIC: [8] Use of undefined constant courseid - assumed 'courseid' D:\xampp\htdocs\ZH\educational_administration_system\Application\Teacher\Controller\ContentController.class.php 第 19 行.
NOTIC: [8] Use of undefined constant id - assumed 'id' D:\xampp\htdocs\ZH\educational_administration_system\Application\Teacher\Controller\ContentController.class.php 第 20 行.
NOTIC: [8] Use of undefined constant count1 - assumed 'count1' D:\xampp\htdocs\ZH\educational_administration_system\Application\Teacher\Controller\ContentController.class.php 第 28 行.
NOTIC: [8] Use of undefined constant stuID - assumed 'stuID' D:\xampp\htdocs\ZH\educational_administration_system\Application\Teacher\Controller\ContentController.class.php 第 29 行.
NOTIC: [8] Use of undefined constant courseid - assumed 'courseid' D:\xampp\htdocs\ZH\educational_administration_system\Application\Teacher\Controller\ContentController.class.php 第 19 行.
NOTIC: [8] Use of undefined constant id - assumed 'id' D:\xampp\htdocs\ZH\educational_administration_system\Application\Teacher\Controller\ContentController.class.php 第 20 行.
NOTIC: [8] Use of undefined constant user - assumed 'user' D:\xampp\htdocs\ZH\educational_administration_system\Application\Teacher\Controller\ContentController.class.php 第 25 行.
NOTIC: [8] Use of undefined constant count1 - assumed 'count1' D:\xampp\htdocs\ZH\educational_administration_system\Application\Teacher\Controller\ContentController.class.php 第 28 行.
NOTIC: [8] Use of undefined constant stuID - assumed 'stuID' D:\xampp\htdocs\ZH\educational_administration_system\Application\Teacher\Controller\ContentController.class.php 第 29 行.
NOTIC: [8] Use of undefined constant courseid - assumed 'courseid' D:\xampp\htdocs\ZH\educational_administration_system\Application\Teacher\Controller\ContentController.class.php 第 19 行.
NOTIC: [8] Use of undefined constant id - assumed 'id' D:\xampp\htdocs\ZH\educational_administration_system\Application\Teacher\Controller\ContentController.class.php 第 20 行.
NOTIC: [8] Use of undefined constant count1 - assumed 'count1' D:\xampp\htdocs\ZH\educational_administration_system\Application\Teacher\Controller\ContentController.class.php 第 28 行.
NOTIC: [8] Use of undefined constant stuID - assumed 'stuID' D:\xampp\htdocs\ZH\educational_administration_system\Application\Teacher\Controller\ContentController.class.php 第 29 行.
NOTIC: [8] Use of undefined constant courseid - assumed 'courseid' D:\xampp\htdocs\ZH\educational_administration_system\Application\Teacher\Controller\ContentController.class.php 第 19 行.
NOTIC: [8] Use of undefined constant id - assumed 'id' D:\xampp\htdocs\ZH\educational_administration_system\Application\Teacher\Controller\ContentController.class.php 第 20 行.
NOTIC: [8] Use of undefined constant count1 - assumed 'count1' D:\xampp\htdocs\ZH\educational_administration_system\Application\Teacher\Controller\ContentController.class.php 第 28 行.
NOTIC: [8] Use of undefined constant stuID - assumed 'stuID' D:\xampp\htdocs\ZH\educational_administration_system\Application\Teacher\Controller\ContentController.class.php 第 29 行.
NOTIC: [8] Use of undefined constant courseid - assumed 'courseid' D:\xampp\htdocs\ZH\educational_administration_system\Application\Teacher\Controller\ContentController.class.php 第 19 行.
NOTIC: [8] Use of undefined constant id - assumed 'id' D:\xampp\htdocs\ZH\educational_administration_system\Application\Teacher\Controller\ContentController.class.php 第 20 行.
NOTIC: [8] Use of undefined constant count1 - assumed 'count1' D:\xampp\htdocs\ZH\educational_administration_system\Application\Teacher\Controller\ContentController.class.php 第 28 行.
NOTIC: [8] Use of undefined constant stuID - assumed 'stuID' D:\xampp\htdocs\ZH\educational_administration_system\Application\Teacher\Controller\ContentController.class.php 第 29 行.
NOTIC: [8] Use of undefined constant courseid - assumed 'courseid' D:\xampp\htdocs\ZH\educational_administration_system\Application\Teacher\Controller\ContentController.class.php 第 19 行.
NOTIC: [8] Use of undefined constant id - assumed 'id' D:\xampp\htdocs\ZH\educational_administration_system\Application\Teacher\Controller\ContentController.class.php 第 20 行.
NOTIC: [8] Use of undefined constant user - assumed 'user' D:\xampp\htdocs\ZH\educational_administration_system\Application\Teacher\Controller\ContentController.class.php 第 25 行.
NOTIC: [8] Use of undefined constant count1 - assumed 'count1' D:\xampp\htdocs\ZH\educational_administration_system\Application\Teacher\Controller\ContentController.class.php 第 28 行.
NOTIC: [8] Use of undefined constant stuID - assumed 'stuID' D:\xampp\htdocs\ZH\educational_administration_system\Application\Teacher\Controller\ContentController.class.php 第 29 行.
NOTIC: [8] Use of undefined constant courseid - assumed 'courseid' D:\xampp\htdocs\ZH\educational_administration_system\Application\Teacher\Controller\ContentController.class.php 第 19 行.
NOTIC: [8] Use of undefined constant id - assumed 'id' D:\xampp\htdocs\ZH\educational_administration_system\Application\Teacher\Controller\ContentController.class.php 第 20 行.
NOTIC: [8] Use of undefined constant count1 - assumed 'count1' D:\xampp\htdocs\ZH\educational_administration_system\Application\Teacher\Controller\ContentController.class.php 第 28 行.
NOTIC: [8] Use of undefined constant stuID - assumed 'stuID' D:\xampp\htdocs\ZH\educational_administration_system\Application\Teacher\Controller\ContentController.class.php 第 29 行.
NOTIC: [8] Use of undefined constant courseid - assumed 'courseid' D:\xampp\htdocs\ZH\educational_administration_system\Application\Teacher\Controller\ContentController.class.php 第 19 行.
NOTIC: [8] Use of undefined constant id - assumed 'id' D:\xampp\htdocs\ZH\educational_administration_system\Application\Teacher\Controller\ContentController.class.php 第 20 行.
NOTIC: [8] Use of undefined constant count1 - assumed 'count1' D:\xampp\htdocs\ZH\educational_administration_system\Application\Teacher\Controller\ContentController.class.php 第 28 行.
NOTIC: [8] Use of undefined constant stuID - assumed 'stuID' D:\xampp\htdocs\ZH\educational_administration_system\Application\Teacher\Controller\ContentController.class.php 第 29 行.
NOTIC: [8] Use of undefined constant courseid - assumed 'courseid' D:\xampp\htdocs\ZH\educational_administration_system\Application\Teacher\Controller\ContentController.class.php 第 19 行.
NOTIC: [8] Use of undefined constant id - assumed 'id' D:\xampp\htdocs\ZH\educational_administration_system\Application\Teacher\Controller\ContentController.class.php 第 20 行.
NOTIC: [8] Use of undefined constant user - assumed 'user' D:\xampp\htdocs\ZH\educational_administration_system\Application\Teacher\Controller\ContentController.class.php 第 23 行.
NOTIC: [8] Use of undefined constant count1 - assumed 'count1' D:\xampp\htdocs\ZH\educational_administration_system\Application\Teacher\Controller\ContentController.class.php 第 28 行.
NOTIC: [8] Use of undefined constant stuID - assumed 'stuID' D:\xampp\htdocs\ZH\educational_administration_system\Application\Teacher\Controller\ContentController.class.php 第 29 行.
NOTIC: [8] Use of undefined constant courseid - assumed 'courseid' D:\xampp\htdocs\ZH\educational_administration_system\Application\Teacher\Controller\ContentController.class.php 第 19 行.
NOTIC: [8] Use of undefined constant id - assumed 'id' D:\xampp\htdocs\ZH\educational_administration_system\Application\Teacher\Controller\ContentController.class.php 第 20 行.
NOTIC: [8] Use of undefined constant count1 - assumed 'count1' D:\xampp\htdocs\ZH\educational_administration_system\Application\Teacher\Controller\ContentController.class.php 第 28 行.
NOTIC: [8] Use of undefined constant stuID - assumed 'stuID' D:\xampp\htdocs\ZH\educational_administration_system\Application\Teacher\Controller\ContentController.class.php 第 29 行.
NOTIC: [8] Use of undefined constant courseid - assumed 'courseid' D:\xampp\htdocs\ZH\educational_administration_system\Application\Teacher\Controller\ContentController.class.php 第 19 行.
NOTIC: [8] Use of undefined constant id - assumed 'id' D:\xampp\htdocs\ZH\educational_administration_system\Application\Teacher\Controller\ContentController.class.php 第 20 行.
NOTIC: [8] Use of undefined constant count1 - assumed 'count1' D:\xampp\htdocs\ZH\educational_administration_system\Application\Teacher\Controller\ContentController.class.php 第 28 行.
NOTIC: [8] Use of undefined constant stuID - assumed 'stuID' D:\xampp\htdocs\ZH\educational_administration_system\Application\Teacher\Controller\ContentController.class.php 第 29 行.
NOTIC: [8] Use of undefined constant courseid - assumed 'courseid' D:\xampp\htdocs\ZH\educational_administration_system\Application\Teacher\Controller\ContentController.class.php 第 19 行.
NOTIC: [8] Use of undefined constant id - assumed 'id' D:\xampp\htdocs\ZH\educational_administration_system\Application\Teacher\Controller\ContentController.class.php 第 20 行.
NOTIC: [8] Use of undefined constant count1 - assumed 'count1' D:\xampp\htdocs\ZH\educational_administration_system\Application\Teacher\Controller\ContentController.class.php 第 28 行.
NOTIC: [8] Use of undefined constant stuID - assumed 'stuID' D:\xampp\htdocs\ZH\educational_administration_system\Application\Teacher\Controller\ContentController.class.php 第 29 行.
NOTIC: [8] Use of undefined constant courseid - assumed 'courseid' D:\xampp\htdocs\ZH\educational_administration_system\Application\Teacher\Controller\ContentController.class.php 第 19 行.
NOTIC: [8] Use of undefined constant id - assumed 'id' D:\xampp\htdocs\ZH\educational_administration_system\Application\Teacher\Controller\ContentController.class.php 第 20 行.
NOTIC: [8] Use of undefined constant count1 - assumed 'count1' D:\xampp\htdocs\ZH\educational_administration_system\Application\Teacher\Controller\ContentController.class.php 第 28 行.
NOTIC: [8] Use of undefined constant stuID - assumed 'stuID' D:\xampp\htdocs\ZH\educational_administration_system\Application\Teacher\Controller\ContentController.class.php 第 29 行.
NOTIC: [8] Use of undefined constant courseid - assumed 'courseid' D:\xampp\htdocs\ZH\educational_administration_system\Application\Teacher\Controller\ContentController.class.php 第 19 行.
NOTIC: [8] Use of undefined constant id - assumed 'id' D:\xampp\htdocs\ZH\educational_administration_system\Application\Teacher\Controller\ContentController.class.php 第 20 行.
NOTIC: [8] Use of undefined constant count1 - assumed 'count1' D:\xampp\htdocs\ZH\educational_administration_system\Application\Teacher\Controller\ContentController.class.php 第 28 行.
NOTIC: [8] Use of undefined constant stuID - assumed 'stuID' D:\xampp\htdocs\ZH\educational_administration_system\Application\Teacher\Controller\ContentController.class.php 第 29 行.
NOTIC: [8] Use of undefined constant courseid - assumed 'courseid' D:\xampp\htdocs\ZH\educational_administration_system\Application\Teacher\Controller\ContentController.class.php 第 19 行.
NOTIC: [8] Use of undefined constant id - assumed 'id' D:\xampp\htdocs\ZH\educational_administration_system\Application\Teacher\Controller\ContentController.class.php 第 20 行.
NOTIC: [8] Use of undefined constant count1 - assumed 'count1' D:\xampp\htdocs\ZH\educational_administration_system\Application\Teacher\Controller\ContentController.class.php 第 28 行.
NOTIC: [8] Use of undefined constant stuID - assumed 'stuID' D:\xampp\htdocs\ZH\educational_administration_system\Application\Teacher\Controller\ContentController.class.php 第 29 行.
NOTIC: [8] Use of undefined constant courseid - assumed 'courseid' D:\xampp\htdocs\ZH\educational_administration_system\Application\Teacher\Controller\ContentController.class.php 第 19 行.
NOTIC: [8] Use of undefined constant id - assumed 'id' D:\xampp\htdocs\ZH\educational_administration_system\Application\Teacher\Controller\ContentController.class.php 第 20 行.
NOTIC: [8] Use of undefined constant user - assumed 'user' D:\xampp\htdocs\ZH\educational_administration_system\Application\Teacher\Controller\ContentController.class.php 第 25 行.
NOTIC: [8] Use of undefined constant count1 - assumed 'count1' D:\xampp\htdocs\ZH\educational_administration_system\Application\Teacher\Controller\ContentController.class.php 第 28 行.
NOTIC: [8] Use of undefined constant stuID - assumed 'stuID' D:\xampp\htdocs\ZH\educational_administration_system\Application\Teacher\Controller\ContentController.class.php 第 29 行.
NOTIC: [8] Use of undefined constant courseid - assumed 'courseid' D:\xampp\htdocs\ZH\educational_administration_system\Application\Teacher\Controller\ContentController.class.php 第 19 行.
NOTIC: [8] Use of undefined constant id - assumed 'id' D:\xampp\htdocs\ZH\educational_administration_system\Application\Teacher\Controller\ContentController.class.php 第 20 行.
NOTIC: [8] Use of undefined constant count1 - assumed 'count1' D:\xampp\htdocs\ZH\educational_administration_system\Application\Teacher\Controller\ContentController.class.php 第 28 行.
NOTIC: [8] Use of undefined constant stuID - assumed 'stuID' D:\xampp\htdocs\ZH\educational_administration_system\Application\Teacher\Controller\ContentController.class.php 第 29 行.
NOTIC: [8] Use of undefined constant courseid - assumed 'courseid' D:\xampp\htdocs\ZH\educational_administration_system\Application\Teacher\Controller\ContentController.class.php 第 19 行.
NOTIC: [8] Use of undefined constant id - assumed 'id' D:\xampp\htdocs\ZH\educational_administration_system\Application\Teacher\Controller\ContentController.class.php 第 20 行.
NOTIC: [8] Use of undefined constant count1 - assumed 'count1' D:\xampp\htdocs\ZH\educational_administration_system\Application\Teacher\Controller\ContentController.class.php 第 28 行.
NOTIC: [8] Use of undefined constant stuID - assumed 'stuID' D:\xampp\htdocs\ZH\educational_administration_system\Application\Teacher\Controller\ContentController.class.php 第 29 行.
INFO: [ view_parse ] --START--
INFO: [ template_filter ] --START--
INFO: Run Behavior\ContentReplaceBehavior [ RunTime:0.000051s ]
INFO: [ template_filter ] --END-- [ RunTime:0.000122s ]
NOTIC: [8] Undefined variable: user D:\xampp\htdocs\ZH\educational_administration_system\Application\Runtime\Cache\Teacher\a7e244bda1181bed3af8bcfaa6b7c7a1.php 第 49 行.
INFO: Run Behavior\ParseTemplateBehavior [ RunTime:0.140042s ]
INFO: [ view_parse ] --END-- [ RunTime:0.140092s ]
INFO: [ view_filter ] --START--
INFO: Run Behavior\WriteHtmlCacheBehavior [ RunTime:0.000725s ]
INFO: [ view_filter ] --END-- [ RunTime:0.000768s ]
INFO: [ app_end ] --START--
INFO: Run Behavior\ShowPageTraceBehavior [ RunTime:0.001043s ]
INFO: [ app_end ] --END-- [ RunTime:0.001091s ]

[ 2017-03-24T15:23:34+08:00 ] ::1 /ZH/educational_administration_system/index.php/Teacher/Content/courseDetail
INFO: [ app_init ] --START--
INFO: Run Behavior\BuildLiteBehavior [ RunTime:0.000010s ]
INFO: [ app_init ] --END-- [ RunTime:0.000372s ]
INFO: [ app_begin ] --START--
INFO: Run Behavior\ReadHtmlCacheBehavior [ RunTime:0.000926s ]
INFO: [ app_begin ] --END-- [ RunTime:0.001059s ]
SQL: SHOW COLUMNS FROM `edu_course` [ RunTime:0.0384s ]
NOTIC: [8] Use of undefined constant id - assumed 'id' D:\xampp\htdocs\ZH\educational_administration_system\Application\Teacher\Controller\ContentController.class.php 第 41 行.
SQL: SELECT `plan` FROM `edu_course` WHERE `id` = 6 LIMIT 1   [ RunTime:0.0003s ]
SQL: SHOW COLUMNS FROM `edu_login` [ RunTime:0.0325s ]
NOTIC: [8] Use of undefined constant user - assumed 'user' D:\xampp\htdocs\ZH\educational_administration_system\Application\Teacher\Controller\ContentController.class.php 第 47 行.
SQL: SELECT * FROM `edu_login` WHERE `user` = '1317404001' LIMIT 1   [ RunTime:0.0004s ]
NOTIC: [8] Use of undefined constant room - assumed 'room' D:\xampp\htdocs\ZH\educational_administration_system\Application\Teacher\Controller\ContentController.class.php 第 49 行.
NOTIC: [8] Use of undefined constant user - assumed 'user' D:\xampp\htdocs\ZH\educational_administration_system\Application\Teacher\Controller\ContentController.class.php 第 47 行.
SQL: SELECT * FROM `edu_login` WHERE `user` = '1317404002' LIMIT 1   [ RunTime:0.0003s ]
NOTIC: [8] Use of undefined constant room - assumed 'room' D:\xampp\htdocs\ZH\educational_administration_system\Application\Teacher\Controller\ContentController.class.php 第 49 行.
NOTIC: [8] Use of undefined constant user - assumed 'user' D:\xampp\htdocs\ZH\educational_administration_system\Application\Teacher\Controller\ContentController.class.php 第 47 行.
SQL: SELECT * FROM `edu_login` WHERE `user` = '1317404003' LIMIT 1   [ RunTime:0.0003s ]
NOTIC: [8] Use of undefined constant room - assumed 'room' D:\xampp\htdocs\ZH\educational_administration_system\Application\Teacher\Controller\ContentController.class.php 第 49 行.
NOTIC: [8] Use of undefined constant user - assumed 'user' D:\xampp\htdocs\ZH\educational_administration_system\Application\Teacher\Controller\ContentController.class.php 第 47 行.
SQL: SELECT * FROM `edu_login` WHERE `user` = '1317404005' LIMIT 1   [ RunTime:0.0003s ]
NOTIC: [8] Use of undefined constant room - assumed 'room' D:\xampp\htdocs\ZH\educational_administration_system\Application\Teacher\Controller\ContentController.class.php 第 49 行.
NOTIC: [8] Use of undefined constant user - assumed 'user' D:\xampp\htdocs\ZH\educational_administration_system\Application\Teacher\Controller\ContentController.class.php 第 55 行.
NOTIC: [8] Use of undefined constant user - assumed 'user' D:\xampp\htdocs\ZH\educational_administration_system\Application\Teacher\Controller\ContentController.class.php 第 55 行.
NOTIC: [8] Use of undefined constant user - assumed 'user' D:\xampp\htdocs\ZH\educational_administration_system\Application\Teacher\Controller\ContentController.class.php 第 55 行.
NOTIC: [8] Use of undefined constant user - assumed 'user' D:\xampp\htdocs\ZH\educational_administration_system\Application\Teacher\Controller\ContentController.class.php 第 55 行.
NOTIC: [8] Use of undefined constant user - assumed 'user' D:\xampp\htdocs\ZH\educational_administration_system\Application\Teacher\Controller\ContentController.class.php 第 55 行.
NOTIC: [8] Use of undefined constant user - assumed 'user' D:\xampp\htdocs\ZH\educational_administration_system\Application\Teacher\Controller\ContentController.class.php 第 55 行.
NOTIC: [8] Use of undefined constant user - assumed 'user' D:\xampp\htdocs\ZH\educational_administration_system\Application\Teacher\Controller\ContentController.class.php 第 55 行.
NOTIC: [8] Use of undefined constant user - assumed 'user' D:\xampp\htdocs\ZH\educational_administration_system\Application\Teacher\Controller\ContentController.class.php 第 55 行.
NOTIC: [8] Use of undefined constant user - assumed 'user' D:\xampp\htdocs\ZH\educational_administration_system\Application\Teacher\Controller\ContentController.class.php 第 55 行.
NOTIC: [8] Use of undefined constant user - assumed 'user' D:\xampp\htdocs\ZH\educational_administration_system\Application\Teacher\Controller\ContentController.class.php 第 55 行.
NOTIC: [8] Use of undefined constant user - assumed 'user' D:\xampp\htdocs\ZH\educational_administration_system\Application\Teacher\Controller\ContentController.class.php 第 55 行.
NOTIC: [8] Use of undefined constant user - assumed 'user' D:\xampp\htdocs\ZH\educational_administration_system\Application\Teacher\Controller\ContentController.class.php 第 55 行.

[ 2017-03-24T15:23:39+08:00 ] ::1 /ZH/educational_administration_system/index.php/Teacher/Content/courseDetail
INFO: [ app_init ] --START--
INFO: Run Behavior\BuildLiteBehavior [ RunTime:0.000009s ]
INFO: [ app_init ] --END-- [ RunTime:0.000308s ]
INFO: [ app_begin ] --START--
INFO: Run Behavior\ReadHtmlCacheBehavior [ RunTime:0.000605s ]
INFO: [ app_begin ] --END-- [ RunTime:0.000632s ]
SQL: SHOW COLUMNS FROM `edu_course` [ RunTime:0.0184s ]
NOTIC: [8] Use of undefined constant id - assumed 'id' D:\xampp\htdocs\ZH\educational_administration_system\Application\Teacher\Controller\ContentController.class.php 第 41 行.
SQL: SELECT `plan` FROM `edu_course` WHERE `id` = 10 LIMIT 1   [ RunTime:0.0003s ]
SQL: SHOW COLUMNS FROM `edu_login` [ RunTime:0.0058s ]
NOTIC: [8] Use of undefined constant user - assumed 'user' D:\xampp\htdocs\ZH\educational_administration_system\Application\Teacher\Controller\ContentController.class.php 第 47 行.
SQL: SELECT * FROM `edu_login` WHERE `user` = '1317404001' LIMIT 1   [ RunTime:0.0004s ]
NOTIC: [8] Use of undefined constant room - assumed 'room' D:\xampp\htdocs\ZH\educational_administration_system\Application\Teacher\Controller\ContentController.class.php 第 49 行.
NOTIC: [8] Use of undefined constant user - assumed 'user' D:\xampp\htdocs\ZH\educational_administration_system\Application\Teacher\Controller\ContentController.class.php 第 47 行.
SQL: SELECT * FROM `edu_login` WHERE `user` = '1317403901' LIMIT 1   [ RunTime:0.0003s ]
NOTIC: [8] Use of undefined constant room - assumed 'room' D:\xampp\htdocs\ZH\educational_administration_system\Application\Teacher\Controller\ContentController.class.php 第 49 行.
NOTIC: [8] Use of undefined constant user - assumed 'user' D:\xampp\htdocs\ZH\educational_administration_system\Application\Teacher\Controller\ContentController.class.php 第 47 行.
SQL: SELECT * FROM `edu_login` WHERE `user` = '1317404002' LIMIT 1   [ RunTime:0.0003s ]
NOTIC: [8] Use of undefined constant room - assumed 'room' D:\xampp\htdocs\ZH\educational_administration_system\Application\Teacher\Controller\ContentController.class.php 第 49 行.
NOTIC: [8] Use of undefined constant user - assumed 'user' D:\xampp\htdocs\ZH\educational_administration_system\Application\Teacher\Controller\ContentController.class.php 第 47 行.
SQL: SELECT * FROM `edu_login` WHERE `user` = '1317404005' LIMIT 1   [ RunTime:0.0003s ]
NOTIC: [8] Use of undefined constant room - assumed 'room' D:\xampp\htdocs\ZH\educational_administration_system\Application\Teacher\Controller\ContentController.class.php 第 49 行.
NOTIC: [8] Use of undefined constant user - assumed 'user' D:\xampp\htdocs\ZH\educational_administration_system\Application\Teacher\Controller\ContentController.class.php 第 55 行.
NOTIC: [8] Use of undefined constant user - assumed 'user' D:\xampp\htdocs\ZH\educational_administration_system\Application\Teacher\Controller\ContentController.class.php 第 55 行.
NOTIC: [8] Use of undefined constant user - assumed 'user' D:\xampp\htdocs\ZH\educational_administration_system\Application\Teacher\Controller\ContentController.class.php 第 55 行.
NOTIC: [8] Use of undefined constant user - assumed 'user' D:\xampp\htdocs\ZH\educational_administration_system\Application\Teacher\Controller\ContentController.class.php 第 55 行.
NOTIC: [8] Use of undefined constant user - assumed 'user' D:\xampp\htdocs\ZH\educational_administration_system\Application\Teacher\Controller\ContentController.class.php 第 55 行.
NOTIC: [8] Use of undefined constant user - assumed 'user' D:\xampp\htdocs\ZH\educational_administration_system\Application\Teacher\Controller\ContentController.class.php 第 55 行.
NOTIC: [8] Use of undefined constant user - assumed 'user' D:\xampp\htdocs\ZH\educational_administration_system\Application\Teacher\Controller\ContentController.class.php 第 55 行.
NOTIC: [8] Use of undefined constant user - assumed 'user' D:\xampp\htdocs\ZH\educational_administration_system\Application\Teacher\Controller\ContentController.class.php 第 55 行.
NOTIC: [8] Use of undefined constant user - assumed 'user' D:\xampp\htdocs\ZH\educational_administration_system\Application\Teacher\Controller\ContentController.class.php 第 55 行.
NOTIC: [8] Use of undefined constant user - assumed 'user' D:\xampp\htdocs\ZH\educational_administration_system\Application\Teacher\Controller\ContentController.class.php 第 55 行.
NOTIC: [8] Use of undefined constant user - assumed 'user' D:\xampp\htdocs\ZH\educational_administration_system\Application\Teacher\Controller\ContentController.class.php 第 55 行.
NOTIC: [8] Use of undefined constant user - assumed 'user' D:\xampp\htdocs\ZH\educational_administration_system\Application\Teacher\Controller\ContentController.class.php 第 55 行.

[ 2017-03-24T15:23:43+08:00 ] ::1 /ZH/educational_administration_system/index.php/Teacher/Content/courseDetail
INFO: [ app_init ] --START--
INFO: Run Behavior\BuildLiteBehavior [ RunTime:0.000013s ]
INFO: [ app_init ] --END-- [ RunTime:0.000404s ]
INFO: [ app_begin ] --START--
INFO: Run Behavior\ReadHtmlCacheBehavior [ RunTime:0.001032s ]
INFO: [ app_begin ] --END-- [ RunTime:0.001099s ]
SQL: SHOW COLUMNS FROM `edu_course` [ RunTime:0.0352s ]
NOTIC: [8] Use of undefined constant id - assumed 'id' D:\xampp\htdocs\ZH\educational_administration_system\Application\Teacher\Controller\ContentController.class.php 第 41 行.
SQL: SELECT `plan` FROM `edu_course` WHERE `id` = 11 LIMIT 1   [ RunTime:0.0003s ]
SQL: SHOW COLUMNS FROM `edu_login` [ RunTime:0.0063s ]
NOTIC: [8] Use of undefined constant user - assumed 'user' D:\xampp\htdocs\ZH\educational_administration_system\Application\Teacher\Controller\ContentController.class.php 第 47 行.
SQL: SELECT * FROM `edu_login` WHERE `user` = '1317404001' LIMIT 1   [ RunTime:0.0003s ]
NOTIC: [8] Use of undefined constant room - assumed 'room' D:\xampp\htdocs\ZH\educational_administration_system\Application\Teacher\Controller\ContentController.class.php 第 49 行.
NOTIC: [8] Use of undefined constant user - assumed 'user' D:\xampp\htdocs\ZH\educational_administration_system\Application\Teacher\Controller\ContentController.class.php 第 47 行.
SQL: SELECT * FROM `edu_login` WHERE `user` = '1317404005' LIMIT 1   [ RunTime:0.0002s ]
NOTIC: [8] Use of undefined constant room - assumed 'room' D:\xampp\htdocs\ZH\educational_administration_system\Application\Teacher\Controller\ContentController.class.php 第 49 行.
NOTIC: [8] Use of undefined constant user - assumed 'user' D:\xampp\htdocs\ZH\educational_administration_system\Application\Teacher\Controller\ContentController.class.php 第 55 行.
NOTIC: [8] Use of undefined constant user - assumed 'user' D:\xampp\htdocs\ZH\educational_administration_system\Application\Teacher\Controller\ContentController.class.php 第 55 行.

