[ 2017-03-15T17:02:00+08:00 ] ::1 /ZH/educational_administration_system/index.php//Teacher/Index/index/name/%E5%87%8C%E5%85%B4%E5%AE%8F
INFO: [ app_init ] --START--
INFO: Run Behavior\BuildLiteBehavior [ RunTime:0.000010s ]
INFO: [ app_init ] --END-- [ RunTime:0.000347s ]
INFO: [ app_begin ] --START--
INFO: Run Behavior\ReadHtmlCacheBehavior [ RunTime:0.000786s ]
INFO: [ app_begin ] --END-- [ RunTime:0.000835s ]
INFO: [ view_parse ] --START--
INFO: [ template_filter ] --START--
INFO: Run Behavior\ContentReplaceBehavior [ RunTime:0.000071s ]
INFO: [ template_filter ] --END-- [ RunTime:0.000116s ]
INFO: Run Behavior\ParseTemplateBehavior [ RunTime:0.042050s ]
INFO: [ view_parse ] --END-- [ RunTime:0.042105s ]
INFO: [ view_filter ] --START--
INFO: Run Behavior\WriteHtmlCacheBehavior [ RunTime:0.000541s ]
INFO: [ view_filter ] --END-- [ RunTime:0.000569s ]
INFO: [ app_end ] --START--
INFO: Run Behavior\ShowPageTraceBehavior [ RunTime:0.001410s ]
INFO: [ app_end ] --END-- [ RunTime:0.001494s ]

[ 2017-03-15T17:02:23+08:00 ] ::1 /ZH/educational_administration_system/index.php//Teacher/Index/index/name/%E5%87%8C%E5%85%B4%E5%AE%8F
INFO: [ app_init ] --START--
INFO: Run Behavior\BuildLiteBehavior [ RunTime:0.000010s ]
INFO: [ app_init ] --END-- [ RunTime:0.000363s ]
INFO: [ app_begin ] --START--
INFO: Run Behavior\ReadHtmlCacheBehavior [ RunTime:0.001049s ]
INFO: [ app_begin ] --END-- [ RunTime:0.001107s ]
INFO: [ view_parse ] --START--
INFO: [ template_filter ] --START--
INFO: Run Behavior\ContentReplaceBehavior [ RunTime:0.000069s ]
INFO: [ template_filter ] --END-- [ RunTime:0.000119s ]
INFO: Run Behavior\ParseTemplateBehavior [ RunTime:0.052877s ]
INFO: [ view_parse ] --END-- [ RunTime:0.052943s ]
INFO: [ view_filter ] --START--
INFO: Run Behavior\WriteHtmlCacheBehavior [ RunTime:0.000560s ]
INFO: [ view_filter ] --END-- [ RunTime:0.000599s ]
INFO: [ app_end ] --START--
INFO: Run Behavior\ShowPageTraceBehavior [ RunTime:0.006016s ]
INFO: [ app_end ] --END-- [ RunTime:0.006126s ]

[ 2017-03-15T17:02:32+08:00 ] ::1 /ZH/educational_administration_system/index.php//Teacher/Index/index/name/%E5%87%8C%E5%85%B4%E5%AE%8F
INFO: [ app_init ] --START--
INFO: Run Behavior\BuildLiteBehavior [ RunTime:0.000009s ]
INFO: [ app_init ] --END-- [ RunTime:0.000342s ]
INFO: [ app_begin ] --START--
INFO: Run Behavior\ReadHtmlCacheBehavior [ RunTime:0.000712s ]
INFO: [ app_begin ] --END-- [ RunTime:0.000760s ]
INFO: [ view_parse ] --START--
INFO: [ template_filter ] --START--
INFO: Run Behavior\ContentReplaceBehavior [ RunTime:0.000064s ]
INFO: [ template_filter ] --END-- [ RunTime:0.000109s ]
INFO: Run Behavior\ParseTemplateBehavior [ RunTime:0.043461s ]
INFO: [ view_parse ] --END-- [ RunTime:0.043517s ]
INFO: [ view_filter ] --START--
INFO: Run Behavior\WriteHtmlCacheBehavior [ RunTime:0.000498s ]
INFO: [ view_filter ] --END-- [ RunTime:0.000524s ]
INFO: [ app_end ] --START--
INFO: Run Behavior\ShowPageTraceBehavior [ RunTime:0.001149s ]
INFO: [ app_end ] --END-- [ RunTime:0.001213s ]

[ 2017-03-15T17:05:14+08:00 ] ::1 /ZH/educational_administration_system/index.php//Teacher/Index/index/name/%E5%87%8C%E5%85%B4%E5%AE%8F
INFO: [ app_init ] --START--
INFO: Run Behavior\BuildLiteBehavior [ RunTime:0.000010s ]
INFO: [ app_init ] --END-- [ RunTime:0.000350s ]
INFO: [ app_begin ] --START--
INFO: Run Behavior\ReadHtmlCacheBehavior [ RunTime:0.000687s ]
INFO: [ app_begin ] --END-- [ RunTime:0.000724s ]
ERR: syntax error, unexpected '$this' (T_VARIABLE)

[ 2017-03-15T17:05:24+08:00 ] ::1 /ZH/educational_administration_system/index.php//Teacher/Index/index/name/%E5%87%8C%E5%85%B4%E5%AE%8F
INFO: [ app_init ] --START--
INFO: Run Behavior\BuildLiteBehavior [ RunTime:0.000009s ]
INFO: [ app_init ] --END-- [ RunTime:0.000369s ]
INFO: [ app_begin ] --START--
INFO: Run Behavior\ReadHtmlCacheBehavior [ RunTime:0.000672s ]
INFO: [ app_begin ] --END-- [ RunTime:0.000704s ]
INFO: [ view_parse ] --START--
INFO: [ template_filter ] --START--
INFO: Run Behavior\ContentReplaceBehavior [ RunTime:0.000070s ]
INFO: [ template_filter ] --END-- [ RunTime:0.000123s ]
INFO: Run Behavior\ParseTemplateBehavior [ RunTime:0.045123s ]
INFO: [ view_parse ] --END-- [ RunTime:0.045181s ]
INFO: [ view_filter ] --START--
INFO: Run Behavior\WriteHtmlCacheBehavior [ RunTime:0.000496s ]
INFO: [ view_filter ] --END-- [ RunTime:0.000521s ]
INFO: [ app_end ] --START--
INFO: Run Behavior\ShowPageTraceBehavior [ RunTime:0.001183s ]
INFO: [ app_end ] --END-- [ RunTime:0.001253s ]

[ 2017-03-15T17:07:28+08:00 ] ::1 /ZH/educational_administration_system/index.php//Teacher/Index/index/name/%E5%87%8C%E5%85%B4%E5%AE%8F
INFO: [ app_init ] --START--
INFO: Run Behavior\BuildLiteBehavior [ RunTime:0.000010s ]
INFO: [ app_init ] --END-- [ RunTime:0.000349s ]
INFO: [ app_begin ] --START--
INFO: Run Behavior\ReadHtmlCacheBehavior [ RunTime:0.000670s ]
INFO: [ app_begin ] --END-- [ RunTime:0.000705s ]
SQL: SHOW COLUMNS FROM `edu_info` [ RunTime:0.0223s ]
SQL: SELECT COUNT(*) AS tp_count FROM `edu_info` WHERE `reader` = '040169' LIMIT 1   [ RunTime:0.0003s ]
INFO: [ view_parse ] --START--
INFO: [ template_filter ] --START--
INFO: Run Behavior\ContentReplaceBehavior [ RunTime:0.000068s ]
INFO: [ template_filter ] --END-- [ RunTime:0.000102s ]
INFO: Run Behavior\ParseTemplateBehavior [ RunTime:0.044703s ]
INFO: [ view_parse ] --END-- [ RunTime:0.044755s ]
INFO: [ view_filter ] --START--
INFO: Run Behavior\WriteHtmlCacheBehavior [ RunTime:0.000545s ]
INFO: [ view_filter ] --END-- [ RunTime:0.000575s ]
INFO: [ app_end ] --START--
INFO: Run Behavior\ShowPageTraceBehavior [ RunTime:0.001554s ]
INFO: [ app_end ] --END-- [ RunTime:0.001663s ]

[ 2017-03-15T17:08:55+08:00 ] ::1 /ZH/educational_administration_system/index.php//Teacher/Index/index/name/%E5%87%8C%E5%85%B4%E5%AE%8F
INFO: [ app_init ] --START--
INFO: Run Behavior\BuildLiteBehavior [ RunTime:0.000011s ]
INFO: [ app_init ] --END-- [ RunTime:0.000393s ]
INFO: [ app_begin ] --START--
INFO: Run Behavior\ReadHtmlCacheBehavior [ RunTime:0.001657s ]
INFO: [ app_begin ] --END-- [ RunTime:0.001757s ]
SQL: SHOW COLUMNS FROM `edu_info` [ RunTime:0.0346s ]
SQL: SELECT COUNT(*) AS tp_count FROM `edu_info` WHERE `reader` = '040169' LIMIT 1   [ RunTime:0.0002s ]
INFO: [ view_parse ] --START--
INFO: [ template_filter ] --START--
INFO: Run Behavior\ContentReplaceBehavior [ RunTime:0.000075s ]
INFO: [ template_filter ] --END-- [ RunTime:0.000125s ]
INFO: Run Behavior\ParseTemplateBehavior [ RunTime:0.060952s ]
INFO: [ view_parse ] --END-- [ RunTime:0.061019s ]
INFO: [ view_filter ] --START--
INFO: Run Behavior\WriteHtmlCacheBehavior [ RunTime:0.000749s ]
INFO: [ view_filter ] --END-- [ RunTime:0.000795s ]
INFO: [ app_end ] --START--
INFO: Run Behavior\ShowPageTraceBehavior [ RunTime:0.001171s ]
INFO: [ app_end ] --END-- [ RunTime:0.001242s ]

[ 2017-03-15T17:09:20+08:00 ] ::1 /ZH/educational_administration_system/index.php//Teacher/Index/index/name/%E5%87%8C%E5%85%B4%E5%AE%8F
INFO: [ app_init ] --START--
INFO: Run Behavior\BuildLiteBehavior [ RunTime:0.000009s ]
INFO: [ app_init ] --END-- [ RunTime:0.000320s ]
INFO: [ app_begin ] --START--
INFO: Run Behavior\ReadHtmlCacheBehavior [ RunTime:0.000660s ]
INFO: [ app_begin ] --END-- [ RunTime:0.000693s ]
SQL: SHOW COLUMNS FROM `edu_info` [ RunTime:0.0089s ]
SQL: SELECT COUNT(*) AS tp_count FROM `edu_info` WHERE `reader` = '040169' LIMIT 1   [ RunTime:0.0003s ]
INFO: [ view_parse ] --START--
INFO: [ template_filter ] --START--
INFO: Run Behavior\ContentReplaceBehavior [ RunTime:0.000074s ]
INFO: [ template_filter ] --END-- [ RunTime:0.000123s ]
INFO: Run Behavior\ParseTemplateBehavior [ RunTime:0.044598s ]
INFO: [ view_parse ] --END-- [ RunTime:0.044649s ]
INFO: [ view_filter ] --START--
INFO: Run Behavior\WriteHtmlCacheBehavior [ RunTime:0.000582s ]
INFO: [ view_filter ] --END-- [ RunTime:0.000620s ]
INFO: [ app_end ] --START--
INFO: Run Behavior\ShowPageTraceBehavior [ RunTime:0.001214s ]
INFO: [ app_end ] --END-- [ RunTime:0.001328s ]

[ 2017-03-15T17:09:33+08:00 ] ::1 /ZH/educational_administration_system/index.php//Teacher/Index/index/name/%E5%87%8C%E5%85%B4%E5%AE%8F
INFO: [ app_init ] --START--
INFO: Run Behavior\BuildLiteBehavior [ RunTime:0.000009s ]
INFO: [ app_init ] --END-- [ RunTime:0.000342s ]
INFO: [ app_begin ] --START--
INFO: Run Behavior\ReadHtmlCacheBehavior [ RunTime:0.000631s ]
INFO: [ app_begin ] --END-- [ RunTime:0.000673s ]
SQL: SHOW COLUMNS FROM `edu_info` [ RunTime:0.0263s ]
SQL: SELECT COUNT(*) AS tp_count FROM `edu_info` WHERE `reader` = '040169' LIMIT 1   [ RunTime:0.0003s ]
INFO: [ view_parse ] --START--
INFO: [ template_filter ] --START--
INFO: Run Behavior\ContentReplaceBehavior [ RunTime:0.000070s ]
INFO: [ template_filter ] --END-- [ RunTime:0.000115s ]
INFO: Run Behavior\ParseTemplateBehavior [ RunTime:0.043745s ]
INFO: [ view_parse ] --END-- [ RunTime:0.043794s ]
INFO: [ view_filter ] --START--
INFO: Run Behavior\WriteHtmlCacheBehavior [ RunTime:0.000510s ]
INFO: [ view_filter ] --END-- [ RunTime:0.000544s ]
INFO: [ app_end ] --START--
INFO: Run Behavior\ShowPageTraceBehavior [ RunTime:0.001156s ]
INFO: [ app_end ] --END-- [ RunTime:0.001226s ]

[ 2017-03-15T17:09:47+08:00 ] ::1 /ZH/educational_administration_system/index.php//Teacher/Index/index/name/%E5%87%8C%E5%85%B4%E5%AE%8F
INFO: [ app_init ] --START--
INFO: Run Behavior\BuildLiteBehavior [ RunTime:0.000009s ]
INFO: [ app_init ] --END-- [ RunTime:0.000318s ]
INFO: [ app_begin ] --START--
INFO: Run Behavior\ReadHtmlCacheBehavior [ RunTime:0.000632s ]
INFO: [ app_begin ] --END-- [ RunTime:0.000670s ]
SQL: SHOW COLUMNS FROM `edu_info` [ RunTime:0.0345s ]
SQL: SELECT COUNT(*) AS tp_count FROM `edu_info` WHERE `reader` = '040169' LIMIT 1   [ RunTime:0.0003s ]
INFO: [ view_parse ] --START--
INFO: [ template_filter ] --START--
INFO: Run Behavior\ContentReplaceBehavior [ RunTime:0.000067s ]
INFO: [ template_filter ] --END-- [ RunTime:0.000108s ]
INFO: Run Behavior\ParseTemplateBehavior [ RunTime:0.043219s ]
INFO: [ view_parse ] --END-- [ RunTime:0.043271s ]
INFO: [ view_filter ] --START--
INFO: Run Behavior\WriteHtmlCacheBehavior [ RunTime:0.000523s ]
INFO: [ view_filter ] --END-- [ RunTime:0.000551s ]
INFO: [ app_end ] --START--
INFO: Run Behavior\ShowPageTraceBehavior [ RunTime:0.001180s ]
INFO: [ app_end ] --END-- [ RunTime:0.001246s ]

[ 2017-03-15T17:11:10+08:00 ] ::1 /ZH/educational_administration_system/index.php//Teacher/Index/index/name/%E5%87%8C%E5%85%B4%E5%AE%8F
INFO: [ app_init ] --START--
INFO: Run Behavior\BuildLiteBehavior [ RunTime:0.000009s ]
INFO: [ app_init ] --END-- [ RunTime:0.000360s ]
INFO: [ app_begin ] --START--
INFO: Run Behavior\ReadHtmlCacheBehavior [ RunTime:0.000691s ]
INFO: [ app_begin ] --END-- [ RunTime:0.000740s ]
SQL: SHOW COLUMNS FROM `edu_info` [ RunTime:0.0110s ]
SQL: SELECT COUNT(*) AS tp_count FROM `edu_info` WHERE `reader` = '040169' LIMIT 1   [ RunTime:0.0003s ]
INFO: [ view_parse ] --START--
INFO: [ template_filter ] --START--
INFO: Run Behavior\ContentReplaceBehavior [ RunTime:0.000070s ]
INFO: [ template_filter ] --END-- [ RunTime:0.000110s ]
INFO: Run Behavior\ParseTemplateBehavior [ RunTime:0.043996s ]
INFO: [ view_parse ] --END-- [ RunTime:0.044068s ]
INFO: [ view_filter ] --START--
INFO: Run Behavior\WriteHtmlCacheBehavior [ RunTime:0.000558s ]
INFO: [ view_filter ] --END-- [ RunTime:0.000592s ]
INFO: [ app_end ] --START--
INFO: Run Behavior\ShowPageTraceBehavior [ RunTime:0.001376s ]
INFO: [ app_end ] --END-- [ RunTime:0.001452s ]

[ 2017-03-15T17:11:39+08:00 ] ::1 /ZH/educational_administration_system/index.php//Teacher/Index/index/name/%E5%87%8C%E5%85%B4%E5%AE%8F
INFO: [ app_init ] --START--
INFO: Run Behavior\BuildLiteBehavior [ RunTime:0.000011s ]
INFO: [ app_init ] --END-- [ RunTime:0.000358s ]
INFO: [ app_begin ] --START--
INFO: Run Behavior\ReadHtmlCacheBehavior [ RunTime:0.000674s ]
INFO: [ app_begin ] --END-- [ RunTime:0.000707s ]
SQL: SHOW COLUMNS FROM `edu_info` [ RunTime:0.0114s ]
SQL: SELECT COUNT(*) AS tp_count FROM `edu_info` WHERE `reader` = '040169' LIMIT 1   [ RunTime:0.0003s ]
INFO: [ view_parse ] --START--
INFO: [ template_filter ] --START--
INFO: Run Behavior\ContentReplaceBehavior [ RunTime:0.000076s ]
INFO: [ template_filter ] --END-- [ RunTime:0.000132s ]
INFO: Run Behavior\ParseTemplateBehavior [ RunTime:0.042606s ]
INFO: [ view_parse ] --END-- [ RunTime:0.042655s ]
INFO: [ view_filter ] --START--
INFO: Run Behavior\WriteHtmlCacheBehavior [ RunTime:0.000512s ]
INFO: [ view_filter ] --END-- [ RunTime:0.000540s ]
INFO: [ app_end ] --START--
INFO: Run Behavior\ShowPageTraceBehavior [ RunTime:0.001329s ]
INFO: [ app_end ] --END-- [ RunTime:0.001408s ]

[ 2017-03-15T17:12:35+08:00 ] ::1 /ZH/educational_administration_system/index.php//Teacher/Index/index/name/%E5%87%8C%E5%85%B4%E5%AE%8F
INFO: [ app_init ] --START--
INFO: Run Behavior\BuildLiteBehavior [ RunTime:0.000009s ]
INFO: [ app_init ] --END-- [ RunTime:0.000350s ]
INFO: [ app_begin ] --START--
INFO: Run Behavior\ReadHtmlCacheBehavior [ RunTime:0.000650s ]
INFO: [ app_begin ] --END-- [ RunTime:0.000682s ]
SQL: SHOW COLUMNS FROM `edu_info` [ RunTime:0.0295s ]
SQL: SELECT COUNT(*) AS tp_count FROM `edu_info` WHERE `reader` = '040169' LIMIT 1   [ RunTime:0.0003s ]
INFO: [ view_parse ] --START--
INFO: [ template_filter ] --START--
INFO: Run Behavior\ContentReplaceBehavior [ RunTime:0.000068s ]
INFO: [ template_filter ] --END-- [ RunTime:0.000110s ]
INFO: Run Behavior\ParseTemplateBehavior [ RunTime:0.045881s ]
INFO: [ view_parse ] --END-- [ RunTime:0.045949s ]
INFO: [ view_filter ] --START--
INFO: Run Behavior\WriteHtmlCacheBehavior [ RunTime:0.000598s ]
INFO: [ view_filter ] --END-- [ RunTime:0.000639s ]
INFO: [ app_end ] --START--
INFO: Run Behavior\ShowPageTraceBehavior [ RunTime:0.002836s ]
INFO: [ app_end ] --END-- [ RunTime:0.002938s ]

[ 2017-03-15T17:12:55+08:00 ] ::1 /ZH/educational_administration_system/index.php//Teacher/Index/index/name/%E5%87%8C%E5%85%B4%E5%AE%8F
INFO: [ app_init ] --START--
INFO: Run Behavior\BuildLiteBehavior [ RunTime:0.000009s ]
INFO: [ app_init ] --END-- [ RunTime:0.000337s ]
INFO: [ app_begin ] --START--
INFO: Run Behavior\ReadHtmlCacheBehavior [ RunTime:0.000612s ]
INFO: [ app_begin ] --END-- [ RunTime:0.000643s ]
SQL: SHOW COLUMNS FROM `edu_info` [ RunTime:0.0404s ]
SQL: SELECT COUNT(*) AS tp_count FROM `edu_info` WHERE `reader` = '040169' LIMIT 1   [ RunTime:0.0003s ]
INFO: [ view_parse ] --START--
INFO: [ template_filter ] --START--
INFO: Run Behavior\ContentReplaceBehavior [ RunTime:0.000071s ]
INFO: [ template_filter ] --END-- [ RunTime:0.000113s ]
INFO: Run Behavior\ParseTemplateBehavior [ RunTime:0.043673s ]
INFO: [ view_parse ] --END-- [ RunTime:0.043724s ]
INFO: [ view_filter ] --START--
INFO: Run Behavior\WriteHtmlCacheBehavior [ RunTime:0.000497s ]
INFO: [ view_filter ] --END-- [ RunTime:0.000522s ]
INFO: [ app_end ] --START--
INFO: Run Behavior\ShowPageTraceBehavior [ RunTime:0.001376s ]
INFO: [ app_end ] --END-- [ RunTime:0.001449s ]

[ 2017-03-15T17:13:15+08:00 ] ::1 /ZH/educational_administration_system/index.php//Teacher/Index/index/name/%E5%87%8C%E5%85%B4%E5%AE%8F
INFO: [ app_init ] --START--
INFO: Run Behavior\BuildLiteBehavior [ RunTime:0.000010s ]
INFO: [ app_init ] --END-- [ RunTime:0.000390s ]
INFO: [ app_begin ] --START--
INFO: Run Behavior\ReadHtmlCacheBehavior [ RunTime:0.000691s ]
INFO: [ app_begin ] --END-- [ RunTime:0.000728s ]
SQL: SHOW COLUMNS FROM `edu_info` [ RunTime:0.0242s ]
SQL: SELECT COUNT(*) AS tp_count FROM `edu_info` WHERE `reader` = '040169' LIMIT 1   [ RunTime:0.0003s ]
INFO: [ view_parse ] --START--
INFO: [ template_filter ] --START--
INFO: Run Behavior\ContentReplaceBehavior [ RunTime:0.000076s ]
INFO: [ template_filter ] --END-- [ RunTime:0.000138s ]
INFO: Run Behavior\ParseTemplateBehavior [ RunTime:0.066991s ]
INFO: [ view_parse ] --END-- [ RunTime:0.067057s ]
INFO: [ view_filter ] --START--
INFO: Run Behavior\WriteHtmlCacheBehavior [ RunTime:0.000769s ]
INFO: [ view_filter ] --END-- [ RunTime:0.000816s ]
INFO: [ app_end ] --START--
INFO: Run Behavior\ShowPageTraceBehavior [ RunTime:0.001167s ]
INFO: [ app_end ] --END-- [ RunTime:0.001237s ]

[ 2017-03-15T17:13:23+08:00 ] ::1 /ZH/educational_administration_system/index.php//Teacher/Index/index/name/%E5%87%8C%E5%85%B4%E5%AE%8F
INFO: [ app_init ] --START--
INFO: Run Behavior\BuildLiteBehavior [ RunTime:0.000008s ]
INFO: [ app_init ] --END-- [ RunTime:0.000383s ]
INFO: [ app_begin ] --START--
INFO: Run Behavior\ReadHtmlCacheBehavior [ RunTime:0.000627s ]
INFO: [ app_begin ] --END-- [ RunTime:0.000658s ]
SQL: SHOW COLUMNS FROM `edu_info` [ RunTime:0.0342s ]
SQL: SELECT COUNT(*) AS tp_count FROM `edu_info` WHERE `reader` = '040169' LIMIT 1   [ RunTime:0.0003s ]
INFO: [ view_parse ] --START--
INFO: [ template_filter ] --START--
INFO: Run Behavior\ContentReplaceBehavior [ RunTime:0.000064s ]
INFO: [ template_filter ] --END-- [ RunTime:0.000098s ]
INFO: Run Behavior\ParseTemplateBehavior [ RunTime:0.045086s ]
INFO: [ view_parse ] --END-- [ RunTime:0.045141s ]
INFO: [ view_filter ] --START--
INFO: Run Behavior\WriteHtmlCacheBehavior [ RunTime:0.000522s ]
INFO: [ view_filter ] --END-- [ RunTime:0.000550s ]
INFO: [ app_end ] --START--
INFO: Run Behavior\ShowPageTraceBehavior [ RunTime:0.001281s ]
INFO: [ app_end ] --END-- [ RunTime:0.001352s ]

[ 2017-03-15T17:14:25+08:00 ] ::1 /ZH/educational_administration_system/index.php//Teacher/Index/index/name/%E5%87%8C%E5%85%B4%E5%AE%8F
INFO: [ app_init ] --START--
INFO: Run Behavior\BuildLiteBehavior [ RunTime:0.000010s ]
INFO: [ app_init ] --END-- [ RunTime:0.000384s ]
INFO: [ app_begin ] --START--
INFO: Run Behavior\ReadHtmlCacheBehavior [ RunTime:0.000869s ]
INFO: [ app_begin ] --END-- [ RunTime:0.000920s ]
SQL: SHOW COLUMNS FROM `edu_info` [ RunTime:0.0180s ]
SQL: SELECT COUNT(*) AS tp_count FROM `edu_info` WHERE `reader` = '040169' LIMIT 1   [ RunTime:0.0007s ]
INFO: [ view_parse ] --START--
INFO: [ template_filter ] --START--
INFO: Run Behavior\ContentReplaceBehavior [ RunTime:0.000069s ]
INFO: [ template_filter ] --END-- [ RunTime:0.000113s ]
INFO: Run Behavior\ParseTemplateBehavior [ RunTime:0.043951s ]
INFO: [ view_parse ] --END-- [ RunTime:0.044010s ]
INFO: [ view_filter ] --START--
INFO: Run Behavior\WriteHtmlCacheBehavior [ RunTime:0.000519s ]
INFO: [ view_filter ] --END-- [ RunTime:0.000550s ]
INFO: [ app_end ] --START--
INFO: Run Behavior\ShowPageTraceBehavior [ RunTime:0.001731s ]
INFO: [ app_end ] --END-- [ RunTime:0.001909s ]

[ 2017-03-15T17:14:39+08:00 ] ::1 /ZH/educational_administration_system/index.php//Teacher/Index/index/name/%E5%87%8C%E5%85%B4%E5%AE%8F
INFO: [ app_init ] --START--
INFO: Run Behavior\BuildLiteBehavior [ RunTime:0.000009s ]
INFO: [ app_init ] --END-- [ RunTime:0.000313s ]
INFO: [ app_begin ] --START--
INFO: Run Behavior\ReadHtmlCacheBehavior [ RunTime:0.000624s ]
INFO: [ app_begin ] --END-- [ RunTime:0.000655s ]
SQL: SHOW COLUMNS FROM `edu_info` [ RunTime:0.0168s ]
SQL: SELECT COUNT(*) AS tp_count FROM `edu_info` WHERE `reader` = '040169' LIMIT 1   [ RunTime:0.0003s ]
INFO: [ view_parse ] --START--
INFO: [ template_filter ] --START--
INFO: Run Behavior\ContentReplaceBehavior [ RunTime:0.000066s ]
INFO: [ template_filter ] --END-- [ RunTime:0.000108s ]
INFO: Run Behavior\ParseTemplateBehavior [ RunTime:0.042874s ]
INFO: [ view_parse ] --END-- [ RunTime:0.042926s ]
INFO: [ view_filter ] --START--
INFO: Run Behavior\WriteHtmlCacheBehavior [ RunTime:0.000491s ]
INFO: [ view_filter ] --END-- [ RunTime:0.000517s ]
INFO: [ app_end ] --START--
INFO: Run Behavior\ShowPageTraceBehavior [ RunTime:0.001204s ]
INFO: [ app_end ] --END-- [ RunTime:0.001276s ]

[ 2017-03-15T17:16:09+08:00 ] ::1 /ZH/educational_administration_system/index.php//Teacher/Index/index/name/%E5%87%8C%E5%85%B4%E5%AE%8F
INFO: [ app_init ] --START--
INFO: Run Behavior\BuildLiteBehavior [ RunTime:0.000011s ]
INFO: [ app_init ] --END-- [ RunTime:0.000383s ]
INFO: [ app_begin ] --START--
INFO: Run Behavior\ReadHtmlCacheBehavior [ RunTime:0.000661s ]
INFO: [ app_begin ] --END-- [ RunTime:0.000692s ]
SQL: SHOW COLUMNS FROM `edu_info` [ RunTime:0.0405s ]
SQL: SELECT COUNT(*) AS tp_count FROM `edu_info` WHERE `reader` = '040169' LIMIT 1   [ RunTime:0.0003s ]
INFO: [ view_parse ] --START--
INFO: [ template_filter ] --START--
INFO: Run Behavior\ContentReplaceBehavior [ RunTime:0.000068s ]
INFO: [ template_filter ] --END-- [ RunTime:0.000106s ]
INFO: Run Behavior\ParseTemplateBehavior [ RunTime:0.042385s ]
INFO: [ view_parse ] --END-- [ RunTime:0.042439s ]
INFO: [ view_filter ] --START--
INFO: Run Behavior\WriteHtmlCacheBehavior [ RunTime:0.000528s ]
INFO: [ view_filter ] --END-- [ RunTime:0.000556s ]
INFO: [ app_end ] --START--
INFO: Run Behavior\ShowPageTraceBehavior [ RunTime:0.001175s ]
INFO: [ app_end ] --END-- [ RunTime:0.001244s ]

[ 2017-03-15T17:16:39+08:00 ] ::1 /ZH/educational_administration_system/index.php//Teacher/Index/index/name/%E5%87%8C%E5%85%B4%E5%AE%8F
INFO: [ app_init ] --START--
INFO: Run Behavior\BuildLiteBehavior [ RunTime:0.000015s ]
INFO: [ app_init ] --END-- [ RunTime:0.000357s ]
INFO: [ app_begin ] --START--
INFO: Run Behavior\ReadHtmlCacheBehavior [ RunTime:0.000619s ]
INFO: [ app_begin ] --END-- [ RunTime:0.000650s ]
SQL: SHOW COLUMNS FROM `edu_info` [ RunTime:0.0334s ]
SQL: SELECT COUNT(*) AS tp_count FROM `edu_info` WHERE `reader` = '040169' LIMIT 1   [ RunTime:0.0003s ]
INFO: [ view_parse ] --START--
INFO: [ template_filter ] --START--
INFO: Run Behavior\ContentReplaceBehavior [ RunTime:0.000067s ]
INFO: [ template_filter ] --END-- [ RunTime:0.000101s ]
INFO: Run Behavior\ParseTemplateBehavior [ RunTime:0.040308s ]
INFO: [ view_parse ] --END-- [ RunTime:0.040360s ]
INFO: [ view_filter ] --START--
INFO: Run Behavior\WriteHtmlCacheBehavior [ RunTime:0.000519s ]
INFO: [ view_filter ] --END-- [ RunTime:0.000557s ]
INFO: [ app_end ] --START--
INFO: Run Behavior\ShowPageTraceBehavior [ RunTime:0.001178s ]
INFO: [ app_end ] --END-- [ RunTime:0.001245s ]

[ 2017-03-15T17:23:16+08:00 ] ::1 /ZH/educational_administration_system/index.php//Teacher/Index/index/name/%E5%87%8C%E5%85%B4%E5%AE%8F
INFO: [ app_init ] --START--
INFO: Run Behavior\BuildLiteBehavior [ RunTime:0.000009s ]
INFO: [ app_init ] --END-- [ RunTime:0.000358s ]
INFO: [ app_begin ] --START--
INFO: Run Behavior\ReadHtmlCacheBehavior [ RunTime:0.000654s ]
INFO: [ app_begin ] --END-- [ RunTime:0.000685s ]
SQL: SHOW COLUMNS FROM `edu_info` [ RunTime:0.0098s ]
SQL: SELECT COUNT(*) AS tp_count FROM `edu_info` WHERE `reader` = '040169' LIMIT 1   [ RunTime:0.0006s ]
SQL: SELECT * FROM `edu_info` WHERE `reader` = '040169' ORDER BY id desc LIMIT 0,5   [ RunTime:0.0002s ]
INFO: [ view_parse ] --START--
INFO: [ template_filter ] --START--
INFO: Run Behavior\ContentReplaceBehavior [ RunTime:0.000076s ]
INFO: [ template_filter ] --END-- [ RunTime:0.000122s ]
INFO: Run Behavior\ParseTemplateBehavior [ RunTime:0.101830s ]
INFO: [ view_parse ] --END-- [ RunTime:0.101893s ]
INFO: [ view_filter ] --START--
INFO: Run Behavior\WriteHtmlCacheBehavior [ RunTime:0.000723s ]
INFO: [ view_filter ] --END-- [ RunTime:0.000751s ]
INFO: [ app_end ] --START--
INFO: Run Behavior\ShowPageTraceBehavior [ RunTime:0.002797s ]
INFO: [ app_end ] --END-- [ RunTime:0.002891s ]

[ 2017-03-15T17:25:51+08:00 ] ::1 /ZH/educational_administration_system/index.php//Teacher/Index/index/name/%E5%87%8C%E5%85%B4%E5%AE%8F
INFO: [ app_init ] --START--
INFO: Run Behavior\BuildLiteBehavior [ RunTime:0.000061s ]
INFO: [ app_init ] --END-- [ RunTime:0.001197s ]
INFO: [ app_begin ] --START--
INFO: Run Behavior\ReadHtmlCacheBehavior [ RunTime:0.001090s ]
INFO: [ app_begin ] --END-- [ RunTime:0.001166s ]
SQL: SHOW COLUMNS FROM `edu_info` [ RunTime:0.0151s ]
SQL: SELECT COUNT(*) AS tp_count FROM `edu_info` WHERE `reader` = '040169' LIMIT 1   [ RunTime:0.0008s ]
SQL: SELECT * FROM `edu_info` WHERE `reader` = '040169' ORDER BY id desc LIMIT 0,5   [ RunTime:0.0010s ]
INFO: [ view_parse ] --START--
INFO: [ template_filter ] --START--
INFO: Run Behavior\ContentReplaceBehavior [ RunTime:0.000070s ]
INFO: [ template_filter ] --END-- [ RunTime:0.000109s ]
INFO: Run Behavior\ParseTemplateBehavior [ RunTime:0.050363s ]
INFO: [ view_parse ] --END-- [ RunTime:0.050431s ]
INFO: [ view_filter ] --START--
INFO: Run Behavior\WriteHtmlCacheBehavior [ RunTime:0.000656s ]
INFO: [ view_filter ] --END-- [ RunTime:0.000714s ]
INFO: [ app_end ] --START--
INFO: Run Behavior\ShowPageTraceBehavior [ RunTime:0.001335s ]
INFO: [ app_end ] --END-- [ RunTime:0.001416s ]

[ 2017-03-15T17:28:32+08:00 ] ::1 /ZH/educational_administration_system/index.php//Teacher/Index/index/name/%E5%87%8C%E5%85%B4%E5%AE%8F
INFO: [ app_init ] --START--
INFO: Run Behavior\BuildLiteBehavior [ RunTime:0.000009s ]
INFO: [ app_init ] --END-- [ RunTime:0.000319s ]
INFO: [ app_begin ] --START--
INFO: Run Behavior\ReadHtmlCacheBehavior [ RunTime:0.000701s ]
INFO: [ app_begin ] --END-- [ RunTime:0.000753s ]
SQL: SHOW COLUMNS FROM `edu_info` [ RunTime:0.0100s ]
SQL: SELECT COUNT(*) AS tp_count FROM `edu_info` WHERE `reader` = '040169' LIMIT 1   [ RunTime:0.0003s ]
SQL: SELECT * FROM `edu_info` WHERE `reader` = '040169' ORDER BY id desc LIMIT 0,5   [ RunTime:0.0004s ]
INFO: [ view_parse ] --START--
INFO: [ template_filter ] --START--
INFO: Run Behavior\ContentReplaceBehavior [ RunTime:0.000067s ]
INFO: [ template_filter ] --END-- [ RunTime:0.000105s ]
INFO: Run Behavior\ParseTemplateBehavior [ RunTime:0.087514s ]
INFO: [ view_parse ] --END-- [ RunTime:0.087565s ]
INFO: [ view_filter ] --START--
INFO: Run Behavior\WriteHtmlCacheBehavior [ RunTime:0.000561s ]
INFO: [ view_filter ] --END-- [ RunTime:0.000589s ]
INFO: [ app_end ] --START--
INFO: Run Behavior\ShowPageTraceBehavior [ RunTime:0.004608s ]
INFO: [ app_end ] --END-- [ RunTime:0.004685s ]

[ 2017-03-15T17:28:39+08:00 ] ::1 /ZH/educational_administration_system/index.php//Teacher/Index/index/name/%E5%87%8C%E5%85%B4%E5%AE%8F
INFO: [ app_init ] --START--
INFO: Run Behavior\BuildLiteBehavior [ RunTime:0.000011s ]
INFO: [ app_init ] --END-- [ RunTime:0.000357s ]
INFO: [ app_begin ] --START--
INFO: Run Behavior\ReadHtmlCacheBehavior [ RunTime:0.001072s ]
INFO: [ app_begin ] --END-- [ RunTime:0.001139s ]
SQL: SHOW COLUMNS FROM `edu_info` [ RunTime:0.0105s ]
SQL: SELECT COUNT(*) AS tp_count FROM `edu_info` WHERE `reader` = '040169' LIMIT 1   [ RunTime:0.0003s ]
SQL: SELECT * FROM `edu_info` WHERE `reader` = '040169' ORDER BY id desc LIMIT 0,5   [ RunTime:0.0003s ]
INFO: [ view_parse ] --START--
INFO: [ template_filter ] --START--
INFO: Run Behavior\ContentReplaceBehavior [ RunTime:0.000072s ]
INFO: [ template_filter ] --END-- [ RunTime:0.000111s ]
INFO: Run Behavior\ParseTemplateBehavior [ RunTime:0.108036s ]
INFO: [ view_parse ] --END-- [ RunTime:0.108099s ]
INFO: [ view_filter ] --START--
INFO: Run Behavior\WriteHtmlCacheBehavior [ RunTime:0.000542s ]
INFO: [ view_filter ] --END-- [ RunTime:0.000572s ]
INFO: [ app_end ] --START--
INFO: Run Behavior\ShowPageTraceBehavior [ RunTime:0.002233s ]
INFO: [ app_end ] --END-- [ RunTime:0.002362s ]

[ 2017-03-15T17:32:42+08:00 ] ::1 /ZH/educational_administration_system/index.php//Teacher/Index/index/name/%E5%87%8C%E5%85%B4%E5%AE%8F
INFO: [ app_init ] --START--
INFO: Run Behavior\BuildLiteBehavior [ RunTime:0.000010s ]
INFO: [ app_init ] --END-- [ RunTime:0.000379s ]
INFO: [ app_begin ] --START--
INFO: Run Behavior\ReadHtmlCacheBehavior [ RunTime:0.000680s ]
INFO: [ app_begin ] --END-- [ RunTime:0.000716s ]
SQL: SHOW COLUMNS FROM `edu_info` [ RunTime:0.0103s ]
SQL: SELECT COUNT(*) AS tp_count FROM `edu_info` WHERE `reader` = '040169' LIMIT 1   [ RunTime:0.0004s ]
SQL: SELECT * FROM `edu_info` WHERE `reader` = '040169' ORDER BY id desc LIMIT 0,5   [ RunTime:0.0004s ]
INFO: [ view_parse ] --START--
INFO: [ template_filter ] --START--
INFO: Run Behavior\ContentReplaceBehavior [ RunTime:0.000069s ]
INFO: [ template_filter ] --END-- [ RunTime:0.000106s ]
INFO: Run Behavior\ParseTemplateBehavior [ RunTime:0.044516s ]
INFO: [ view_parse ] --END-- [ RunTime:0.044575s ]
INFO: [ view_filter ] --START--
INFO: Run Behavior\WriteHtmlCacheBehavior [ RunTime:0.000525s ]
INFO: [ view_filter ] --END-- [ RunTime:0.000551s ]
INFO: [ app_end ] --START--
INFO: Run Behavior\ShowPageTraceBehavior [ RunTime:0.004165s ]
INFO: [ app_end ] --END-- [ RunTime:0.004281s ]

[ 2017-03-15T17:33:10+08:00 ] ::1 /ZH/educational_administration_system/index.php//Teacher/Index/index/name/%E5%87%8C%E5%85%B4%E5%AE%8F
INFO: [ app_init ] --START--
INFO: Run Behavior\BuildLiteBehavior [ RunTime:0.000019s ]
INFO: [ app_init ] --END-- [ RunTime:0.001160s ]
INFO: [ app_begin ] --START--
INFO: Run Behavior\ReadHtmlCacheBehavior [ RunTime:0.000715s ]
INFO: [ app_begin ] --END-- [ RunTime:0.000759s ]
SQL: SHOW COLUMNS FROM `edu_info` [ RunTime:0.0412s ]
SQL: SELECT COUNT(*) AS tp_count FROM `edu_info` WHERE `reader` = '040169' LIMIT 1   [ RunTime:0.0003s ]
SQL: SELECT * FROM `edu_info` WHERE `reader` = '040169' ORDER BY id desc LIMIT 0,5   [ RunTime:0.0003s ]
NOTIC: [8] Use of undefined constant Math - assumed 'Math' D:\xampp\htdocs\ZH\educational_administration_system\Application\Teacher\Controller\IndexController.class.php 第 17 行.
INFO: [ view_parse ] --START--
INFO: [ template_filter ] --START--
INFO: Run Behavior\ContentReplaceBehavior [ RunTime:0.000067s ]
INFO: [ template_filter ] --END-- [ RunTime:0.000102s ]
INFO: Run Behavior\ParseTemplateBehavior [ RunTime:0.042404s ]
INFO: [ view_parse ] --END-- [ RunTime:0.042469s ]
INFO: [ view_filter ] --START--
INFO: Run Behavior\WriteHtmlCacheBehavior [ RunTime:0.000509s ]
INFO: [ view_filter ] --END-- [ RunTime:0.000537s ]
INFO: [ app_end ] --START--
INFO: Run Behavior\ShowPageTraceBehavior [ RunTime:0.001147s ]
INFO: [ app_end ] --END-- [ RunTime:0.001212s ]

[ 2017-03-15T17:33:23+08:00 ] ::1 /ZH/educational_administration_system/index.php//Teacher/Index/index/name/%E5%87%8C%E5%85%B4%E5%AE%8F
INFO: [ app_init ] --START--
INFO: Run Behavior\BuildLiteBehavior [ RunTime:0.000010s ]
INFO: [ app_init ] --END-- [ RunTime:0.000340s ]
INFO: [ app_begin ] --START--
INFO: Run Behavior\ReadHtmlCacheBehavior [ RunTime:0.000662s ]
INFO: [ app_begin ] --END-- [ RunTime:0.000702s ]
SQL: SHOW COLUMNS FROM `edu_info` [ RunTime:0.0413s ]
SQL: SELECT COUNT(*) AS tp_count FROM `edu_info` WHERE `reader` = '040169' LIMIT 1   [ RunTime:0.0003s ]
SQL: SELECT * FROM `edu_info` WHERE `reader` = '040169' ORDER BY id desc LIMIT 0,5   [ RunTime:0.0003s ]
INFO: [ view_parse ] --START--
INFO: [ template_filter ] --START--
INFO: Run Behavior\ContentReplaceBehavior [ RunTime:0.000066s ]
INFO: [ template_filter ] --END-- [ RunTime:0.000101s ]
INFO: Run Behavior\ParseTemplateBehavior [ RunTime:0.044246s ]
INFO: [ view_parse ] --END-- [ RunTime:0.044294s ]
INFO: [ view_filter ] --START--
INFO: Run Behavior\WriteHtmlCacheBehavior [ RunTime:0.000529s ]
INFO: [ view_filter ] --END-- [ RunTime:0.000557s ]
INFO: [ app_end ] --START--
INFO: Run Behavior\ShowPageTraceBehavior [ RunTime:0.001150s ]
INFO: [ app_end ] --END-- [ RunTime:0.001222s ]

[ 2017-03-15T17:41:38+08:00 ] ::1 /ZH/educational_administration_system/index.php//Teacher/Index/index/name/%E5%87%8C%E5%85%B4%E5%AE%8F
INFO: [ app_init ] --START--
INFO: Run Behavior\BuildLiteBehavior [ RunTime:0.000010s ]
INFO: [ app_init ] --END-- [ RunTime:0.000321s ]
INFO: [ app_begin ] --START--
INFO: Run Behavior\ReadHtmlCacheBehavior [ RunTime:0.000655s ]
INFO: [ app_begin ] --END-- [ RunTime:0.000687s ]
SQL: SHOW COLUMNS FROM `edu_info` [ RunTime:0.0097s ]
SQL: SELECT COUNT(*) AS tp_count FROM `edu_info` WHERE `reader` = '040169' LIMIT 1   [ RunTime:0.0004s ]
SQL: SELECT * FROM `edu_info` WHERE `reader` = '040169' ORDER BY id desc LIMIT 0,5   [ RunTime:0.0003s ]
INFO: [ view_parse ] --START--
INFO: [ template_filter ] --START--
INFO: Run Behavior\ContentReplaceBehavior [ RunTime:0.000086s ]
INFO: [ template_filter ] --END-- [ RunTime:0.000126s ]
NOTIC: [8] Undefined variable: toatl D:\xampp\htdocs\ZH\educational_administration_system\Application\Runtime\Cache\Teacher\ac269937dc4bb16fca5e0f9cb92a05df.php 第 283 行.
INFO: Run Behavior\ParseTemplateBehavior [ RunTime:0.098407s ]
INFO: [ view_parse ] --END-- [ RunTime:0.098443s ]
INFO: [ view_filter ] --START--
INFO: Run Behavior\WriteHtmlCacheBehavior [ RunTime:0.000553s ]
INFO: [ view_filter ] --END-- [ RunTime:0.000579s ]
INFO: [ app_end ] --START--
INFO: Run Behavior\ShowPageTraceBehavior [ RunTime:0.001244s ]
INFO: [ app_end ] --END-- [ RunTime:0.001321s ]

[ 2017-03-15T17:42:07+08:00 ] ::1 /ZH/educational_administration_system/index.php//Teacher/Index/index/name/%E5%87%8C%E5%85%B4%E5%AE%8F
INFO: [ app_init ] --START--
INFO: Run Behavior\BuildLiteBehavior [ RunTime:0.000134s ]
INFO: [ app_init ] --END-- [ RunTime:0.001103s ]
INFO: [ app_begin ] --START--
INFO: Run Behavior\ReadHtmlCacheBehavior [ RunTime:0.000754s ]
INFO: [ app_begin ] --END-- [ RunTime:0.000803s ]
SQL: SHOW COLUMNS FROM `edu_info` [ RunTime:0.0420s ]
SQL: SELECT COUNT(*) AS tp_count FROM `edu_info` WHERE `reader` = '040169' LIMIT 1   [ RunTime:0.0004s ]
SQL: SELECT * FROM `edu_info` WHERE `reader` = '040169' ORDER BY id desc LIMIT 0,5   [ RunTime:0.0004s ]
INFO: [ view_parse ] --START--
INFO: [ template_filter ] --START--
INFO: Run Behavior\ContentReplaceBehavior [ RunTime:0.000102s ]
INFO: [ template_filter ] --END-- [ RunTime:0.000163s ]
INFO: Run Behavior\ParseTemplateBehavior [ RunTime:0.070516s ]
INFO: [ view_parse ] --END-- [ RunTime:0.070575s ]
INFO: [ view_filter ] --START--
INFO: Run Behavior\WriteHtmlCacheBehavior [ RunTime:0.000653s ]
INFO: [ view_filter ] --END-- [ RunTime:0.000694s ]
INFO: [ app_end ] --START--
INFO: Run Behavior\ShowPageTraceBehavior [ RunTime:0.001488s ]
INFO: [ app_end ] --END-- [ RunTime:0.001562s ]

[ 2017-03-15T17:46:13+08:00 ] ::1 /ZH/educational_administration_system/index.php//Teacher/Index/index/name/%E5%87%8C%E5%85%B4%E5%AE%8F
INFO: [ app_init ] --START--
INFO: Run Behavior\BuildLiteBehavior [ RunTime:0.000010s ]
INFO: [ app_init ] --END-- [ RunTime:0.000341s ]
INFO: [ app_begin ] --START--
INFO: Run Behavior\ReadHtmlCacheBehavior [ RunTime:0.000621s ]
INFO: [ app_begin ] --END-- [ RunTime:0.000653s ]
SQL: SHOW COLUMNS FROM `edu_info` [ RunTime:0.0103s ]
SQL: SELECT COUNT(*) AS tp_count FROM `edu_info` WHERE `reader` = '040169' LIMIT 1   [ RunTime:0.0003s ]
SQL: SELECT * FROM `edu_info` WHERE `reader` = '040169' ORDER BY id desc LIMIT 0,5   [ RunTime:0.0003s ]
INFO: [ view_parse ] --START--
INFO: [ template_filter ] --START--
INFO: Run Behavior\ContentReplaceBehavior [ RunTime:0.000089s ]
INFO: [ template_filter ] --END-- [ RunTime:0.000133s ]
INFO: Run Behavior\ParseTemplateBehavior [ RunTime:0.058098s ]
INFO: [ view_parse ] --END-- [ RunTime:0.058151s ]
INFO: [ view_filter ] --START--
INFO: Run Behavior\WriteHtmlCacheBehavior [ RunTime:0.000529s ]
INFO: [ view_filter ] --END-- [ RunTime:0.000556s ]
INFO: [ app_end ] --START--
INFO: Run Behavior\ShowPageTraceBehavior [ RunTime:0.001386s ]
INFO: [ app_end ] --END-- [ RunTime:0.001498s ]

[ 2017-03-15T17:46:19+08:00 ] ::1 /ZH/educational_administration_system/index.php/Teacher/Index/infoFn
INFO: [ app_init ] --START--
INFO: Run Behavior\BuildLiteBehavior [ RunTime:0.000008s ]
INFO: [ app_init ] --END-- [ RunTime:0.000318s ]
INFO: [ app_begin ] --START--
INFO: Run Behavior\ReadHtmlCacheBehavior [ RunTime:0.000746s ]
INFO: [ app_begin ] --END-- [ RunTime:0.000779s ]
SQL: SHOW COLUMNS FROM `edu_info` [ RunTime:0.0229s ]
SQL: SELECT * FROM `edu_info` WHERE `reader` = '040169' ORDER BY id desc LIMIT 0,5   [ RunTime:0.0004s ]

[ 2017-03-15T17:46:23+08:00 ] ::1 /ZH/educational_administration_system/index.php/Teacher/Index/infoFn
INFO: [ app_init ] --START--
INFO: Run Behavior\BuildLiteBehavior [ RunTime:0.000010s ]
INFO: [ app_init ] --END-- [ RunTime:0.000327s ]
INFO: [ app_begin ] --START--
INFO: Run Behavior\ReadHtmlCacheBehavior [ RunTime:0.000642s ]
INFO: [ app_begin ] --END-- [ RunTime:0.000670s ]
SQL: SHOW COLUMNS FROM `edu_info` [ RunTime:0.0206s ]
SQL: SELECT * FROM `edu_info` WHERE `reader` = '040169' ORDER BY id desc LIMIT 0,5   [ RunTime:0.0006s ]

[ 2017-03-15T17:47:52+08:00 ] ::1 /ZH/educational_administration_system/index.php//Teacher/Index/index/name/%E5%87%8C%E5%85%B4%E5%AE%8F
INFO: [ app_init ] --START--
INFO: Run Behavior\BuildLiteBehavior [ RunTime:0.000008s ]
INFO: [ app_init ] --END-- [ RunTime:0.000314s ]
INFO: [ app_begin ] --START--
INFO: Run Behavior\ReadHtmlCacheBehavior [ RunTime:0.000653s ]
INFO: [ app_begin ] --END-- [ RunTime:0.000685s ]
SQL: SHOW COLUMNS FROM `edu_info` [ RunTime:0.0176s ]
SQL: SELECT COUNT(*) AS tp_count FROM `edu_info` WHERE `reader` = '040169' LIMIT 1   [ RunTime:0.0003s ]
SQL: SELECT * FROM `edu_info` WHERE `reader` = '040169' ORDER BY id desc LIMIT 0,5   [ RunTime:0.0003s ]
INFO: [ view_parse ] --START--
INFO: [ template_filter ] --START--
INFO: Run Behavior\ContentReplaceBehavior [ RunTime:0.000078s ]
INFO: [ template_filter ] --END-- [ RunTime:0.000111s ]
INFO: Run Behavior\ParseTemplateBehavior [ RunTime:0.058118s ]
INFO: [ view_parse ] --END-- [ RunTime:0.058165s ]
INFO: [ view_filter ] --START--
INFO: Run Behavior\WriteHtmlCacheBehavior [ RunTime:0.000541s ]
INFO: [ view_filter ] --END-- [ RunTime:0.000569s ]
INFO: [ app_end ] --START--
INFO: Run Behavior\ShowPageTraceBehavior [ RunTime:0.003641s ]
INFO: [ app_end ] --END-- [ RunTime:0.003717s ]

[ 2017-03-15T17:47:56+08:00 ] ::1 /ZH/educational_administration_system/index.php/Teacher/Index/infoFn
INFO: [ app_init ] --START--
INFO: Run Behavior\BuildLiteBehavior [ RunTime:0.000014s ]
INFO: [ app_init ] --END-- [ RunTime:0.000671s ]
INFO: [ app_begin ] --START--
INFO: Run Behavior\ReadHtmlCacheBehavior [ RunTime:0.000676s ]
INFO: [ app_begin ] --END-- [ RunTime:0.000707s ]
SQL: SHOW COLUMNS FROM `edu_info` [ RunTime:0.0337s ]
SQL: SELECT * FROM `edu_info` WHERE `reader` = '040169' ORDER BY id desc LIMIT 0,5   [ RunTime:0.0004s ]

[ 2017-03-15T17:48:19+08:00 ] ::1 /ZH/educational_administration_system/index.php//Teacher/Index/index/name/%E5%87%8C%E5%85%B4%E5%AE%8F
INFO: [ app_init ] --START--
INFO: Run Behavior\BuildLiteBehavior [ RunTime:0.000008s ]
INFO: [ app_init ] --END-- [ RunTime:0.000312s ]
INFO: [ app_begin ] --START--
INFO: Run Behavior\ReadHtmlCacheBehavior [ RunTime:0.000643s ]
INFO: [ app_begin ] --END-- [ RunTime:0.000675s ]
SQL: SHOW COLUMNS FROM `edu_info` [ RunTime:0.0101s ]
SQL: SELECT COUNT(*) AS tp_count FROM `edu_info` WHERE `reader` = '040169' LIMIT 1   [ RunTime:0.0004s ]
SQL: SELECT * FROM `edu_info` WHERE `reader` = '040169' ORDER BY id desc LIMIT 0,5   [ RunTime:0.0003s ]
INFO: [ view_parse ] --START--
INFO: [ template_filter ] --START--
INFO: Run Behavior\ContentReplaceBehavior [ RunTime:0.000078s ]
INFO: [ template_filter ] --END-- [ RunTime:0.000111s ]
INFO: Run Behavior\ParseTemplateBehavior [ RunTime:0.055300s ]
INFO: [ view_parse ] --END-- [ RunTime:0.055347s ]
INFO: [ view_filter ] --START--
INFO: Run Behavior\WriteHtmlCacheBehavior [ RunTime:0.000486s ]
INFO: [ view_filter ] --END-- [ RunTime:0.000512s ]
INFO: [ app_end ] --START--
INFO: Run Behavior\ShowPageTraceBehavior [ RunTime:0.001242s ]
INFO: [ app_end ] --END-- [ RunTime:0.001317s ]

[ 2017-03-15T17:48:22+08:00 ] ::1 /ZH/educational_administration_system/index.php/Teacher/Index/infoFn
INFO: [ app_init ] --START--
INFO: Run Behavior\BuildLiteBehavior [ RunTime:0.000009s ]
INFO: [ app_init ] --END-- [ RunTime:0.000330s ]
INFO: [ app_begin ] --START--
INFO: Run Behavior\ReadHtmlCacheBehavior [ RunTime:0.000686s ]
INFO: [ app_begin ] --END-- [ RunTime:0.000722s ]
SQL: SHOW COLUMNS FROM `edu_info` [ RunTime:0.0201s ]
SQL: SELECT * FROM `edu_info` WHERE `reader` = '040169' ORDER BY id desc LIMIT 0,5   [ RunTime:0.0004s ]

[ 2017-03-15T17:49:33+08:00 ] ::1 /ZH/educational_administration_system/index.php//Teacher/Index/index/name/%E5%87%8C%E5%85%B4%E5%AE%8F
INFO: [ app_init ] --START--
INFO: Run Behavior\BuildLiteBehavior [ RunTime:0.000011s ]
INFO: [ app_init ] --END-- [ RunTime:0.000354s ]
INFO: [ app_begin ] --START--
INFO: Run Behavior\ReadHtmlCacheBehavior [ RunTime:0.000747s ]
INFO: [ app_begin ] --END-- [ RunTime:0.000794s ]
SQL: SHOW COLUMNS FROM `edu_info` [ RunTime:0.0481s ]
SQL: SELECT COUNT(*) AS tp_count FROM `edu_info` WHERE `reader` = '040169' LIMIT 1   [ RunTime:0.0004s ]
SQL: SELECT * FROM `edu_info` WHERE `reader` = '040169' ORDER BY id desc LIMIT 0,5   [ RunTime:0.0004s ]
INFO: [ view_parse ] --START--
INFO: [ template_filter ] --START--
INFO: Run Behavior\ContentReplaceBehavior [ RunTime:0.000087s ]
INFO: [ template_filter ] --END-- [ RunTime:0.000137s ]
INFO: Run Behavior\ParseTemplateBehavior [ RunTime:0.067894s ]
INFO: [ view_parse ] --END-- [ RunTime:0.067956s ]
INFO: [ view_filter ] --START--
INFO: Run Behavior\WriteHtmlCacheBehavior [ RunTime:0.000526s ]
INFO: [ view_filter ] --END-- [ RunTime:0.000555s ]
INFO: [ app_end ] --START--
INFO: Run Behavior\ShowPageTraceBehavior [ RunTime:0.001209s ]
INFO: [ app_end ] --END-- [ RunTime:0.001280s ]

[ 2017-03-15T17:50:11+08:00 ] ::1 /ZH/educational_administration_system/index.php//Teacher/Index/index/name/%E5%87%8C%E5%85%B4%E5%AE%8F
INFO: [ app_init ] --START--
INFO: Run Behavior\BuildLiteBehavior [ RunTime:0.000011s ]
INFO: [ app_init ] --END-- [ RunTime:0.000372s ]
INFO: [ app_begin ] --START--
INFO: Run Behavior\ReadHtmlCacheBehavior [ RunTime:0.000688s ]
INFO: [ app_begin ] --END-- [ RunTime:0.000728s ]
SQL: SHOW COLUMNS FROM `edu_info` [ RunTime:0.0183s ]
SQL: SELECT COUNT(*) AS tp_count FROM `edu_info` WHERE `reader` = '040169' LIMIT 1   [ RunTime:0.0004s ]
SQL: SELECT * FROM `edu_info` WHERE `reader` = '040169' ORDER BY id desc LIMIT 0,5   [ RunTime:0.0004s ]
INFO: [ view_parse ] --START--
INFO: [ template_filter ] --START--
INFO: Run Behavior\ContentReplaceBehavior [ RunTime:0.000081s ]
INFO: [ template_filter ] --END-- [ RunTime:0.000127s ]
INFO: Run Behavior\ParseTemplateBehavior [ RunTime:0.074215s ]
INFO: [ view_parse ] --END-- [ RunTime:0.074270s ]
INFO: [ view_filter ] --START--
INFO: Run Behavior\WriteHtmlCacheBehavior [ RunTime:0.000534s ]
INFO: [ view_filter ] --END-- [ RunTime:0.000560s ]
INFO: [ app_end ] --START--
INFO: Run Behavior\ShowPageTraceBehavior [ RunTime:0.001487s ]
INFO: [ app_end ] --END-- [ RunTime:0.001561s ]

[ 2017-03-15T17:50:41+08:00 ] ::1 /ZH/educational_administration_system/index.php//Teacher/Index/index/name/%E5%87%8C%E5%85%B4%E5%AE%8F
INFO: [ app_init ] --START--
INFO: Run Behavior\BuildLiteBehavior [ RunTime:0.000010s ]
INFO: [ app_init ] --END-- [ RunTime:0.000348s ]
INFO: [ app_begin ] --START--
INFO: Run Behavior\ReadHtmlCacheBehavior [ RunTime:0.000662s ]
INFO: [ app_begin ] --END-- [ RunTime:0.000695s ]
SQL: SHOW COLUMNS FROM `edu_info` [ RunTime:0.0104s ]
SQL: SELECT COUNT(*) AS tp_count FROM `edu_info` WHERE `reader` = '040169' LIMIT 1   [ RunTime:0.0003s ]
SQL: SELECT * FROM `edu_info` WHERE `reader` = '040169' ORDER BY id desc LIMIT 0,5   [ RunTime:0.0003s ]
INFO: [ view_parse ] --START--
INFO: [ template_filter ] --START--
INFO: Run Behavior\ContentReplaceBehavior [ RunTime:0.000079s ]
INFO: [ template_filter ] --END-- [ RunTime:0.000113s ]
INFO: Run Behavior\ParseTemplateBehavior [ RunTime:0.056809s ]
INFO: [ view_parse ] --END-- [ RunTime:0.056857s ]
INFO: [ view_filter ] --START--
INFO: Run Behavior\WriteHtmlCacheBehavior [ RunTime:0.000491s ]
INFO: [ view_filter ] --END-- [ RunTime:0.000518s ]
INFO: [ app_end ] --START--
INFO: Run Behavior\ShowPageTraceBehavior [ RunTime:0.003776s ]
INFO: [ app_end ] --END-- [ RunTime:0.003859s ]

[ 2017-03-15T17:51:00+08:00 ] ::1 /ZH/educational_administration_system/index.php//Teacher/Index/index/name/%E5%87%8C%E5%85%B4%E5%AE%8F
INFO: [ app_init ] --START--
INFO: Run Behavior\BuildLiteBehavior [ RunTime:0.000008s ]
INFO: [ app_init ] --END-- [ RunTime:0.000324s ]
INFO: [ app_begin ] --START--
INFO: Run Behavior\ReadHtmlCacheBehavior [ RunTime:0.000811s ]
INFO: [ app_begin ] --END-- [ RunTime:0.000885s ]
SQL: SHOW COLUMNS FROM `edu_info` [ RunTime:0.0193s ]
SQL: SELECT COUNT(*) AS tp_count FROM `edu_info` WHERE `reader` = '040169' LIMIT 1   [ RunTime:0.0003s ]
SQL: SELECT * FROM `edu_info` WHERE `reader` = '040169' ORDER BY id desc LIMIT 0,5   [ RunTime:0.0003s ]
INFO: [ view_parse ] --START--
INFO: [ template_filter ] --START--
INFO: Run Behavior\ContentReplaceBehavior [ RunTime:0.000084s ]
INFO: [ template_filter ] --END-- [ RunTime:0.000126s ]
INFO: Run Behavior\ParseTemplateBehavior [ RunTime:0.059960s ]
INFO: [ view_parse ] --END-- [ RunTime:0.060008s ]
INFO: [ view_filter ] --START--
INFO: Run Behavior\WriteHtmlCacheBehavior [ RunTime:0.000493s ]
INFO: [ view_filter ] --END-- [ RunTime:0.000521s ]
INFO: [ app_end ] --START--
INFO: Run Behavior\ShowPageTraceBehavior [ RunTime:0.002816s ]
INFO: [ app_end ] --END-- [ RunTime:0.002894s ]

[ 2017-03-15T17:55:24+08:00 ] ::1 /ZH/educational_administration_system/index.php//Teacher/Index/index/name/%E5%87%8C%E5%85%B4%E5%AE%8F
INFO: [ app_init ] --START--
INFO: Run Behavior\BuildLiteBehavior [ RunTime:0.000010s ]
INFO: [ app_init ] --END-- [ RunTime:0.000322s ]
INFO: [ app_begin ] --START--
INFO: Run Behavior\ReadHtmlCacheBehavior [ RunTime:0.000652s ]
INFO: [ app_begin ] --END-- [ RunTime:0.000684s ]
SQL: SHOW COLUMNS FROM `edu_info` [ RunTime:0.0312s ]
SQL: SELECT COUNT(*) AS tp_count FROM `edu_info` WHERE `reader` = '040169' LIMIT 1   [ RunTime:0.0003s ]
SQL: SELECT * FROM `edu_info` WHERE `reader` = '040169' ORDER BY id desc LIMIT 0,5   [ RunTime:0.0004s ]
INFO: [ view_parse ] --START--
INFO: [ template_filter ] --START--
INFO: Run Behavior\ContentReplaceBehavior [ RunTime:0.000082s ]
INFO: [ template_filter ] --END-- [ RunTime:0.000119s ]
INFO: Run Behavior\ParseTemplateBehavior [ RunTime:0.058667s ]
INFO: [ view_parse ] --END-- [ RunTime:0.058735s ]
INFO: [ view_filter ] --START--
INFO: Run Behavior\WriteHtmlCacheBehavior [ RunTime:0.000497s ]
INFO: [ view_filter ] --END-- [ RunTime:0.000525s ]
INFO: [ app_end ] --START--
INFO: Run Behavior\ShowPageTraceBehavior [ RunTime:0.001565s ]
INFO: [ app_end ] --END-- [ RunTime:0.001639s ]

[ 2017-03-15T17:55:29+08:00 ] ::1 /ZH/educational_administration_system/index.php/Teacher/Index/infoFn
INFO: [ app_init ] --START--
INFO: Run Behavior\BuildLiteBehavior [ RunTime:0.000009s ]
INFO: [ app_init ] --END-- [ RunTime:0.000310s ]
INFO: [ app_begin ] --START--
INFO: Run Behavior\ReadHtmlCacheBehavior [ RunTime:0.000639s ]
INFO: [ app_begin ] --END-- [ RunTime:0.000668s ]
SQL: SHOW COLUMNS FROM `edu_info` [ RunTime:0.0352s ]
SQL: SELECT * FROM `edu_info` WHERE `reader` = '040169' ORDER BY id desc LIMIT 0,5   [ RunTime:0.0004s ]

[ 2017-03-15T17:56:52+08:00 ] ::1 /ZH/educational_administration_system/index.php//Teacher/Index/index/name/%E5%87%8C%E5%85%B4%E5%AE%8F
INFO: [ app_init ] --START--
INFO: Run Behavior\BuildLiteBehavior [ RunTime:0.000010s ]
INFO: [ app_init ] --END-- [ RunTime:0.000351s ]
INFO: [ app_begin ] --START--
INFO: Run Behavior\ReadHtmlCacheBehavior [ RunTime:0.000642s ]
INFO: [ app_begin ] --END-- [ RunTime:0.000686s ]
SQL: SHOW COLUMNS FROM `edu_info` [ RunTime:0.0098s ]
SQL: SELECT COUNT(*) AS tp_count FROM `edu_info` WHERE `reader` = '040169' LIMIT 1   [ RunTime:0.0003s ]
SQL: SELECT * FROM `edu_info` WHERE `reader` = '040169' ORDER BY id desc LIMIT 0,5   [ RunTime:0.0003s ]
INFO: [ view_parse ] --START--
INFO: [ template_filter ] --START--
INFO: Run Behavior\ContentReplaceBehavior [ RunTime:0.000087s ]
INFO: [ template_filter ] --END-- [ RunTime:0.000126s ]
INFO: Run Behavior\ParseTemplateBehavior [ RunTime:0.059058s ]
INFO: [ view_parse ] --END-- [ RunTime:0.059115s ]
INFO: [ view_filter ] --START--
INFO: Run Behavior\WriteHtmlCacheBehavior [ RunTime:0.000520s ]
INFO: [ view_filter ] --END-- [ RunTime:0.000554s ]
INFO: [ app_end ] --START--
INFO: Run Behavior\ShowPageTraceBehavior [ RunTime:0.001176s ]
INFO: [ app_end ] --END-- [ RunTime:0.001242s ]

[ 2017-03-15T17:56:56+08:00 ] ::1 /ZH/educational_administration_system/index.php/Teacher/Index/infoFn
INFO: [ app_init ] --START--
INFO: Run Behavior\BuildLiteBehavior [ RunTime:0.000009s ]
INFO: [ app_init ] --END-- [ RunTime:0.000314s ]
INFO: [ app_begin ] --START--
INFO: Run Behavior\ReadHtmlCacheBehavior [ RunTime:0.000694s ]
INFO: [ app_begin ] --END-- [ RunTime:0.000737s ]
SQL: SHOW COLUMNS FROM `edu_info` [ RunTime:0.0200s ]
SQL: SELECT * FROM `edu_info` WHERE `reader` = '040169' ORDER BY id desc LIMIT 0,5   [ RunTime:0.0004s ]

[ 2017-03-15T20:57:56+08:00 ] ::1 /ZH/educational_administration_system/index.php//Teacher/Index/index/name/%E5%87%8C%E5%85%B4%E5%AE%8F
INFO: [ app_init ] --START--
INFO: Run Behavior\BuildLiteBehavior [ RunTime:0.000031s ]
INFO: [ app_init ] --END-- [ RunTime:0.038474s ]
INFO: [ app_begin ] --START--
INFO: Run Behavior\ReadHtmlCacheBehavior [ RunTime:0.084842s ]
INFO: [ app_begin ] --END-- [ RunTime:0.084976s ]
SQL: SHOW COLUMNS FROM `edu_info` [ RunTime:0.0370s ]
SQL: SELECT COUNT(*) AS tp_count FROM `edu_info` WHERE `reader` = '040169' LIMIT 1   [ RunTime:0.0008s ]
SQL: SELECT * FROM `edu_info` WHERE `reader` = '040169' ORDER BY id desc LIMIT 0,5   [ RunTime:0.0011s ]
INFO: [ view_parse ] --START--
INFO: [ template_filter ] --START--
INFO: Run Behavior\ContentReplaceBehavior [ RunTime:0.000152s ]
INFO: [ template_filter ] --END-- [ RunTime:0.000313s ]
INFO: Run Behavior\ParseTemplateBehavior [ RunTime:0.591769s ]
INFO: [ view_parse ] --END-- [ RunTime:0.591914s ]
INFO: [ view_filter ] --START--
INFO: Run Behavior\WriteHtmlCacheBehavior [ RunTime:0.082671s ]
INFO: [ view_filter ] --END-- [ RunTime:0.082782s ]
INFO: [ app_end ] --START--
INFO: Run Behavior\ShowPageTraceBehavior [ RunTime:0.034437s ]
INFO: [ app_end ] --END-- [ RunTime:0.034625s ]

