[ 2017-03-18T14:07:27+08:00 ] ::1 /ZH/educational_administration_system/index.php//Teacher/Index/index/name/%E5%87%8C%E5%85%B4%E5%AE%8F
INFO: [ app_init ] --START--
INFO: Run Behavior\BuildLiteBehavior [ RunTime:0.000014s ]
INFO: [ app_init ] --END-- [ RunTime:0.000501s ]
INFO: [ app_begin ] --START--
INFO: Run Behavior\ReadHtmlCacheBehavior [ RunTime:0.001014s ]
INFO: [ app_begin ] --END-- [ RunTime:0.001075s ]
SQL: SHOW COLUMNS FROM `edu_info` [ RunTime:0.0707s ]
SQL: SELECT COUNT(*) AS tp_count FROM `edu_info` WHERE `reader` = '040169' LIMIT 1   [ RunTime:0.0004s ]
SQL: SELECT * FROM `edu_info` WHERE `reader` = '040169' ORDER BY id desc LIMIT 0,5   [ RunTime:0.0004s ]
INFO: [ view_parse ] --START--
INFO: [ template_filter ] --START--
INFO: Run Behavior\ContentReplaceBehavior [ RunTime:0.000087s ]
INFO: [ template_filter ] --END-- [ RunTime:0.000131s ]
INFO: Run Behavior\ParseTemplateBehavior [ RunTime:0.106285s ]
INFO: [ view_parse ] --END-- [ RunTime:0.106347s ]
INFO: [ view_filter ] --START--
INFO: Run Behavior\WriteHtmlCacheBehavior [ RunTime:0.000795s ]
INFO: [ view_filter ] --END-- [ RunTime:0.000838s ]
INFO: [ app_end ] --START--
INFO: Run Behavior\ShowPageTraceBehavior [ RunTime:0.001811s ]
INFO: [ app_end ] --END-- [ RunTime:0.001889s ]

[ 2017-03-18T14:07:49+08:00 ] ::1 /ZH/educational_administration_system/index.php/Teacher/Index/infoFn
INFO: [ app_init ] --START--
INFO: Run Behavior\BuildLiteBehavior [ RunTime:0.000010s ]
INFO: [ app_init ] --END-- [ RunTime:0.000352s ]
INFO: [ app_begin ] --START--
INFO: Run Behavior\ReadHtmlCacheBehavior [ RunTime:0.001232s ]
INFO: [ app_begin ] --END-- [ RunTime:0.001323s ]
SQL: SHOW COLUMNS FROM `edu_info` [ RunTime:0.0105s ]
SQL: SELECT * FROM `edu_info` WHERE `reader` = '040169' ORDER BY id desc LIMIT 5,5   [ RunTime:0.0004s ]

[ 2017-03-18T14:07:50+08:00 ] ::1 /ZH/educational_administration_system/index.php/Teacher/Index/infoFn
INFO: [ app_init ] --START--
INFO: Run Behavior\BuildLiteBehavior [ RunTime:0.000009s ]
INFO: [ app_init ] --END-- [ RunTime:0.000313s ]
INFO: [ app_begin ] --START--
INFO: Run Behavior\ReadHtmlCacheBehavior [ RunTime:0.000641s ]
INFO: [ app_begin ] --END-- [ RunTime:0.000669s ]
SQL: SHOW COLUMNS FROM `edu_info` [ RunTime:0.0093s ]
SQL: SELECT * FROM `edu_info` WHERE `reader` = '040169' ORDER BY id desc LIMIT 0,5   [ RunTime:0.0004s ]

[ 2017-03-18T14:07:52+08:00 ] ::1 /ZH/educational_administration_system/index.php/Teacher/Index/infoFn
INFO: [ app_init ] --START--
INFO: Run Behavior\BuildLiteBehavior [ RunTime:0.000019s ]
INFO: [ app_init ] --END-- [ RunTime:0.000595s ]
INFO: [ app_begin ] --START--
INFO: Run Behavior\ReadHtmlCacheBehavior [ RunTime:0.000849s ]
INFO: [ app_begin ] --END-- [ RunTime:0.000897s ]
SQL: SHOW COLUMNS FROM `edu_info` [ RunTime:0.0115s ]
SQL: SELECT * FROM `edu_info` WHERE `reader` = '040169' ORDER BY id desc LIMIT 5,5   [ RunTime:0.0005s ]

[ 2017-03-18T14:34:42+08:00 ] ::1 /ZH/educational_administration_system/index.php//Teacher/Index/index/name/%E5%87%8C%E5%85%B4%E5%AE%8F
INFO: [ app_init ] --START--
INFO: Run Behavior\BuildLiteBehavior [ RunTime:0.000013s ]
INFO: [ app_init ] --END-- [ RunTime:0.000419s ]
INFO: [ app_begin ] --START--
INFO: Run Behavior\ReadHtmlCacheBehavior [ RunTime:0.000948s ]
INFO: [ app_begin ] --END-- [ RunTime:0.001011s ]
SQL: SHOW COLUMNS FROM `edu_info` [ RunTime:0.0064s ]
SQL: SELECT COUNT(*) AS tp_count FROM `edu_info` WHERE `reader` = '040169' LIMIT 1   [ RunTime:0.0004s ]
SQL: SELECT * FROM `edu_info` WHERE `reader` = '040169' ORDER BY id desc LIMIT 0,5   [ RunTime:0.0004s ]
INFO: [ view_parse ] --START--
INFO: [ template_filter ] --START--
INFO: Run Behavior\ContentReplaceBehavior [ RunTime:0.000089s ]
INFO: [ template_filter ] --END-- [ RunTime:0.000136s ]
INFO: Run Behavior\ParseTemplateBehavior [ RunTime:0.051298s ]
INFO: [ view_parse ] --END-- [ RunTime:0.051365s ]
INFO: [ view_filter ] --START--
INFO: Run Behavior\WriteHtmlCacheBehavior [ RunTime:0.000686s ]
INFO: [ view_filter ] --END-- [ RunTime:0.000722s ]
INFO: [ app_end ] --START--
INFO: Run Behavior\ShowPageTraceBehavior [ RunTime:0.001225s ]
INFO: [ app_end ] --END-- [ RunTime:0.001297s ]

[ 2017-03-18T14:34:47+08:00 ] ::1 /ZH/educational_administration_system/index.php/Teacher/Index/infoFn
INFO: [ app_init ] --START--
INFO: Run Behavior\BuildLiteBehavior [ RunTime:0.000010s ]
INFO: [ app_init ] --END-- [ RunTime:0.000355s ]
INFO: [ app_begin ] --START--
INFO: Run Behavior\ReadHtmlCacheBehavior [ RunTime:0.000673s ]
INFO: [ app_begin ] --END-- [ RunTime:0.000703s ]
SQL: SHOW COLUMNS FROM `edu_info` [ RunTime:0.0231s ]
SQL: SELECT * FROM `edu_info` WHERE `reader` = '040169' ORDER BY id desc LIMIT 5,5   [ RunTime:0.0004s ]

[ 2017-03-18T14:34:50+08:00 ] ::1 /ZH/educational_administration_system/index.php/Teacher/Index/infoFn
INFO: [ app_init ] --START--
INFO: Run Behavior\BuildLiteBehavior [ RunTime:0.000010s ]
INFO: [ app_init ] --END-- [ RunTime:0.000342s ]
INFO: [ app_begin ] --START--
INFO: Run Behavior\ReadHtmlCacheBehavior [ RunTime:0.000782s ]
INFO: [ app_begin ] --END-- [ RunTime:0.000831s ]
SQL: SHOW COLUMNS FROM `edu_info` [ RunTime:0.0409s ]
SQL: SELECT * FROM `edu_info` WHERE `reader` = '040169' ORDER BY id desc LIMIT 0,5   [ RunTime:0.0004s ]

[ 2017-03-18T14:35:16+08:00 ] ::1 /ZH/educational_administration_system/index.php//Teacher/Index/index/name/%E5%8D%AB%E6%AD%A3%E5%9B%BD
INFO: [ app_init ] --START--
INFO: Run Behavior\BuildLiteBehavior [ RunTime:0.000010s ]
INFO: [ app_init ] --END-- [ RunTime:0.000375s ]
INFO: [ app_begin ] --START--
INFO: Run Behavior\ReadHtmlCacheBehavior [ RunTime:0.000867s ]
INFO: [ app_begin ] --END-- [ RunTime:0.000921s ]
SQL: SHOW COLUMNS FROM `edu_info` [ RunTime:0.0068s ]
SQL: SELECT COUNT(*) AS tp_count FROM `edu_info` WHERE `reader` = '040002' LIMIT 1   [ RunTime:0.0003s ]
SQL: SELECT * FROM `edu_info` WHERE `reader` = '040002' ORDER BY id desc LIMIT 0,5   [ RunTime:0.0002s ]
INFO: [ view_parse ] --START--
INFO: [ template_filter ] --START--
INFO: Run Behavior\ContentReplaceBehavior [ RunTime:0.000091s ]
INFO: [ template_filter ] --END-- [ RunTime:0.000137s ]
INFO: Run Behavior\ParseTemplateBehavior [ RunTime:0.056377s ]
INFO: [ view_parse ] --END-- [ RunTime:0.056435s ]
INFO: [ view_filter ] --START--
INFO: Run Behavior\WriteHtmlCacheBehavior [ RunTime:0.000636s ]
INFO: [ view_filter ] --END-- [ RunTime:0.000677s ]
INFO: [ app_end ] --START--
INFO: Run Behavior\ShowPageTraceBehavior [ RunTime:0.001869s ]
INFO: [ app_end ] --END-- [ RunTime:0.001968s ]

[ 2017-03-18T14:35:54+08:00 ] ::1 /ZH/educational_administration_system/index.php//Teacher/Index/index/name/%E5%8D%AB%E6%AD%A3%E5%9B%BD
INFO: [ app_init ] --START--
INFO: Run Behavior\BuildLiteBehavior [ RunTime:0.000013s ]
INFO: [ app_init ] --END-- [ RunTime:0.000449s ]
INFO: [ app_begin ] --START--
INFO: Run Behavior\ReadHtmlCacheBehavior [ RunTime:0.000702s ]
INFO: [ app_begin ] --END-- [ RunTime:0.000736s ]
SQL: SHOW COLUMNS FROM `edu_info` [ RunTime:0.0354s ]
SQL: SELECT COUNT(*) AS tp_count FROM `edu_info` WHERE `reader` = '040002' LIMIT 1   [ RunTime:0.0003s ]
SQL: SELECT * FROM `edu_info` WHERE `reader` = '040002' ORDER BY id desc LIMIT 0,5   [ RunTime:0.0003s ]
INFO: [ view_parse ] --START--
INFO: [ template_filter ] --START--
INFO: Run Behavior\ContentReplaceBehavior [ RunTime:0.000097s ]
INFO: [ template_filter ] --END-- [ RunTime:0.000135s ]
INFO: Run Behavior\ParseTemplateBehavior [ RunTime:0.045708s ]
INFO: [ view_parse ] --END-- [ RunTime:0.045766s ]
INFO: [ view_filter ] --START--
INFO: Run Behavior\WriteHtmlCacheBehavior [ RunTime:0.000549s ]
INFO: [ view_filter ] --END-- [ RunTime:0.000576s ]
INFO: [ app_end ] --START--
INFO: Run Behavior\ShowPageTraceBehavior [ RunTime:0.001174s ]
INFO: [ app_end ] --END-- [ RunTime:0.001242s ]

[ 2017-03-18T14:36:36+08:00 ] ::1 /ZH/educational_administration_system/index.php//Teacher/Index/index/name/%E5%8D%AB%E6%AD%A3%E5%9B%BD
INFO: [ app_init ] --START--
INFO: Run Behavior\BuildLiteBehavior [ RunTime:0.000011s ]
INFO: [ app_init ] --END-- [ RunTime:0.000455s ]
INFO: [ app_begin ] --START--
INFO: Run Behavior\ReadHtmlCacheBehavior [ RunTime:0.000672s ]
INFO: [ app_begin ] --END-- [ RunTime:0.000707s ]
SQL: SHOW COLUMNS FROM `edu_info` [ RunTime:0.0082s ]
SQL: SELECT COUNT(*) AS tp_count FROM `edu_info` WHERE `reader` = '040002' LIMIT 1   [ RunTime:0.0003s ]
SQL: SELECT * FROM `edu_info` WHERE `reader` = '040002' ORDER BY id desc LIMIT 0,5   [ RunTime:0.0003s ]
INFO: [ view_parse ] --START--
INFO: [ template_filter ] --START--
INFO: Run Behavior\ContentReplaceBehavior [ RunTime:0.000087s ]
INFO: [ template_filter ] --END-- [ RunTime:0.000128s ]
INFO: Run Behavior\ParseTemplateBehavior [ RunTime:0.045150s ]
INFO: [ view_parse ] --END-- [ RunTime:0.045195s ]
INFO: [ view_filter ] --START--
INFO: Run Behavior\WriteHtmlCacheBehavior [ RunTime:0.000537s ]
INFO: [ view_filter ] --END-- [ RunTime:0.000564s ]
INFO: [ app_end ] --START--
INFO: Run Behavior\ShowPageTraceBehavior [ RunTime:0.001223s ]
INFO: [ app_end ] --END-- [ RunTime:0.001366s ]

[ 2017-03-18T14:40:18+08:00 ] ::1 /ZH/educational_administration_system/index.php//Teacher/Index/index/name/%E5%8D%AB%E6%AD%A3%E5%9B%BD
INFO: [ app_init ] --START--
INFO: Run Behavior\BuildLiteBehavior [ RunTime:0.000010s ]
INFO: [ app_init ] --END-- [ RunTime:0.000316s ]
INFO: [ app_begin ] --START--
INFO: Run Behavior\ReadHtmlCacheBehavior [ RunTime:0.000687s ]
INFO: [ app_begin ] --END-- [ RunTime:0.000722s ]
SQL: SHOW COLUMNS FROM `edu_info` [ RunTime:0.0093s ]
SQL: SELECT COUNT(*) AS tp_count FROM `edu_info` WHERE `reader` = '040002' LIMIT 1   [ RunTime:0.0004s ]
SQL: SELECT * FROM `edu_info` WHERE `reader` = '040002' ORDER BY id desc LIMIT 0,5   [ RunTime:0.0002s ]
INFO: [ view_parse ] --START--
INFO: [ template_filter ] --START--
INFO: Run Behavior\ContentReplaceBehavior [ RunTime:0.000090s ]
INFO: [ template_filter ] --END-- [ RunTime:0.000132s ]
INFO: Run Behavior\ParseTemplateBehavior [ RunTime:0.083513s ]
INFO: [ view_parse ] --END-- [ RunTime:0.083568s ]
INFO: [ view_filter ] --START--
INFO: Run Behavior\WriteHtmlCacheBehavior [ RunTime:0.000819s ]
INFO: [ view_filter ] --END-- [ RunTime:0.000858s ]
INFO: [ app_end ] --START--
INFO: Run Behavior\ShowPageTraceBehavior [ RunTime:0.002923s ]
INFO: [ app_end ] --END-- [ RunTime:0.003042s ]

[ 2017-03-18T14:40:34+08:00 ] ::1 /ZH/educational_administration_system/index.php//Teacher/Index/index/name/%E5%87%8C%E5%85%B4%E5%AE%8F
INFO: [ app_init ] --START--
INFO: Run Behavior\BuildLiteBehavior [ RunTime:0.000012s ]
INFO: [ app_init ] --END-- [ RunTime:0.000381s ]
INFO: [ app_begin ] --START--
INFO: Run Behavior\ReadHtmlCacheBehavior [ RunTime:0.000999s ]
INFO: [ app_begin ] --END-- [ RunTime:0.001057s ]
SQL: SHOW COLUMNS FROM `edu_info` [ RunTime:0.0069s ]
SQL: SELECT COUNT(*) AS tp_count FROM `edu_info` WHERE `reader` = '040169' LIMIT 1   [ RunTime:0.0004s ]
SQL: SELECT * FROM `edu_info` WHERE `reader` = '040169' ORDER BY id desc LIMIT 0,5   [ RunTime:0.0005s ]
INFO: [ view_parse ] --START--
INFO: [ template_filter ] --START--
INFO: Run Behavior\ContentReplaceBehavior [ RunTime:0.000087s ]
INFO: [ template_filter ] --END-- [ RunTime:0.000127s ]
INFO: Run Behavior\ParseTemplateBehavior [ RunTime:0.052052s ]
INFO: [ view_parse ] --END-- [ RunTime:0.052106s ]
INFO: [ view_filter ] --START--
INFO: Run Behavior\WriteHtmlCacheBehavior [ RunTime:0.000573s ]
INFO: [ view_filter ] --END-- [ RunTime:0.000612s ]
INFO: [ app_end ] --START--
INFO: Run Behavior\ShowPageTraceBehavior [ RunTime:0.001651s ]
INFO: [ app_end ] --END-- [ RunTime:0.001834s ]

[ 2017-03-18T14:40:38+08:00 ] ::1 /ZH/educational_administration_system/index.php/Teacher/Index/infoFn
INFO: [ app_init ] --START--
INFO: Run Behavior\BuildLiteBehavior [ RunTime:0.000010s ]
INFO: [ app_init ] --END-- [ RunTime:0.000355s ]
INFO: [ app_begin ] --START--
INFO: Run Behavior\ReadHtmlCacheBehavior [ RunTime:0.000665s ]
INFO: [ app_begin ] --END-- [ RunTime:0.000694s ]
SQL: SHOW COLUMNS FROM `edu_info` [ RunTime:0.0180s ]
SQL: SELECT * FROM `edu_info` WHERE `reader` = '040169' ORDER BY id desc LIMIT 5,5   [ RunTime:0.0006s ]

[ 2017-03-18T14:40:39+08:00 ] ::1 /ZH/educational_administration_system/index.php/Teacher/Index/infoFn
INFO: [ app_init ] --START--
INFO: Run Behavior\BuildLiteBehavior [ RunTime:0.000013s ]
INFO: [ app_init ] --END-- [ RunTime:0.000479s ]
INFO: [ app_begin ] --START--
INFO: Run Behavior\ReadHtmlCacheBehavior [ RunTime:0.000706s ]
INFO: [ app_begin ] --END-- [ RunTime:0.000745s ]
SQL: SHOW COLUMNS FROM `edu_info` [ RunTime:0.0358s ]
SQL: SELECT * FROM `edu_info` WHERE `reader` = '040169' ORDER BY id desc LIMIT 0,5   [ RunTime:0.0009s ]

[ 2017-03-18T14:40:39+08:00 ] ::1 /ZH/educational_administration_system/index.php/Teacher/Index/infoFn
INFO: [ app_init ] --START--
INFO: Run Behavior\BuildLiteBehavior [ RunTime:0.000018s ]
INFO: [ app_init ] --END-- [ RunTime:0.000544s ]
INFO: [ app_begin ] --START--
INFO: Run Behavior\ReadHtmlCacheBehavior [ RunTime:0.000758s ]
INFO: [ app_begin ] --END-- [ RunTime:0.000805s ]
SQL: SHOW COLUMNS FROM `edu_info` [ RunTime:0.0256s ]
SQL: SELECT * FROM `edu_info` WHERE `reader` = '040169' ORDER BY id desc LIMIT 5,5   [ RunTime:0.0003s ]

[ 2017-03-18T14:40:40+08:00 ] ::1 /ZH/educational_administration_system/index.php/Teacher/Index/infoFn
INFO: [ app_init ] --START--
INFO: Run Behavior\BuildLiteBehavior [ RunTime:0.000008s ]
INFO: [ app_init ] --END-- [ RunTime:0.000310s ]
INFO: [ app_begin ] --START--
INFO: Run Behavior\ReadHtmlCacheBehavior [ RunTime:0.000833s ]
INFO: [ app_begin ] --END-- [ RunTime:0.000873s ]
SQL: SHOW COLUMNS FROM `edu_info` [ RunTime:0.0101s ]
SQL: SELECT * FROM `edu_info` WHERE `reader` = '040169' ORDER BY id desc LIMIT 0,5   [ RunTime:0.0004s ]

[ 2017-03-18T14:40:41+08:00 ] ::1 /ZH/educational_administration_system/index.php/Teacher/Index/infoFn
INFO: [ app_init ] --START--
INFO: Run Behavior\BuildLiteBehavior [ RunTime:0.000009s ]
INFO: [ app_init ] --END-- [ RunTime:0.000324s ]
INFO: [ app_begin ] --START--
INFO: Run Behavior\ReadHtmlCacheBehavior [ RunTime:0.000644s ]
INFO: [ app_begin ] --END-- [ RunTime:0.000672s ]
SQL: SHOW COLUMNS FROM `edu_info` [ RunTime:0.0202s ]
SQL: SELECT * FROM `edu_info` WHERE `reader` = '040169' ORDER BY id desc LIMIT 5,5   [ RunTime:0.0004s ]

[ 2017-03-18T14:40:42+08:00 ] ::1 /ZH/educational_administration_system/index.php/Teacher/Index/infoFn
INFO: [ app_init ] --START--
INFO: Run Behavior\BuildLiteBehavior [ RunTime:0.000014s ]
INFO: [ app_init ] --END-- [ RunTime:0.000513s ]
INFO: [ app_begin ] --START--
INFO: Run Behavior\ReadHtmlCacheBehavior [ RunTime:0.000698s ]
INFO: [ app_begin ] --END-- [ RunTime:0.000735s ]
SQL: SHOW COLUMNS FROM `edu_info` [ RunTime:0.0259s ]
SQL: SELECT * FROM `edu_info` WHERE `reader` = '040169' ORDER BY id desc LIMIT 0,5   [ RunTime:0.0004s ]

[ 2017-03-18T14:40:46+08:00 ] ::1 /ZH/educational_administration_system/index.php/Teacher/Index/infoFn
INFO: [ app_init ] --START--
INFO: Run Behavior\BuildLiteBehavior [ RunTime:0.000010s ]
INFO: [ app_init ] --END-- [ RunTime:0.000337s ]
INFO: [ app_begin ] --START--
INFO: Run Behavior\ReadHtmlCacheBehavior [ RunTime:0.000667s ]
INFO: [ app_begin ] --END-- [ RunTime:0.000696s ]
SQL: SHOW COLUMNS FROM `edu_info` [ RunTime:0.0142s ]
SQL: SELECT * FROM `edu_info` WHERE `reader` = '040169' ORDER BY id desc LIMIT 5,5   [ RunTime:0.0005s ]

[ 2017-03-18T14:44:52+08:00 ] ::1 /ZH/educational_administration_system/index.php//Teacher/Index/index/name/%E5%87%8C%E5%85%B4%E5%AE%8F
INFO: [ app_init ] --START--
INFO: Run Behavior\BuildLiteBehavior [ RunTime:0.000009s ]
INFO: [ app_init ] --END-- [ RunTime:0.000315s ]
INFO: [ app_begin ] --START--
INFO: Run Behavior\ReadHtmlCacheBehavior [ RunTime:0.000818s ]
INFO: [ app_begin ] --END-- [ RunTime:0.000870s ]
SQL: SHOW COLUMNS FROM `edu_info` [ RunTime:0.0097s ]
SQL: SELECT COUNT(*) AS tp_count FROM `edu_info` WHERE `reader` = '040169' LIMIT 1   [ RunTime:0.0003s ]
SQL: SELECT * FROM `edu_info` WHERE `reader` = '040169' ORDER BY id desc LIMIT 0,5   [ RunTime:0.0003s ]
INFO: [ view_parse ] --START--
INFO: [ template_filter ] --START--
INFO: Run Behavior\ContentReplaceBehavior [ RunTime:0.000093s ]
INFO: [ template_filter ] --END-- [ RunTime:0.000137s ]
INFO: Run Behavior\ParseTemplateBehavior [ RunTime:0.046742s ]
INFO: [ view_parse ] --END-- [ RunTime:0.046806s ]
INFO: [ view_filter ] --START--
INFO: Run Behavior\WriteHtmlCacheBehavior [ RunTime:0.000756s ]
INFO: [ view_filter ] --END-- [ RunTime:0.000817s ]
INFO: [ app_end ] --START--
INFO: Run Behavior\ShowPageTraceBehavior [ RunTime:0.001520s ]
INFO: [ app_end ] --END-- [ RunTime:0.001610s ]

[ 2017-03-18T14:44:56+08:00 ] ::1 /ZH/educational_administration_system/index.php/Teacher/Index/infoFn
INFO: [ app_init ] --START--
INFO: Run Behavior\BuildLiteBehavior [ RunTime:0.000010s ]
INFO: [ app_init ] --END-- [ RunTime:0.000345s ]
INFO: [ app_begin ] --START--
INFO: Run Behavior\ReadHtmlCacheBehavior [ RunTime:0.000855s ]
INFO: [ app_begin ] --END-- [ RunTime:0.000904s ]
SQL: SHOW COLUMNS FROM `edu_info` [ RunTime:0.0193s ]
SQL: SELECT * FROM `edu_info` WHERE `reader` = '040169' ORDER BY id desc LIMIT 5,5   [ RunTime:0.0003s ]

[ 2017-03-18T14:44:58+08:00 ] ::1 /ZH/educational_administration_system/index.php/Teacher/Index/infoFn
INFO: [ app_init ] --START--
INFO: Run Behavior\BuildLiteBehavior [ RunTime:0.000013s ]
INFO: [ app_init ] --END-- [ RunTime:0.000576s ]
INFO: [ app_begin ] --START--
INFO: Run Behavior\ReadHtmlCacheBehavior [ RunTime:0.000807s ]
INFO: [ app_begin ] --END-- [ RunTime:0.000849s ]
SQL: SHOW COLUMNS FROM `edu_info` [ RunTime:0.0099s ]
SQL: SELECT * FROM `edu_info` WHERE `reader` = '040169' ORDER BY id desc LIMIT 0,5   [ RunTime:0.0004s ]

[ 2017-03-18T14:44:59+08:00 ] ::1 /ZH/educational_administration_system/index.php/Teacher/Index/infoFn
INFO: [ app_init ] --START--
INFO: Run Behavior\BuildLiteBehavior [ RunTime:0.000008s ]
INFO: [ app_init ] --END-- [ RunTime:0.000346s ]
INFO: [ app_begin ] --START--
INFO: Run Behavior\ReadHtmlCacheBehavior [ RunTime:0.001110s ]
INFO: [ app_begin ] --END-- [ RunTime:0.001167s ]
SQL: SHOW COLUMNS FROM `edu_info` [ RunTime:0.0112s ]
SQL: SELECT * FROM `edu_info` WHERE `reader` = '040169' ORDER BY id desc LIMIT 5,5   [ RunTime:0.0004s ]

[ 2017-03-18T14:45:01+08:00 ] ::1 /ZH/educational_administration_system/index.php/Teacher/Index/infoFn
INFO: [ app_init ] --START--
INFO: Run Behavior\BuildLiteBehavior [ RunTime:0.000016s ]
INFO: [ app_init ] --END-- [ RunTime:0.000510s ]
INFO: [ app_begin ] --START--
INFO: Run Behavior\ReadHtmlCacheBehavior [ RunTime:0.000629s ]
INFO: [ app_begin ] --END-- [ RunTime:0.000661s ]
SQL: SHOW COLUMNS FROM `edu_info` [ RunTime:0.0560s ]
SQL: SELECT * FROM `edu_info` WHERE `reader` = '040169' ORDER BY id desc LIMIT 0,5   [ RunTime:0.0004s ]

[ 2017-03-18T14:45:02+08:00 ] ::1 /ZH/educational_administration_system/index.php/Teacher/Index/infoFn
INFO: [ app_init ] --START--
INFO: Run Behavior\BuildLiteBehavior [ RunTime:0.000010s ]
INFO: [ app_init ] --END-- [ RunTime:0.000345s ]
INFO: [ app_begin ] --START--
INFO: Run Behavior\ReadHtmlCacheBehavior [ RunTime:0.000637s ]
INFO: [ app_begin ] --END-- [ RunTime:0.000666s ]
SQL: SHOW COLUMNS FROM `edu_info` [ RunTime:0.0112s ]
SQL: SELECT * FROM `edu_info` WHERE `reader` = '040169' ORDER BY id desc LIMIT 5,5   [ RunTime:0.0004s ]

[ 2017-03-18T14:45:04+08:00 ] ::1 /ZH/educational_administration_system/index.php/Teacher/Index/infoFn
INFO: [ app_init ] --START--
INFO: Run Behavior\BuildLiteBehavior [ RunTime:0.000009s ]
INFO: [ app_init ] --END-- [ RunTime:0.000318s ]
INFO: [ app_begin ] --START--
INFO: Run Behavior\ReadHtmlCacheBehavior [ RunTime:0.000620s ]
INFO: [ app_begin ] --END-- [ RunTime:0.000658s ]
SQL: SHOW COLUMNS FROM `edu_info` [ RunTime:0.0313s ]
SQL: SELECT * FROM `edu_info` WHERE `reader` = '040169' ORDER BY id desc LIMIT 0,5   [ RunTime:0.0004s ]

[ 2017-03-18T14:45:06+08:00 ] ::1 /ZH/educational_administration_system/index.php/Teacher/Index/infoFn
INFO: [ app_init ] --START--
INFO: Run Behavior\BuildLiteBehavior [ RunTime:0.000013s ]
INFO: [ app_init ] --END-- [ RunTime:0.000495s ]
INFO: [ app_begin ] --START--
INFO: Run Behavior\ReadHtmlCacheBehavior [ RunTime:0.000684s ]
INFO: [ app_begin ] --END-- [ RunTime:0.000718s ]
SQL: SHOW COLUMNS FROM `edu_info` [ RunTime:0.0239s ]
SQL: SELECT * FROM `edu_info` WHERE `reader` = '040169' ORDER BY id desc LIMIT 5,5   [ RunTime:0.0004s ]

[ 2017-03-18T14:45:07+08:00 ] ::1 /ZH/educational_administration_system/index.php/Teacher/Index/infoFn
INFO: [ app_init ] --START--
INFO: Run Behavior\BuildLiteBehavior [ RunTime:0.000010s ]
INFO: [ app_init ] --END-- [ RunTime:0.000316s ]
INFO: [ app_begin ] --START--
INFO: Run Behavior\ReadHtmlCacheBehavior [ RunTime:0.000631s ]
INFO: [ app_begin ] --END-- [ RunTime:0.000664s ]
SQL: SHOW COLUMNS FROM `edu_info` [ RunTime:0.0495s ]
SQL: SELECT * FROM `edu_info` WHERE `reader` = '040169' ORDER BY id desc LIMIT 0,5   [ RunTime:0.0004s ]

[ 2017-03-18T14:52:36+08:00 ] ::1 /ZH/educational_administration_system/index.php//Teacher/Index/index/name/%E5%87%8C%E5%85%B4%E5%AE%8F
INFO: [ app_init ] --START--
INFO: Run Behavior\BuildLiteBehavior [ RunTime:0.000017s ]
INFO: [ app_init ] --END-- [ RunTime:0.000937s ]
INFO: [ app_begin ] --START--
INFO: Run Behavior\ReadHtmlCacheBehavior [ RunTime:0.000729s ]
INFO: [ app_begin ] --END-- [ RunTime:0.000773s ]
SQL: SHOW COLUMNS FROM `edu_info` [ RunTime:0.0086s ]
SQL: SELECT COUNT(*) AS tp_count FROM `edu_info` WHERE `reader` = '040169' LIMIT 1   [ RunTime:0.0003s ]
SQL: SELECT * FROM `edu_info` WHERE `reader` = '040169' ORDER BY id desc LIMIT 0,5   [ RunTime:0.0003s ]
INFO: [ view_parse ] --START--
INFO: [ template_filter ] --START--
INFO: Run Behavior\ContentReplaceBehavior [ RunTime:0.000112s ]
INFO: [ template_filter ] --END-- [ RunTime:0.000179s ]
INFO: Run Behavior\ParseTemplateBehavior [ RunTime:0.056135s ]
INFO: [ view_parse ] --END-- [ RunTime:0.056189s ]
INFO: [ view_filter ] --START--
INFO: Run Behavior\WriteHtmlCacheBehavior [ RunTime:0.000541s ]
INFO: [ view_filter ] --END-- [ RunTime:0.000569s ]
INFO: [ app_end ] --START--
INFO: Run Behavior\ShowPageTraceBehavior [ RunTime:0.001184s ]
INFO: [ app_end ] --END-- [ RunTime:0.001252s ]

[ 2017-03-18T14:52:40+08:00 ] ::1 /ZH/educational_administration_system/index.php/Teacher/Index/infoFn
INFO: [ app_init ] --START--
INFO: Run Behavior\BuildLiteBehavior [ RunTime:0.000010s ]
INFO: [ app_init ] --END-- [ RunTime:0.000312s ]
INFO: [ app_begin ] --START--
INFO: Run Behavior\ReadHtmlCacheBehavior [ RunTime:0.001621s ]
INFO: [ app_begin ] --END-- [ RunTime:0.001701s ]
SQL: SHOW COLUMNS FROM `edu_info` [ RunTime:0.0369s ]
SQL: SELECT * FROM `edu_info` WHERE `reader` = '040169' ORDER BY id desc LIMIT 5,5   [ RunTime:0.0004s ]

[ 2017-03-18T14:52:44+08:00 ] ::1 /ZH/educational_administration_system/index.php/Teacher/Index/infoFn
INFO: [ app_init ] --START--
INFO: Run Behavior\BuildLiteBehavior [ RunTime:0.000010s ]
INFO: [ app_init ] --END-- [ RunTime:0.000336s ]
INFO: [ app_begin ] --START--
INFO: Run Behavior\ReadHtmlCacheBehavior [ RunTime:0.000696s ]
INFO: [ app_begin ] --END-- [ RunTime:0.000735s ]
SQL: SHOW COLUMNS FROM `edu_info` [ RunTime:0.0183s ]
SQL: SELECT * FROM `edu_info` WHERE `reader` = '040169' ORDER BY id desc LIMIT 0,5   [ RunTime:0.0003s ]

