[ 2017-04-13T20:55:09+08:00 ] ::1 /ZH/educational_administration_system/index.php//Teacher/Index/index/name/%E5%87%8C%E5%85%B4%E5%AE%8F
INFO: [ app_init ] --START--
INFO: Run Behavior\BuildLiteBehavior [ RunTime:0.000012s ]
INFO: [ app_init ] --END-- [ RunTime:0.000361s ]
INFO: [ app_begin ] --START--
INFO: Run Behavior\ReadHtmlCacheBehavior [ RunTime:0.001123s ]
INFO: [ app_begin ] --END-- [ RunTime:0.001204s ]
SQL: SHOW COLUMNS FROM `edu_info` [ RunTime:0.0942s ]
SQL: SHOW COLUMNS FROM `edu_login` [ RunTime:0.0052s ]
SQL: SELECT COUNT(*) AS tp_count FROM `edu_info` WHERE `reader` = '040169' LIMIT 1   [ RunTime:0.0004s ]
SQL: SELECT * FROM `edu_info` WHERE `reader` = '040169' ORDER BY id desc LIMIT 0,5   [ RunTime:0.0005s ]
NOTIC: [8] Use of undefined constant user - assumed 'user' D:\xampp1\htdocs\ZH\educational_administration_system\Application\Teacher\Controller\IndexController.class.php 第 18 行.
NOTIC: [8] Use of undefined constant name - assumed 'name' D:\xampp1\htdocs\ZH\educational_administration_system\Application\Teacher\Controller\IndexController.class.php 第 19 行.
SQL: SELECT `name` FROM `edu_login` WHERE `user` = 'admin' LIMIT 1   [ RunTime:0.0008s ]
NOTIC: [8] Use of undefined constant user - assumed 'user' D:\xampp1\htdocs\ZH\educational_administration_system\Application\Teacher\Controller\IndexController.class.php 第 18 行.
NOTIC: [8] Use of undefined constant name - assumed 'name' D:\xampp1\htdocs\ZH\educational_administration_system\Application\Teacher\Controller\IndexController.class.php 第 19 行.
SQL: SELECT `name` FROM `edu_login` WHERE `user` = 'admin' LIMIT 1   [ RunTime:0.0003s ]
NOTIC: [8] Use of undefined constant user - assumed 'user' D:\xampp1\htdocs\ZH\educational_administration_system\Application\Teacher\Controller\IndexController.class.php 第 18 行.
NOTIC: [8] Use of undefined constant name - assumed 'name' D:\xampp1\htdocs\ZH\educational_administration_system\Application\Teacher\Controller\IndexController.class.php 第 19 行.
SQL: SELECT `name` FROM `edu_login` WHERE `user` = 'admin' LIMIT 1   [ RunTime:0.0061s ]
NOTIC: [8] Use of undefined constant user - assumed 'user' D:\xampp1\htdocs\ZH\educational_administration_system\Application\Teacher\Controller\IndexController.class.php 第 18 行.
NOTIC: [8] Use of undefined constant name - assumed 'name' D:\xampp1\htdocs\ZH\educational_administration_system\Application\Teacher\Controller\IndexController.class.php 第 19 行.
SQL: SELECT `name` FROM `edu_login` WHERE `user` = 'admin' LIMIT 1   [ RunTime:0.0007s ]
NOTIC: [8] Use of undefined constant user - assumed 'user' D:\xampp1\htdocs\ZH\educational_administration_system\Application\Teacher\Controller\IndexController.class.php 第 18 行.
NOTIC: [8] Use of undefined constant name - assumed 'name' D:\xampp1\htdocs\ZH\educational_administration_system\Application\Teacher\Controller\IndexController.class.php 第 19 行.
SQL: SELECT `name` FROM `edu_login` WHERE `user` = 'admin' LIMIT 1   [ RunTime:0.0004s ]
INFO: [ view_parse ] --START--
INFO: [ template_filter ] --START--
INFO: Run Behavior\ContentReplaceBehavior [ RunTime:0.000128s ]
INFO: [ template_filter ] --END-- [ RunTime:0.000191s ]
INFO: Run Behavior\ParseTemplateBehavior [ RunTime:0.382929s ]
INFO: [ view_parse ] --END-- [ RunTime:0.383031s ]
INFO: [ view_filter ] --START--
INFO: Run Behavior\WriteHtmlCacheBehavior [ RunTime:0.000675s ]
INFO: [ view_filter ] --END-- [ RunTime:0.000716s ]
INFO: [ app_end ] --START--
INFO: Run Behavior\ShowPageTraceBehavior [ RunTime:0.001061s ]
INFO: [ app_end ] --END-- [ RunTime:0.001151s ]

[ 2017-04-13T20:55:12+08:00 ] ::1 /ZH/educational_administration_system/index.php/Teacher/Content/grade
INFO: [ app_init ] --START--
INFO: Run Behavior\BuildLiteBehavior [ RunTime:0.000012s ]
INFO: [ app_init ] --END-- [ RunTime:0.000341s ]
INFO: [ app_begin ] --START--
INFO: Run Behavior\ReadHtmlCacheBehavior [ RunTime:0.000932s ]
INFO: [ app_begin ] --END-- [ RunTime:0.000995s ]
NOTIC: [8] Use of undefined constant user - assumed 'user' D:\xampp1\htdocs\ZH\educational_administration_system\Application\Teacher\Controller\ContentController.class.php 第 66 行.
SQL: SHOW COLUMNS FROM `edu_course` [ RunTime:0.0419s ]
SQL: SELECT * FROM `edu_course` WHERE `teacherID` = '040169'  [ RunTime:0.0004s ]
SQL: SHOW COLUMNS FROM `edu_login` [ RunTime:0.0504s ]
SQL: SELECT * FROM `edu_login`  [ RunTime:0.0003s ]
NOTIC: [8] Use of undefined constant courseid - assumed 'courseid' D:\xampp1\htdocs\ZH\educational_administration_system\Application\Teacher\Controller\ContentController.class.php 第 77 行.
NOTIC: [8] Use of undefined constant id - assumed 'id' D:\xampp1\htdocs\ZH\educational_administration_system\Application\Teacher\Controller\ContentController.class.php 第 78 行.
NOTIC: [8] Use of undefined constant user - assumed 'user' D:\xampp1\htdocs\ZH\educational_administration_system\Application\Teacher\Controller\ContentController.class.php 第 80 行.
NOTIC: [8] Use of undefined constant stuID - assumed 'stuID' D:\xampp1\htdocs\ZH\educational_administration_system\Application\Teacher\Controller\ContentController.class.php 第 85 行.
NOTIC: [8] Use of undefined constant courseid - assumed 'courseid' D:\xampp1\htdocs\ZH\educational_administration_system\Application\Teacher\Controller\ContentController.class.php 第 77 行.
NOTIC: [8] Use of undefined constant id - assumed 'id' D:\xampp1\htdocs\ZH\educational_administration_system\Application\Teacher\Controller\ContentController.class.php 第 78 行.
NOTIC: [8] Use of undefined constant stuID - assumed 'stuID' D:\xampp1\htdocs\ZH\educational_administration_system\Application\Teacher\Controller\ContentController.class.php 第 85 行.
NOTIC: [8] Use of undefined constant courseid - assumed 'courseid' D:\xampp1\htdocs\ZH\educational_administration_system\Application\Teacher\Controller\ContentController.class.php 第 77 行.
NOTIC: [8] Use of undefined constant id - assumed 'id' D:\xampp1\htdocs\ZH\educational_administration_system\Application\Teacher\Controller\ContentController.class.php 第 78 行.
NOTIC: [8] Use of undefined constant stuID - assumed 'stuID' D:\xampp1\htdocs\ZH\educational_administration_system\Application\Teacher\Controller\ContentController.class.php 第 85 行.
NOTIC: [8] Use of undefined constant courseid - assumed 'courseid' D:\xampp1\htdocs\ZH\educational_administration_system\Application\Teacher\Controller\ContentController.class.php 第 77 行.
NOTIC: [8] Use of undefined constant id - assumed 'id' D:\xampp1\htdocs\ZH\educational_administration_system\Application\Teacher\Controller\ContentController.class.php 第 78 行.
NOTIC: [8] Use of undefined constant user - assumed 'user' D:\xampp1\htdocs\ZH\educational_administration_system\Application\Teacher\Controller\ContentController.class.php 第 82 行.
NOTIC: [8] Use of undefined constant stuID - assumed 'stuID' D:\xampp1\htdocs\ZH\educational_administration_system\Application\Teacher\Controller\ContentController.class.php 第 85 行.
NOTIC: [8] Use of undefined constant courseid - assumed 'courseid' D:\xampp1\htdocs\ZH\educational_administration_system\Application\Teacher\Controller\ContentController.class.php 第 77 行.
NOTIC: [8] Use of undefined constant id - assumed 'id' D:\xampp1\htdocs\ZH\educational_administration_system\Application\Teacher\Controller\ContentController.class.php 第 78 行.
NOTIC: [8] Use of undefined constant user - assumed 'user' D:\xampp1\htdocs\ZH\educational_administration_system\Application\Teacher\Controller\ContentController.class.php 第 82 行.
NOTIC: [8] Use of undefined constant stuID - assumed 'stuID' D:\xampp1\htdocs\ZH\educational_administration_system\Application\Teacher\Controller\ContentController.class.php 第 85 行.
NOTIC: [8] Use of undefined constant courseid - assumed 'courseid' D:\xampp1\htdocs\ZH\educational_administration_system\Application\Teacher\Controller\ContentController.class.php 第 77 行.
NOTIC: [8] Use of undefined constant id - assumed 'id' D:\xampp1\htdocs\ZH\educational_administration_system\Application\Teacher\Controller\ContentController.class.php 第 78 行.
NOTIC: [8] Use of undefined constant stuID - assumed 'stuID' D:\xampp1\htdocs\ZH\educational_administration_system\Application\Teacher\Controller\ContentController.class.php 第 85 行.
NOTIC: [8] Use of undefined constant courseid - assumed 'courseid' D:\xampp1\htdocs\ZH\educational_administration_system\Application\Teacher\Controller\ContentController.class.php 第 77 行.
NOTIC: [8] Use of undefined constant id - assumed 'id' D:\xampp1\htdocs\ZH\educational_administration_system\Application\Teacher\Controller\ContentController.class.php 第 78 行.
NOTIC: [8] Use of undefined constant stuID - assumed 'stuID' D:\xampp1\htdocs\ZH\educational_administration_system\Application\Teacher\Controller\ContentController.class.php 第 85 行.
NOTIC: [8] Use of undefined constant courseid - assumed 'courseid' D:\xampp1\htdocs\ZH\educational_administration_system\Application\Teacher\Controller\ContentController.class.php 第 77 行.
NOTIC: [8] Use of undefined constant id - assumed 'id' D:\xampp1\htdocs\ZH\educational_administration_system\Application\Teacher\Controller\ContentController.class.php 第 78 行.
NOTIC: [8] Use of undefined constant user - assumed 'user' D:\xampp1\htdocs\ZH\educational_administration_system\Application\Teacher\Controller\ContentController.class.php 第 82 行.
NOTIC: [8] Use of undefined constant stuID - assumed 'stuID' D:\xampp1\htdocs\ZH\educational_administration_system\Application\Teacher\Controller\ContentController.class.php 第 85 行.
NOTIC: [8] Use of undefined constant courseid - assumed 'courseid' D:\xampp1\htdocs\ZH\educational_administration_system\Application\Teacher\Controller\ContentController.class.php 第 77 行.
NOTIC: [8] Use of undefined constant id - assumed 'id' D:\xampp1\htdocs\ZH\educational_administration_system\Application\Teacher\Controller\ContentController.class.php 第 78 行.
NOTIC: [8] Use of undefined constant stuID - assumed 'stuID' D:\xampp1\htdocs\ZH\educational_administration_system\Application\Teacher\Controller\ContentController.class.php 第 85 行.
NOTIC: [8] Use of undefined constant courseid - assumed 'courseid' D:\xampp1\htdocs\ZH\educational_administration_system\Application\Teacher\Controller\ContentController.class.php 第 77 行.
NOTIC: [8] Use of undefined constant id - assumed 'id' D:\xampp1\htdocs\ZH\educational_administration_system\Application\Teacher\Controller\ContentController.class.php 第 78 行.
NOTIC: [8] Use of undefined constant stuID - assumed 'stuID' D:\xampp1\htdocs\ZH\educational_administration_system\Application\Teacher\Controller\ContentController.class.php 第 85 行.
NOTIC: [8] Use of undefined constant courseid - assumed 'courseid' D:\xampp1\htdocs\ZH\educational_administration_system\Application\Teacher\Controller\ContentController.class.php 第 77 行.
NOTIC: [8] Use of undefined constant id - assumed 'id' D:\xampp1\htdocs\ZH\educational_administration_system\Application\Teacher\Controller\ContentController.class.php 第 78 行.
NOTIC: [8] Use of undefined constant stuID - assumed 'stuID' D:\xampp1\htdocs\ZH\educational_administration_system\Application\Teacher\Controller\ContentController.class.php 第 85 行.
NOTIC: [8] Use of undefined constant courseid - assumed 'courseid' D:\xampp1\htdocs\ZH\educational_administration_system\Application\Teacher\Controller\ContentController.class.php 第 77 行.
NOTIC: [8] Use of undefined constant id - assumed 'id' D:\xampp1\htdocs\ZH\educational_administration_system\Application\Teacher\Controller\ContentController.class.php 第 78 行.
NOTIC: [8] Use of undefined constant user - assumed 'user' D:\xampp1\htdocs\ZH\educational_administration_system\Application\Teacher\Controller\ContentController.class.php 第 80 行.
NOTIC: [8] Use of undefined constant stuID - assumed 'stuID' D:\xampp1\htdocs\ZH\educational_administration_system\Application\Teacher\Controller\ContentController.class.php 第 85 行.
NOTIC: [8] Use of undefined constant courseid - assumed 'courseid' D:\xampp1\htdocs\ZH\educational_administration_system\Application\Teacher\Controller\ContentController.class.php 第 77 行.
NOTIC: [8] Use of undefined constant id - assumed 'id' D:\xampp1\htdocs\ZH\educational_administration_system\Application\Teacher\Controller\ContentController.class.php 第 78 行.
NOTIC: [8] Use of undefined constant user - assumed 'user' D:\xampp1\htdocs\ZH\educational_administration_system\Application\Teacher\Controller\ContentController.class.php 第 82 行.
NOTIC: [8] Use of undefined constant stuID - assumed 'stuID' D:\xampp1\htdocs\ZH\educational_administration_system\Application\Teacher\Controller\ContentController.class.php 第 85 行.
NOTIC: [8] Use of undefined constant courseid - assumed 'courseid' D:\xampp1\htdocs\ZH\educational_administration_system\Application\Teacher\Controller\ContentController.class.php 第 77 行.
NOTIC: [8] Use of undefined constant id - assumed 'id' D:\xampp1\htdocs\ZH\educational_administration_system\Application\Teacher\Controller\ContentController.class.php 第 78 行.
NOTIC: [8] Use of undefined constant stuID - assumed 'stuID' D:\xampp1\htdocs\ZH\educational_administration_system\Application\Teacher\Controller\ContentController.class.php 第 85 行.
NOTIC: [8] Use of undefined constant courseid - assumed 'courseid' D:\xampp1\htdocs\ZH\educational_administration_system\Application\Teacher\Controller\ContentController.class.php 第 77 行.
NOTIC: [8] Use of undefined constant id - assumed 'id' D:\xampp1\htdocs\ZH\educational_administration_system\Application\Teacher\Controller\ContentController.class.php 第 78 行.
NOTIC: [8] Use of undefined constant user - assumed 'user' D:\xampp1\htdocs\ZH\educational_administration_system\Application\Teacher\Controller\ContentController.class.php 第 82 行.
NOTIC: [8] Use of undefined constant stuID - assumed 'stuID' D:\xampp1\htdocs\ZH\educational_administration_system\Application\Teacher\Controller\ContentController.class.php 第 85 行.
NOTIC: [8] Use of undefined constant courseid - assumed 'courseid' D:\xampp1\htdocs\ZH\educational_administration_system\Application\Teacher\Controller\ContentController.class.php 第 77 行.
NOTIC: [8] Use of undefined constant id - assumed 'id' D:\xampp1\htdocs\ZH\educational_administration_system\Application\Teacher\Controller\ContentController.class.php 第 78 行.
NOTIC: [8] Use of undefined constant stuID - assumed 'stuID' D:\xampp1\htdocs\ZH\educational_administration_system\Application\Teacher\Controller\ContentController.class.php 第 85 行.
NOTIC: [8] Use of undefined constant courseid - assumed 'courseid' D:\xampp1\htdocs\ZH\educational_administration_system\Application\Teacher\Controller\ContentController.class.php 第 77 行.
NOTIC: [8] Use of undefined constant id - assumed 'id' D:\xampp1\htdocs\ZH\educational_administration_system\Application\Teacher\Controller\ContentController.class.php 第 78 行.
NOTIC: [8] Use of undefined constant stuID - assumed 'stuID' D:\xampp1\htdocs\ZH\educational_administration_system\Application\Teacher\Controller\ContentController.class.php 第 85 行.
NOTIC: [8] Use of undefined constant courseid - assumed 'courseid' D:\xampp1\htdocs\ZH\educational_administration_system\Application\Teacher\Controller\ContentController.class.php 第 77 行.
NOTIC: [8] Use of undefined constant id - assumed 'id' D:\xampp1\htdocs\ZH\educational_administration_system\Application\Teacher\Controller\ContentController.class.php 第 78 行.
NOTIC: [8] Use of undefined constant stuID - assumed 'stuID' D:\xampp1\htdocs\ZH\educational_administration_system\Application\Teacher\Controller\ContentController.class.php 第 85 行.
NOTIC: [8] Use of undefined constant courseid - assumed 'courseid' D:\xampp1\htdocs\ZH\educational_administration_system\Application\Teacher\Controller\ContentController.class.php 第 77 行.
NOTIC: [8] Use of undefined constant id - assumed 'id' D:\xampp1\htdocs\ZH\educational_administration_system\Application\Teacher\Controller\ContentController.class.php 第 78 行.
NOTIC: [8] Use of undefined constant user - assumed 'user' D:\xampp1\htdocs\ZH\educational_administration_system\Application\Teacher\Controller\ContentController.class.php 第 82 行.
NOTIC: [8] Use of undefined constant stuID - assumed 'stuID' D:\xampp1\htdocs\ZH\educational_administration_system\Application\Teacher\Controller\ContentController.class.php 第 85 行.
NOTIC: [8] Use of undefined constant courseid - assumed 'courseid' D:\xampp1\htdocs\ZH\educational_administration_system\Application\Teacher\Controller\ContentController.class.php 第 77 行.
NOTIC: [8] Use of undefined constant id - assumed 'id' D:\xampp1\htdocs\ZH\educational_administration_system\Application\Teacher\Controller\ContentController.class.php 第 78 行.
NOTIC: [8] Use of undefined constant stuID - assumed 'stuID' D:\xampp1\htdocs\ZH\educational_administration_system\Application\Teacher\Controller\ContentController.class.php 第 85 行.
NOTIC: [8] Use of undefined constant courseid - assumed 'courseid' D:\xampp1\htdocs\ZH\educational_administration_system\Application\Teacher\Controller\ContentController.class.php 第 77 行.
NOTIC: [8] Use of undefined constant id - assumed 'id' D:\xampp1\htdocs\ZH\educational_administration_system\Application\Teacher\Controller\ContentController.class.php 第 78 行.
NOTIC: [8] Use of undefined constant stuID - assumed 'stuID' D:\xampp1\htdocs\ZH\educational_administration_system\Application\Teacher\Controller\ContentController.class.php 第 85 行.
NOTIC: [8] Use of undefined constant courseid - assumed 'courseid' D:\xampp1\htdocs\ZH\educational_administration_system\Application\Teacher\Controller\ContentController.class.php 第 77 行.
NOTIC: [8] Use of undefined constant id - assumed 'id' D:\xampp1\htdocs\ZH\educational_administration_system\Application\Teacher\Controller\ContentController.class.php 第 78 行.
NOTIC: [8] Use of undefined constant stuID - assumed 'stuID' D:\xampp1\htdocs\ZH\educational_administration_system\Application\Teacher\Controller\ContentController.class.php 第 85 行.
NOTIC: [8] Use of undefined constant courseid - assumed 'courseid' D:\xampp1\htdocs\ZH\educational_administration_system\Application\Teacher\Controller\ContentController.class.php 第 77 行.
NOTIC: [8] Use of undefined constant id - assumed 'id' D:\xampp1\htdocs\ZH\educational_administration_system\Application\Teacher\Controller\ContentController.class.php 第 78 行.
NOTIC: [8] Use of undefined constant user - assumed 'user' D:\xampp1\htdocs\ZH\educational_administration_system\Application\Teacher\Controller\ContentController.class.php 第 80 行.
NOTIC: [8] Use of undefined constant stuID - assumed 'stuID' D:\xampp1\htdocs\ZH\educational_administration_system\Application\Teacher\Controller\ContentController.class.php 第 85 行.
NOTIC: [8] Use of undefined constant courseid - assumed 'courseid' D:\xampp1\htdocs\ZH\educational_administration_system\Application\Teacher\Controller\ContentController.class.php 第 77 行.
NOTIC: [8] Use of undefined constant id - assumed 'id' D:\xampp1\htdocs\ZH\educational_administration_system\Application\Teacher\Controller\ContentController.class.php 第 78 行.
NOTIC: [8] Use of undefined constant stuID - assumed 'stuID' D:\xampp1\htdocs\ZH\educational_administration_system\Application\Teacher\Controller\ContentController.class.php 第 85 行.
NOTIC: [8] Use of undefined constant courseid - assumed 'courseid' D:\xampp1\htdocs\ZH\educational_administration_system\Application\Teacher\Controller\ContentController.class.php 第 77 行.
NOTIC: [8] Use of undefined constant id - assumed 'id' D:\xampp1\htdocs\ZH\educational_administration_system\Application\Teacher\Controller\ContentController.class.php 第 78 行.
NOTIC: [8] Use of undefined constant stuID - assumed 'stuID' D:\xampp1\htdocs\ZH\educational_administration_system\Application\Teacher\Controller\ContentController.class.php 第 85 行.
NOTIC: [8] Use of undefined constant courseid - assumed 'courseid' D:\xampp1\htdocs\ZH\educational_administration_system\Application\Teacher\Controller\ContentController.class.php 第 77 行.
NOTIC: [8] Use of undefined constant id - assumed 'id' D:\xampp1\htdocs\ZH\educational_administration_system\Application\Teacher\Controller\ContentController.class.php 第 78 行.
NOTIC: [8] Use of undefined constant stuID - assumed 'stuID' D:\xampp1\htdocs\ZH\educational_administration_system\Application\Teacher\Controller\ContentController.class.php 第 85 行.
NOTIC: [8] Use of undefined constant courseid - assumed 'courseid' D:\xampp1\htdocs\ZH\educational_administration_system\Application\Teacher\Controller\ContentController.class.php 第 77 行.
NOTIC: [8] Use of undefined constant id - assumed 'id' D:\xampp1\htdocs\ZH\educational_administration_system\Application\Teacher\Controller\ContentController.class.php 第 78 行.
NOTIC: [8] Use of undefined constant stuID - assumed 'stuID' D:\xampp1\htdocs\ZH\educational_administration_system\Application\Teacher\Controller\ContentController.class.php 第 85 行.
NOTIC: [8] Use of undefined constant courseid - assumed 'courseid' D:\xampp1\htdocs\ZH\educational_administration_system\Application\Teacher\Controller\ContentController.class.php 第 77 行.
NOTIC: [8] Use of undefined constant id - assumed 'id' D:\xampp1\htdocs\ZH\educational_administration_system\Application\Teacher\Controller\ContentController.class.php 第 78 行.
NOTIC: [8] Use of undefined constant stuID - assumed 'stuID' D:\xampp1\htdocs\ZH\educational_administration_system\Application\Teacher\Controller\ContentController.class.php 第 85 行.
NOTIC: [8] Use of undefined constant courseid - assumed 'courseid' D:\xampp1\htdocs\ZH\educational_administration_system\Application\Teacher\Controller\ContentController.class.php 第 77 行.
NOTIC: [8] Use of undefined constant id - assumed 'id' D:\xampp1\htdocs\ZH\educational_administration_system\Application\Teacher\Controller\ContentController.class.php 第 78 行.
NOTIC: [8] Use of undefined constant stuID - assumed 'stuID' D:\xampp1\htdocs\ZH\educational_administration_system\Application\Teacher\Controller\ContentController.class.php 第 85 行.
NOTIC: [8] Use of undefined constant courseid - assumed 'courseid' D:\xampp1\htdocs\ZH\educational_administration_system\Application\Teacher\Controller\ContentController.class.php 第 77 行.
NOTIC: [8] Use of undefined constant id - assumed 'id' D:\xampp1\htdocs\ZH\educational_administration_system\Application\Teacher\Controller\ContentController.class.php 第 78 行.
NOTIC: [8] Use of undefined constant user - assumed 'user' D:\xampp1\htdocs\ZH\educational_administration_system\Application\Teacher\Controller\ContentController.class.php 第 82 行.
NOTIC: [8] Use of undefined constant stuID - assumed 'stuID' D:\xampp1\htdocs\ZH\educational_administration_system\Application\Teacher\Controller\ContentController.class.php 第 85 行.
NOTIC: [8] Use of undefined constant courseid - assumed 'courseid' D:\xampp1\htdocs\ZH\educational_administration_system\Application\Teacher\Controller\ContentController.class.php 第 77 行.
NOTIC: [8] Use of undefined constant id - assumed 'id' D:\xampp1\htdocs\ZH\educational_administration_system\Application\Teacher\Controller\ContentController.class.php 第 78 行.
NOTIC: [8] Use of undefined constant stuID - assumed 'stuID' D:\xampp1\htdocs\ZH\educational_administration_system\Application\Teacher\Controller\ContentController.class.php 第 85 行.
NOTIC: [8] Use of undefined constant courseid - assumed 'courseid' D:\xampp1\htdocs\ZH\educational_administration_system\Application\Teacher\Controller\ContentController.class.php 第 77 行.
NOTIC: [8] Use of undefined constant id - assumed 'id' D:\xampp1\htdocs\ZH\educational_administration_system\Application\Teacher\Controller\ContentController.class.php 第 78 行.
NOTIC: [8] Use of undefined constant stuID - assumed 'stuID' D:\xampp1\htdocs\ZH\educational_administration_system\Application\Teacher\Controller\ContentController.class.php 第 85 行.
NOTIC: [8] Use of undefined constant courseid - assumed 'courseid' D:\xampp1\htdocs\ZH\educational_administration_system\Application\Teacher\Controller\ContentController.class.php 第 77 行.
NOTIC: [8] Use of undefined constant id - assumed 'id' D:\xampp1\htdocs\ZH\educational_administration_system\Application\Teacher\Controller\ContentController.class.php 第 78 行.
NOTIC: [8] Use of undefined constant stuID - assumed 'stuID' D:\xampp1\htdocs\ZH\educational_administration_system\Application\Teacher\Controller\ContentController.class.php 第 85 行.
NOTIC: [8] Use of undefined constant courseid - assumed 'courseid' D:\xampp1\htdocs\ZH\educational_administration_system\Application\Teacher\Controller\ContentController.class.php 第 77 行.
NOTIC: [8] Use of undefined constant id - assumed 'id' D:\xampp1\htdocs\ZH\educational_administration_system\Application\Teacher\Controller\ContentController.class.php 第 78 行.
NOTIC: [8] Use of undefined constant stuID - assumed 'stuID' D:\xampp1\htdocs\ZH\educational_administration_system\Application\Teacher\Controller\ContentController.class.php 第 85 行.
NOTIC: [8] Use of undefined constant courseid - assumed 'courseid' D:\xampp1\htdocs\ZH\educational_administration_system\Application\Teacher\Controller\ContentController.class.php 第 77 行.
NOTIC: [8] Use of undefined constant id - assumed 'id' D:\xampp1\htdocs\ZH\educational_administration_system\Application\Teacher\Controller\ContentController.class.php 第 78 行.
NOTIC: [8] Use of undefined constant stuID - assumed 'stuID' D:\xampp1\htdocs\ZH\educational_administration_system\Application\Teacher\Controller\ContentController.class.php 第 85 行.
NOTIC: [8] Use of undefined constant courseid - assumed 'courseid' D:\xampp1\htdocs\ZH\educational_administration_system\Application\Teacher\Controller\ContentController.class.php 第 77 行.
NOTIC: [8] Use of undefined constant id - assumed 'id' D:\xampp1\htdocs\ZH\educational_administration_system\Application\Teacher\Controller\ContentController.class.php 第 78 行.
NOTIC: [8] Use of undefined constant stuID - assumed 'stuID' D:\xampp1\htdocs\ZH\educational_administration_system\Application\Teacher\Controller\ContentController.class.php 第 85 行.
NOTIC: [8] Use of undefined constant courseid - assumed 'courseid' D:\xampp1\htdocs\ZH\educational_administration_system\Application\Teacher\Controller\ContentController.class.php 第 77 行.
NOTIC: [8] Use of undefined constant id - assumed 'id' D:\xampp1\htdocs\ZH\educational_administration_system\Application\Teacher\Controller\ContentController.class.php 第 78 行.
NOTIC: [8] Use of undefined constant stuID - assumed 'stuID' D:\xampp1\htdocs\ZH\educational_administration_system\Application\Teacher\Controller\ContentController.class.php 第 85 行.
NOTIC: [8] Use of undefined constant courseid - assumed 'courseid' D:\xampp1\htdocs\ZH\educational_administration_system\Application\Teacher\Controller\ContentController.class.php 第 77 行.
NOTIC: [8] Use of undefined constant id - assumed 'id' D:\xampp1\htdocs\ZH\educational_administration_system\Application\Teacher\Controller\ContentController.class.php 第 78 行.
NOTIC: [8] Use of undefined constant stuID - assumed 'stuID' D:\xampp1\htdocs\ZH\educational_administration_system\Application\Teacher\Controller\ContentController.class.php 第 85 行.
NOTIC: [8] Use of undefined constant courseid - assumed 'courseid' D:\xampp1\htdocs\ZH\educational_administration_system\Application\Teacher\Controller\ContentController.class.php 第 77 行.
NOTIC: [8] Use of undefined constant id - assumed 'id' D:\xampp1\htdocs\ZH\educational_administration_system\Application\Teacher\Controller\ContentController.class.php 第 78 行.
NOTIC: [8] Use of undefined constant stuID - assumed 'stuID' D:\xampp1\htdocs\ZH\educational_administration_system\Application\Teacher\Controller\ContentController.class.php 第 85 行.
NOTIC: [8] Use of undefined constant courseid - assumed 'courseid' D:\xampp1\htdocs\ZH\educational_administration_system\Application\Teacher\Controller\ContentController.class.php 第 77 行.
NOTIC: [8] Use of undefined constant id - assumed 'id' D:\xampp1\htdocs\ZH\educational_administration_system\Application\Teacher\Controller\ContentController.class.php 第 78 行.
NOTIC: [8] Use of undefined constant stuID - assumed 'stuID' D:\xampp1\htdocs\ZH\educational_administration_system\Application\Teacher\Controller\ContentController.class.php 第 85 行.
NOTIC: [8] Use of undefined constant courseid - assumed 'courseid' D:\xampp1\htdocs\ZH\educational_administration_system\Application\Teacher\Controller\ContentController.class.php 第 77 行.
NOTIC: [8] Use of undefined constant id - assumed 'id' D:\xampp1\htdocs\ZH\educational_administration_system\Application\Teacher\Controller\ContentController.class.php 第 78 行.
NOTIC: [8] Use of undefined constant stuID - assumed 'stuID' D:\xampp1\htdocs\ZH\educational_administration_system\Application\Teacher\Controller\ContentController.class.php 第 85 行.
NOTIC: [8] Use of undefined constant courseid - assumed 'courseid' D:\xampp1\htdocs\ZH\educational_administration_system\Application\Teacher\Controller\ContentController.class.php 第 77 行.
NOTIC: [8] Use of undefined constant id - assumed 'id' D:\xampp1\htdocs\ZH\educational_administration_system\Application\Teacher\Controller\ContentController.class.php 第 78 行.
NOTIC: [8] Use of undefined constant stuID - assumed 'stuID' D:\xampp1\htdocs\ZH\educational_administration_system\Application\Teacher\Controller\ContentController.class.php 第 85 行.
NOTIC: [8] Use of undefined constant courseid - assumed 'courseid' D:\xampp1\htdocs\ZH\educational_administration_system\Application\Teacher\Controller\ContentController.class.php 第 77 行.
NOTIC: [8] Use of undefined constant id - assumed 'id' D:\xampp1\htdocs\ZH\educational_administration_system\Application\Teacher\Controller\ContentController.class.php 第 78 行.
NOTIC: [8] Use of undefined constant stuID - assumed 'stuID' D:\xampp1\htdocs\ZH\educational_administration_system\Application\Teacher\Controller\ContentController.class.php 第 85 行.
NOTIC: [8] Use of undefined constant courseid - assumed 'courseid' D:\xampp1\htdocs\ZH\educational_administration_system\Application\Teacher\Controller\ContentController.class.php 第 77 行.
NOTIC: [8] Use of undefined constant id - assumed 'id' D:\xampp1\htdocs\ZH\educational_administration_system\Application\Teacher\Controller\ContentController.class.php 第 78 行.
NOTIC: [8] Use of undefined constant stuID - assumed 'stuID' D:\xampp1\htdocs\ZH\educational_administration_system\Application\Teacher\Controller\ContentController.class.php 第 85 行.
INFO: [ view_parse ] --START--
INFO: [ template_filter ] --START--
INFO: Run Behavior\ContentReplaceBehavior [ RunTime:0.000053s ]
INFO: [ template_filter ] --END-- [ RunTime:0.000100s ]
INFO: Run Behavior\ParseTemplateBehavior [ RunTime:0.107677s ]
INFO: [ view_parse ] --END-- [ RunTime:0.107751s ]
INFO: [ view_filter ] --START--
INFO: Run Behavior\WriteHtmlCacheBehavior [ RunTime:0.000593s ]
INFO: [ view_filter ] --END-- [ RunTime:0.000633s ]
INFO: [ app_end ] --START--
INFO: Run Behavior\ShowPageTraceBehavior [ RunTime:0.000765s ]
INFO: [ app_end ] --END-- [ RunTime:0.000810s ]

[ 2017-04-13T20:55:14+08:00 ] ::1 /ZH/educational_administration_system/index.php/Teacher/Content/gradeDetail
INFO: [ app_init ] --START--
INFO: Run Behavior\BuildLiteBehavior [ RunTime:0.000022s ]
INFO: [ app_init ] --END-- [ RunTime:0.000393s ]
INFO: [ app_begin ] --START--
INFO: Run Behavior\ReadHtmlCacheBehavior [ RunTime:0.000715s ]
INFO: [ app_begin ] --END-- [ RunTime:0.000754s ]
NOTIC: [8] Use of undefined constant user - assumed 'user' D:\xampp1\htdocs\ZH\educational_administration_system\Application\Teacher\Controller\ContentController.class.php 第 93 行.
SQL: SELECT * FROM information_schema.tables WHERE table_schema = 'education' AND table_name = 'edu_grade6' [ RunTime:0.0452s ]
INFO: [ app_end ] --START--
INFO: Run Behavior\ShowPageTraceBehavior [ RunTime:0.001117s ]
INFO: [ app_end ] --END-- [ RunTime:0.001221s ]

[ 2017-04-13T20:55:17+08:00 ] ::1 /ZH/educational_administration_system/index.php/Teacher/Content/gradeDetail
INFO: [ app_init ] --START--
INFO: Run Behavior\BuildLiteBehavior [ RunTime:0.000012s ]
INFO: [ app_init ] --END-- [ RunTime:0.000349s ]
INFO: [ app_begin ] --START--
INFO: Run Behavior\ReadHtmlCacheBehavior [ RunTime:0.000694s ]
INFO: [ app_begin ] --END-- [ RunTime:0.000742s ]
NOTIC: [8] Use of undefined constant user - assumed 'user' D:\xampp1\htdocs\ZH\educational_administration_system\Application\Teacher\Controller\ContentController.class.php 第 93 行.
SQL: SELECT * FROM information_schema.tables WHERE table_schema = 'education' AND table_name = 'edu_grade10' [ RunTime:0.0006s ]
SQL: SHOW COLUMNS FROM `edu_course` [ RunTime:0.0439s ]
SQL: SELECT * FROM `edu_course` WHERE `id` = 10 LIMIT 1   [ RunTime:0.0004s ]
SQL: SHOW COLUMNS FROM `edu_login` [ RunTime:0.0329s ]
SQL: SELECT `name` FROM `edu_login` WHERE `user` = '040169' LIMIT 1   [ RunTime:0.0003s ]
SQL: SELECT * FROM `edu_login` WHERE `user` = '1317404001' LIMIT 1   [ RunTime:0.0002s ]
SQL: SELECT * FROM `edu_login` WHERE `user` = '1317403901' LIMIT 1   [ RunTime:0.0002s ]
SQL: SELECT * FROM `edu_login` WHERE `user` = '1317404002' LIMIT 1   [ RunTime:0.0002s ]
SQL: SELECT * FROM `edu_login` WHERE `user` = '1317404005' LIMIT 1   [ RunTime:0.0002s ]
NOTIC: [8] Use of undefined constant user - assumed 'user' D:\xampp1\htdocs\ZH\educational_administration_system\Application\Teacher\Controller\ContentController.class.php 第 126 行.
NOTIC: [8] Use of undefined constant user - assumed 'user' D:\xampp1\htdocs\ZH\educational_administration_system\Application\Teacher\Controller\ContentController.class.php 第 126 行.
NOTIC: [8] Use of undefined constant user - assumed 'user' D:\xampp1\htdocs\ZH\educational_administration_system\Application\Teacher\Controller\ContentController.class.php 第 126 行.
NOTIC: [8] Use of undefined constant user - assumed 'user' D:\xampp1\htdocs\ZH\educational_administration_system\Application\Teacher\Controller\ContentController.class.php 第 126 行.
NOTIC: [8] Use of undefined constant user - assumed 'user' D:\xampp1\htdocs\ZH\educational_administration_system\Application\Teacher\Controller\ContentController.class.php 第 126 行.
NOTIC: [8] Use of undefined constant user - assumed 'user' D:\xampp1\htdocs\ZH\educational_administration_system\Application\Teacher\Controller\ContentController.class.php 第 126 行.
NOTIC: [8] Use of undefined constant user - assumed 'user' D:\xampp1\htdocs\ZH\educational_administration_system\Application\Teacher\Controller\ContentController.class.php 第 126 行.
NOTIC: [8] Use of undefined constant user - assumed 'user' D:\xampp1\htdocs\ZH\educational_administration_system\Application\Teacher\Controller\ContentController.class.php 第 126 行.
NOTIC: [8] Use of undefined constant user - assumed 'user' D:\xampp1\htdocs\ZH\educational_administration_system\Application\Teacher\Controller\ContentController.class.php 第 126 行.
NOTIC: [8] Use of undefined constant user - assumed 'user' D:\xampp1\htdocs\ZH\educational_administration_system\Application\Teacher\Controller\ContentController.class.php 第 126 行.
NOTIC: [8] Use of undefined constant user - assumed 'user' D:\xampp1\htdocs\ZH\educational_administration_system\Application\Teacher\Controller\ContentController.class.php 第 126 行.
NOTIC: [8] Use of undefined constant user - assumed 'user' D:\xampp1\htdocs\ZH\educational_administration_system\Application\Teacher\Controller\ContentController.class.php 第 126 行.
SQL: CREATE TABLE `education`.`edu_grade10` ( `id` INT(10) NOT NULL AUTO_INCREMENT , `user` VARCHAR(255) NOT NULL , `name` VARCHAR(255) NOT NULL , `pingshi` FLOAT(50) NOT NULL , `qizhong` FLOAT(50) NOT NULL , `shijian` FLOAT(50) NOT NULL , `qimo` FLOAT(50) NOT NULL , `profession` VARCHAR(255) NOT NULL , `grade` FLOAT(50) NOT NULL , `teacher` VARCHAR(255) NOT NULL , `courseName` VARCHAR(255) NOT NULL , PRIMARY KEY (`id`)) ENGINE = MyISAM CHARACTER SET utf8 COLLATE utf8_general_ci [ RunTime:0.0999s ]
SQL: SHOW COLUMNS FROM `edu_grade10` [ RunTime:0.0091s ]
SQL: INSERT INTO `edu_grade10` (`user`,`name`,`profession`,`teacher`,`courseName`,`pingshi`,`qizhong`,`shijian`,`qimo`,`grade`) VALUES ('1317403901','邹荣辉','法学','凌兴宏','web开发','0','0','0','0','0') [ RunTime:0.0005s ]
SQL: INSERT INTO `edu_grade10` (`user`,`name`,`profession`,`teacher`,`courseName`,`pingshi`,`qizhong`,`shijian`,`qimo`,`grade`) VALUES ('1317404001','张豪','计算机','凌兴宏','web开发','0','0','0','0','0') [ RunTime:0.0004s ]
SQL: INSERT INTO `edu_grade10` (`user`,`name`,`profession`,`teacher`,`courseName`,`pingshi`,`qizhong`,`shijian`,`qimo`,`grade`) VALUES ('1317404002','王舟','计算机','凌兴宏','web开发','0','0','0','0','0') [ RunTime:0.0003s ]
SQL: INSERT INTO `edu_grade10` (`user`,`name`,`profession`,`teacher`,`courseName`,`pingshi`,`qizhong`,`shijian`,`qimo`,`grade`) VALUES ('1317404005','周杨','计算机','凌兴宏','web开发','0','0','0','0','0') [ RunTime:0.0003s ]

[ 2017-04-13T20:55:34+08:00 ] ::1 /ZH/educational_administration_system/index.php/Teacher/Index/infoFn
INFO: [ app_init ] --START--
INFO: Run Behavior\BuildLiteBehavior [ RunTime:0.000018s ]
INFO: [ app_init ] --END-- [ RunTime:0.000450s ]
INFO: [ app_begin ] --START--
INFO: Run Behavior\ReadHtmlCacheBehavior [ RunTime:0.002558s ]
INFO: [ app_begin ] --END-- [ RunTime:0.002771s ]
SQL: SHOW COLUMNS FROM `edu_info` [ RunTime:0.0261s ]
SQL: SHOW COLUMNS FROM `edu_login` [ RunTime:0.0075s ]
SQL: SELECT COUNT(*) AS tp_count FROM `edu_info` WHERE `reader` = '040169' LIMIT 1   [ RunTime:0.0004s ]
SQL: SELECT * FROM `edu_info` WHERE `reader` = '040169' ORDER BY id desc LIMIT 5,5   [ RunTime:0.0003s ]
NOTIC: [8] Use of undefined constant user - assumed 'user' D:\xampp1\htdocs\ZH\educational_administration_system\Application\Teacher\Controller\IndexController.class.php 第 40 行.
NOTIC: [8] Use of undefined constant name - assumed 'name' D:\xampp1\htdocs\ZH\educational_administration_system\Application\Teacher\Controller\IndexController.class.php 第 41 行.
SQL: SELECT `name` FROM `edu_login` WHERE `user` = 'admin' LIMIT 1   [ RunTime:0.0003s ]
NOTIC: [8] Use of undefined constant index - assumed 'index' D:\xampp1\htdocs\ZH\educational_administration_system\Application\Teacher\Controller\IndexController.class.php 第 42 行.
NOTIC: [8] Use of undefined constant total - assumed 'total' D:\xampp1\htdocs\ZH\educational_administration_system\Application\Teacher\Controller\IndexController.class.php 第 43 行.

[ 2017-04-13T20:55:35+08:00 ] ::1 /ZH/educational_administration_system/index.php/Teacher/Index/infoFn
INFO: [ app_init ] --START--
INFO: Run Behavior\BuildLiteBehavior [ RunTime:0.000014s ]
INFO: [ app_init ] --END-- [ RunTime:0.000492s ]
INFO: [ app_begin ] --START--
INFO: Run Behavior\ReadHtmlCacheBehavior [ RunTime:0.000926s ]
INFO: [ app_begin ] --END-- [ RunTime:0.000988s ]
SQL: SHOW COLUMNS FROM `edu_info` [ RunTime:0.0555s ]
SQL: SHOW COLUMNS FROM `edu_login` [ RunTime:0.0066s ]
SQL: SELECT COUNT(*) AS tp_count FROM `edu_info` WHERE `reader` = '040169' LIMIT 1   [ RunTime:0.0004s ]
SQL: SELECT * FROM `edu_info` WHERE `reader` = '040169' ORDER BY id desc LIMIT 0,5   [ RunTime:0.0010s ]
NOTIC: [8] Use of undefined constant user - assumed 'user' D:\xampp1\htdocs\ZH\educational_administration_system\Application\Teacher\Controller\IndexController.class.php 第 40 行.
NOTIC: [8] Use of undefined constant name - assumed 'name' D:\xampp1\htdocs\ZH\educational_administration_system\Application\Teacher\Controller\IndexController.class.php 第 41 行.
SQL: SELECT `name` FROM `edu_login` WHERE `user` = 'admin' LIMIT 1   [ RunTime:0.0004s ]
NOTIC: [8] Use of undefined constant index - assumed 'index' D:\xampp1\htdocs\ZH\educational_administration_system\Application\Teacher\Controller\IndexController.class.php 第 42 行.
NOTIC: [8] Use of undefined constant total - assumed 'total' D:\xampp1\htdocs\ZH\educational_administration_system\Application\Teacher\Controller\IndexController.class.php 第 43 行.
NOTIC: [8] Use of undefined constant user - assumed 'user' D:\xampp1\htdocs\ZH\educational_administration_system\Application\Teacher\Controller\IndexController.class.php 第 40 行.
NOTIC: [8] Use of undefined constant name - assumed 'name' D:\xampp1\htdocs\ZH\educational_administration_system\Application\Teacher\Controller\IndexController.class.php 第 41 行.
SQL: SELECT `name` FROM `edu_login` WHERE `user` = 'admin' LIMIT 1   [ RunTime:0.0003s ]
NOTIC: [8] Use of undefined constant index - assumed 'index' D:\xampp1\htdocs\ZH\educational_administration_system\Application\Teacher\Controller\IndexController.class.php 第 42 行.
NOTIC: [8] Use of undefined constant total - assumed 'total' D:\xampp1\htdocs\ZH\educational_administration_system\Application\Teacher\Controller\IndexController.class.php 第 43 行.
NOTIC: [8] Use of undefined constant user - assumed 'user' D:\xampp1\htdocs\ZH\educational_administration_system\Application\Teacher\Controller\IndexController.class.php 第 40 行.
NOTIC: [8] Use of undefined constant name - assumed 'name' D:\xampp1\htdocs\ZH\educational_administration_system\Application\Teacher\Controller\IndexController.class.php 第 41 行.
SQL: SELECT `name` FROM `edu_login` WHERE `user` = 'admin' LIMIT 1   [ RunTime:0.0003s ]
NOTIC: [8] Use of undefined constant index - assumed 'index' D:\xampp1\htdocs\ZH\educational_administration_system\Application\Teacher\Controller\IndexController.class.php 第 42 行.
NOTIC: [8] Use of undefined constant total - assumed 'total' D:\xampp1\htdocs\ZH\educational_administration_system\Application\Teacher\Controller\IndexController.class.php 第 43 行.
NOTIC: [8] Use of undefined constant user - assumed 'user' D:\xampp1\htdocs\ZH\educational_administration_system\Application\Teacher\Controller\IndexController.class.php 第 40 行.
NOTIC: [8] Use of undefined constant name - assumed 'name' D:\xampp1\htdocs\ZH\educational_administration_system\Application\Teacher\Controller\IndexController.class.php 第 41 行.
SQL: SELECT `name` FROM `edu_login` WHERE `user` = 'admin' LIMIT 1   [ RunTime:0.0003s ]
NOTIC: [8] Use of undefined constant index - assumed 'index' D:\xampp1\htdocs\ZH\educational_administration_system\Application\Teacher\Controller\IndexController.class.php 第 42 行.
NOTIC: [8] Use of undefined constant total - assumed 'total' D:\xampp1\htdocs\ZH\educational_administration_system\Application\Teacher\Controller\IndexController.class.php 第 43 行.
NOTIC: [8] Use of undefined constant user - assumed 'user' D:\xampp1\htdocs\ZH\educational_administration_system\Application\Teacher\Controller\IndexController.class.php 第 40 行.
NOTIC: [8] Use of undefined constant name - assumed 'name' D:\xampp1\htdocs\ZH\educational_administration_system\Application\Teacher\Controller\IndexController.class.php 第 41 行.
SQL: SELECT `name` FROM `edu_login` WHERE `user` = 'admin' LIMIT 1   [ RunTime:0.0002s ]
NOTIC: [8] Use of undefined constant index - assumed 'index' D:\xampp1\htdocs\ZH\educational_administration_system\Application\Teacher\Controller\IndexController.class.php 第 42 行.
NOTIC: [8] Use of undefined constant total - assumed 'total' D:\xampp1\htdocs\ZH\educational_administration_system\Application\Teacher\Controller\IndexController.class.php 第 43 行.

