[ 2017-03-27T23:25:42+08:00 ] ::1 /ZH/educational_administration_system/index.php//Teacher/Index/index/name/%E5%BC%A0%E8%B1%AA
INFO: [ app_init ] --START--
INFO: Run Behavior\BuildLiteBehavior [ RunTime:0.000010s ]
INFO: [ app_init ] --END-- [ RunTime:0.000355s ]
INFO: [ app_begin ] --START--
INFO: Run Behavior\ReadHtmlCacheBehavior [ RunTime:0.001260s ]
INFO: [ app_begin ] --END-- [ RunTime:0.001428s ]
SQL: SHOW COLUMNS FROM `edu_info` [ RunTime:0.0070s ]
SQL: SHOW COLUMNS FROM `edu_login` [ RunTime:0.0088s ]
SQL: SELECT COUNT(*) AS tp_count FROM `edu_info` WHERE `reader` = '040003' LIMIT 1   [ RunTime:0.0003s ]
SQL: SELECT * FROM `edu_info` WHERE `reader` = '040003' ORDER BY id desc LIMIT 0,5   [ RunTime:0.0003s ]
NOTIC: [8] Use of undefined constant user - assumed 'user' D:\xampp\htdocs\ZH\educational_administration_system\Application\Teacher\Controller\IndexController.class.php 第 18 行.
NOTIC: [8] Use of undefined constant name - assumed 'name' D:\xampp\htdocs\ZH\educational_administration_system\Application\Teacher\Controller\IndexController.class.php 第 19 行.
SQL: SELECT `name` FROM `edu_login` WHERE `user` = 'admin' LIMIT 1   [ RunTime:0.0002s ]
INFO: [ view_parse ] --START--
INFO: [ template_filter ] --START--
INFO: Run Behavior\ContentReplaceBehavior [ RunTime:0.000097s ]
INFO: [ template_filter ] --END-- [ RunTime:0.000142s ]
INFO: Run Behavior\ParseTemplateBehavior [ RunTime:0.154069s ]
INFO: [ view_parse ] --END-- [ RunTime:0.154125s ]
INFO: [ view_filter ] --START--
INFO: Run Behavior\WriteHtmlCacheBehavior [ RunTime:0.000563s ]
INFO: [ view_filter ] --END-- [ RunTime:0.000596s ]
INFO: [ app_end ] --START--
INFO: Run Behavior\ShowPageTraceBehavior [ RunTime:0.001187s ]
INFO: [ app_end ] --END-- [ RunTime:0.001257s ]

[ 2017-03-27T23:25:52+08:00 ] ::1 /ZH/educational_administration_system/index.php/Teacher/Index/infoFn
INFO: [ app_init ] --START--
INFO: Run Behavior\BuildLiteBehavior [ RunTime:0.000039s ]
INFO: [ app_init ] --END-- [ RunTime:0.001573s ]
INFO: [ app_begin ] --START--
INFO: Run Behavior\ReadHtmlCacheBehavior [ RunTime:0.000678s ]
INFO: [ app_begin ] --END-- [ RunTime:0.000717s ]
SQL: SHOW COLUMNS FROM `edu_info` [ RunTime:0.0212s ]
SQL: SELECT * FROM `edu_info` WHERE `reader` = '040003' ORDER BY id desc LIMIT 0,5   [ RunTime:0.0004s ]

[ 2017-03-27T23:25:54+08:00 ] ::1 /ZH/educational_administration_system/index.php/Teacher/Index/infoFn
INFO: [ app_init ] --START--
INFO: Run Behavior\BuildLiteBehavior [ RunTime:0.000010s ]
INFO: [ app_init ] --END-- [ RunTime:0.000370s ]
INFO: [ app_begin ] --START--
INFO: Run Behavior\ReadHtmlCacheBehavior [ RunTime:0.000643s ]
INFO: [ app_begin ] --END-- [ RunTime:0.000672s ]
SQL: SHOW COLUMNS FROM `edu_info` [ RunTime:0.0454s ]
SQL: SELECT * FROM `edu_info` WHERE `reader` = '040003' ORDER BY id desc LIMIT 0,5   [ RunTime:0.0004s ]

[ 2017-03-27T23:25:56+08:00 ] ::1 /ZH/educational_administration_system/index.php/Teacher/Index/infoFn
INFO: [ app_init ] --START--
INFO: Run Behavior\BuildLiteBehavior [ RunTime:0.000010s ]
INFO: [ app_init ] --END-- [ RunTime:0.000376s ]
INFO: [ app_begin ] --START--
INFO: Run Behavior\ReadHtmlCacheBehavior [ RunTime:0.000770s ]
INFO: [ app_begin ] --END-- [ RunTime:0.000801s ]
SQL: SHOW COLUMNS FROM `edu_info` [ RunTime:0.0561s ]
SQL: SELECT * FROM `edu_info` WHERE `reader` = '040003' ORDER BY id desc LIMIT 0,5   [ RunTime:0.0004s ]

[ 2017-03-27T23:25:57+08:00 ] ::1 /ZH/educational_administration_system/index.php/Teacher/Index/infoFn
INFO: [ app_init ] --START--
INFO: Run Behavior\BuildLiteBehavior [ RunTime:0.000010s ]
INFO: [ app_init ] --END-- [ RunTime:0.000387s ]
INFO: [ app_begin ] --START--
INFO: Run Behavior\ReadHtmlCacheBehavior [ RunTime:0.000864s ]
INFO: [ app_begin ] --END-- [ RunTime:0.000900s ]
SQL: SHOW COLUMNS FROM `edu_info` [ RunTime:0.0662s ]
SQL: SELECT * FROM `edu_info` WHERE `reader` = '040003' ORDER BY id desc LIMIT 0,5   [ RunTime:0.0004s ]

[ 2017-03-27T23:28:04+08:00 ] ::1 /ZH/educational_administration_system/index.php//Teacher/Index/index/name/%E5%BC%A0%E8%B1%AA
INFO: [ app_init ] --START--
INFO: Run Behavior\BuildLiteBehavior [ RunTime:0.000013s ]
INFO: [ app_init ] --END-- [ RunTime:0.000442s ]
INFO: [ app_begin ] --START--
INFO: Run Behavior\ReadHtmlCacheBehavior [ RunTime:0.000631s ]
INFO: [ app_begin ] --END-- [ RunTime:0.000666s ]
SQL: SHOW COLUMNS FROM `edu_info` [ RunTime:0.0105s ]
SQL: SHOW COLUMNS FROM `edu_login` [ RunTime:0.0082s ]
SQL: SELECT COUNT(*) AS tp_count FROM `edu_info` WHERE `reader` = '040003' LIMIT 1   [ RunTime:0.0004s ]
SQL: SELECT * FROM `edu_info` WHERE `reader` = '040003' ORDER BY id desc LIMIT 0,5   [ RunTime:0.0003s ]
NOTIC: [8] Use of undefined constant user - assumed 'user' D:\xampp\htdocs\ZH\educational_administration_system\Application\Teacher\Controller\IndexController.class.php 第 18 行.
NOTIC: [8] Use of undefined constant name - assumed 'name' D:\xampp\htdocs\ZH\educational_administration_system\Application\Teacher\Controller\IndexController.class.php 第 19 行.
SQL: SELECT `name` FROM `edu_login` WHERE `user` = 'admin' LIMIT 1   [ RunTime:0.0002s ]
INFO: [ view_parse ] --START--
INFO: [ template_filter ] --START--
INFO: Run Behavior\ContentReplaceBehavior [ RunTime:0.000090s ]
INFO: [ template_filter ] --END-- [ RunTime:0.000121s ]
INFO: Run Behavior\ParseTemplateBehavior [ RunTime:0.060124s ]
INFO: [ view_parse ] --END-- [ RunTime:0.060172s ]
INFO: [ view_filter ] --START--
INFO: Run Behavior\WriteHtmlCacheBehavior [ RunTime:0.001056s ]
INFO: [ view_filter ] --END-- [ RunTime:0.001117s ]
INFO: [ app_end ] --START--
INFO: Run Behavior\ShowPageTraceBehavior [ RunTime:0.001518s ]
INFO: [ app_end ] --END-- [ RunTime:0.001629s ]

[ 2017-03-27T23:28:08+08:00 ] ::1 /ZH/educational_administration_system/index.php/Teacher/Index/infoFn
INFO: [ app_init ] --START--
INFO: Run Behavior\BuildLiteBehavior [ RunTime:0.000011s ]
INFO: [ app_init ] --END-- [ RunTime:0.000359s ]
INFO: [ app_begin ] --START--
INFO: Run Behavior\ReadHtmlCacheBehavior [ RunTime:0.000624s ]
INFO: [ app_begin ] --END-- [ RunTime:0.000653s ]
SQL: SHOW COLUMNS FROM `edu_info` [ RunTime:0.0261s ]
SQL: SELECT * FROM `edu_info` WHERE `reader` = '040003' ORDER BY id desc LIMIT 0,5   [ RunTime:0.0004s ]

[ 2017-03-27T23:28:10+08:00 ] ::1 /ZH/educational_administration_system/index.php/Teacher/Index/infoFn
INFO: [ app_init ] --START--
INFO: Run Behavior\BuildLiteBehavior [ RunTime:0.000010s ]
INFO: [ app_init ] --END-- [ RunTime:0.000368s ]
INFO: [ app_begin ] --START--
INFO: Run Behavior\ReadHtmlCacheBehavior [ RunTime:0.000712s ]
INFO: [ app_begin ] --END-- [ RunTime:0.000755s ]
SQL: SHOW COLUMNS FROM `edu_info` [ RunTime:0.0246s ]
SQL: SELECT * FROM `edu_info` WHERE `reader` = '040003' ORDER BY id desc LIMIT 0,5   [ RunTime:0.0004s ]

[ 2017-03-27T23:28:11+08:00 ] ::1 /ZH/educational_administration_system/index.php/Teacher/Index/infoFn
INFO: [ app_init ] --START--
INFO: Run Behavior\BuildLiteBehavior [ RunTime:0.000015s ]
INFO: [ app_init ] --END-- [ RunTime:0.000570s ]
INFO: [ app_begin ] --START--
INFO: Run Behavior\ReadHtmlCacheBehavior [ RunTime:0.000646s ]
INFO: [ app_begin ] --END-- [ RunTime:0.000680s ]
SQL: SHOW COLUMNS FROM `edu_info` [ RunTime:0.0480s ]
SQL: SELECT * FROM `edu_info` WHERE `reader` = '040003' ORDER BY id desc LIMIT 0,5   [ RunTime:0.0004s ]

[ 2017-03-27T23:28:11+08:00 ] ::1 /ZH/educational_administration_system/index.php/Teacher/Index/infoFn
INFO: [ app_init ] --START--
INFO: Run Behavior\BuildLiteBehavior [ RunTime:0.000011s ]
INFO: [ app_init ] --END-- [ RunTime:0.000580s ]
INFO: [ app_begin ] --START--
INFO: Run Behavior\ReadHtmlCacheBehavior [ RunTime:0.000637s ]
INFO: [ app_begin ] --END-- [ RunTime:0.000672s ]
SQL: SHOW COLUMNS FROM `edu_info` [ RunTime:0.0343s ]
SQL: SELECT * FROM `edu_info` WHERE `reader` = '040003' ORDER BY id desc LIMIT 0,5   [ RunTime:0.0005s ]

[ 2017-03-27T23:28:12+08:00 ] ::1 /ZH/educational_administration_system/index.php/Teacher/Index/infoFn
INFO: [ app_init ] --START--
INFO: Run Behavior\BuildLiteBehavior [ RunTime:0.000016s ]
INFO: [ app_init ] --END-- [ RunTime:0.000471s ]
INFO: [ app_begin ] --START--
INFO: Run Behavior\ReadHtmlCacheBehavior [ RunTime:0.000681s ]
INFO: [ app_begin ] --END-- [ RunTime:0.000716s ]
SQL: SHOW COLUMNS FROM `edu_info` [ RunTime:0.0114s ]
SQL: SELECT * FROM `edu_info` WHERE `reader` = '040003' ORDER BY id desc LIMIT 0,5   [ RunTime:0.0004s ]

[ 2017-03-27T23:28:12+08:00 ] ::1 /ZH/educational_administration_system/index.php/Teacher/Index/infoFn
INFO: [ app_init ] --START--
INFO: Run Behavior\BuildLiteBehavior [ RunTime:0.000013s ]
INFO: [ app_init ] --END-- [ RunTime:0.000519s ]
INFO: [ app_begin ] --START--
INFO: Run Behavior\ReadHtmlCacheBehavior [ RunTime:0.000879s ]
INFO: [ app_begin ] --END-- [ RunTime:0.000922s ]
SQL: SHOW COLUMNS FROM `edu_info` [ RunTime:0.0211s ]
SQL: SELECT * FROM `edu_info` WHERE `reader` = '040003' ORDER BY id desc LIMIT 0,5   [ RunTime:0.0004s ]

[ 2017-03-27T23:28:13+08:00 ] ::1 /ZH/educational_administration_system/index.php/Teacher/Index/infoFn
INFO: [ app_init ] --START--
INFO: Run Behavior\BuildLiteBehavior [ RunTime:0.000010s ]
INFO: [ app_init ] --END-- [ RunTime:0.000357s ]
INFO: [ app_begin ] --START--
INFO: Run Behavior\ReadHtmlCacheBehavior [ RunTime:0.000608s ]
INFO: [ app_begin ] --END-- [ RunTime:0.000637s ]
SQL: SHOW COLUMNS FROM `edu_info` [ RunTime:0.0228s ]
SQL: SELECT * FROM `edu_info` WHERE `reader` = '040003' ORDER BY id desc LIMIT 0,5   [ RunTime:0.0004s ]

[ 2017-03-27T23:28:14+08:00 ] ::1 /ZH/educational_administration_system/index.php/Teacher/Index/infoFn
INFO: [ app_init ] --START--
INFO: Run Behavior\BuildLiteBehavior [ RunTime:0.000010s ]
INFO: [ app_init ] --END-- [ RunTime:0.000363s ]
INFO: [ app_begin ] --START--
INFO: Run Behavior\ReadHtmlCacheBehavior [ RunTime:0.000608s ]
INFO: [ app_begin ] --END-- [ RunTime:0.000636s ]
SQL: SHOW COLUMNS FROM `edu_info` [ RunTime:0.0111s ]
SQL: SELECT * FROM `edu_info` WHERE `reader` = '040003' ORDER BY id desc LIMIT 0,5   [ RunTime:0.0004s ]

[ 2017-03-27T23:28:14+08:00 ] ::1 /ZH/educational_administration_system/index.php/Teacher/Index/infoFn
INFO: [ app_init ] --START--
INFO: Run Behavior\BuildLiteBehavior [ RunTime:0.000009s ]
INFO: [ app_init ] --END-- [ RunTime:0.000343s ]
INFO: [ app_begin ] --START--
INFO: Run Behavior\ReadHtmlCacheBehavior [ RunTime:0.000719s ]
INFO: [ app_begin ] --END-- [ RunTime:0.000769s ]
SQL: SHOW COLUMNS FROM `edu_info` [ RunTime:0.0060s ]
SQL: SELECT * FROM `edu_info` WHERE `reader` = '040003' ORDER BY id desc LIMIT 0,5   [ RunTime:0.0004s ]

[ 2017-03-27T23:28:14+08:00 ] ::1 /ZH/educational_administration_system/index.php/Teacher/Index/infoFn
INFO: [ app_init ] --START--
INFO: Run Behavior\BuildLiteBehavior [ RunTime:0.000009s ]
INFO: [ app_init ] --END-- [ RunTime:0.000340s ]
INFO: [ app_begin ] --START--
INFO: Run Behavior\ReadHtmlCacheBehavior [ RunTime:0.000615s ]
INFO: [ app_begin ] --END-- [ RunTime:0.000643s ]
SQL: SHOW COLUMNS FROM `edu_info` [ RunTime:0.0349s ]
SQL: SELECT * FROM `edu_info` WHERE `reader` = '040003' ORDER BY id desc LIMIT 0,5   [ RunTime:0.0003s ]

[ 2017-03-27T23:28:15+08:00 ] ::1 /ZH/educational_administration_system/index.php//Teacher/Index/index/name/%E5%BC%A0%E8%B1%AA
INFO: [ app_init ] --START--
INFO: Run Behavior\BuildLiteBehavior [ RunTime:0.000009s ]
INFO: [ app_init ] --END-- [ RunTime:0.000343s ]
INFO: [ app_begin ] --START--
INFO: Run Behavior\ReadHtmlCacheBehavior [ RunTime:0.001135s ]
INFO: [ app_begin ] --END-- [ RunTime:0.001193s ]
SQL: SHOW COLUMNS FROM `edu_info` [ RunTime:0.0467s ]
SQL: SHOW COLUMNS FROM `edu_login` [ RunTime:0.0062s ]
SQL: SELECT COUNT(*) AS tp_count FROM `edu_info` WHERE `reader` = '040003' LIMIT 1   [ RunTime:0.0004s ]
SQL: SELECT * FROM `edu_info` WHERE `reader` = '040003' ORDER BY id desc LIMIT 0,5   [ RunTime:0.0003s ]
NOTIC: [8] Use of undefined constant user - assumed 'user' D:\xampp\htdocs\ZH\educational_administration_system\Application\Teacher\Controller\IndexController.class.php 第 18 行.
NOTIC: [8] Use of undefined constant name - assumed 'name' D:\xampp\htdocs\ZH\educational_administration_system\Application\Teacher\Controller\IndexController.class.php 第 19 行.
SQL: SELECT `name` FROM `edu_login` WHERE `user` = 'admin' LIMIT 1   [ RunTime:0.0002s ]
INFO: [ view_parse ] --START--
INFO: [ template_filter ] --START--
INFO: Run Behavior\ContentReplaceBehavior [ RunTime:0.000094s ]
INFO: [ template_filter ] --END-- [ RunTime:0.000136s ]
INFO: Run Behavior\ParseTemplateBehavior [ RunTime:0.061591s ]
INFO: [ view_parse ] --END-- [ RunTime:0.061640s ]
INFO: [ view_filter ] --START--
INFO: Run Behavior\WriteHtmlCacheBehavior [ RunTime:0.000509s ]
INFO: [ view_filter ] --END-- [ RunTime:0.000539s ]
INFO: [ app_end ] --START--
INFO: Run Behavior\ShowPageTraceBehavior [ RunTime:0.000772s ]
INFO: [ app_end ] --END-- [ RunTime:0.000812s ]

[ 2017-03-27T23:28:37+08:00 ] ::1 /ZH/educational_administration_system/index.php//Teacher/Index/index/name/%E5%BC%A0%E8%B1%AA
INFO: [ app_init ] --START--
INFO: Run Behavior\BuildLiteBehavior [ RunTime:0.000009s ]
INFO: [ app_init ] --END-- [ RunTime:0.000345s ]
INFO: [ app_begin ] --START--
INFO: Run Behavior\ReadHtmlCacheBehavior [ RunTime:0.001033s ]
INFO: [ app_begin ] --END-- [ RunTime:0.001102s ]
SQL: SHOW COLUMNS FROM `edu_info` [ RunTime:0.0237s ]
SQL: SHOW COLUMNS FROM `edu_login` [ RunTime:0.0068s ]
SQL: SELECT COUNT(*) AS tp_count FROM `edu_info` WHERE `reader` = '040003' LIMIT 1   [ RunTime:0.0004s ]
SQL: SELECT * FROM `edu_info` WHERE `reader` = '040003' ORDER BY id desc LIMIT 0,5   [ RunTime:0.0004s ]
NOTIC: [8] Use of undefined constant user - assumed 'user' D:\xampp\htdocs\ZH\educational_administration_system\Application\Teacher\Controller\IndexController.class.php 第 18 行.
NOTIC: [8] Use of undefined constant name - assumed 'name' D:\xampp\htdocs\ZH\educational_administration_system\Application\Teacher\Controller\IndexController.class.php 第 19 行.
SQL: SELECT `name` FROM `edu_login` WHERE `user` = 'admin' LIMIT 1   [ RunTime:0.0002s ]
INFO: [ view_parse ] --START--
INFO: [ template_filter ] --START--
INFO: Run Behavior\ContentReplaceBehavior [ RunTime:0.000089s ]
INFO: [ template_filter ] --END-- [ RunTime:0.000128s ]
INFO: Run Behavior\ParseTemplateBehavior [ RunTime:0.059287s ]
INFO: [ view_parse ] --END-- [ RunTime:0.059349s ]
INFO: [ view_filter ] --START--
INFO: Run Behavior\WriteHtmlCacheBehavior [ RunTime:0.000641s ]
INFO: [ view_filter ] --END-- [ RunTime:0.000682s ]
INFO: [ app_end ] --START--
INFO: Run Behavior\ShowPageTraceBehavior [ RunTime:0.001290s ]
INFO: [ app_end ] --END-- [ RunTime:0.001363s ]

[ 2017-03-27T23:28:40+08:00 ] ::1 /ZH/educational_administration_system/index.php/Teacher/Index/infoFn
INFO: [ app_init ] --START--
INFO: Run Behavior\BuildLiteBehavior [ RunTime:0.000011s ]
INFO: [ app_init ] --END-- [ RunTime:0.000408s ]
INFO: [ app_begin ] --START--
INFO: Run Behavior\ReadHtmlCacheBehavior [ RunTime:0.000682s ]
INFO: [ app_begin ] --END-- [ RunTime:0.000718s ]
SQL: SHOW COLUMNS FROM `edu_info` [ RunTime:0.0146s ]
SQL: SELECT * FROM `edu_info` WHERE `reader` = '040003' ORDER BY id desc LIMIT 0,5   [ RunTime:0.0004s ]

[ 2017-03-27T23:31:53+08:00 ] ::1 /ZH/educational_administration_system/index.php//Teacher/Index/index/name/%E5%BC%A0%E8%B1%AA
INFO: [ app_init ] --START--
INFO: Run Behavior\BuildLiteBehavior [ RunTime:0.000010s ]
INFO: [ app_init ] --END-- [ RunTime:0.000356s ]
INFO: [ app_begin ] --START--
INFO: Run Behavior\ReadHtmlCacheBehavior [ RunTime:0.000636s ]
INFO: [ app_begin ] --END-- [ RunTime:0.000670s ]
SQL: SHOW COLUMNS FROM `edu_info` [ RunTime:0.0099s ]
SQL: SHOW COLUMNS FROM `edu_login` [ RunTime:0.0074s ]
SQL: SELECT COUNT(*) AS tp_count FROM `edu_info` WHERE `reader` = '040003' LIMIT 1   [ RunTime:0.0003s ]
SQL: SELECT * FROM `edu_info` WHERE `reader` = '040003' ORDER BY id desc LIMIT 0,5   [ RunTime:0.0003s ]
NOTIC: [8] Use of undefined constant user - assumed 'user' D:\xampp\htdocs\ZH\educational_administration_system\Application\Teacher\Controller\IndexController.class.php 第 18 行.
NOTIC: [8] Use of undefined constant name - assumed 'name' D:\xampp\htdocs\ZH\educational_administration_system\Application\Teacher\Controller\IndexController.class.php 第 19 行.
SQL: SELECT `name` FROM `edu_login` WHERE `user` = 'admin' LIMIT 1   [ RunTime:0.0002s ]
INFO: [ view_parse ] --START--
INFO: [ template_filter ] --START--
INFO: Run Behavior\ContentReplaceBehavior [ RunTime:0.000092s ]
INFO: [ template_filter ] --END-- [ RunTime:0.000130s ]
INFO: Run Behavior\ParseTemplateBehavior [ RunTime:0.079449s ]
INFO: [ view_parse ] --END-- [ RunTime:0.079499s ]
INFO: [ view_filter ] --START--
INFO: Run Behavior\WriteHtmlCacheBehavior [ RunTime:0.000580s ]
INFO: [ view_filter ] --END-- [ RunTime:0.000610s ]
INFO: [ app_end ] --START--
INFO: Run Behavior\ShowPageTraceBehavior [ RunTime:0.001208s ]
INFO: [ app_end ] --END-- [ RunTime:0.001279s ]

[ 2017-03-27T23:31:57+08:00 ] ::1 /ZH/educational_administration_system/index.php/Teacher/Index/infoFn
INFO: [ app_init ] --START--
INFO: Run Behavior\BuildLiteBehavior [ RunTime:0.000009s ]
INFO: [ app_init ] --END-- [ RunTime:0.000344s ]
INFO: [ app_begin ] --START--
INFO: Run Behavior\ReadHtmlCacheBehavior [ RunTime:0.000782s ]
INFO: [ app_begin ] --END-- [ RunTime:0.000816s ]
SQL: SHOW COLUMNS FROM `edu_info` [ RunTime:0.0205s ]
SQL: SHOW COLUMNS FROM `edu_login` [ RunTime:0.0059s ]
SQL: SELECT * FROM `edu_info` WHERE `reader` = '040003' ORDER BY id desc LIMIT 0,5   [ RunTime:0.0004s ]
NOTIC: [8] Use of undefined constant user - assumed 'user' D:\xampp\htdocs\ZH\educational_administration_system\Application\Teacher\Controller\IndexController.class.php 第 36 行.
NOTIC: [8] Use of undefined constant name - assumed 'name' D:\xampp\htdocs\ZH\educational_administration_system\Application\Teacher\Controller\IndexController.class.php 第 37 行.
SQL: SELECT `name` FROM `edu_login` WHERE `user` = 'admin' LIMIT 1   [ RunTime:0.0002s ]

[ 2017-03-27T23:31:58+08:00 ] ::1 /ZH/educational_administration_system/index.php/Teacher/Index/infoFn
INFO: [ app_init ] --START--
INFO: Run Behavior\BuildLiteBehavior [ RunTime:0.000010s ]
INFO: [ app_init ] --END-- [ RunTime:0.000407s ]
INFO: [ app_begin ] --START--
INFO: Run Behavior\ReadHtmlCacheBehavior [ RunTime:0.000634s ]
INFO: [ app_begin ] --END-- [ RunTime:0.000668s ]
SQL: SHOW COLUMNS FROM `edu_info` [ RunTime:0.0323s ]
SQL: SHOW COLUMNS FROM `edu_login` [ RunTime:0.0087s ]
SQL: SELECT * FROM `edu_info` WHERE `reader` = '040003' ORDER BY id desc LIMIT 0,5   [ RunTime:0.0004s ]
NOTIC: [8] Use of undefined constant user - assumed 'user' D:\xampp\htdocs\ZH\educational_administration_system\Application\Teacher\Controller\IndexController.class.php 第 36 行.
NOTIC: [8] Use of undefined constant name - assumed 'name' D:\xampp\htdocs\ZH\educational_administration_system\Application\Teacher\Controller\IndexController.class.php 第 37 行.
SQL: SELECT `name` FROM `edu_login` WHERE `user` = 'admin' LIMIT 1   [ RunTime:0.0002s ]

[ 2017-03-27T23:31:59+08:00 ] ::1 /ZH/educational_administration_system/index.php/Teacher/Index/infoFn
INFO: [ app_init ] --START--
INFO: Run Behavior\BuildLiteBehavior [ RunTime:0.000010s ]
INFO: [ app_init ] --END-- [ RunTime:0.000349s ]
INFO: [ app_begin ] --START--
INFO: Run Behavior\ReadHtmlCacheBehavior [ RunTime:0.000610s ]
INFO: [ app_begin ] --END-- [ RunTime:0.000640s ]
SQL: SHOW COLUMNS FROM `edu_info` [ RunTime:0.0368s ]
SQL: SHOW COLUMNS FROM `edu_login` [ RunTime:0.0039s ]
SQL: SELECT * FROM `edu_info` WHERE `reader` = '040003' ORDER BY id desc LIMIT 0,5   [ RunTime:0.0004s ]
NOTIC: [8] Use of undefined constant user - assumed 'user' D:\xampp\htdocs\ZH\educational_administration_system\Application\Teacher\Controller\IndexController.class.php 第 36 行.
NOTIC: [8] Use of undefined constant name - assumed 'name' D:\xampp\htdocs\ZH\educational_administration_system\Application\Teacher\Controller\IndexController.class.php 第 37 行.
SQL: SELECT `name` FROM `edu_login` WHERE `user` = 'admin' LIMIT 1   [ RunTime:0.0002s ]

[ 2017-03-27T23:32:00+08:00 ] ::1 /ZH/educational_administration_system/index.php/Teacher/Index/infoFn
INFO: [ app_init ] --START--
INFO: Run Behavior\BuildLiteBehavior [ RunTime:0.000011s ]
INFO: [ app_init ] --END-- [ RunTime:0.000438s ]
INFO: [ app_begin ] --START--
INFO: Run Behavior\ReadHtmlCacheBehavior [ RunTime:0.000676s ]
INFO: [ app_begin ] --END-- [ RunTime:0.000710s ]
SQL: SHOW COLUMNS FROM `edu_info` [ RunTime:0.0151s ]
SQL: SHOW COLUMNS FROM `edu_login` [ RunTime:0.0079s ]
SQL: SELECT * FROM `edu_info` WHERE `reader` = '040003' ORDER BY id desc LIMIT 0,5   [ RunTime:0.0004s ]
NOTIC: [8] Use of undefined constant user - assumed 'user' D:\xampp\htdocs\ZH\educational_administration_system\Application\Teacher\Controller\IndexController.class.php 第 36 行.
NOTIC: [8] Use of undefined constant name - assumed 'name' D:\xampp\htdocs\ZH\educational_administration_system\Application\Teacher\Controller\IndexController.class.php 第 37 行.
SQL: SELECT `name` FROM `edu_login` WHERE `user` = 'admin' LIMIT 1   [ RunTime:0.0002s ]

[ 2017-03-27T23:32:00+08:00 ] ::1 /ZH/educational_administration_system/index.php/Teacher/Index/infoFn
INFO: [ app_init ] --START--
INFO: Run Behavior\BuildLiteBehavior [ RunTime:0.000019s ]
INFO: [ app_init ] --END-- [ RunTime:0.000632s ]
INFO: [ app_begin ] --START--
INFO: Run Behavior\ReadHtmlCacheBehavior [ RunTime:0.001098s ]
INFO: [ app_begin ] --END-- [ RunTime:0.001167s ]
SQL: SHOW COLUMNS FROM `edu_info` [ RunTime:0.0144s ]
SQL: SHOW COLUMNS FROM `edu_login` [ RunTime:0.0035s ]
SQL: SELECT * FROM `edu_info` WHERE `reader` = '040003' ORDER BY id desc LIMIT 0,5   [ RunTime:0.0004s ]
NOTIC: [8] Use of undefined constant user - assumed 'user' D:\xampp\htdocs\ZH\educational_administration_system\Application\Teacher\Controller\IndexController.class.php 第 36 行.
NOTIC: [8] Use of undefined constant name - assumed 'name' D:\xampp\htdocs\ZH\educational_administration_system\Application\Teacher\Controller\IndexController.class.php 第 37 行.
SQL: SELECT `name` FROM `edu_login` WHERE `user` = 'admin' LIMIT 1   [ RunTime:0.0002s ]

[ 2017-03-27T23:32:01+08:00 ] ::1 /ZH/educational_administration_system/index.php/Teacher/Index/infoFn
INFO: [ app_init ] --START--
INFO: Run Behavior\BuildLiteBehavior [ RunTime:0.000018s ]
INFO: [ app_init ] --END-- [ RunTime:0.000695s ]
INFO: [ app_begin ] --START--
INFO: Run Behavior\ReadHtmlCacheBehavior [ RunTime:0.001008s ]
INFO: [ app_begin ] --END-- [ RunTime:0.001061s ]
SQL: SHOW COLUMNS FROM `edu_info` [ RunTime:0.0338s ]
SQL: SHOW COLUMNS FROM `edu_login` [ RunTime:0.0073s ]
SQL: SELECT * FROM `edu_info` WHERE `reader` = '040003' ORDER BY id desc LIMIT 0,5   [ RunTime:0.0004s ]
NOTIC: [8] Use of undefined constant user - assumed 'user' D:\xampp\htdocs\ZH\educational_administration_system\Application\Teacher\Controller\IndexController.class.php 第 36 行.
NOTIC: [8] Use of undefined constant name - assumed 'name' D:\xampp\htdocs\ZH\educational_administration_system\Application\Teacher\Controller\IndexController.class.php 第 37 行.
SQL: SELECT `name` FROM `edu_login` WHERE `user` = 'admin' LIMIT 1   [ RunTime:0.0002s ]

[ 2017-03-27T23:32:02+08:00 ] ::1 /ZH/educational_administration_system/index.php/Teacher/Index/infoFn
INFO: [ app_init ] --START--
INFO: Run Behavior\BuildLiteBehavior [ RunTime:0.000014s ]
INFO: [ app_init ] --END-- [ RunTime:0.000491s ]
INFO: [ app_begin ] --START--
INFO: Run Behavior\ReadHtmlCacheBehavior [ RunTime:0.001120s ]
INFO: [ app_begin ] --END-- [ RunTime:0.001172s ]
SQL: SHOW COLUMNS FROM `edu_info` [ RunTime:0.0136s ]
SQL: SHOW COLUMNS FROM `edu_login` [ RunTime:0.0058s ]
SQL: SELECT * FROM `edu_info` WHERE `reader` = '040003' ORDER BY id desc LIMIT 0,5   [ RunTime:0.0007s ]
NOTIC: [8] Use of undefined constant user - assumed 'user' D:\xampp\htdocs\ZH\educational_administration_system\Application\Teacher\Controller\IndexController.class.php 第 36 行.
NOTIC: [8] Use of undefined constant name - assumed 'name' D:\xampp\htdocs\ZH\educational_administration_system\Application\Teacher\Controller\IndexController.class.php 第 37 行.
SQL: SELECT `name` FROM `edu_login` WHERE `user` = 'admin' LIMIT 1   [ RunTime:0.0006s ]

[ 2017-03-27T23:32:03+08:00 ] ::1 /ZH/educational_administration_system/index.php/Teacher/Index/infoFn
INFO: [ app_init ] --START--
INFO: Run Behavior\BuildLiteBehavior [ RunTime:0.000009s ]
INFO: [ app_init ] --END-- [ RunTime:0.000338s ]
INFO: [ app_begin ] --START--
INFO: Run Behavior\ReadHtmlCacheBehavior [ RunTime:0.000604s ]
INFO: [ app_begin ] --END-- [ RunTime:0.000631s ]
SQL: SHOW COLUMNS FROM `edu_info` [ RunTime:0.0440s ]
SQL: SHOW COLUMNS FROM `edu_login` [ RunTime:0.0061s ]
SQL: SELECT * FROM `edu_info` WHERE `reader` = '040003' ORDER BY id desc LIMIT 0,5   [ RunTime:0.0004s ]
NOTIC: [8] Use of undefined constant user - assumed 'user' D:\xampp\htdocs\ZH\educational_administration_system\Application\Teacher\Controller\IndexController.class.php 第 36 行.
NOTIC: [8] Use of undefined constant name - assumed 'name' D:\xampp\htdocs\ZH\educational_administration_system\Application\Teacher\Controller\IndexController.class.php 第 37 行.
SQL: SELECT `name` FROM `edu_login` WHERE `user` = 'admin' LIMIT 1   [ RunTime:0.0002s ]

[ 2017-03-27T23:32:03+08:00 ] ::1 /ZH/educational_administration_system/index.php/Teacher/Index/infoFn
INFO: [ app_init ] --START--
INFO: Run Behavior\BuildLiteBehavior [ RunTime:0.000013s ]
INFO: [ app_init ] --END-- [ RunTime:0.000377s ]
INFO: [ app_begin ] --START--
INFO: Run Behavior\ReadHtmlCacheBehavior [ RunTime:0.000651s ]
INFO: [ app_begin ] --END-- [ RunTime:0.000689s ]
SQL: SHOW COLUMNS FROM `edu_info` [ RunTime:0.0094s ]
SQL: SHOW COLUMNS FROM `edu_login` [ RunTime:0.0379s ]
SQL: SELECT * FROM `edu_info` WHERE `reader` = '040003' ORDER BY id desc LIMIT 0,5   [ RunTime:0.0003s ]
NOTIC: [8] Use of undefined constant user - assumed 'user' D:\xampp\htdocs\ZH\educational_administration_system\Application\Teacher\Controller\IndexController.class.php 第 36 行.
NOTIC: [8] Use of undefined constant name - assumed 'name' D:\xampp\htdocs\ZH\educational_administration_system\Application\Teacher\Controller\IndexController.class.php 第 37 行.
SQL: SELECT `name` FROM `edu_login` WHERE `user` = 'admin' LIMIT 1   [ RunTime:0.0002s ]

[ 2017-03-27T23:32:20+08:00 ] ::1 /ZH/educational_administration_system/index.php//Teacher/Index/index/name/%E5%87%8C%E5%85%B4%E5%AE%8F
INFO: [ app_init ] --START--
INFO: Run Behavior\BuildLiteBehavior [ RunTime:0.000010s ]
INFO: [ app_init ] --END-- [ RunTime:0.000382s ]
INFO: [ app_begin ] --START--
INFO: Run Behavior\ReadHtmlCacheBehavior [ RunTime:0.000676s ]
INFO: [ app_begin ] --END-- [ RunTime:0.000716s ]
SQL: SHOW COLUMNS FROM `edu_info` [ RunTime:0.0080s ]
SQL: SHOW COLUMNS FROM `edu_login` [ RunTime:0.0064s ]
SQL: SELECT COUNT(*) AS tp_count FROM `edu_info` WHERE `reader` = '040169' LIMIT 1   [ RunTime:0.0004s ]
SQL: SELECT * FROM `edu_info` WHERE `reader` = '040169' ORDER BY id desc LIMIT 0,5   [ RunTime:0.0004s ]
NOTIC: [8] Use of undefined constant user - assumed 'user' D:\xampp\htdocs\ZH\educational_administration_system\Application\Teacher\Controller\IndexController.class.php 第 18 行.
NOTIC: [8] Use of undefined constant name - assumed 'name' D:\xampp\htdocs\ZH\educational_administration_system\Application\Teacher\Controller\IndexController.class.php 第 19 行.
SQL: SELECT `name` FROM `edu_login` WHERE `user` = 'admin' LIMIT 1   [ RunTime:0.0002s ]
NOTIC: [8] Use of undefined constant user - assumed 'user' D:\xampp\htdocs\ZH\educational_administration_system\Application\Teacher\Controller\IndexController.class.php 第 18 行.
NOTIC: [8] Use of undefined constant name - assumed 'name' D:\xampp\htdocs\ZH\educational_administration_system\Application\Teacher\Controller\IndexController.class.php 第 19 行.
SQL: SELECT `name` FROM `edu_login` WHERE `user` = 'admin' LIMIT 1   [ RunTime:0.0002s ]
NOTIC: [8] Use of undefined constant user - assumed 'user' D:\xampp\htdocs\ZH\educational_administration_system\Application\Teacher\Controller\IndexController.class.php 第 18 行.
NOTIC: [8] Use of undefined constant name - assumed 'name' D:\xampp\htdocs\ZH\educational_administration_system\Application\Teacher\Controller\IndexController.class.php 第 19 行.
SQL: SELECT `name` FROM `edu_login` WHERE `user` = 'admin' LIMIT 1   [ RunTime:0.0002s ]
NOTIC: [8] Use of undefined constant user - assumed 'user' D:\xampp\htdocs\ZH\educational_administration_system\Application\Teacher\Controller\IndexController.class.php 第 18 行.
NOTIC: [8] Use of undefined constant name - assumed 'name' D:\xampp\htdocs\ZH\educational_administration_system\Application\Teacher\Controller\IndexController.class.php 第 19 行.
SQL: SELECT `name` FROM `edu_login` WHERE `user` = 'admin' LIMIT 1   [ RunTime:0.0002s ]
NOTIC: [8] Use of undefined constant user - assumed 'user' D:\xampp\htdocs\ZH\educational_administration_system\Application\Teacher\Controller\IndexController.class.php 第 18 行.
NOTIC: [8] Use of undefined constant name - assumed 'name' D:\xampp\htdocs\ZH\educational_administration_system\Application\Teacher\Controller\IndexController.class.php 第 19 行.
SQL: SELECT `name` FROM `edu_login` WHERE `user` = 'admin' LIMIT 1   [ RunTime:0.0002s ]
INFO: [ view_parse ] --START--
INFO: [ template_filter ] --START--
INFO: Run Behavior\ContentReplaceBehavior [ RunTime:0.000116s ]
INFO: [ template_filter ] --END-- [ RunTime:0.000172s ]
INFO: Run Behavior\ParseTemplateBehavior [ RunTime:0.076914s ]
INFO: [ view_parse ] --END-- [ RunTime:0.076983s ]
INFO: [ view_filter ] --START--
INFO: Run Behavior\WriteHtmlCacheBehavior [ RunTime:0.000635s ]
INFO: [ view_filter ] --END-- [ RunTime:0.000677s ]
INFO: [ app_end ] --START--
INFO: Run Behavior\ShowPageTraceBehavior [ RunTime:0.001242s ]
INFO: [ app_end ] --END-- [ RunTime:0.001320s ]

[ 2017-03-27T23:32:24+08:00 ] ::1 /ZH/educational_administration_system/index.php/Teacher/Index/infoFn
INFO: [ app_init ] --START--
INFO: Run Behavior\BuildLiteBehavior [ RunTime:0.000010s ]
INFO: [ app_init ] --END-- [ RunTime:0.000382s ]
INFO: [ app_begin ] --START--
INFO: Run Behavior\ReadHtmlCacheBehavior [ RunTime:0.000749s ]
INFO: [ app_begin ] --END-- [ RunTime:0.000795s ]
SQL: SHOW COLUMNS FROM `edu_info` [ RunTime:0.0155s ]
SQL: SHOW COLUMNS FROM `edu_login` [ RunTime:0.0071s ]
SQL: SELECT * FROM `edu_info` WHERE `reader` = '040169' ORDER BY id desc LIMIT 5,5   [ RunTime:0.0004s ]
NOTIC: [8] Use of undefined constant user - assumed 'user' D:\xampp\htdocs\ZH\educational_administration_system\Application\Teacher\Controller\IndexController.class.php 第 36 行.
NOTIC: [8] Use of undefined constant name - assumed 'name' D:\xampp\htdocs\ZH\educational_administration_system\Application\Teacher\Controller\IndexController.class.php 第 37 行.
SQL: SELECT `name` FROM `edu_login` WHERE `user` = 'admin' LIMIT 1   [ RunTime:0.0002s ]
NOTIC: [8] Use of undefined constant user - assumed 'user' D:\xampp\htdocs\ZH\educational_administration_system\Application\Teacher\Controller\IndexController.class.php 第 36 行.
NOTIC: [8] Use of undefined constant name - assumed 'name' D:\xampp\htdocs\ZH\educational_administration_system\Application\Teacher\Controller\IndexController.class.php 第 37 行.
SQL: SELECT `name` FROM `edu_login` WHERE `user` = 'admin' LIMIT 1   [ RunTime:0.0002s ]

[ 2017-03-27T23:32:26+08:00 ] ::1 /ZH/educational_administration_system/index.php/Teacher/Index/infoFn
INFO: [ app_init ] --START--
INFO: Run Behavior\BuildLiteBehavior [ RunTime:0.000010s ]
INFO: [ app_init ] --END-- [ RunTime:0.000361s ]
INFO: [ app_begin ] --START--
INFO: Run Behavior\ReadHtmlCacheBehavior [ RunTime:0.000607s ]
INFO: [ app_begin ] --END-- [ RunTime:0.000633s ]
SQL: SHOW COLUMNS FROM `edu_info` [ RunTime:0.0186s ]
SQL: SHOW COLUMNS FROM `edu_login` [ RunTime:0.0060s ]
SQL: SELECT * FROM `edu_info` WHERE `reader` = '040169' ORDER BY id desc LIMIT 0,5   [ RunTime:0.0004s ]
NOTIC: [8] Use of undefined constant user - assumed 'user' D:\xampp\htdocs\ZH\educational_administration_system\Application\Teacher\Controller\IndexController.class.php 第 36 行.
NOTIC: [8] Use of undefined constant name - assumed 'name' D:\xampp\htdocs\ZH\educational_administration_system\Application\Teacher\Controller\IndexController.class.php 第 37 行.
SQL: SELECT `name` FROM `edu_login` WHERE `user` = 'admin' LIMIT 1   [ RunTime:0.0002s ]
NOTIC: [8] Use of undefined constant user - assumed 'user' D:\xampp\htdocs\ZH\educational_administration_system\Application\Teacher\Controller\IndexController.class.php 第 36 行.
NOTIC: [8] Use of undefined constant name - assumed 'name' D:\xampp\htdocs\ZH\educational_administration_system\Application\Teacher\Controller\IndexController.class.php 第 37 行.
SQL: SELECT `name` FROM `edu_login` WHERE `user` = 'admin' LIMIT 1   [ RunTime:0.0002s ]
NOTIC: [8] Use of undefined constant user - assumed 'user' D:\xampp\htdocs\ZH\educational_administration_system\Application\Teacher\Controller\IndexController.class.php 第 36 行.
NOTIC: [8] Use of undefined constant name - assumed 'name' D:\xampp\htdocs\ZH\educational_administration_system\Application\Teacher\Controller\IndexController.class.php 第 37 行.
SQL: SELECT `name` FROM `edu_login` WHERE `user` = 'admin' LIMIT 1   [ RunTime:0.0002s ]
NOTIC: [8] Use of undefined constant user - assumed 'user' D:\xampp\htdocs\ZH\educational_administration_system\Application\Teacher\Controller\IndexController.class.php 第 36 行.
NOTIC: [8] Use of undefined constant name - assumed 'name' D:\xampp\htdocs\ZH\educational_administration_system\Application\Teacher\Controller\IndexController.class.php 第 37 行.
SQL: SELECT `name` FROM `edu_login` WHERE `user` = 'admin' LIMIT 1   [ RunTime:0.0002s ]
NOTIC: [8] Use of undefined constant user - assumed 'user' D:\xampp\htdocs\ZH\educational_administration_system\Application\Teacher\Controller\IndexController.class.php 第 36 行.
NOTIC: [8] Use of undefined constant name - assumed 'name' D:\xampp\htdocs\ZH\educational_administration_system\Application\Teacher\Controller\IndexController.class.php 第 37 行.
SQL: SELECT `name` FROM `edu_login` WHERE `user` = 'admin' LIMIT 1   [ RunTime:0.0002s ]

[ 2017-03-27T23:35:05+08:00 ] ::1 /ZH/educational_administration_system/index.php//Teacher/Index/index/name/%E5%87%8C%E5%85%B4%E5%AE%8F
INFO: [ app_init ] --START--
INFO: Run Behavior\BuildLiteBehavior [ RunTime:0.000010s ]
INFO: [ app_init ] --END-- [ RunTime:0.000372s ]
INFO: [ app_begin ] --START--
INFO: Run Behavior\ReadHtmlCacheBehavior [ RunTime:0.000799s ]
INFO: [ app_begin ] --END-- [ RunTime:0.000840s ]
SQL: SHOW COLUMNS FROM `edu_info` [ RunTime:0.0111s ]
SQL: SHOW COLUMNS FROM `edu_login` [ RunTime:0.0061s ]
SQL: SELECT COUNT(*) AS tp_count FROM `edu_info` WHERE `reader` = '040169' LIMIT 1   [ RunTime:0.0005s ]
SQL: SELECT * FROM `edu_info` WHERE `reader` = '040169' ORDER BY id desc LIMIT 0,5   [ RunTime:0.0013s ]
NOTIC: [8] Use of undefined constant user - assumed 'user' D:\xampp\htdocs\ZH\educational_administration_system\Application\Teacher\Controller\IndexController.class.php 第 18 行.
NOTIC: [8] Use of undefined constant name - assumed 'name' D:\xampp\htdocs\ZH\educational_administration_system\Application\Teacher\Controller\IndexController.class.php 第 19 行.
SQL: SELECT `name` FROM `edu_login` WHERE `user` = 'admin' LIMIT 1   [ RunTime:0.0003s ]
NOTIC: [8] Use of undefined constant user - assumed 'user' D:\xampp\htdocs\ZH\educational_administration_system\Application\Teacher\Controller\IndexController.class.php 第 18 行.
NOTIC: [8] Use of undefined constant name - assumed 'name' D:\xampp\htdocs\ZH\educational_administration_system\Application\Teacher\Controller\IndexController.class.php 第 19 行.
SQL: SELECT `name` FROM `edu_login` WHERE `user` = 'admin' LIMIT 1   [ RunTime:0.0002s ]
NOTIC: [8] Use of undefined constant user - assumed 'user' D:\xampp\htdocs\ZH\educational_administration_system\Application\Teacher\Controller\IndexController.class.php 第 18 行.
NOTIC: [8] Use of undefined constant name - assumed 'name' D:\xampp\htdocs\ZH\educational_administration_system\Application\Teacher\Controller\IndexController.class.php 第 19 行.
SQL: SELECT `name` FROM `edu_login` WHERE `user` = 'admin' LIMIT 1   [ RunTime:0.0002s ]
NOTIC: [8] Use of undefined constant user - assumed 'user' D:\xampp\htdocs\ZH\educational_administration_system\Application\Teacher\Controller\IndexController.class.php 第 18 行.
NOTIC: [8] Use of undefined constant name - assumed 'name' D:\xampp\htdocs\ZH\educational_administration_system\Application\Teacher\Controller\IndexController.class.php 第 19 行.
SQL: SELECT `name` FROM `edu_login` WHERE `user` = 'admin' LIMIT 1   [ RunTime:0.0002s ]
NOTIC: [8] Use of undefined constant user - assumed 'user' D:\xampp\htdocs\ZH\educational_administration_system\Application\Teacher\Controller\IndexController.class.php 第 18 行.
NOTIC: [8] Use of undefined constant name - assumed 'name' D:\xampp\htdocs\ZH\educational_administration_system\Application\Teacher\Controller\IndexController.class.php 第 19 行.
SQL: SELECT `name` FROM `edu_login` WHERE `user` = 'admin' LIMIT 1   [ RunTime:0.0002s ]
INFO: [ view_parse ] --START--
INFO: [ template_filter ] --START--
INFO: Run Behavior\ContentReplaceBehavior [ RunTime:0.000094s ]
INFO: [ template_filter ] --END-- [ RunTime:0.000134s ]
INFO: Run Behavior\ParseTemplateBehavior [ RunTime:0.061756s ]
INFO: [ view_parse ] --END-- [ RunTime:0.061804s ]
INFO: [ view_filter ] --START--
INFO: Run Behavior\WriteHtmlCacheBehavior [ RunTime:0.000595s ]
INFO: [ view_filter ] --END-- [ RunTime:0.000625s ]
INFO: [ app_end ] --START--
INFO: Run Behavior\ShowPageTraceBehavior [ RunTime:0.003801s ]
INFO: [ app_end ] --END-- [ RunTime:0.003885s ]

[ 2017-03-27T23:35:09+08:00 ] ::1 /ZH/educational_administration_system/index.php/Teacher/Index/infoFn
INFO: [ app_init ] --START--
INFO: Run Behavior\BuildLiteBehavior [ RunTime:0.000009s ]
INFO: [ app_init ] --END-- [ RunTime:0.000362s ]
INFO: [ app_begin ] --START--
INFO: Run Behavior\ReadHtmlCacheBehavior [ RunTime:0.000722s ]
INFO: [ app_begin ] --END-- [ RunTime:0.000769s ]
SQL: SHOW COLUMNS FROM `edu_info` [ RunTime:0.0124s ]
SQL: SHOW COLUMNS FROM `edu_login` [ RunTime:0.0058s ]
SQL: SELECT * FROM `edu_info` WHERE `reader` = '040169' ORDER BY id desc LIMIT 5,5   [ RunTime:0.0004s ]
NOTIC: [8] Use of undefined constant user - assumed 'user' D:\xampp\htdocs\ZH\educational_administration_system\Application\Teacher\Controller\IndexController.class.php 第 36 行.
NOTIC: [8] Use of undefined constant name - assumed 'name' D:\xampp\htdocs\ZH\educational_administration_system\Application\Teacher\Controller\IndexController.class.php 第 37 行.
SQL: SELECT `name` FROM `edu_login` WHERE `user` = 'admin' LIMIT 1   [ RunTime:0.0002s ]
NOTIC: [8] Use of undefined constant index - assumed 'index' D:\xampp\htdocs\ZH\educational_administration_system\Application\Teacher\Controller\IndexController.class.php 第 38 行.
NOTIC: [8] Use of undefined constant user - assumed 'user' D:\xampp\htdocs\ZH\educational_administration_system\Application\Teacher\Controller\IndexController.class.php 第 36 行.
NOTIC: [8] Use of undefined constant name - assumed 'name' D:\xampp\htdocs\ZH\educational_administration_system\Application\Teacher\Controller\IndexController.class.php 第 37 行.
SQL: SELECT `name` FROM `edu_login` WHERE `user` = 'admin' LIMIT 1   [ RunTime:0.0002s ]
NOTIC: [8] Use of undefined constant index - assumed 'index' D:\xampp\htdocs\ZH\educational_administration_system\Application\Teacher\Controller\IndexController.class.php 第 38 行.

[ 2017-03-27T23:36:26+08:00 ] ::1 /ZH/educational_administration_system/index.php//Teacher/Index/index/name/%E5%87%8C%E5%85%B4%E5%AE%8F
INFO: [ app_init ] --START--
INFO: Run Behavior\BuildLiteBehavior [ RunTime:0.000013s ]
INFO: [ app_init ] --END-- [ RunTime:0.000509s ]
INFO: [ app_begin ] --START--
INFO: Run Behavior\ReadHtmlCacheBehavior [ RunTime:0.000727s ]
INFO: [ app_begin ] --END-- [ RunTime:0.000771s ]
SQL: SHOW COLUMNS FROM `edu_info` [ RunTime:0.0116s ]
SQL: SHOW COLUMNS FROM `edu_login` [ RunTime:0.0062s ]
SQL: SELECT COUNT(*) AS tp_count FROM `edu_info` WHERE `reader` = '040169' LIMIT 1   [ RunTime:0.0003s ]
SQL: SELECT * FROM `edu_info` WHERE `reader` = '040169' ORDER BY id desc LIMIT 0,5   [ RunTime:0.0003s ]
NOTIC: [8] Use of undefined constant user - assumed 'user' D:\xampp\htdocs\ZH\educational_administration_system\Application\Teacher\Controller\IndexController.class.php 第 18 行.
NOTIC: [8] Use of undefined constant name - assumed 'name' D:\xampp\htdocs\ZH\educational_administration_system\Application\Teacher\Controller\IndexController.class.php 第 19 行.
SQL: SELECT `name` FROM `edu_login` WHERE `user` = 'admin' LIMIT 1   [ RunTime:0.0002s ]
NOTIC: [8] Use of undefined constant user - assumed 'user' D:\xampp\htdocs\ZH\educational_administration_system\Application\Teacher\Controller\IndexController.class.php 第 18 行.
NOTIC: [8] Use of undefined constant name - assumed 'name' D:\xampp\htdocs\ZH\educational_administration_system\Application\Teacher\Controller\IndexController.class.php 第 19 行.
SQL: SELECT `name` FROM `edu_login` WHERE `user` = 'admin' LIMIT 1   [ RunTime:0.0002s ]
NOTIC: [8] Use of undefined constant user - assumed 'user' D:\xampp\htdocs\ZH\educational_administration_system\Application\Teacher\Controller\IndexController.class.php 第 18 行.
NOTIC: [8] Use of undefined constant name - assumed 'name' D:\xampp\htdocs\ZH\educational_administration_system\Application\Teacher\Controller\IndexController.class.php 第 19 行.
SQL: SELECT `name` FROM `edu_login` WHERE `user` = 'admin' LIMIT 1   [ RunTime:0.0001s ]
NOTIC: [8] Use of undefined constant user - assumed 'user' D:\xampp\htdocs\ZH\educational_administration_system\Application\Teacher\Controller\IndexController.class.php 第 18 行.
NOTIC: [8] Use of undefined constant name - assumed 'name' D:\xampp\htdocs\ZH\educational_administration_system\Application\Teacher\Controller\IndexController.class.php 第 19 行.
SQL: SELECT `name` FROM `edu_login` WHERE `user` = 'admin' LIMIT 1   [ RunTime:0.0002s ]
NOTIC: [8] Use of undefined constant user - assumed 'user' D:\xampp\htdocs\ZH\educational_administration_system\Application\Teacher\Controller\IndexController.class.php 第 18 行.
NOTIC: [8] Use of undefined constant name - assumed 'name' D:\xampp\htdocs\ZH\educational_administration_system\Application\Teacher\Controller\IndexController.class.php 第 19 行.
SQL: SELECT `name` FROM `edu_login` WHERE `user` = 'admin' LIMIT 1   [ RunTime:0.0002s ]
INFO: [ view_parse ] --START--
INFO: [ template_filter ] --START--
INFO: Run Behavior\ContentReplaceBehavior [ RunTime:0.000104s ]
INFO: [ template_filter ] --END-- [ RunTime:0.000156s ]
INFO: Run Behavior\ParseTemplateBehavior [ RunTime:0.099873s ]
INFO: [ view_parse ] --END-- [ RunTime:0.099920s ]
INFO: [ view_filter ] --START--
INFO: Run Behavior\WriteHtmlCacheBehavior [ RunTime:0.000526s ]
INFO: [ view_filter ] --END-- [ RunTime:0.000556s ]
INFO: [ app_end ] --START--
INFO: Run Behavior\ShowPageTraceBehavior [ RunTime:0.001199s ]
INFO: [ app_end ] --END-- [ RunTime:0.001275s ]

[ 2017-03-27T23:36:30+08:00 ] ::1 /ZH/educational_administration_system/index.php/Teacher/Index/infoFn
INFO: [ app_init ] --START--
INFO: Run Behavior\BuildLiteBehavior [ RunTime:0.000011s ]
INFO: [ app_init ] --END-- [ RunTime:0.000371s ]
INFO: [ app_begin ] --START--
INFO: Run Behavior\ReadHtmlCacheBehavior [ RunTime:0.000617s ]
INFO: [ app_begin ] --END-- [ RunTime:0.000645s ]
SQL: SHOW COLUMNS FROM `edu_info` [ RunTime:0.0117s ]
SQL: SHOW COLUMNS FROM `edu_login` [ RunTime:0.0078s ]
SQL: SELECT * FROM `edu_info` WHERE `reader` = '040169' ORDER BY id desc LIMIT 5,5   [ RunTime:0.0008s ]
NOTIC: [8] Use of undefined constant user - assumed 'user' D:\xampp\htdocs\ZH\educational_administration_system\Application\Teacher\Controller\IndexController.class.php 第 36 行.
NOTIC: [8] Use of undefined constant name - assumed 'name' D:\xampp\htdocs\ZH\educational_administration_system\Application\Teacher\Controller\IndexController.class.php 第 37 行.
SQL: SELECT `name` FROM `edu_login` WHERE `user` = 'admin' LIMIT 1   [ RunTime:0.0002s ]
NOTIC: [8] Use of undefined constant index - assumed 'index' D:\xampp\htdocs\ZH\educational_administration_system\Application\Teacher\Controller\IndexController.class.php 第 38 行.
NOTIC: [8] Use of undefined constant user - assumed 'user' D:\xampp\htdocs\ZH\educational_administration_system\Application\Teacher\Controller\IndexController.class.php 第 36 行.
NOTIC: [8] Use of undefined constant name - assumed 'name' D:\xampp\htdocs\ZH\educational_administration_system\Application\Teacher\Controller\IndexController.class.php 第 37 行.
SQL: SELECT `name` FROM `edu_login` WHERE `user` = 'admin' LIMIT 1   [ RunTime:0.0002s ]
NOTIC: [8] Use of undefined constant index - assumed 'index' D:\xampp\htdocs\ZH\educational_administration_system\Application\Teacher\Controller\IndexController.class.php 第 38 行.

[ 2017-03-27T23:36:35+08:00 ] ::1 /ZH/educational_administration_system/index.php/Teacher/Index/infoFn
INFO: [ app_init ] --START--
INFO: Run Behavior\BuildLiteBehavior [ RunTime:0.000011s ]
INFO: [ app_init ] --END-- [ RunTime:0.000412s ]
INFO: [ app_begin ] --START--
INFO: Run Behavior\ReadHtmlCacheBehavior [ RunTime:0.000642s ]
INFO: [ app_begin ] --END-- [ RunTime:0.000688s ]
SQL: SHOW COLUMNS FROM `edu_info` [ RunTime:0.0472s ]
SQL: SHOW COLUMNS FROM `edu_login` [ RunTime:0.0072s ]
SQL: SELECT * FROM `edu_info` WHERE `reader` = '040169' ORDER BY id desc LIMIT 0,5   [ RunTime:0.0005s ]
NOTIC: [8] Use of undefined constant user - assumed 'user' D:\xampp\htdocs\ZH\educational_administration_system\Application\Teacher\Controller\IndexController.class.php 第 36 行.
NOTIC: [8] Use of undefined constant name - assumed 'name' D:\xampp\htdocs\ZH\educational_administration_system\Application\Teacher\Controller\IndexController.class.php 第 37 行.
SQL: SELECT `name` FROM `edu_login` WHERE `user` = 'admin' LIMIT 1   [ RunTime:0.0002s ]
NOTIC: [8] Use of undefined constant index - assumed 'index' D:\xampp\htdocs\ZH\educational_administration_system\Application\Teacher\Controller\IndexController.class.php 第 38 行.
NOTIC: [8] Use of undefined constant user - assumed 'user' D:\xampp\htdocs\ZH\educational_administration_system\Application\Teacher\Controller\IndexController.class.php 第 36 行.
NOTIC: [8] Use of undefined constant name - assumed 'name' D:\xampp\htdocs\ZH\educational_administration_system\Application\Teacher\Controller\IndexController.class.php 第 37 行.
SQL: SELECT `name` FROM `edu_login` WHERE `user` = 'admin' LIMIT 1   [ RunTime:0.0002s ]
NOTIC: [8] Use of undefined constant index - assumed 'index' D:\xampp\htdocs\ZH\educational_administration_system\Application\Teacher\Controller\IndexController.class.php 第 38 行.
NOTIC: [8] Use of undefined constant user - assumed 'user' D:\xampp\htdocs\ZH\educational_administration_system\Application\Teacher\Controller\IndexController.class.php 第 36 行.
NOTIC: [8] Use of undefined constant name - assumed 'name' D:\xampp\htdocs\ZH\educational_administration_system\Application\Teacher\Controller\IndexController.class.php 第 37 行.
SQL: SELECT `name` FROM `edu_login` WHERE `user` = 'admin' LIMIT 1   [ RunTime:0.0003s ]
NOTIC: [8] Use of undefined constant index - assumed 'index' D:\xampp\htdocs\ZH\educational_administration_system\Application\Teacher\Controller\IndexController.class.php 第 38 行.
NOTIC: [8] Use of undefined constant user - assumed 'user' D:\xampp\htdocs\ZH\educational_administration_system\Application\Teacher\Controller\IndexController.class.php 第 36 行.
NOTIC: [8] Use of undefined constant name - assumed 'name' D:\xampp\htdocs\ZH\educational_administration_system\Application\Teacher\Controller\IndexController.class.php 第 37 行.
SQL: SELECT `name` FROM `edu_login` WHERE `user` = 'admin' LIMIT 1   [ RunTime:0.0002s ]
NOTIC: [8] Use of undefined constant index - assumed 'index' D:\xampp\htdocs\ZH\educational_administration_system\Application\Teacher\Controller\IndexController.class.php 第 38 行.
NOTIC: [8] Use of undefined constant user - assumed 'user' D:\xampp\htdocs\ZH\educational_administration_system\Application\Teacher\Controller\IndexController.class.php 第 36 行.
NOTIC: [8] Use of undefined constant name - assumed 'name' D:\xampp\htdocs\ZH\educational_administration_system\Application\Teacher\Controller\IndexController.class.php 第 37 行.
SQL: SELECT `name` FROM `edu_login` WHERE `user` = 'admin' LIMIT 1   [ RunTime:0.0002s ]
NOTIC: [8] Use of undefined constant index - assumed 'index' D:\xampp\htdocs\ZH\educational_administration_system\Application\Teacher\Controller\IndexController.class.php 第 38 行.

[ 2017-03-27T23:37:22+08:00 ] ::1 /ZH/educational_administration_system/index.php//Teacher/Index/index/name/%E5%87%8C%E5%85%B4%E5%AE%8F
INFO: [ app_init ] --START--
INFO: Run Behavior\BuildLiteBehavior [ RunTime:0.000010s ]
INFO: [ app_init ] --END-- [ RunTime:0.000369s ]
INFO: [ app_begin ] --START--
INFO: Run Behavior\ReadHtmlCacheBehavior [ RunTime:0.000627s ]
INFO: [ app_begin ] --END-- [ RunTime:0.000660s ]
SQL: SHOW COLUMNS FROM `edu_info` [ RunTime:0.0100s ]
SQL: SHOW COLUMNS FROM `edu_login` [ RunTime:0.0077s ]
SQL: SELECT COUNT(*) AS tp_count FROM `edu_info` WHERE `reader` = '040169' LIMIT 1   [ RunTime:0.0003s ]
SQL: SELECT * FROM `edu_info` WHERE `reader` = '040169' ORDER BY id desc LIMIT 0,5   [ RunTime:0.0003s ]
NOTIC: [8] Use of undefined constant user - assumed 'user' D:\xampp\htdocs\ZH\educational_administration_system\Application\Teacher\Controller\IndexController.class.php 第 18 行.
NOTIC: [8] Use of undefined constant name - assumed 'name' D:\xampp\htdocs\ZH\educational_administration_system\Application\Teacher\Controller\IndexController.class.php 第 19 行.
SQL: SELECT `name` FROM `edu_login` WHERE `user` = 'admin' LIMIT 1   [ RunTime:0.0002s ]
NOTIC: [8] Use of undefined constant user - assumed 'user' D:\xampp\htdocs\ZH\educational_administration_system\Application\Teacher\Controller\IndexController.class.php 第 18 行.
NOTIC: [8] Use of undefined constant name - assumed 'name' D:\xampp\htdocs\ZH\educational_administration_system\Application\Teacher\Controller\IndexController.class.php 第 19 行.
SQL: SELECT `name` FROM `edu_login` WHERE `user` = 'admin' LIMIT 1   [ RunTime:0.0002s ]
NOTIC: [8] Use of undefined constant user - assumed 'user' D:\xampp\htdocs\ZH\educational_administration_system\Application\Teacher\Controller\IndexController.class.php 第 18 行.
NOTIC: [8] Use of undefined constant name - assumed 'name' D:\xampp\htdocs\ZH\educational_administration_system\Application\Teacher\Controller\IndexController.class.php 第 19 行.
SQL: SELECT `name` FROM `edu_login` WHERE `user` = 'admin' LIMIT 1   [ RunTime:0.0002s ]
NOTIC: [8] Use of undefined constant user - assumed 'user' D:\xampp\htdocs\ZH\educational_administration_system\Application\Teacher\Controller\IndexController.class.php 第 18 行.
NOTIC: [8] Use of undefined constant name - assumed 'name' D:\xampp\htdocs\ZH\educational_administration_system\Application\Teacher\Controller\IndexController.class.php 第 19 行.
SQL: SELECT `name` FROM `edu_login` WHERE `user` = 'admin' LIMIT 1   [ RunTime:0.0002s ]
NOTIC: [8] Use of undefined constant user - assumed 'user' D:\xampp\htdocs\ZH\educational_administration_system\Application\Teacher\Controller\IndexController.class.php 第 18 行.
NOTIC: [8] Use of undefined constant name - assumed 'name' D:\xampp\htdocs\ZH\educational_administration_system\Application\Teacher\Controller\IndexController.class.php 第 19 行.
SQL: SELECT `name` FROM `edu_login` WHERE `user` = 'admin' LIMIT 1   [ RunTime:0.0002s ]
INFO: [ view_parse ] --START--
INFO: [ template_filter ] --START--
INFO: Run Behavior\ContentReplaceBehavior [ RunTime:0.000087s ]
INFO: [ template_filter ] --END-- [ RunTime:0.000125s ]
INFO: Run Behavior\ParseTemplateBehavior [ RunTime:0.062977s ]
INFO: [ view_parse ] --END-- [ RunTime:0.063025s ]
INFO: [ view_filter ] --START--
INFO: Run Behavior\WriteHtmlCacheBehavior [ RunTime:0.000538s ]
INFO: [ view_filter ] --END-- [ RunTime:0.000570s ]
INFO: [ app_end ] --START--
INFO: Run Behavior\ShowPageTraceBehavior [ RunTime:0.003608s ]
INFO: [ app_end ] --END-- [ RunTime:0.003680s ]

[ 2017-03-27T23:37:26+08:00 ] ::1 /ZH/educational_administration_system/index.php/Teacher/Index/infoFn
INFO: [ app_init ] --START--
INFO: Run Behavior\BuildLiteBehavior [ RunTime:0.000011s ]
INFO: [ app_init ] --END-- [ RunTime:0.000372s ]
INFO: [ app_begin ] --START--
INFO: Run Behavior\ReadHtmlCacheBehavior [ RunTime:0.000844s ]
INFO: [ app_begin ] --END-- [ RunTime:0.000883s ]
SQL: SHOW COLUMNS FROM `edu_info` [ RunTime:0.0266s ]
SQL: SHOW COLUMNS FROM `edu_login` [ RunTime:0.0061s ]
SQL: SELECT * FROM `edu_info` WHERE `reader` = '040169' ORDER BY id desc LIMIT 5,5   [ RunTime:0.0004s ]
NOTIC: [8] Use of undefined constant user - assumed 'user' D:\xampp\htdocs\ZH\educational_administration_system\Application\Teacher\Controller\IndexController.class.php 第 37 行.
NOTIC: [8] Use of undefined constant name - assumed 'name' D:\xampp\htdocs\ZH\educational_administration_system\Application\Teacher\Controller\IndexController.class.php 第 38 行.
SQL: SELECT `name` FROM `edu_login` WHERE `user` = 'admin' LIMIT 1   [ RunTime:0.0003s ]
NOTIC: [8] Use of undefined constant index - assumed 'index' D:\xampp\htdocs\ZH\educational_administration_system\Application\Teacher\Controller\IndexController.class.php 第 39 行.
NOTIC: [8] Use of undefined constant user - assumed 'user' D:\xampp\htdocs\ZH\educational_administration_system\Application\Teacher\Controller\IndexController.class.php 第 37 行.
NOTIC: [8] Use of undefined constant name - assumed 'name' D:\xampp\htdocs\ZH\educational_administration_system\Application\Teacher\Controller\IndexController.class.php 第 38 行.
SQL: SELECT `name` FROM `edu_login` WHERE `user` = 'admin' LIMIT 1   [ RunTime:0.0002s ]
NOTIC: [8] Use of undefined constant index - assumed 'index' D:\xampp\htdocs\ZH\educational_administration_system\Application\Teacher\Controller\IndexController.class.php 第 39 行.

[ 2017-03-27T23:37:27+08:00 ] ::1 /ZH/educational_administration_system/index.php/Teacher/Index/infoFn
INFO: [ app_init ] --START--
INFO: Run Behavior\BuildLiteBehavior [ RunTime:0.000012s ]
INFO: [ app_init ] --END-- [ RunTime:0.000414s ]
INFO: [ app_begin ] --START--
INFO: Run Behavior\ReadHtmlCacheBehavior [ RunTime:0.000661s ]
INFO: [ app_begin ] --END-- [ RunTime:0.000693s ]
SQL: SHOW COLUMNS FROM `edu_info` [ RunTime:0.0143s ]
SQL: SHOW COLUMNS FROM `edu_login` [ RunTime:0.0061s ]
SQL: SELECT * FROM `edu_info` WHERE `reader` = '040169' ORDER BY id desc LIMIT 0,5   [ RunTime:0.0010s ]
NOTIC: [8] Use of undefined constant user - assumed 'user' D:\xampp\htdocs\ZH\educational_administration_system\Application\Teacher\Controller\IndexController.class.php 第 37 行.
NOTIC: [8] Use of undefined constant name - assumed 'name' D:\xampp\htdocs\ZH\educational_administration_system\Application\Teacher\Controller\IndexController.class.php 第 38 行.
SQL: SELECT `name` FROM `edu_login` WHERE `user` = 'admin' LIMIT 1   [ RunTime:0.0009s ]
NOTIC: [8] Use of undefined constant index - assumed 'index' D:\xampp\htdocs\ZH\educational_administration_system\Application\Teacher\Controller\IndexController.class.php 第 39 行.
NOTIC: [8] Use of undefined constant user - assumed 'user' D:\xampp\htdocs\ZH\educational_administration_system\Application\Teacher\Controller\IndexController.class.php 第 37 行.
NOTIC: [8] Use of undefined constant name - assumed 'name' D:\xampp\htdocs\ZH\educational_administration_system\Application\Teacher\Controller\IndexController.class.php 第 38 行.
SQL: SELECT `name` FROM `edu_login` WHERE `user` = 'admin' LIMIT 1   [ RunTime:0.0003s ]
NOTIC: [8] Use of undefined constant index - assumed 'index' D:\xampp\htdocs\ZH\educational_administration_system\Application\Teacher\Controller\IndexController.class.php 第 39 行.
NOTIC: [8] Use of undefined constant user - assumed 'user' D:\xampp\htdocs\ZH\educational_administration_system\Application\Teacher\Controller\IndexController.class.php 第 37 行.
NOTIC: [8] Use of undefined constant name - assumed 'name' D:\xampp\htdocs\ZH\educational_administration_system\Application\Teacher\Controller\IndexController.class.php 第 38 行.
SQL: SELECT `name` FROM `edu_login` WHERE `user` = 'admin' LIMIT 1   [ RunTime:0.0002s ]
NOTIC: [8] Use of undefined constant index - assumed 'index' D:\xampp\htdocs\ZH\educational_administration_system\Application\Teacher\Controller\IndexController.class.php 第 39 行.
NOTIC: [8] Use of undefined constant user - assumed 'user' D:\xampp\htdocs\ZH\educational_administration_system\Application\Teacher\Controller\IndexController.class.php 第 37 行.
NOTIC: [8] Use of undefined constant name - assumed 'name' D:\xampp\htdocs\ZH\educational_administration_system\Application\Teacher\Controller\IndexController.class.php 第 38 行.
SQL: SELECT `name` FROM `edu_login` WHERE `user` = 'admin' LIMIT 1   [ RunTime:0.0002s ]
NOTIC: [8] Use of undefined constant index - assumed 'index' D:\xampp\htdocs\ZH\educational_administration_system\Application\Teacher\Controller\IndexController.class.php 第 39 行.
NOTIC: [8] Use of undefined constant user - assumed 'user' D:\xampp\htdocs\ZH\educational_administration_system\Application\Teacher\Controller\IndexController.class.php 第 37 行.
NOTIC: [8] Use of undefined constant name - assumed 'name' D:\xampp\htdocs\ZH\educational_administration_system\Application\Teacher\Controller\IndexController.class.php 第 38 行.
SQL: SELECT `name` FROM `edu_login` WHERE `user` = 'admin' LIMIT 1   [ RunTime:0.0002s ]
NOTIC: [8] Use of undefined constant index - assumed 'index' D:\xampp\htdocs\ZH\educational_administration_system\Application\Teacher\Controller\IndexController.class.php 第 39 行.

[ 2017-03-27T23:37:29+08:00 ] ::1 /ZH/educational_administration_system/index.php/Teacher/Index/infoFn
INFO: [ app_init ] --START--
INFO: Run Behavior\BuildLiteBehavior [ RunTime:0.000013s ]
INFO: [ app_init ] --END-- [ RunTime:0.000492s ]
INFO: [ app_begin ] --START--
INFO: Run Behavior\ReadHtmlCacheBehavior [ RunTime:0.000675s ]
INFO: [ app_begin ] --END-- [ RunTime:0.000711s ]
SQL: SHOW COLUMNS FROM `edu_info` [ RunTime:0.0141s ]
SQL: SHOW COLUMNS FROM `edu_login` [ RunTime:0.0062s ]
SQL: SELECT * FROM `edu_info` WHERE `reader` = '040169' ORDER BY id desc LIMIT 5,5   [ RunTime:0.0004s ]
NOTIC: [8] Use of undefined constant user - assumed 'user' D:\xampp\htdocs\ZH\educational_administration_system\Application\Teacher\Controller\IndexController.class.php 第 37 行.
NOTIC: [8] Use of undefined constant name - assumed 'name' D:\xampp\htdocs\ZH\educational_administration_system\Application\Teacher\Controller\IndexController.class.php 第 38 行.
SQL: SELECT `name` FROM `edu_login` WHERE `user` = 'admin' LIMIT 1   [ RunTime:0.0009s ]
NOTIC: [8] Use of undefined constant index - assumed 'index' D:\xampp\htdocs\ZH\educational_administration_system\Application\Teacher\Controller\IndexController.class.php 第 39 行.
NOTIC: [8] Use of undefined constant user - assumed 'user' D:\xampp\htdocs\ZH\educational_administration_system\Application\Teacher\Controller\IndexController.class.php 第 37 行.
NOTIC: [8] Use of undefined constant name - assumed 'name' D:\xampp\htdocs\ZH\educational_administration_system\Application\Teacher\Controller\IndexController.class.php 第 38 行.
SQL: SELECT `name` FROM `edu_login` WHERE `user` = 'admin' LIMIT 1   [ RunTime:0.0007s ]
NOTIC: [8] Use of undefined constant index - assumed 'index' D:\xampp\htdocs\ZH\educational_administration_system\Application\Teacher\Controller\IndexController.class.php 第 39 行.

[ 2017-03-27T23:37:30+08:00 ] ::1 /ZH/educational_administration_system/index.php/Teacher/Index/infoFn
INFO: [ app_init ] --START--
INFO: Run Behavior\BuildLiteBehavior [ RunTime:0.000012s ]
INFO: [ app_init ] --END-- [ RunTime:0.000489s ]
INFO: [ app_begin ] --START--
INFO: Run Behavior\ReadHtmlCacheBehavior [ RunTime:0.000690s ]
INFO: [ app_begin ] --END-- [ RunTime:0.000729s ]
SQL: SHOW COLUMNS FROM `edu_info` [ RunTime:0.0144s ]
SQL: SHOW COLUMNS FROM `edu_login` [ RunTime:0.0068s ]
SQL: SELECT * FROM `edu_info` WHERE `reader` = '040169' ORDER BY id desc LIMIT 0,5   [ RunTime:0.0006s ]
NOTIC: [8] Use of undefined constant user - assumed 'user' D:\xampp\htdocs\ZH\educational_administration_system\Application\Teacher\Controller\IndexController.class.php 第 37 行.
NOTIC: [8] Use of undefined constant name - assumed 'name' D:\xampp\htdocs\ZH\educational_administration_system\Application\Teacher\Controller\IndexController.class.php 第 38 行.
SQL: SELECT `name` FROM `edu_login` WHERE `user` = 'admin' LIMIT 1   [ RunTime:0.0002s ]
NOTIC: [8] Use of undefined constant index - assumed 'index' D:\xampp\htdocs\ZH\educational_administration_system\Application\Teacher\Controller\IndexController.class.php 第 39 行.
NOTIC: [8] Use of undefined constant user - assumed 'user' D:\xampp\htdocs\ZH\educational_administration_system\Application\Teacher\Controller\IndexController.class.php 第 37 行.
NOTIC: [8] Use of undefined constant name - assumed 'name' D:\xampp\htdocs\ZH\educational_administration_system\Application\Teacher\Controller\IndexController.class.php 第 38 行.
SQL: SELECT `name` FROM `edu_login` WHERE `user` = 'admin' LIMIT 1   [ RunTime:0.0003s ]
NOTIC: [8] Use of undefined constant index - assumed 'index' D:\xampp\htdocs\ZH\educational_administration_system\Application\Teacher\Controller\IndexController.class.php 第 39 行.
NOTIC: [8] Use of undefined constant user - assumed 'user' D:\xampp\htdocs\ZH\educational_administration_system\Application\Teacher\Controller\IndexController.class.php 第 37 行.
NOTIC: [8] Use of undefined constant name - assumed 'name' D:\xampp\htdocs\ZH\educational_administration_system\Application\Teacher\Controller\IndexController.class.php 第 38 行.
SQL: SELECT `name` FROM `edu_login` WHERE `user` = 'admin' LIMIT 1   [ RunTime:0.0002s ]
NOTIC: [8] Use of undefined constant index - assumed 'index' D:\xampp\htdocs\ZH\educational_administration_system\Application\Teacher\Controller\IndexController.class.php 第 39 行.
NOTIC: [8] Use of undefined constant user - assumed 'user' D:\xampp\htdocs\ZH\educational_administration_system\Application\Teacher\Controller\IndexController.class.php 第 37 行.
NOTIC: [8] Use of undefined constant name - assumed 'name' D:\xampp\htdocs\ZH\educational_administration_system\Application\Teacher\Controller\IndexController.class.php 第 38 行.
SQL: SELECT `name` FROM `edu_login` WHERE `user` = 'admin' LIMIT 1   [ RunTime:0.0002s ]
NOTIC: [8] Use of undefined constant index - assumed 'index' D:\xampp\htdocs\ZH\educational_administration_system\Application\Teacher\Controller\IndexController.class.php 第 39 行.
NOTIC: [8] Use of undefined constant user - assumed 'user' D:\xampp\htdocs\ZH\educational_administration_system\Application\Teacher\Controller\IndexController.class.php 第 37 行.
NOTIC: [8] Use of undefined constant name - assumed 'name' D:\xampp\htdocs\ZH\educational_administration_system\Application\Teacher\Controller\IndexController.class.php 第 38 行.
SQL: SELECT `name` FROM `edu_login` WHERE `user` = 'admin' LIMIT 1   [ RunTime:0.0002s ]
NOTIC: [8] Use of undefined constant index - assumed 'index' D:\xampp\htdocs\ZH\educational_administration_system\Application\Teacher\Controller\IndexController.class.php 第 39 行.

[ 2017-03-27T23:37:55+08:00 ] ::1 /ZH/educational_administration_system/index.php//Teacher/Index/index/name/%E5%BC%A0%E8%B1%AA
INFO: [ app_init ] --START--
INFO: Run Behavior\BuildLiteBehavior [ RunTime:0.000017s ]
INFO: [ app_init ] --END-- [ RunTime:0.000560s ]
INFO: [ app_begin ] --START--
INFO: Run Behavior\ReadHtmlCacheBehavior [ RunTime:0.000717s ]
INFO: [ app_begin ] --END-- [ RunTime:0.000763s ]
SQL: SHOW COLUMNS FROM `edu_info` [ RunTime:0.0087s ]
SQL: SHOW COLUMNS FROM `edu_login` [ RunTime:0.0038s ]
SQL: SELECT COUNT(*) AS tp_count FROM `edu_info` WHERE `reader` = '040003' LIMIT 1   [ RunTime:0.0003s ]
SQL: SELECT * FROM `edu_info` WHERE `reader` = '040003' ORDER BY id desc LIMIT 0,5   [ RunTime:0.0003s ]
NOTIC: [8] Use of undefined constant user - assumed 'user' D:\xampp\htdocs\ZH\educational_administration_system\Application\Teacher\Controller\IndexController.class.php 第 18 行.
NOTIC: [8] Use of undefined constant name - assumed 'name' D:\xampp\htdocs\ZH\educational_administration_system\Application\Teacher\Controller\IndexController.class.php 第 19 行.
SQL: SELECT `name` FROM `edu_login` WHERE `user` = 'admin' LIMIT 1   [ RunTime:0.0002s ]
INFO: [ view_parse ] --START--
INFO: [ template_filter ] --START--
INFO: Run Behavior\ContentReplaceBehavior [ RunTime:0.000129s ]
INFO: [ template_filter ] --END-- [ RunTime:0.000203s ]
INFO: Run Behavior\ParseTemplateBehavior [ RunTime:0.067085s ]
INFO: [ view_parse ] --END-- [ RunTime:0.067139s ]
INFO: [ view_filter ] --START--
INFO: Run Behavior\WriteHtmlCacheBehavior [ RunTime:0.000594s ]
INFO: [ view_filter ] --END-- [ RunTime:0.000638s ]
INFO: [ app_end ] --START--
INFO: Run Behavior\ShowPageTraceBehavior [ RunTime:0.001288s ]
INFO: [ app_end ] --END-- [ RunTime:0.001363s ]

[ 2017-03-27T23:37:59+08:00 ] ::1 /ZH/educational_administration_system/index.php/Teacher/Index/infoFn
INFO: [ app_init ] --START--
INFO: Run Behavior\BuildLiteBehavior [ RunTime:0.000009s ]
INFO: [ app_init ] --END-- [ RunTime:0.000345s ]
INFO: [ app_begin ] --START--
INFO: Run Behavior\ReadHtmlCacheBehavior [ RunTime:0.000700s ]
INFO: [ app_begin ] --END-- [ RunTime:0.000730s ]
SQL: SHOW COLUMNS FROM `edu_info` [ RunTime:0.0173s ]
SQL: SHOW COLUMNS FROM `edu_login` [ RunTime:0.0059s ]
SQL: SELECT * FROM `edu_info` WHERE `reader` = '040003' ORDER BY id desc LIMIT 0,5   [ RunTime:0.0004s ]
NOTIC: [8] Use of undefined constant user - assumed 'user' D:\xampp\htdocs\ZH\educational_administration_system\Application\Teacher\Controller\IndexController.class.php 第 37 行.
NOTIC: [8] Use of undefined constant name - assumed 'name' D:\xampp\htdocs\ZH\educational_administration_system\Application\Teacher\Controller\IndexController.class.php 第 38 行.
SQL: SELECT `name` FROM `edu_login` WHERE `user` = 'admin' LIMIT 1   [ RunTime:0.0002s ]
NOTIC: [8] Use of undefined constant index - assumed 'index' D:\xampp\htdocs\ZH\educational_administration_system\Application\Teacher\Controller\IndexController.class.php 第 39 行.

[ 2017-03-27T23:37:59+08:00 ] ::1 /ZH/educational_administration_system/index.php/Teacher/Index/infoFn
INFO: [ app_init ] --START--
INFO: Run Behavior\BuildLiteBehavior [ RunTime:0.000012s ]
INFO: [ app_init ] --END-- [ RunTime:0.000428s ]
INFO: [ app_begin ] --START--
INFO: Run Behavior\ReadHtmlCacheBehavior [ RunTime:0.000642s ]
INFO: [ app_begin ] --END-- [ RunTime:0.000677s ]
SQL: SHOW COLUMNS FROM `edu_info` [ RunTime:0.0235s ]
SQL: SHOW COLUMNS FROM `edu_login` [ RunTime:0.0034s ]
SQL: SELECT * FROM `edu_info` WHERE `reader` = '040003' ORDER BY id desc LIMIT 0,5   [ RunTime:0.0005s ]
NOTIC: [8] Use of undefined constant user - assumed 'user' D:\xampp\htdocs\ZH\educational_administration_system\Application\Teacher\Controller\IndexController.class.php 第 37 行.
NOTIC: [8] Use of undefined constant name - assumed 'name' D:\xampp\htdocs\ZH\educational_administration_system\Application\Teacher\Controller\IndexController.class.php 第 38 行.
SQL: SELECT `name` FROM `edu_login` WHERE `user` = 'admin' LIMIT 1   [ RunTime:0.0002s ]
NOTIC: [8] Use of undefined constant index - assumed 'index' D:\xampp\htdocs\ZH\educational_administration_system\Application\Teacher\Controller\IndexController.class.php 第 39 行.

[ 2017-03-27T23:38:00+08:00 ] ::1 /ZH/educational_administration_system/index.php/Teacher/Index/infoFn
INFO: [ app_init ] --START--
INFO: Run Behavior\BuildLiteBehavior [ RunTime:0.000011s ]
INFO: [ app_init ] --END-- [ RunTime:0.000438s ]
INFO: [ app_begin ] --START--
INFO: Run Behavior\ReadHtmlCacheBehavior [ RunTime:0.000873s ]
INFO: [ app_begin ] --END-- [ RunTime:0.000938s ]
SQL: SHOW COLUMNS FROM `edu_info` [ RunTime:0.0452s ]
SQL: SHOW COLUMNS FROM `edu_login` [ RunTime:0.0064s ]
SQL: SELECT * FROM `edu_info` WHERE `reader` = '040003' ORDER BY id desc LIMIT 0,5   [ RunTime:0.0005s ]
NOTIC: [8] Use of undefined constant user - assumed 'user' D:\xampp\htdocs\ZH\educational_administration_system\Application\Teacher\Controller\IndexController.class.php 第 37 行.
NOTIC: [8] Use of undefined constant name - assumed 'name' D:\xampp\htdocs\ZH\educational_administration_system\Application\Teacher\Controller\IndexController.class.php 第 38 行.
SQL: SELECT `name` FROM `edu_login` WHERE `user` = 'admin' LIMIT 1   [ RunTime:0.0002s ]
NOTIC: [8] Use of undefined constant index - assumed 'index' D:\xampp\htdocs\ZH\educational_administration_system\Application\Teacher\Controller\IndexController.class.php 第 39 行.

