[ 2017-03-09T16:43:05+08:00 ] ::1 /ZH/educational_administration_system/index.php//Teacher/Index/index/name/%E5%87%8C%E5%85%B4%E5%AE%8F
INFO: [ app_init ] --START--
INFO: Run Behavior\BuildLiteBehavior [ RunTime:0.000012s ]
INFO: [ app_init ] --END-- [ RunTime:0.000587s ]
INFO: [ app_begin ] --START--
INFO: Run Behavior\ReadHtmlCacheBehavior [ RunTime:0.000768s ]
INFO: [ app_begin ] --END-- [ RunTime:0.000817s ]
INFO: [ view_parse ] --START--
INFO: [ template_filter ] --START--
INFO: Run Behavior\ContentReplaceBehavior [ RunTime:0.000061s ]
INFO: [ template_filter ] --END-- [ RunTime:0.000110s ]
INFO: Run Behavior\ParseTemplateBehavior [ RunTime:0.079421s ]
INFO: [ view_parse ] --END-- [ RunTime:0.079498s ]
INFO: [ view_filter ] --START--
INFO: Run Behavior\WriteHtmlCacheBehavior [ RunTime:0.000575s ]
INFO: [ view_filter ] --END-- [ RunTime:0.000613s ]
INFO: [ app_end ] --START--
INFO: Run Behavior\ShowPageTraceBehavior [ RunTime:0.003896s ]
INFO: [ app_end ] --END-- [ RunTime:0.003993s ]

[ 2017-03-09T16:43:07+08:00 ] ::1 /ZH/educational_administration_system/index.php/Teacher/Content/courseSelection
INFO: [ app_init ] --START--
INFO: Run Behavior\BuildLiteBehavior [ RunTime:0.000008s ]
INFO: [ app_init ] --END-- [ RunTime:0.000340s ]
INFO: [ app_begin ] --START--
INFO: Run Behavior\ReadHtmlCacheBehavior [ RunTime:0.000655s ]
INFO: [ app_begin ] --END-- [ RunTime:0.000686s ]
NOTIC: [8] Use of undefined constant user - assumed 'user' D:\xampp\htdocs\ZH\educational_administration_system\Application\Teacher\Controller\ContentController.class.php 第 6 行.
SQL: SHOW COLUMNS FROM `edu_course` [ RunTime:0.0095s ]
SQL: SELECT * FROM `edu_course` WHERE `teacherID` = '040169'  [ RunTime:0.0004s ]
SQL: SHOW COLUMNS FROM `edu_login` [ RunTime:0.0063s ]
SQL: SELECT * FROM `edu_login`  [ RunTime:0.0004s ]
NOTIC: [8] Use of undefined constant courseid - assumed 'courseid' D:\xampp\htdocs\ZH\educational_administration_system\Application\Teacher\Controller\ContentController.class.php 第 19 行.
NOTIC: [8] Use of undefined constant id - assumed 'id' D:\xampp\htdocs\ZH\educational_administration_system\Application\Teacher\Controller\ContentController.class.php 第 20 行.
NOTIC: [8] Use of undefined constant user - assumed 'user' D:\xampp\htdocs\ZH\educational_administration_system\Application\Teacher\Controller\ContentController.class.php 第 23 行.
NOTIC: [8] Use of undefined constant count1 - assumed 'count1' D:\xampp\htdocs\ZH\educational_administration_system\Application\Teacher\Controller\ContentController.class.php 第 28 行.
NOTIC: [8] Use of undefined constant stuID - assumed 'stuID' D:\xampp\htdocs\ZH\educational_administration_system\Application\Teacher\Controller\ContentController.class.php 第 29 行.
NOTIC: [8] Use of undefined constant courseid - assumed 'courseid' D:\xampp\htdocs\ZH\educational_administration_system\Application\Teacher\Controller\ContentController.class.php 第 19 行.
NOTIC: [8] Use of undefined constant id - assumed 'id' D:\xampp\htdocs\ZH\educational_administration_system\Application\Teacher\Controller\ContentController.class.php 第 20 行.
NOTIC: [8] Use of undefined constant count1 - assumed 'count1' D:\xampp\htdocs\ZH\educational_administration_system\Application\Teacher\Controller\ContentController.class.php 第 28 行.
NOTIC: [8] Use of undefined constant stuID - assumed 'stuID' D:\xampp\htdocs\ZH\educational_administration_system\Application\Teacher\Controller\ContentController.class.php 第 29 行.
NOTIC: [8] Use of undefined constant courseid - assumed 'courseid' D:\xampp\htdocs\ZH\educational_administration_system\Application\Teacher\Controller\ContentController.class.php 第 19 行.
NOTIC: [8] Use of undefined constant id - assumed 'id' D:\xampp\htdocs\ZH\educational_administration_system\Application\Teacher\Controller\ContentController.class.php 第 20 行.
NOTIC: [8] Use of undefined constant count1 - assumed 'count1' D:\xampp\htdocs\ZH\educational_administration_system\Application\Teacher\Controller\ContentController.class.php 第 28 行.
NOTIC: [8] Use of undefined constant stuID - assumed 'stuID' D:\xampp\htdocs\ZH\educational_administration_system\Application\Teacher\Controller\ContentController.class.php 第 29 行.
NOTIC: [8] Use of undefined constant courseid - assumed 'courseid' D:\xampp\htdocs\ZH\educational_administration_system\Application\Teacher\Controller\ContentController.class.php 第 19 行.
NOTIC: [8] Use of undefined constant id - assumed 'id' D:\xampp\htdocs\ZH\educational_administration_system\Application\Teacher\Controller\ContentController.class.php 第 20 行.
NOTIC: [8] Use of undefined constant user - assumed 'user' D:\xampp\htdocs\ZH\educational_administration_system\Application\Teacher\Controller\ContentController.class.php 第 25 行.
NOTIC: [8] Use of undefined constant count1 - assumed 'count1' D:\xampp\htdocs\ZH\educational_administration_system\Application\Teacher\Controller\ContentController.class.php 第 28 行.
NOTIC: [8] Use of undefined constant stuID - assumed 'stuID' D:\xampp\htdocs\ZH\educational_administration_system\Application\Teacher\Controller\ContentController.class.php 第 29 行.
NOTIC: [8] Use of undefined constant courseid - assumed 'courseid' D:\xampp\htdocs\ZH\educational_administration_system\Application\Teacher\Controller\ContentController.class.php 第 19 行.
NOTIC: [8] Use of undefined constant id - assumed 'id' D:\xampp\htdocs\ZH\educational_administration_system\Application\Teacher\Controller\ContentController.class.php 第 20 行.
NOTIC: [8] Use of undefined constant user - assumed 'user' D:\xampp\htdocs\ZH\educational_administration_system\Application\Teacher\Controller\ContentController.class.php 第 25 行.
NOTIC: [8] Use of undefined constant count1 - assumed 'count1' D:\xampp\htdocs\ZH\educational_administration_system\Application\Teacher\Controller\ContentController.class.php 第 28 行.
NOTIC: [8] Use of undefined constant stuID - assumed 'stuID' D:\xampp\htdocs\ZH\educational_administration_system\Application\Teacher\Controller\ContentController.class.php 第 29 行.
NOTIC: [8] Use of undefined constant courseid - assumed 'courseid' D:\xampp\htdocs\ZH\educational_administration_system\Application\Teacher\Controller\ContentController.class.php 第 19 行.
NOTIC: [8] Use of undefined constant id - assumed 'id' D:\xampp\htdocs\ZH\educational_administration_system\Application\Teacher\Controller\ContentController.class.php 第 20 行.
NOTIC: [8] Use of undefined constant count1 - assumed 'count1' D:\xampp\htdocs\ZH\educational_administration_system\Application\Teacher\Controller\ContentController.class.php 第 28 行.
NOTIC: [8] Use of undefined constant stuID - assumed 'stuID' D:\xampp\htdocs\ZH\educational_administration_system\Application\Teacher\Controller\ContentController.class.php 第 29 行.
NOTIC: [8] Use of undefined constant courseid - assumed 'courseid' D:\xampp\htdocs\ZH\educational_administration_system\Application\Teacher\Controller\ContentController.class.php 第 19 行.
NOTIC: [8] Use of undefined constant id - assumed 'id' D:\xampp\htdocs\ZH\educational_administration_system\Application\Teacher\Controller\ContentController.class.php 第 20 行.
NOTIC: [8] Use of undefined constant user - assumed 'user' D:\xampp\htdocs\ZH\educational_administration_system\Application\Teacher\Controller\ContentController.class.php 第 23 行.
NOTIC: [8] Use of undefined constant count1 - assumed 'count1' D:\xampp\htdocs\ZH\educational_administration_system\Application\Teacher\Controller\ContentController.class.php 第 28 行.
NOTIC: [8] Use of undefined constant stuID - assumed 'stuID' D:\xampp\htdocs\ZH\educational_administration_system\Application\Teacher\Controller\ContentController.class.php 第 29 行.
NOTIC: [8] Use of undefined constant courseid - assumed 'courseid' D:\xampp\htdocs\ZH\educational_administration_system\Application\Teacher\Controller\ContentController.class.php 第 19 行.
NOTIC: [8] Use of undefined constant id - assumed 'id' D:\xampp\htdocs\ZH\educational_administration_system\Application\Teacher\Controller\ContentController.class.php 第 20 行.
NOTIC: [8] Use of undefined constant user - assumed 'user' D:\xampp\htdocs\ZH\educational_administration_system\Application\Teacher\Controller\ContentController.class.php 第 25 行.
NOTIC: [8] Use of undefined constant count1 - assumed 'count1' D:\xampp\htdocs\ZH\educational_administration_system\Application\Teacher\Controller\ContentController.class.php 第 28 行.
NOTIC: [8] Use of undefined constant stuID - assumed 'stuID' D:\xampp\htdocs\ZH\educational_administration_system\Application\Teacher\Controller\ContentController.class.php 第 29 行.
NOTIC: [8] Use of undefined constant courseid - assumed 'courseid' D:\xampp\htdocs\ZH\educational_administration_system\Application\Teacher\Controller\ContentController.class.php 第 19 行.
NOTIC: [8] Use of undefined constant id - assumed 'id' D:\xampp\htdocs\ZH\educational_administration_system\Application\Teacher\Controller\ContentController.class.php 第 20 行.
NOTIC: [8] Use of undefined constant count1 - assumed 'count1' D:\xampp\htdocs\ZH\educational_administration_system\Application\Teacher\Controller\ContentController.class.php 第 28 行.
NOTIC: [8] Use of undefined constant stuID - assumed 'stuID' D:\xampp\htdocs\ZH\educational_administration_system\Application\Teacher\Controller\ContentController.class.php 第 29 行.
NOTIC: [8] Use of undefined constant courseid - assumed 'courseid' D:\xampp\htdocs\ZH\educational_administration_system\Application\Teacher\Controller\ContentController.class.php 第 19 行.
NOTIC: [8] Use of undefined constant id - assumed 'id' D:\xampp\htdocs\ZH\educational_administration_system\Application\Teacher\Controller\ContentController.class.php 第 20 行.
NOTIC: [8] Use of undefined constant user - assumed 'user' D:\xampp\htdocs\ZH\educational_administration_system\Application\Teacher\Controller\ContentController.class.php 第 25 行.
NOTIC: [8] Use of undefined constant count1 - assumed 'count1' D:\xampp\htdocs\ZH\educational_administration_system\Application\Teacher\Controller\ContentController.class.php 第 28 行.
NOTIC: [8] Use of undefined constant stuID - assumed 'stuID' D:\xampp\htdocs\ZH\educational_administration_system\Application\Teacher\Controller\ContentController.class.php 第 29 行.
NOTIC: [8] Use of undefined constant courseid - assumed 'courseid' D:\xampp\htdocs\ZH\educational_administration_system\Application\Teacher\Controller\ContentController.class.php 第 19 行.
NOTIC: [8] Use of undefined constant id - assumed 'id' D:\xampp\htdocs\ZH\educational_administration_system\Application\Teacher\Controller\ContentController.class.php 第 20 行.
NOTIC: [8] Use of undefined constant count1 - assumed 'count1' D:\xampp\htdocs\ZH\educational_administration_system\Application\Teacher\Controller\ContentController.class.php 第 28 行.
NOTIC: [8] Use of undefined constant stuID - assumed 'stuID' D:\xampp\htdocs\ZH\educational_administration_system\Application\Teacher\Controller\ContentController.class.php 第 29 行.
NOTIC: [8] Use of undefined constant courseid - assumed 'courseid' D:\xampp\htdocs\ZH\educational_administration_system\Application\Teacher\Controller\ContentController.class.php 第 19 行.
NOTIC: [8] Use of undefined constant id - assumed 'id' D:\xampp\htdocs\ZH\educational_administration_system\Application\Teacher\Controller\ContentController.class.php 第 20 行.
NOTIC: [8] Use of undefined constant count1 - assumed 'count1' D:\xampp\htdocs\ZH\educational_administration_system\Application\Teacher\Controller\ContentController.class.php 第 28 行.
NOTIC: [8] Use of undefined constant stuID - assumed 'stuID' D:\xampp\htdocs\ZH\educational_administration_system\Application\Teacher\Controller\ContentController.class.php 第 29 行.
NOTIC: [8] Use of undefined constant courseid - assumed 'courseid' D:\xampp\htdocs\ZH\educational_administration_system\Application\Teacher\Controller\ContentController.class.php 第 19 行.
NOTIC: [8] Use of undefined constant id - assumed 'id' D:\xampp\htdocs\ZH\educational_administration_system\Application\Teacher\Controller\ContentController.class.php 第 20 行.
NOTIC: [8] Use of undefined constant user - assumed 'user' D:\xampp\htdocs\ZH\educational_administration_system\Application\Teacher\Controller\ContentController.class.php 第 23 行.
NOTIC: [8] Use of undefined constant count1 - assumed 'count1' D:\xampp\htdocs\ZH\educational_administration_system\Application\Teacher\Controller\ContentController.class.php 第 28 行.
NOTIC: [8] Use of undefined constant stuID - assumed 'stuID' D:\xampp\htdocs\ZH\educational_administration_system\Application\Teacher\Controller\ContentController.class.php 第 29 行.
NOTIC: [8] Use of undefined constant courseid - assumed 'courseid' D:\xampp\htdocs\ZH\educational_administration_system\Application\Teacher\Controller\ContentController.class.php 第 19 行.
NOTIC: [8] Use of undefined constant id - assumed 'id' D:\xampp\htdocs\ZH\educational_administration_system\Application\Teacher\Controller\ContentController.class.php 第 20 行.
NOTIC: [8] Use of undefined constant count1 - assumed 'count1' D:\xampp\htdocs\ZH\educational_administration_system\Application\Teacher\Controller\ContentController.class.php 第 28 行.
NOTIC: [8] Use of undefined constant stuID - assumed 'stuID' D:\xampp\htdocs\ZH\educational_administration_system\Application\Teacher\Controller\ContentController.class.php 第 29 行.
NOTIC: [8] Use of undefined constant courseid - assumed 'courseid' D:\xampp\htdocs\ZH\educational_administration_system\Application\Teacher\Controller\ContentController.class.php 第 19 行.
NOTIC: [8] Use of undefined constant id - assumed 'id' D:\xampp\htdocs\ZH\educational_administration_system\Application\Teacher\Controller\ContentController.class.php 第 20 行.
NOTIC: [8] Use of undefined constant count1 - assumed 'count1' D:\xampp\htdocs\ZH\educational_administration_system\Application\Teacher\Controller\ContentController.class.php 第 28 行.
NOTIC: [8] Use of undefined constant stuID - assumed 'stuID' D:\xampp\htdocs\ZH\educational_administration_system\Application\Teacher\Controller\ContentController.class.php 第 29 行.
NOTIC: [8] Use of undefined constant courseid - assumed 'courseid' D:\xampp\htdocs\ZH\educational_administration_system\Application\Teacher\Controller\ContentController.class.php 第 19 行.
NOTIC: [8] Use of undefined constant id - assumed 'id' D:\xampp\htdocs\ZH\educational_administration_system\Application\Teacher\Controller\ContentController.class.php 第 20 行.
NOTIC: [8] Use of undefined constant count1 - assumed 'count1' D:\xampp\htdocs\ZH\educational_administration_system\Application\Teacher\Controller\ContentController.class.php 第 28 行.
NOTIC: [8] Use of undefined constant stuID - assumed 'stuID' D:\xampp\htdocs\ZH\educational_administration_system\Application\Teacher\Controller\ContentController.class.php 第 29 行.
NOTIC: [8] Use of undefined constant courseid - assumed 'courseid' D:\xampp\htdocs\ZH\educational_administration_system\Application\Teacher\Controller\ContentController.class.php 第 19 行.
NOTIC: [8] Use of undefined constant id - assumed 'id' D:\xampp\htdocs\ZH\educational_administration_system\Application\Teacher\Controller\ContentController.class.php 第 20 行.
NOTIC: [8] Use of undefined constant count1 - assumed 'count1' D:\xampp\htdocs\ZH\educational_administration_system\Application\Teacher\Controller\ContentController.class.php 第 28 行.
NOTIC: [8] Use of undefined constant stuID - assumed 'stuID' D:\xampp\htdocs\ZH\educational_administration_system\Application\Teacher\Controller\ContentController.class.php 第 29 行.
NOTIC: [8] Use of undefined constant courseid - assumed 'courseid' D:\xampp\htdocs\ZH\educational_administration_system\Application\Teacher\Controller\ContentController.class.php 第 19 行.
NOTIC: [8] Use of undefined constant id - assumed 'id' D:\xampp\htdocs\ZH\educational_administration_system\Application\Teacher\Controller\ContentController.class.php 第 20 行.
NOTIC: [8] Use of undefined constant count1 - assumed 'count1' D:\xampp\htdocs\ZH\educational_administration_system\Application\Teacher\Controller\ContentController.class.php 第 28 行.
NOTIC: [8] Use of undefined constant stuID - assumed 'stuID' D:\xampp\htdocs\ZH\educational_administration_system\Application\Teacher\Controller\ContentController.class.php 第 29 行.
INFO: [ view_parse ] --START--
INFO: [ template_filter ] --START--
INFO: Run Behavior\ContentReplaceBehavior [ RunTime:0.000037s ]
INFO: [ template_filter ] --END-- [ RunTime:0.000080s ]
NOTIC: [8] Undefined variable: user D:\xampp\htdocs\ZH\educational_administration_system\Application\Runtime\Cache\Teacher\a7e244bda1181bed3af8bcfaa6b7c7a1.php 第 49 行.
INFO: Run Behavior\ParseTemplateBehavior [ RunTime:0.048584s ]
INFO: [ view_parse ] --END-- [ RunTime:0.048630s ]
INFO: [ view_filter ] --START--
INFO: Run Behavior\WriteHtmlCacheBehavior [ RunTime:0.000644s ]
INFO: [ view_filter ] --END-- [ RunTime:0.000698s ]
INFO: [ app_end ] --START--
INFO: Run Behavior\ShowPageTraceBehavior [ RunTime:0.001193s ]
INFO: [ app_end ] --END-- [ RunTime:0.001244s ]

[ 2017-03-09T16:43:11+08:00 ] ::1 /ZH/educational_administration_system/index.php/Teacher/Content/courseDetail
INFO: [ app_init ] --START--
INFO: Run Behavior\BuildLiteBehavior [ RunTime:0.000012s ]
INFO: [ app_init ] --END-- [ RunTime:0.000818s ]
INFO: [ app_begin ] --START--
INFO: Run Behavior\ReadHtmlCacheBehavior [ RunTime:0.000627s ]
INFO: [ app_begin ] --END-- [ RunTime:0.000659s ]
SQL: SHOW COLUMNS FROM `edu_course` [ RunTime:0.0333s ]
NOTIC: [8] Use of undefined constant id - assumed 'id' D:\xampp\htdocs\ZH\educational_administration_system\Application\Teacher\Controller\ContentController.class.php 第 41 行.
SQL: SELECT `plan` FROM `edu_course` WHERE `id` = 6 LIMIT 1   [ RunTime:0.0003s ]
SQL: SHOW COLUMNS FROM `edu_login` [ RunTime:0.0083s ]
NOTIC: [8] Use of undefined constant user - assumed 'user' D:\xampp\htdocs\ZH\educational_administration_system\Application\Teacher\Controller\ContentController.class.php 第 47 行.
SQL: SELECT * FROM `edu_login` WHERE `user` = '1317404001' LIMIT 1   [ RunTime:0.0004s ]
NOTIC: [8] Use of undefined constant room - assumed 'room' D:\xampp\htdocs\ZH\educational_administration_system\Application\Teacher\Controller\ContentController.class.php 第 49 行.
NOTIC: [8] Use of undefined constant user - assumed 'user' D:\xampp\htdocs\ZH\educational_administration_system\Application\Teacher\Controller\ContentController.class.php 第 47 行.
SQL: SELECT * FROM `edu_login` WHERE `user` = '1317404002' LIMIT 1   [ RunTime:0.0003s ]
NOTIC: [8] Use of undefined constant room - assumed 'room' D:\xampp\htdocs\ZH\educational_administration_system\Application\Teacher\Controller\ContentController.class.php 第 49 行.
NOTIC: [8] Use of undefined constant user - assumed 'user' D:\xampp\htdocs\ZH\educational_administration_system\Application\Teacher\Controller\ContentController.class.php 第 47 行.
SQL: SELECT * FROM `edu_login` WHERE `user` = '1317404003' LIMIT 1   [ RunTime:0.0002s ]
NOTIC: [8] Use of undefined constant room - assumed 'room' D:\xampp\htdocs\ZH\educational_administration_system\Application\Teacher\Controller\ContentController.class.php 第 49 行.

[ 2017-03-09T16:43:15+08:00 ] ::1 /ZH/educational_administration_system/index.php/Teacher/Content/courseDetail
INFO: [ app_init ] --START--
INFO: Run Behavior\BuildLiteBehavior [ RunTime:0.000011s ]
INFO: [ app_init ] --END-- [ RunTime:0.000407s ]
INFO: [ app_begin ] --START--
INFO: Run Behavior\ReadHtmlCacheBehavior [ RunTime:0.000634s ]
INFO: [ app_begin ] --END-- [ RunTime:0.000669s ]
SQL: SHOW COLUMNS FROM `edu_course` [ RunTime:0.0130s ]
NOTIC: [8] Use of undefined constant id - assumed 'id' D:\xampp\htdocs\ZH\educational_administration_system\Application\Teacher\Controller\ContentController.class.php 第 41 行.
SQL: SELECT `plan` FROM `edu_course` WHERE `id` = 11 LIMIT 1   [ RunTime:0.0003s ]
SQL: SHOW COLUMNS FROM `edu_login` [ RunTime:0.0058s ]
NOTIC: [8] Use of undefined constant user - assumed 'user' D:\xampp\htdocs\ZH\educational_administration_system\Application\Teacher\Controller\ContentController.class.php 第 47 行.
SQL: SELECT * FROM `edu_login` WHERE `user` = '1317404001' LIMIT 1   [ RunTime:0.0004s ]
NOTIC: [8] Use of undefined constant room - assumed 'room' D:\xampp\htdocs\ZH\educational_administration_system\Application\Teacher\Controller\ContentController.class.php 第 49 行.

