[ 2017-03-14T15:47:27+08:00 ] ::1 /ZH/educational_administration_system/index.php//Teacher/Index/index/name/%E5%8D%AB%E6%AD%A3%E5%9B%BD
INFO: [ app_init ] --START--
INFO: Run Behavior\BuildLiteBehavior [ RunTime:0.000011s ]
INFO: [ app_init ] --END-- [ RunTime:0.000411s ]
INFO: [ app_begin ] --START--
INFO: Run Behavior\ReadHtmlCacheBehavior [ RunTime:0.000749s ]
INFO: [ app_begin ] --END-- [ RunTime:0.000799s ]
INFO: [ view_parse ] --START--
INFO: [ template_filter ] --START--
INFO: Run Behavior\ContentReplaceBehavior [ RunTime:0.000062s ]
INFO: [ template_filter ] --END-- [ RunTime:0.000108s ]
INFO: Run Behavior\ParseTemplateBehavior [ RunTime:0.080617s ]
INFO: [ view_parse ] --END-- [ RunTime:0.080682s ]
INFO: [ view_filter ] --START--
INFO: Run Behavior\WriteHtmlCacheBehavior [ RunTime:0.000516s ]
INFO: [ view_filter ] --END-- [ RunTime:0.000548s ]
INFO: [ app_end ] --START--
INFO: Run Behavior\ShowPageTraceBehavior [ RunTime:0.002062s ]
INFO: [ app_end ] --END-- [ RunTime:0.002150s ]

[ 2017-03-14T15:47:31+08:00 ] ::1 /ZH/educational_administration_system/index.php/Teacher/Content/courseSelection
INFO: [ app_init ] --START--
INFO: Run Behavior\BuildLiteBehavior [ RunTime:0.000008s ]
INFO: [ app_init ] --END-- [ RunTime:0.000353s ]
INFO: [ app_begin ] --START--
INFO: Run Behavior\ReadHtmlCacheBehavior [ RunTime:0.000618s ]
INFO: [ app_begin ] --END-- [ RunTime:0.000649s ]
NOTIC: [8] Use of undefined constant user - assumed 'user' D:\xampp\htdocs\ZH\educational_administration_system\Application\Teacher\Controller\ContentController.class.php 第 6 行.
SQL: SHOW COLUMNS FROM `edu_course` [ RunTime:0.0090s ]
SQL: SELECT * FROM `edu_course` WHERE `teacherID` = '040002'  [ RunTime:0.0004s ]
SQL: SHOW COLUMNS FROM `edu_login` [ RunTime:0.0108s ]
SQL: SELECT * FROM `edu_login`  [ RunTime:0.0003s ]
NOTIC: [8] Use of undefined constant courseid - assumed 'courseid' D:\xampp\htdocs\ZH\educational_administration_system\Application\Teacher\Controller\ContentController.class.php 第 19 行.
NOTIC: [8] Use of undefined constant id - assumed 'id' D:\xampp\htdocs\ZH\educational_administration_system\Application\Teacher\Controller\ContentController.class.php 第 20 行.
NOTIC: [8] Use of undefined constant user - assumed 'user' D:\xampp\htdocs\ZH\educational_administration_system\Application\Teacher\Controller\ContentController.class.php 第 23 行.
NOTIC: [8] Use of undefined constant count1 - assumed 'count1' D:\xampp\htdocs\ZH\educational_administration_system\Application\Teacher\Controller\ContentController.class.php 第 28 行.
NOTIC: [8] Use of undefined constant stuID - assumed 'stuID' D:\xampp\htdocs\ZH\educational_administration_system\Application\Teacher\Controller\ContentController.class.php 第 29 行.
NOTIC: [8] Use of undefined constant courseid - assumed 'courseid' D:\xampp\htdocs\ZH\educational_administration_system\Application\Teacher\Controller\ContentController.class.php 第 19 行.
NOTIC: [8] Use of undefined constant id - assumed 'id' D:\xampp\htdocs\ZH\educational_administration_system\Application\Teacher\Controller\ContentController.class.php 第 20 行.
NOTIC: [8] Use of undefined constant user - assumed 'user' D:\xampp\htdocs\ZH\educational_administration_system\Application\Teacher\Controller\ContentController.class.php 第 25 行.
NOTIC: [8] Use of undefined constant count1 - assumed 'count1' D:\xampp\htdocs\ZH\educational_administration_system\Application\Teacher\Controller\ContentController.class.php 第 28 行.
NOTIC: [8] Use of undefined constant stuID - assumed 'stuID' D:\xampp\htdocs\ZH\educational_administration_system\Application\Teacher\Controller\ContentController.class.php 第 29 行.
NOTIC: [8] Use of undefined constant courseid - assumed 'courseid' D:\xampp\htdocs\ZH\educational_administration_system\Application\Teacher\Controller\ContentController.class.php 第 19 行.
NOTIC: [8] Use of undefined constant id - assumed 'id' D:\xampp\htdocs\ZH\educational_administration_system\Application\Teacher\Controller\ContentController.class.php 第 20 行.
NOTIC: [8] Use of undefined constant count1 - assumed 'count1' D:\xampp\htdocs\ZH\educational_administration_system\Application\Teacher\Controller\ContentController.class.php 第 28 行.
NOTIC: [8] Use of undefined constant stuID - assumed 'stuID' D:\xampp\htdocs\ZH\educational_administration_system\Application\Teacher\Controller\ContentController.class.php 第 29 行.
NOTIC: [8] Use of undefined constant courseid - assumed 'courseid' D:\xampp\htdocs\ZH\educational_administration_system\Application\Teacher\Controller\ContentController.class.php 第 19 行.
NOTIC: [8] Use of undefined constant id - assumed 'id' D:\xampp\htdocs\ZH\educational_administration_system\Application\Teacher\Controller\ContentController.class.php 第 20 行.
NOTIC: [8] Use of undefined constant user - assumed 'user' D:\xampp\htdocs\ZH\educational_administration_system\Application\Teacher\Controller\ContentController.class.php 第 25 行.
NOTIC: [8] Use of undefined constant count1 - assumed 'count1' D:\xampp\htdocs\ZH\educational_administration_system\Application\Teacher\Controller\ContentController.class.php 第 28 行.
NOTIC: [8] Use of undefined constant stuID - assumed 'stuID' D:\xampp\htdocs\ZH\educational_administration_system\Application\Teacher\Controller\ContentController.class.php 第 29 行.
NOTIC: [8] Use of undefined constant courseid - assumed 'courseid' D:\xampp\htdocs\ZH\educational_administration_system\Application\Teacher\Controller\ContentController.class.php 第 19 行.
NOTIC: [8] Use of undefined constant id - assumed 'id' D:\xampp\htdocs\ZH\educational_administration_system\Application\Teacher\Controller\ContentController.class.php 第 20 行.
NOTIC: [8] Use of undefined constant user - assumed 'user' D:\xampp\htdocs\ZH\educational_administration_system\Application\Teacher\Controller\ContentController.class.php 第 25 行.
NOTIC: [8] Use of undefined constant count1 - assumed 'count1' D:\xampp\htdocs\ZH\educational_administration_system\Application\Teacher\Controller\ContentController.class.php 第 28 行.
NOTIC: [8] Use of undefined constant stuID - assumed 'stuID' D:\xampp\htdocs\ZH\educational_administration_system\Application\Teacher\Controller\ContentController.class.php 第 29 行.
NOTIC: [8] Use of undefined constant courseid - assumed 'courseid' D:\xampp\htdocs\ZH\educational_administration_system\Application\Teacher\Controller\ContentController.class.php 第 19 行.
NOTIC: [8] Use of undefined constant id - assumed 'id' D:\xampp\htdocs\ZH\educational_administration_system\Application\Teacher\Controller\ContentController.class.php 第 20 行.
NOTIC: [8] Use of undefined constant count1 - assumed 'count1' D:\xampp\htdocs\ZH\educational_administration_system\Application\Teacher\Controller\ContentController.class.php 第 28 行.
NOTIC: [8] Use of undefined constant stuID - assumed 'stuID' D:\xampp\htdocs\ZH\educational_administration_system\Application\Teacher\Controller\ContentController.class.php 第 29 行.
NOTIC: [8] Use of undefined constant courseid - assumed 'courseid' D:\xampp\htdocs\ZH\educational_administration_system\Application\Teacher\Controller\ContentController.class.php 第 19 行.
NOTIC: [8] Use of undefined constant id - assumed 'id' D:\xampp\htdocs\ZH\educational_administration_system\Application\Teacher\Controller\ContentController.class.php 第 20 行.
NOTIC: [8] Use of undefined constant count1 - assumed 'count1' D:\xampp\htdocs\ZH\educational_administration_system\Application\Teacher\Controller\ContentController.class.php 第 28 行.
NOTIC: [8] Use of undefined constant stuID - assumed 'stuID' D:\xampp\htdocs\ZH\educational_administration_system\Application\Teacher\Controller\ContentController.class.php 第 29 行.
NOTIC: [8] Use of undefined constant courseid - assumed 'courseid' D:\xampp\htdocs\ZH\educational_administration_system\Application\Teacher\Controller\ContentController.class.php 第 19 行.
NOTIC: [8] Use of undefined constant id - assumed 'id' D:\xampp\htdocs\ZH\educational_administration_system\Application\Teacher\Controller\ContentController.class.php 第 20 行.
NOTIC: [8] Use of undefined constant count1 - assumed 'count1' D:\xampp\htdocs\ZH\educational_administration_system\Application\Teacher\Controller\ContentController.class.php 第 28 行.
NOTIC: [8] Use of undefined constant stuID - assumed 'stuID' D:\xampp\htdocs\ZH\educational_administration_system\Application\Teacher\Controller\ContentController.class.php 第 29 行.
NOTIC: [8] Use of undefined constant courseid - assumed 'courseid' D:\xampp\htdocs\ZH\educational_administration_system\Application\Teacher\Controller\ContentController.class.php 第 19 行.
NOTIC: [8] Use of undefined constant id - assumed 'id' D:\xampp\htdocs\ZH\educational_administration_system\Application\Teacher\Controller\ContentController.class.php 第 20 行.
NOTIC: [8] Use of undefined constant count1 - assumed 'count1' D:\xampp\htdocs\ZH\educational_administration_system\Application\Teacher\Controller\ContentController.class.php 第 28 行.
NOTIC: [8] Use of undefined constant stuID - assumed 'stuID' D:\xampp\htdocs\ZH\educational_administration_system\Application\Teacher\Controller\ContentController.class.php 第 29 行.
NOTIC: [8] Use of undefined constant courseid - assumed 'courseid' D:\xampp\htdocs\ZH\educational_administration_system\Application\Teacher\Controller\ContentController.class.php 第 19 行.
NOTIC: [8] Use of undefined constant id - assumed 'id' D:\xampp\htdocs\ZH\educational_administration_system\Application\Teacher\Controller\ContentController.class.php 第 20 行.
NOTIC: [8] Use of undefined constant count1 - assumed 'count1' D:\xampp\htdocs\ZH\educational_administration_system\Application\Teacher\Controller\ContentController.class.php 第 28 行.
NOTIC: [8] Use of undefined constant stuID - assumed 'stuID' D:\xampp\htdocs\ZH\educational_administration_system\Application\Teacher\Controller\ContentController.class.php 第 29 行.
INFO: [ view_parse ] --START--
INFO: [ template_filter ] --START--
INFO: Run Behavior\ContentReplaceBehavior [ RunTime:0.000037s ]
INFO: [ template_filter ] --END-- [ RunTime:0.000087s ]
NOTIC: [8] Undefined variable: user D:\xampp\htdocs\ZH\educational_administration_system\Application\Runtime\Cache\Teacher\a7e244bda1181bed3af8bcfaa6b7c7a1.php 第 49 行.
INFO: Run Behavior\ParseTemplateBehavior [ RunTime:0.078867s ]
INFO: [ view_parse ] --END-- [ RunTime:0.078920s ]
INFO: [ view_filter ] --START--
INFO: Run Behavior\WriteHtmlCacheBehavior [ RunTime:0.000554s ]
INFO: [ view_filter ] --END-- [ RunTime:0.000592s ]
INFO: [ app_end ] --START--
INFO: Run Behavior\ShowPageTraceBehavior [ RunTime:0.000736s ]
INFO: [ app_end ] --END-- [ RunTime:0.000766s ]

[ 2017-03-14T15:47:34+08:00 ] ::1 /ZH/educational_administration_system/index.php/Teacher/Content/courseDetail
INFO: [ app_init ] --START--
INFO: Run Behavior\BuildLiteBehavior [ RunTime:0.000010s ]
INFO: [ app_init ] --END-- [ RunTime:0.000418s ]
INFO: [ app_begin ] --START--
INFO: Run Behavior\ReadHtmlCacheBehavior [ RunTime:0.000659s ]
INFO: [ app_begin ] --END-- [ RunTime:0.000690s ]
SQL: SHOW COLUMNS FROM `edu_course` [ RunTime:0.0398s ]
NOTIC: [8] Use of undefined constant id - assumed 'id' D:\xampp\htdocs\ZH\educational_administration_system\Application\Teacher\Controller\ContentController.class.php 第 41 行.
SQL: SELECT `plan` FROM `edu_course` WHERE `id` = 3 LIMIT 1   [ RunTime:0.0003s ]
SQL: SHOW COLUMNS FROM `edu_login` [ RunTime:0.0062s ]
NOTIC: [8] Use of undefined constant user - assumed 'user' D:\xampp\htdocs\ZH\educational_administration_system\Application\Teacher\Controller\ContentController.class.php 第 47 行.
SQL: SELECT * FROM `edu_login` WHERE `user` = '1317404001' LIMIT 1   [ RunTime:0.0003s ]
NOTIC: [8] Use of undefined constant room - assumed 'room' D:\xampp\htdocs\ZH\educational_administration_system\Application\Teacher\Controller\ContentController.class.php 第 49 行.
NOTIC: [8] Use of undefined constant user - assumed 'user' D:\xampp\htdocs\ZH\educational_administration_system\Application\Teacher\Controller\ContentController.class.php 第 47 行.
SQL: SELECT * FROM `edu_login` WHERE `user` = '1317403901' LIMIT 1   [ RunTime:0.0002s ]
NOTIC: [8] Use of undefined constant room - assumed 'room' D:\xampp\htdocs\ZH\educational_administration_system\Application\Teacher\Controller\ContentController.class.php 第 49 行.
NOTIC: [8] Use of undefined constant user - assumed 'user' D:\xampp\htdocs\ZH\educational_administration_system\Application\Teacher\Controller\ContentController.class.php 第 47 行.
SQL: SELECT * FROM `edu_login` WHERE `user` = '1317404002' LIMIT 1   [ RunTime:0.0002s ]
NOTIC: [8] Use of undefined constant room - assumed 'room' D:\xampp\htdocs\ZH\educational_administration_system\Application\Teacher\Controller\ContentController.class.php 第 49 行.
NOTIC: [8] Use of undefined constant user - assumed 'user' D:\xampp\htdocs\ZH\educational_administration_system\Application\Teacher\Controller\ContentController.class.php 第 47 行.
SQL: SELECT * FROM `edu_login` WHERE `user` = '1317404003' LIMIT 1   [ RunTime:0.0002s ]
NOTIC: [8] Use of undefined constant room - assumed 'room' D:\xampp\htdocs\ZH\educational_administration_system\Application\Teacher\Controller\ContentController.class.php 第 49 行.

[ 2017-03-14T15:48:32+08:00 ] ::1 /ZH/educational_administration_system/index.php/Teacher/Content/courseSelection
INFO: [ app_init ] --START--
INFO: Run Behavior\BuildLiteBehavior [ RunTime:0.000009s ]
INFO: [ app_init ] --END-- [ RunTime:0.000365s ]
INFO: [ app_begin ] --START--
INFO: Run Behavior\ReadHtmlCacheBehavior [ RunTime:0.000699s ]
INFO: [ app_begin ] --END-- [ RunTime:0.000742s ]
NOTIC: [8] Use of undefined constant user - assumed 'user' D:\xampp\htdocs\ZH\educational_administration_system\Application\Teacher\Controller\ContentController.class.php 第 6 行.
SQL: SHOW COLUMNS FROM `edu_course` [ RunTime:0.0212s ]
SQL: SELECT * FROM `edu_course` WHERE `teacherID` = '040002'  [ RunTime:0.0004s ]
SQL: SHOW COLUMNS FROM `edu_login` [ RunTime:0.0056s ]
SQL: SELECT * FROM `edu_login`  [ RunTime:0.0009s ]
NOTIC: [8] Use of undefined constant courseid - assumed 'courseid' D:\xampp\htdocs\ZH\educational_administration_system\Application\Teacher\Controller\ContentController.class.php 第 19 行.
NOTIC: [8] Use of undefined constant id - assumed 'id' D:\xampp\htdocs\ZH\educational_administration_system\Application\Teacher\Controller\ContentController.class.php 第 20 行.
NOTIC: [8] Use of undefined constant user - assumed 'user' D:\xampp\htdocs\ZH\educational_administration_system\Application\Teacher\Controller\ContentController.class.php 第 23 行.
NOTIC: [8] Use of undefined constant count1 - assumed 'count1' D:\xampp\htdocs\ZH\educational_administration_system\Application\Teacher\Controller\ContentController.class.php 第 28 行.
NOTIC: [8] Use of undefined constant stuID - assumed 'stuID' D:\xampp\htdocs\ZH\educational_administration_system\Application\Teacher\Controller\ContentController.class.php 第 29 行.
NOTIC: [8] Use of undefined constant courseid - assumed 'courseid' D:\xampp\htdocs\ZH\educational_administration_system\Application\Teacher\Controller\ContentController.class.php 第 19 行.
NOTIC: [8] Use of undefined constant id - assumed 'id' D:\xampp\htdocs\ZH\educational_administration_system\Application\Teacher\Controller\ContentController.class.php 第 20 行.
NOTIC: [8] Use of undefined constant user - assumed 'user' D:\xampp\htdocs\ZH\educational_administration_system\Application\Teacher\Controller\ContentController.class.php 第 25 行.
NOTIC: [8] Use of undefined constant count1 - assumed 'count1' D:\xampp\htdocs\ZH\educational_administration_system\Application\Teacher\Controller\ContentController.class.php 第 28 行.
NOTIC: [8] Use of undefined constant stuID - assumed 'stuID' D:\xampp\htdocs\ZH\educational_administration_system\Application\Teacher\Controller\ContentController.class.php 第 29 行.
NOTIC: [8] Use of undefined constant courseid - assumed 'courseid' D:\xampp\htdocs\ZH\educational_administration_system\Application\Teacher\Controller\ContentController.class.php 第 19 行.
NOTIC: [8] Use of undefined constant id - assumed 'id' D:\xampp\htdocs\ZH\educational_administration_system\Application\Teacher\Controller\ContentController.class.php 第 20 行.
NOTIC: [8] Use of undefined constant count1 - assumed 'count1' D:\xampp\htdocs\ZH\educational_administration_system\Application\Teacher\Controller\ContentController.class.php 第 28 行.
NOTIC: [8] Use of undefined constant stuID - assumed 'stuID' D:\xampp\htdocs\ZH\educational_administration_system\Application\Teacher\Controller\ContentController.class.php 第 29 行.
NOTIC: [8] Use of undefined constant courseid - assumed 'courseid' D:\xampp\htdocs\ZH\educational_administration_system\Application\Teacher\Controller\ContentController.class.php 第 19 行.
NOTIC: [8] Use of undefined constant id - assumed 'id' D:\xampp\htdocs\ZH\educational_administration_system\Application\Teacher\Controller\ContentController.class.php 第 20 行.
NOTIC: [8] Use of undefined constant user - assumed 'user' D:\xampp\htdocs\ZH\educational_administration_system\Application\Teacher\Controller\ContentController.class.php 第 25 行.
NOTIC: [8] Use of undefined constant count1 - assumed 'count1' D:\xampp\htdocs\ZH\educational_administration_system\Application\Teacher\Controller\ContentController.class.php 第 28 行.
NOTIC: [8] Use of undefined constant stuID - assumed 'stuID' D:\xampp\htdocs\ZH\educational_administration_system\Application\Teacher\Controller\ContentController.class.php 第 29 行.
NOTIC: [8] Use of undefined constant courseid - assumed 'courseid' D:\xampp\htdocs\ZH\educational_administration_system\Application\Teacher\Controller\ContentController.class.php 第 19 行.
NOTIC: [8] Use of undefined constant id - assumed 'id' D:\xampp\htdocs\ZH\educational_administration_system\Application\Teacher\Controller\ContentController.class.php 第 20 行.
NOTIC: [8] Use of undefined constant user - assumed 'user' D:\xampp\htdocs\ZH\educational_administration_system\Application\Teacher\Controller\ContentController.class.php 第 25 行.
NOTIC: [8] Use of undefined constant count1 - assumed 'count1' D:\xampp\htdocs\ZH\educational_administration_system\Application\Teacher\Controller\ContentController.class.php 第 28 行.
NOTIC: [8] Use of undefined constant stuID - assumed 'stuID' D:\xampp\htdocs\ZH\educational_administration_system\Application\Teacher\Controller\ContentController.class.php 第 29 行.
NOTIC: [8] Use of undefined constant courseid - assumed 'courseid' D:\xampp\htdocs\ZH\educational_administration_system\Application\Teacher\Controller\ContentController.class.php 第 19 行.
NOTIC: [8] Use of undefined constant id - assumed 'id' D:\xampp\htdocs\ZH\educational_administration_system\Application\Teacher\Controller\ContentController.class.php 第 20 行.
NOTIC: [8] Use of undefined constant count1 - assumed 'count1' D:\xampp\htdocs\ZH\educational_administration_system\Application\Teacher\Controller\ContentController.class.php 第 28 行.
NOTIC: [8] Use of undefined constant stuID - assumed 'stuID' D:\xampp\htdocs\ZH\educational_administration_system\Application\Teacher\Controller\ContentController.class.php 第 29 行.
NOTIC: [8] Use of undefined constant courseid - assumed 'courseid' D:\xampp\htdocs\ZH\educational_administration_system\Application\Teacher\Controller\ContentController.class.php 第 19 行.
NOTIC: [8] Use of undefined constant id - assumed 'id' D:\xampp\htdocs\ZH\educational_administration_system\Application\Teacher\Controller\ContentController.class.php 第 20 行.
NOTIC: [8] Use of undefined constant count1 - assumed 'count1' D:\xampp\htdocs\ZH\educational_administration_system\Application\Teacher\Controller\ContentController.class.php 第 28 行.
NOTIC: [8] Use of undefined constant stuID - assumed 'stuID' D:\xampp\htdocs\ZH\educational_administration_system\Application\Teacher\Controller\ContentController.class.php 第 29 行.
NOTIC: [8] Use of undefined constant courseid - assumed 'courseid' D:\xampp\htdocs\ZH\educational_administration_system\Application\Teacher\Controller\ContentController.class.php 第 19 行.
NOTIC: [8] Use of undefined constant id - assumed 'id' D:\xampp\htdocs\ZH\educational_administration_system\Application\Teacher\Controller\ContentController.class.php 第 20 行.
NOTIC: [8] Use of undefined constant count1 - assumed 'count1' D:\xampp\htdocs\ZH\educational_administration_system\Application\Teacher\Controller\ContentController.class.php 第 28 行.
NOTIC: [8] Use of undefined constant stuID - assumed 'stuID' D:\xampp\htdocs\ZH\educational_administration_system\Application\Teacher\Controller\ContentController.class.php 第 29 行.
NOTIC: [8] Use of undefined constant courseid - assumed 'courseid' D:\xampp\htdocs\ZH\educational_administration_system\Application\Teacher\Controller\ContentController.class.php 第 19 行.
NOTIC: [8] Use of undefined constant id - assumed 'id' D:\xampp\htdocs\ZH\educational_administration_system\Application\Teacher\Controller\ContentController.class.php 第 20 行.
NOTIC: [8] Use of undefined constant count1 - assumed 'count1' D:\xampp\htdocs\ZH\educational_administration_system\Application\Teacher\Controller\ContentController.class.php 第 28 行.
NOTIC: [8] Use of undefined constant stuID - assumed 'stuID' D:\xampp\htdocs\ZH\educational_administration_system\Application\Teacher\Controller\ContentController.class.php 第 29 行.
NOTIC: [8] Use of undefined constant courseid - assumed 'courseid' D:\xampp\htdocs\ZH\educational_administration_system\Application\Teacher\Controller\ContentController.class.php 第 19 行.
NOTIC: [8] Use of undefined constant id - assumed 'id' D:\xampp\htdocs\ZH\educational_administration_system\Application\Teacher\Controller\ContentController.class.php 第 20 行.
NOTIC: [8] Use of undefined constant count1 - assumed 'count1' D:\xampp\htdocs\ZH\educational_administration_system\Application\Teacher\Controller\ContentController.class.php 第 28 行.
NOTIC: [8] Use of undefined constant stuID - assumed 'stuID' D:\xampp\htdocs\ZH\educational_administration_system\Application\Teacher\Controller\ContentController.class.php 第 29 行.
INFO: [ view_parse ] --START--
INFO: [ template_filter ] --START--
INFO: Run Behavior\ContentReplaceBehavior [ RunTime:0.000038s ]
INFO: [ template_filter ] --END-- [ RunTime:0.000081s ]
NOTIC: [8] Undefined variable: user D:\xampp\htdocs\ZH\educational_administration_system\Application\Runtime\Cache\Teacher\a7e244bda1181bed3af8bcfaa6b7c7a1.php 第 49 行.
INFO: Run Behavior\ParseTemplateBehavior [ RunTime:0.036329s ]
INFO: [ view_parse ] --END-- [ RunTime:0.036366s ]
INFO: [ view_filter ] --START--
INFO: Run Behavior\WriteHtmlCacheBehavior [ RunTime:0.000520s ]
INFO: [ view_filter ] --END-- [ RunTime:0.000549s ]
INFO: [ app_end ] --START--
INFO: Run Behavior\ShowPageTraceBehavior [ RunTime:0.000701s ]
INFO: [ app_end ] --END-- [ RunTime:0.000730s ]

[ 2017-03-14T15:59:06+08:00 ] ::1 /ZH/educational_administration_system/index.php//Teacher/Index/index/name/%E5%8D%AB%E6%AD%A3%E5%9B%BD
INFO: [ app_init ] --START--
INFO: Run Behavior\BuildLiteBehavior [ RunTime:0.000010s ]
INFO: [ app_init ] --END-- [ RunTime:0.000358s ]
INFO: [ app_begin ] --START--
INFO: Run Behavior\ReadHtmlCacheBehavior [ RunTime:0.000933s ]
INFO: [ app_begin ] --END-- [ RunTime:0.001013s ]
INFO: [ view_parse ] --START--
INFO: [ template_filter ] --START--
INFO: Run Behavior\ContentReplaceBehavior [ RunTime:0.000062s ]
INFO: [ template_filter ] --END-- [ RunTime:0.000105s ]
INFO: Run Behavior\ParseTemplateBehavior [ RunTime:0.013209s ]
INFO: [ view_parse ] --END-- [ RunTime:0.013271s ]
INFO: [ view_filter ] --START--
INFO: Run Behavior\WriteHtmlCacheBehavior [ RunTime:0.000492s ]
INFO: [ view_filter ] --END-- [ RunTime:0.000519s ]
INFO: [ app_end ] --START--
INFO: Run Behavior\ShowPageTraceBehavior [ RunTime:0.001166s ]
INFO: [ app_end ] --END-- [ RunTime:0.001232s ]

[ 2017-03-14T15:59:08+08:00 ] ::1 /ZH/educational_administration_system/index.php/Teacher/Content/courseSelection
INFO: [ app_init ] --START--
INFO: Run Behavior\BuildLiteBehavior [ RunTime:0.000009s ]
INFO: [ app_init ] --END-- [ RunTime:0.000420s ]
INFO: [ app_begin ] --START--
INFO: Run Behavior\ReadHtmlCacheBehavior [ RunTime:0.000702s ]
INFO: [ app_begin ] --END-- [ RunTime:0.000734s ]
ERR: syntax error, unexpected '='

[ 2017-03-14T16:01:44+08:00 ] ::1 /ZH/educational_administration_system/index.php//Teacher/Index/index/name/%E5%8D%AB%E6%AD%A3%E5%9B%BD
INFO: [ app_init ] --START--
INFO: Run Behavior\BuildLiteBehavior [ RunTime:0.000012s ]
INFO: [ app_init ] --END-- [ RunTime:0.000390s ]
INFO: [ app_begin ] --START--
INFO: Run Behavior\ReadHtmlCacheBehavior [ RunTime:0.000721s ]
INFO: [ app_begin ] --END-- [ RunTime:0.000759s ]
INFO: [ view_parse ] --START--
INFO: [ template_filter ] --START--
INFO: Run Behavior\ContentReplaceBehavior [ RunTime:0.000082s ]
INFO: [ template_filter ] --END-- [ RunTime:0.000154s ]
INFO: Run Behavior\ParseTemplateBehavior [ RunTime:0.008512s ]
INFO: [ view_parse ] --END-- [ RunTime:0.008561s ]
INFO: [ view_filter ] --START--
INFO: Run Behavior\WriteHtmlCacheBehavior [ RunTime:0.000502s ]
INFO: [ view_filter ] --END-- [ RunTime:0.000530s ]
INFO: [ app_end ] --START--
INFO: Run Behavior\ShowPageTraceBehavior [ RunTime:0.001153s ]
INFO: [ app_end ] --END-- [ RunTime:0.001233s ]

[ 2017-03-14T16:01:47+08:00 ] ::1 /ZH/educational_administration_system/index.php/Teacher/Content/courseSelection
INFO: [ app_init ] --START--
INFO: Run Behavior\BuildLiteBehavior [ RunTime:0.000008s ]
INFO: [ app_init ] --END-- [ RunTime:0.000342s ]
INFO: [ app_begin ] --START--
INFO: Run Behavior\ReadHtmlCacheBehavior [ RunTime:0.000736s ]
INFO: [ app_begin ] --END-- [ RunTime:0.000785s ]
NOTIC: [8] Use of undefined constant user - assumed 'user' D:\xampp\htdocs\ZH\educational_administration_system\Application\Teacher\Controller\ContentController.class.php 第 6 行.
SQL: SHOW COLUMNS FROM `edu_course` [ RunTime:0.0126s ]
SQL: SELECT * FROM `edu_course` WHERE `teacherID` = '040002'  [ RunTime:0.0006s ]
SQL: SHOW COLUMNS FROM `edu_login` [ RunTime:0.0063s ]
SQL: SELECT * FROM `edu_login`  [ RunTime:0.0003s ]
NOTIC: [8] Use of undefined constant courseid - assumed 'courseid' D:\xampp\htdocs\ZH\educational_administration_system\Application\Teacher\Controller\ContentController.class.php 第 19 行.
NOTIC: [8] Use of undefined constant id - assumed 'id' D:\xampp\htdocs\ZH\educational_administration_system\Application\Teacher\Controller\ContentController.class.php 第 20 行.
NOTIC: [8] Use of undefined constant user - assumed 'user' D:\xampp\htdocs\ZH\educational_administration_system\Application\Teacher\Controller\ContentController.class.php 第 23 行.
NOTIC: [8] Use of undefined constant count1 - assumed 'count1' D:\xampp\htdocs\ZH\educational_administration_system\Application\Teacher\Controller\ContentController.class.php 第 28 行.
NOTIC: [8] Use of undefined constant stuID - assumed 'stuID' D:\xampp\htdocs\ZH\educational_administration_system\Application\Teacher\Controller\ContentController.class.php 第 29 行.
NOTIC: [8] Use of undefined constant courseid - assumed 'courseid' D:\xampp\htdocs\ZH\educational_administration_system\Application\Teacher\Controller\ContentController.class.php 第 19 行.
NOTIC: [8] Use of undefined constant id - assumed 'id' D:\xampp\htdocs\ZH\educational_administration_system\Application\Teacher\Controller\ContentController.class.php 第 20 行.
NOTIC: [8] Use of undefined constant user - assumed 'user' D:\xampp\htdocs\ZH\educational_administration_system\Application\Teacher\Controller\ContentController.class.php 第 25 行.
NOTIC: [8] Use of undefined constant count1 - assumed 'count1' D:\xampp\htdocs\ZH\educational_administration_system\Application\Teacher\Controller\ContentController.class.php 第 28 行.
NOTIC: [8] Use of undefined constant stuID - assumed 'stuID' D:\xampp\htdocs\ZH\educational_administration_system\Application\Teacher\Controller\ContentController.class.php 第 29 行.
NOTIC: [8] Use of undefined constant courseid - assumed 'courseid' D:\xampp\htdocs\ZH\educational_administration_system\Application\Teacher\Controller\ContentController.class.php 第 19 行.
NOTIC: [8] Use of undefined constant id - assumed 'id' D:\xampp\htdocs\ZH\educational_administration_system\Application\Teacher\Controller\ContentController.class.php 第 20 行.
NOTIC: [8] Use of undefined constant count1 - assumed 'count1' D:\xampp\htdocs\ZH\educational_administration_system\Application\Teacher\Controller\ContentController.class.php 第 28 行.
NOTIC: [8] Use of undefined constant stuID - assumed 'stuID' D:\xampp\htdocs\ZH\educational_administration_system\Application\Teacher\Controller\ContentController.class.php 第 29 行.
NOTIC: [8] Use of undefined constant courseid - assumed 'courseid' D:\xampp\htdocs\ZH\educational_administration_system\Application\Teacher\Controller\ContentController.class.php 第 19 行.
NOTIC: [8] Use of undefined constant id - assumed 'id' D:\xampp\htdocs\ZH\educational_administration_system\Application\Teacher\Controller\ContentController.class.php 第 20 行.
NOTIC: [8] Use of undefined constant user - assumed 'user' D:\xampp\htdocs\ZH\educational_administration_system\Application\Teacher\Controller\ContentController.class.php 第 25 行.
NOTIC: [8] Use of undefined constant count1 - assumed 'count1' D:\xampp\htdocs\ZH\educational_administration_system\Application\Teacher\Controller\ContentController.class.php 第 28 行.
NOTIC: [8] Use of undefined constant stuID - assumed 'stuID' D:\xampp\htdocs\ZH\educational_administration_system\Application\Teacher\Controller\ContentController.class.php 第 29 行.
NOTIC: [8] Use of undefined constant courseid - assumed 'courseid' D:\xampp\htdocs\ZH\educational_administration_system\Application\Teacher\Controller\ContentController.class.php 第 19 行.
NOTIC: [8] Use of undefined constant id - assumed 'id' D:\xampp\htdocs\ZH\educational_administration_system\Application\Teacher\Controller\ContentController.class.php 第 20 行.
NOTIC: [8] Use of undefined constant user - assumed 'user' D:\xampp\htdocs\ZH\educational_administration_system\Application\Teacher\Controller\ContentController.class.php 第 25 行.
NOTIC: [8] Use of undefined constant count1 - assumed 'count1' D:\xampp\htdocs\ZH\educational_administration_system\Application\Teacher\Controller\ContentController.class.php 第 28 行.
NOTIC: [8] Use of undefined constant stuID - assumed 'stuID' D:\xampp\htdocs\ZH\educational_administration_system\Application\Teacher\Controller\ContentController.class.php 第 29 行.
NOTIC: [8] Use of undefined constant courseid - assumed 'courseid' D:\xampp\htdocs\ZH\educational_administration_system\Application\Teacher\Controller\ContentController.class.php 第 19 行.
NOTIC: [8] Use of undefined constant id - assumed 'id' D:\xampp\htdocs\ZH\educational_administration_system\Application\Teacher\Controller\ContentController.class.php 第 20 行.
NOTIC: [8] Use of undefined constant count1 - assumed 'count1' D:\xampp\htdocs\ZH\educational_administration_system\Application\Teacher\Controller\ContentController.class.php 第 28 行.
NOTIC: [8] Use of undefined constant stuID - assumed 'stuID' D:\xampp\htdocs\ZH\educational_administration_system\Application\Teacher\Controller\ContentController.class.php 第 29 行.
NOTIC: [8] Use of undefined constant courseid - assumed 'courseid' D:\xampp\htdocs\ZH\educational_administration_system\Application\Teacher\Controller\ContentController.class.php 第 19 行.
NOTIC: [8] Use of undefined constant id - assumed 'id' D:\xampp\htdocs\ZH\educational_administration_system\Application\Teacher\Controller\ContentController.class.php 第 20 行.
NOTIC: [8] Use of undefined constant count1 - assumed 'count1' D:\xampp\htdocs\ZH\educational_administration_system\Application\Teacher\Controller\ContentController.class.php 第 28 行.
NOTIC: [8] Use of undefined constant stuID - assumed 'stuID' D:\xampp\htdocs\ZH\educational_administration_system\Application\Teacher\Controller\ContentController.class.php 第 29 行.
NOTIC: [8] Use of undefined constant courseid - assumed 'courseid' D:\xampp\htdocs\ZH\educational_administration_system\Application\Teacher\Controller\ContentController.class.php 第 19 行.
NOTIC: [8] Use of undefined constant id - assumed 'id' D:\xampp\htdocs\ZH\educational_administration_system\Application\Teacher\Controller\ContentController.class.php 第 20 行.
NOTIC: [8] Use of undefined constant count1 - assumed 'count1' D:\xampp\htdocs\ZH\educational_administration_system\Application\Teacher\Controller\ContentController.class.php 第 28 行.
NOTIC: [8] Use of undefined constant stuID - assumed 'stuID' D:\xampp\htdocs\ZH\educational_administration_system\Application\Teacher\Controller\ContentController.class.php 第 29 行.
NOTIC: [8] Use of undefined constant courseid - assumed 'courseid' D:\xampp\htdocs\ZH\educational_administration_system\Application\Teacher\Controller\ContentController.class.php 第 19 行.
NOTIC: [8] Use of undefined constant id - assumed 'id' D:\xampp\htdocs\ZH\educational_administration_system\Application\Teacher\Controller\ContentController.class.php 第 20 行.
NOTIC: [8] Use of undefined constant count1 - assumed 'count1' D:\xampp\htdocs\ZH\educational_administration_system\Application\Teacher\Controller\ContentController.class.php 第 28 行.
NOTIC: [8] Use of undefined constant stuID - assumed 'stuID' D:\xampp\htdocs\ZH\educational_administration_system\Application\Teacher\Controller\ContentController.class.php 第 29 行.
NOTIC: [8] Use of undefined constant courseid - assumed 'courseid' D:\xampp\htdocs\ZH\educational_administration_system\Application\Teacher\Controller\ContentController.class.php 第 19 行.
NOTIC: [8] Use of undefined constant id - assumed 'id' D:\xampp\htdocs\ZH\educational_administration_system\Application\Teacher\Controller\ContentController.class.php 第 20 行.
NOTIC: [8] Use of undefined constant count1 - assumed 'count1' D:\xampp\htdocs\ZH\educational_administration_system\Application\Teacher\Controller\ContentController.class.php 第 28 行.
NOTIC: [8] Use of undefined constant stuID - assumed 'stuID' D:\xampp\htdocs\ZH\educational_administration_system\Application\Teacher\Controller\ContentController.class.php 第 29 行.
INFO: [ view_parse ] --START--
INFO: [ template_filter ] --START--
INFO: Run Behavior\ContentReplaceBehavior [ RunTime:0.000036s ]
INFO: [ template_filter ] --END-- [ RunTime:0.000073s ]
NOTIC: [8] Undefined variable: user D:\xampp\htdocs\ZH\educational_administration_system\Application\Runtime\Cache\Teacher\a7e244bda1181bed3af8bcfaa6b7c7a1.php 第 49 行.
INFO: Run Behavior\ParseTemplateBehavior [ RunTime:0.006179s ]
INFO: [ view_parse ] --END-- [ RunTime:0.006222s ]
INFO: [ view_filter ] --START--
INFO: Run Behavior\WriteHtmlCacheBehavior [ RunTime:0.000522s ]
INFO: [ view_filter ] --END-- [ RunTime:0.000550s ]
INFO: [ app_end ] --START--
INFO: Run Behavior\ShowPageTraceBehavior [ RunTime:0.000688s ]
INFO: [ app_end ] --END-- [ RunTime:0.000717s ]

[ 2017-03-14T16:01:49+08:00 ] ::1 /ZH/educational_administration_system/index.php/Teacher/Content/courseDetail
INFO: [ app_init ] --START--
INFO: Run Behavior\BuildLiteBehavior [ RunTime:0.000010s ]
INFO: [ app_init ] --END-- [ RunTime:0.000365s ]
INFO: [ app_begin ] --START--
INFO: Run Behavior\ReadHtmlCacheBehavior [ RunTime:0.000651s ]
INFO: [ app_begin ] --END-- [ RunTime:0.000686s ]
SQL: SHOW COLUMNS FROM `edu_course` [ RunTime:0.0094s ]
NOTIC: [8] Use of undefined constant id - assumed 'id' D:\xampp\htdocs\ZH\educational_administration_system\Application\Teacher\Controller\ContentController.class.php 第 41 行.
SQL: SELECT `plan` FROM `edu_course` WHERE `id` = 3 LIMIT 1   [ RunTime:0.0003s ]
SQL: SHOW COLUMNS FROM `edu_login` [ RunTime:0.0057s ]
NOTIC: [8] Use of undefined constant user - assumed 'user' D:\xampp\htdocs\ZH\educational_administration_system\Application\Teacher\Controller\ContentController.class.php 第 47 行.
SQL: SELECT * FROM `edu_login` WHERE `user` = '1317404001' LIMIT 1   [ RunTime:0.0005s ]
NOTIC: [8] Use of undefined constant room - assumed 'room' D:\xampp\htdocs\ZH\educational_administration_system\Application\Teacher\Controller\ContentController.class.php 第 49 行.
NOTIC: [8] Use of undefined constant user - assumed 'user' D:\xampp\htdocs\ZH\educational_administration_system\Application\Teacher\Controller\ContentController.class.php 第 47 行.
SQL: SELECT * FROM `edu_login` WHERE `user` = '1317403901' LIMIT 1   [ RunTime:0.0013s ]
NOTIC: [8] Use of undefined constant room - assumed 'room' D:\xampp\htdocs\ZH\educational_administration_system\Application\Teacher\Controller\ContentController.class.php 第 49 行.
NOTIC: [8] Use of undefined constant user - assumed 'user' D:\xampp\htdocs\ZH\educational_administration_system\Application\Teacher\Controller\ContentController.class.php 第 47 行.
SQL: SELECT * FROM `edu_login` WHERE `user` = '1317404002' LIMIT 1   [ RunTime:0.0004s ]
NOTIC: [8] Use of undefined constant room - assumed 'room' D:\xampp\htdocs\ZH\educational_administration_system\Application\Teacher\Controller\ContentController.class.php 第 49 行.
NOTIC: [8] Use of undefined constant user - assumed 'user' D:\xampp\htdocs\ZH\educational_administration_system\Application\Teacher\Controller\ContentController.class.php 第 47 行.
SQL: SELECT * FROM `edu_login` WHERE `user` = '1317404003' LIMIT 1   [ RunTime:0.0003s ]
NOTIC: [8] Use of undefined constant room - assumed 'room' D:\xampp\htdocs\ZH\educational_administration_system\Application\Teacher\Controller\ContentController.class.php 第 49 行.
NOTIC: [8] Use of undefined constant user - assumed 'user' D:\xampp\htdocs\ZH\educational_administration_system\Application\Teacher\Controller\ContentController.class.php 第 55 行.
NOTIC: [8] Use of undefined constant user - assumed 'user' D:\xampp\htdocs\ZH\educational_administration_system\Application\Teacher\Controller\ContentController.class.php 第 55 行.
NOTIC: [8] Use of undefined constant user - assumed 'user' D:\xampp\htdocs\ZH\educational_administration_system\Application\Teacher\Controller\ContentController.class.php 第 56 行.
NOTIC: [8] Use of undefined constant user - assumed 'user' D:\xampp\htdocs\ZH\educational_administration_system\Application\Teacher\Controller\ContentController.class.php 第 57 行.
NOTIC: [8] Use of undefined constant user - assumed 'user' D:\xampp\htdocs\ZH\educational_administration_system\Application\Teacher\Controller\ContentController.class.php 第 57 行.
NOTIC: [8] Use of undefined constant user - assumed 'user' D:\xampp\htdocs\ZH\educational_administration_system\Application\Teacher\Controller\ContentController.class.php 第 58 行.
NOTIC: [8] Use of undefined constant user - assumed 'user' D:\xampp\htdocs\ZH\educational_administration_system\Application\Teacher\Controller\ContentController.class.php 第 55 行.
NOTIC: [8] Use of undefined constant user - assumed 'user' D:\xampp\htdocs\ZH\educational_administration_system\Application\Teacher\Controller\ContentController.class.php 第 55 行.
NOTIC: [8] Use of undefined constant user - assumed 'user' D:\xampp\htdocs\ZH\educational_administration_system\Application\Teacher\Controller\ContentController.class.php 第 55 行.
NOTIC: [8] Use of undefined constant user - assumed 'user' D:\xampp\htdocs\ZH\educational_administration_system\Application\Teacher\Controller\ContentController.class.php 第 55 行.
NOTIC: [8] Use of undefined constant user - assumed 'user' D:\xampp\htdocs\ZH\educational_administration_system\Application\Teacher\Controller\ContentController.class.php 第 55 行.
NOTIC: [8] Use of undefined constant user - assumed 'user' D:\xampp\htdocs\ZH\educational_administration_system\Application\Teacher\Controller\ContentController.class.php 第 55 行.
NOTIC: [8] Use of undefined constant user - assumed 'user' D:\xampp\htdocs\ZH\educational_administration_system\Application\Teacher\Controller\ContentController.class.php 第 55 行.
NOTIC: [8] Use of undefined constant user - assumed 'user' D:\xampp\htdocs\ZH\educational_administration_system\Application\Teacher\Controller\ContentController.class.php 第 55 行.
NOTIC: [8] Use of undefined constant user - assumed 'user' D:\xampp\htdocs\ZH\educational_administration_system\Application\Teacher\Controller\ContentController.class.php 第 55 行.
NOTIC: [8] Use of undefined constant user - assumed 'user' D:\xampp\htdocs\ZH\educational_administration_system\Application\Teacher\Controller\ContentController.class.php 第 55 行.

[ 2017-03-14T16:02:35+08:00 ] ::1 /ZH/educational_administration_system/index.php//Teacher/Index/index/name/%E5%8D%AB%E6%AD%A3%E5%9B%BD
INFO: [ app_init ] --START--
INFO: Run Behavior\BuildLiteBehavior [ RunTime:0.000018s ]
INFO: [ app_init ] --END-- [ RunTime:0.000675s ]
INFO: [ app_begin ] --START--
INFO: Run Behavior\ReadHtmlCacheBehavior [ RunTime:0.000656s ]
INFO: [ app_begin ] --END-- [ RunTime:0.000696s ]
INFO: [ view_parse ] --START--
INFO: [ template_filter ] --START--
INFO: Run Behavior\ContentReplaceBehavior [ RunTime:0.000056s ]
INFO: [ template_filter ] --END-- [ RunTime:0.000096s ]
INFO: Run Behavior\ParseTemplateBehavior [ RunTime:0.006235s ]
INFO: [ view_parse ] --END-- [ RunTime:0.006283s ]
INFO: [ view_filter ] --START--
INFO: Run Behavior\WriteHtmlCacheBehavior [ RunTime:0.000473s ]
INFO: [ view_filter ] --END-- [ RunTime:0.000501s ]
INFO: [ app_end ] --START--
INFO: Run Behavior\ShowPageTraceBehavior [ RunTime:0.001113s ]
INFO: [ app_end ] --END-- [ RunTime:0.001181s ]

[ 2017-03-14T16:02:37+08:00 ] ::1 /ZH/educational_administration_system/index.php/Teacher/Content/courseSelection
INFO: [ app_init ] --START--
INFO: Run Behavior\BuildLiteBehavior [ RunTime:0.000011s ]
INFO: [ app_init ] --END-- [ RunTime:0.000422s ]
INFO: [ app_begin ] --START--
INFO: Run Behavior\ReadHtmlCacheBehavior [ RunTime:0.000660s ]
INFO: [ app_begin ] --END-- [ RunTime:0.000694s ]
NOTIC: [8] Use of undefined constant user - assumed 'user' D:\xampp\htdocs\ZH\educational_administration_system\Application\Teacher\Controller\ContentController.class.php 第 6 行.
SQL: SHOW COLUMNS FROM `edu_course` [ RunTime:0.0128s ]
SQL: SELECT * FROM `edu_course` WHERE `teacherID` = '040002'  [ RunTime:0.0004s ]
SQL: SHOW COLUMNS FROM `edu_login` [ RunTime:0.0058s ]
SQL: SELECT * FROM `edu_login`  [ RunTime:0.0011s ]
NOTIC: [8] Use of undefined constant courseid - assumed 'courseid' D:\xampp\htdocs\ZH\educational_administration_system\Application\Teacher\Controller\ContentController.class.php 第 19 行.
NOTIC: [8] Use of undefined constant id - assumed 'id' D:\xampp\htdocs\ZH\educational_administration_system\Application\Teacher\Controller\ContentController.class.php 第 20 行.
NOTIC: [8] Use of undefined constant user - assumed 'user' D:\xampp\htdocs\ZH\educational_administration_system\Application\Teacher\Controller\ContentController.class.php 第 23 行.
NOTIC: [8] Use of undefined constant count1 - assumed 'count1' D:\xampp\htdocs\ZH\educational_administration_system\Application\Teacher\Controller\ContentController.class.php 第 28 行.
NOTIC: [8] Use of undefined constant stuID - assumed 'stuID' D:\xampp\htdocs\ZH\educational_administration_system\Application\Teacher\Controller\ContentController.class.php 第 29 行.
NOTIC: [8] Use of undefined constant courseid - assumed 'courseid' D:\xampp\htdocs\ZH\educational_administration_system\Application\Teacher\Controller\ContentController.class.php 第 19 行.
NOTIC: [8] Use of undefined constant id - assumed 'id' D:\xampp\htdocs\ZH\educational_administration_system\Application\Teacher\Controller\ContentController.class.php 第 20 行.
NOTIC: [8] Use of undefined constant user - assumed 'user' D:\xampp\htdocs\ZH\educational_administration_system\Application\Teacher\Controller\ContentController.class.php 第 25 行.
NOTIC: [8] Use of undefined constant count1 - assumed 'count1' D:\xampp\htdocs\ZH\educational_administration_system\Application\Teacher\Controller\ContentController.class.php 第 28 行.
NOTIC: [8] Use of undefined constant stuID - assumed 'stuID' D:\xampp\htdocs\ZH\educational_administration_system\Application\Teacher\Controller\ContentController.class.php 第 29 行.
NOTIC: [8] Use of undefined constant courseid - assumed 'courseid' D:\xampp\htdocs\ZH\educational_administration_system\Application\Teacher\Controller\ContentController.class.php 第 19 行.
NOTIC: [8] Use of undefined constant id - assumed 'id' D:\xampp\htdocs\ZH\educational_administration_system\Application\Teacher\Controller\ContentController.class.php 第 20 行.
NOTIC: [8] Use of undefined constant count1 - assumed 'count1' D:\xampp\htdocs\ZH\educational_administration_system\Application\Teacher\Controller\ContentController.class.php 第 28 行.
NOTIC: [8] Use of undefined constant stuID - assumed 'stuID' D:\xampp\htdocs\ZH\educational_administration_system\Application\Teacher\Controller\ContentController.class.php 第 29 行.
NOTIC: [8] Use of undefined constant courseid - assumed 'courseid' D:\xampp\htdocs\ZH\educational_administration_system\Application\Teacher\Controller\ContentController.class.php 第 19 行.
NOTIC: [8] Use of undefined constant id - assumed 'id' D:\xampp\htdocs\ZH\educational_administration_system\Application\Teacher\Controller\ContentController.class.php 第 20 行.
NOTIC: [8] Use of undefined constant user - assumed 'user' D:\xampp\htdocs\ZH\educational_administration_system\Application\Teacher\Controller\ContentController.class.php 第 25 行.
NOTIC: [8] Use of undefined constant count1 - assumed 'count1' D:\xampp\htdocs\ZH\educational_administration_system\Application\Teacher\Controller\ContentController.class.php 第 28 行.
NOTIC: [8] Use of undefined constant stuID - assumed 'stuID' D:\xampp\htdocs\ZH\educational_administration_system\Application\Teacher\Controller\ContentController.class.php 第 29 行.
NOTIC: [8] Use of undefined constant courseid - assumed 'courseid' D:\xampp\htdocs\ZH\educational_administration_system\Application\Teacher\Controller\ContentController.class.php 第 19 行.
NOTIC: [8] Use of undefined constant id - assumed 'id' D:\xampp\htdocs\ZH\educational_administration_system\Application\Teacher\Controller\ContentController.class.php 第 20 行.
NOTIC: [8] Use of undefined constant user - assumed 'user' D:\xampp\htdocs\ZH\educational_administration_system\Application\Teacher\Controller\ContentController.class.php 第 25 行.
NOTIC: [8] Use of undefined constant count1 - assumed 'count1' D:\xampp\htdocs\ZH\educational_administration_system\Application\Teacher\Controller\ContentController.class.php 第 28 行.
NOTIC: [8] Use of undefined constant stuID - assumed 'stuID' D:\xampp\htdocs\ZH\educational_administration_system\Application\Teacher\Controller\ContentController.class.php 第 29 行.
NOTIC: [8] Use of undefined constant courseid - assumed 'courseid' D:\xampp\htdocs\ZH\educational_administration_system\Application\Teacher\Controller\ContentController.class.php 第 19 行.
NOTIC: [8] Use of undefined constant id - assumed 'id' D:\xampp\htdocs\ZH\educational_administration_system\Application\Teacher\Controller\ContentController.class.php 第 20 行.
NOTIC: [8] Use of undefined constant count1 - assumed 'count1' D:\xampp\htdocs\ZH\educational_administration_system\Application\Teacher\Controller\ContentController.class.php 第 28 行.
NOTIC: [8] Use of undefined constant stuID - assumed 'stuID' D:\xampp\htdocs\ZH\educational_administration_system\Application\Teacher\Controller\ContentController.class.php 第 29 行.
NOTIC: [8] Use of undefined constant courseid - assumed 'courseid' D:\xampp\htdocs\ZH\educational_administration_system\Application\Teacher\Controller\ContentController.class.php 第 19 行.
NOTIC: [8] Use of undefined constant id - assumed 'id' D:\xampp\htdocs\ZH\educational_administration_system\Application\Teacher\Controller\ContentController.class.php 第 20 行.
NOTIC: [8] Use of undefined constant count1 - assumed 'count1' D:\xampp\htdocs\ZH\educational_administration_system\Application\Teacher\Controller\ContentController.class.php 第 28 行.
NOTIC: [8] Use of undefined constant stuID - assumed 'stuID' D:\xampp\htdocs\ZH\educational_administration_system\Application\Teacher\Controller\ContentController.class.php 第 29 行.
NOTIC: [8] Use of undefined constant courseid - assumed 'courseid' D:\xampp\htdocs\ZH\educational_administration_system\Application\Teacher\Controller\ContentController.class.php 第 19 行.
NOTIC: [8] Use of undefined constant id - assumed 'id' D:\xampp\htdocs\ZH\educational_administration_system\Application\Teacher\Controller\ContentController.class.php 第 20 行.
NOTIC: [8] Use of undefined constant count1 - assumed 'count1' D:\xampp\htdocs\ZH\educational_administration_system\Application\Teacher\Controller\ContentController.class.php 第 28 行.
NOTIC: [8] Use of undefined constant stuID - assumed 'stuID' D:\xampp\htdocs\ZH\educational_administration_system\Application\Teacher\Controller\ContentController.class.php 第 29 行.
NOTIC: [8] Use of undefined constant courseid - assumed 'courseid' D:\xampp\htdocs\ZH\educational_administration_system\Application\Teacher\Controller\ContentController.class.php 第 19 行.
NOTIC: [8] Use of undefined constant id - assumed 'id' D:\xampp\htdocs\ZH\educational_administration_system\Application\Teacher\Controller\ContentController.class.php 第 20 行.
NOTIC: [8] Use of undefined constant count1 - assumed 'count1' D:\xampp\htdocs\ZH\educational_administration_system\Application\Teacher\Controller\ContentController.class.php 第 28 行.
NOTIC: [8] Use of undefined constant stuID - assumed 'stuID' D:\xampp\htdocs\ZH\educational_administration_system\Application\Teacher\Controller\ContentController.class.php 第 29 行.
NOTIC: [8] Use of undefined constant courseid - assumed 'courseid' D:\xampp\htdocs\ZH\educational_administration_system\Application\Teacher\Controller\ContentController.class.php 第 19 行.
NOTIC: [8] Use of undefined constant id - assumed 'id' D:\xampp\htdocs\ZH\educational_administration_system\Application\Teacher\Controller\ContentController.class.php 第 20 行.
NOTIC: [8] Use of undefined constant count1 - assumed 'count1' D:\xampp\htdocs\ZH\educational_administration_system\Application\Teacher\Controller\ContentController.class.php 第 28 行.
NOTIC: [8] Use of undefined constant stuID - assumed 'stuID' D:\xampp\htdocs\ZH\educational_administration_system\Application\Teacher\Controller\ContentController.class.php 第 29 行.
INFO: [ view_parse ] --START--
INFO: [ template_filter ] --START--
INFO: Run Behavior\ContentReplaceBehavior [ RunTime:0.000046s ]
INFO: [ template_filter ] --END-- [ RunTime:0.000090s ]
NOTIC: [8] Undefined variable: user D:\xampp\htdocs\ZH\educational_administration_system\Application\Runtime\Cache\Teacher\a7e244bda1181bed3af8bcfaa6b7c7a1.php 第 49 行.
INFO: Run Behavior\ParseTemplateBehavior [ RunTime:0.006482s ]
INFO: [ view_parse ] --END-- [ RunTime:0.006516s ]
INFO: [ view_filter ] --START--
INFO: Run Behavior\WriteHtmlCacheBehavior [ RunTime:0.000485s ]
INFO: [ view_filter ] --END-- [ RunTime:0.000512s ]
INFO: [ app_end ] --START--
INFO: Run Behavior\ShowPageTraceBehavior [ RunTime:0.000650s ]
INFO: [ app_end ] --END-- [ RunTime:0.000678s ]

[ 2017-03-14T16:02:39+08:00 ] ::1 /ZH/educational_administration_system/index.php/Teacher/Content/courseDetail
INFO: [ app_init ] --START--
INFO: Run Behavior\BuildLiteBehavior [ RunTime:0.000013s ]
INFO: [ app_init ] --END-- [ RunTime:0.000412s ]
INFO: [ app_begin ] --START--
INFO: Run Behavior\ReadHtmlCacheBehavior [ RunTime:0.000645s ]
INFO: [ app_begin ] --END-- [ RunTime:0.000690s ]
SQL: SHOW COLUMNS FROM `edu_course` [ RunTime:0.0387s ]
NOTIC: [8] Use of undefined constant id - assumed 'id' D:\xampp\htdocs\ZH\educational_administration_system\Application\Teacher\Controller\ContentController.class.php 第 41 行.
SQL: SELECT `plan` FROM `edu_course` WHERE `id` = 3 LIMIT 1   [ RunTime:0.0003s ]
SQL: SHOW COLUMNS FROM `edu_login` [ RunTime:0.0056s ]
NOTIC: [8] Use of undefined constant user - assumed 'user' D:\xampp\htdocs\ZH\educational_administration_system\Application\Teacher\Controller\ContentController.class.php 第 47 行.
SQL: SELECT * FROM `edu_login` WHERE `user` = '1317404001' LIMIT 1   [ RunTime:0.0004s ]
NOTIC: [8] Use of undefined constant room - assumed 'room' D:\xampp\htdocs\ZH\educational_administration_system\Application\Teacher\Controller\ContentController.class.php 第 49 行.
NOTIC: [8] Use of undefined constant user - assumed 'user' D:\xampp\htdocs\ZH\educational_administration_system\Application\Teacher\Controller\ContentController.class.php 第 47 行.
SQL: SELECT * FROM `edu_login` WHERE `user` = '1317403901' LIMIT 1   [ RunTime:0.0003s ]
NOTIC: [8] Use of undefined constant room - assumed 'room' D:\xampp\htdocs\ZH\educational_administration_system\Application\Teacher\Controller\ContentController.class.php 第 49 行.
NOTIC: [8] Use of undefined constant user - assumed 'user' D:\xampp\htdocs\ZH\educational_administration_system\Application\Teacher\Controller\ContentController.class.php 第 47 行.
SQL: SELECT * FROM `edu_login` WHERE `user` = '1317404002' LIMIT 1   [ RunTime:0.0002s ]
NOTIC: [8] Use of undefined constant room - assumed 'room' D:\xampp\htdocs\ZH\educational_administration_system\Application\Teacher\Controller\ContentController.class.php 第 49 行.
NOTIC: [8] Use of undefined constant user - assumed 'user' D:\xampp\htdocs\ZH\educational_administration_system\Application\Teacher\Controller\ContentController.class.php 第 47 行.
SQL: SELECT * FROM `edu_login` WHERE `user` = '1317404003' LIMIT 1   [ RunTime:0.0002s ]
NOTIC: [8] Use of undefined constant room - assumed 'room' D:\xampp\htdocs\ZH\educational_administration_system\Application\Teacher\Controller\ContentController.class.php 第 49 行.
NOTIC: [8] Use of undefined constant user - assumed 'user' D:\xampp\htdocs\ZH\educational_administration_system\Application\Teacher\Controller\ContentController.class.php 第 55 行.
NOTIC: [8] Use of undefined constant user - assumed 'user' D:\xampp\htdocs\ZH\educational_administration_system\Application\Teacher\Controller\ContentController.class.php 第 55 行.
NOTIC: [8] Use of undefined constant user - assumed 'user' D:\xampp\htdocs\ZH\educational_administration_system\Application\Teacher\Controller\ContentController.class.php 第 55 行.
NOTIC: [8] Use of undefined constant user - assumed 'user' D:\xampp\htdocs\ZH\educational_administration_system\Application\Teacher\Controller\ContentController.class.php 第 55 行.
NOTIC: [8] Use of undefined constant user - assumed 'user' D:\xampp\htdocs\ZH\educational_administration_system\Application\Teacher\Controller\ContentController.class.php 第 55 行.
NOTIC: [8] Use of undefined constant user - assumed 'user' D:\xampp\htdocs\ZH\educational_administration_system\Application\Teacher\Controller\ContentController.class.php 第 55 行.
NOTIC: [8] Use of undefined constant user - assumed 'user' D:\xampp\htdocs\ZH\educational_administration_system\Application\Teacher\Controller\ContentController.class.php 第 55 行.
NOTIC: [8] Use of undefined constant user - assumed 'user' D:\xampp\htdocs\ZH\educational_administration_system\Application\Teacher\Controller\ContentController.class.php 第 55 行.
NOTIC: [8] Use of undefined constant user - assumed 'user' D:\xampp\htdocs\ZH\educational_administration_system\Application\Teacher\Controller\ContentController.class.php 第 55 行.
NOTIC: [8] Use of undefined constant user - assumed 'user' D:\xampp\htdocs\ZH\educational_administration_system\Application\Teacher\Controller\ContentController.class.php 第 55 行.
NOTIC: [8] Use of undefined constant user - assumed 'user' D:\xampp\htdocs\ZH\educational_administration_system\Application\Teacher\Controller\ContentController.class.php 第 55 行.
NOTIC: [8] Use of undefined constant user - assumed 'user' D:\xampp\htdocs\ZH\educational_administration_system\Application\Teacher\Controller\ContentController.class.php 第 55 行.

[ 2017-03-14T16:03:02+08:00 ] ::1 /ZH/educational_administration_system/index.php//Teacher/Index/index/name/%E5%87%8C%E5%85%B4%E5%AE%8F
INFO: [ app_init ] --START--
INFO: Run Behavior\BuildLiteBehavior [ RunTime:0.000014s ]
INFO: [ app_init ] --END-- [ RunTime:0.000373s ]
INFO: [ app_begin ] --START--
INFO: Run Behavior\ReadHtmlCacheBehavior [ RunTime:0.000737s ]
INFO: [ app_begin ] --END-- [ RunTime:0.000786s ]
INFO: [ view_parse ] --START--
INFO: [ template_filter ] --START--
INFO: Run Behavior\ContentReplaceBehavior [ RunTime:0.000062s ]
INFO: [ template_filter ] --END-- [ RunTime:0.000113s ]
INFO: Run Behavior\ParseTemplateBehavior [ RunTime:0.007642s ]
INFO: [ view_parse ] --END-- [ RunTime:0.007715s ]
INFO: [ view_filter ] --START--
INFO: Run Behavior\WriteHtmlCacheBehavior [ RunTime:0.000905s ]
INFO: [ view_filter ] --END-- [ RunTime:0.000943s ]
INFO: [ app_end ] --START--
INFO: Run Behavior\ShowPageTraceBehavior [ RunTime:0.001173s ]
INFO: [ app_end ] --END-- [ RunTime:0.001243s ]

[ 2017-03-14T16:03:04+08:00 ] ::1 /ZH/educational_administration_system/index.php/Teacher/Content/courseSelection
INFO: [ app_init ] --START--
INFO: Run Behavior\BuildLiteBehavior [ RunTime:0.000010s ]
INFO: [ app_init ] --END-- [ RunTime:0.000343s ]
INFO: [ app_begin ] --START--
INFO: Run Behavior\ReadHtmlCacheBehavior [ RunTime:0.000670s ]
INFO: [ app_begin ] --END-- [ RunTime:0.000707s ]
NOTIC: [8] Use of undefined constant user - assumed 'user' D:\xampp\htdocs\ZH\educational_administration_system\Application\Teacher\Controller\ContentController.class.php 第 6 行.
SQL: SHOW COLUMNS FROM `edu_course` [ RunTime:0.0113s ]
SQL: SELECT * FROM `edu_course` WHERE `teacherID` = '040169'  [ RunTime:0.0004s ]
SQL: SHOW COLUMNS FROM `edu_login` [ RunTime:0.0057s ]
SQL: SELECT * FROM `edu_login`  [ RunTime:0.0004s ]
NOTIC: [8] Use of undefined constant courseid - assumed 'courseid' D:\xampp\htdocs\ZH\educational_administration_system\Application\Teacher\Controller\ContentController.class.php 第 19 行.
NOTIC: [8] Use of undefined constant id - assumed 'id' D:\xampp\htdocs\ZH\educational_administration_system\Application\Teacher\Controller\ContentController.class.php 第 20 行.
NOTIC: [8] Use of undefined constant user - assumed 'user' D:\xampp\htdocs\ZH\educational_administration_system\Application\Teacher\Controller\ContentController.class.php 第 23 行.
NOTIC: [8] Use of undefined constant count1 - assumed 'count1' D:\xampp\htdocs\ZH\educational_administration_system\Application\Teacher\Controller\ContentController.class.php 第 28 行.
NOTIC: [8] Use of undefined constant stuID - assumed 'stuID' D:\xampp\htdocs\ZH\educational_administration_system\Application\Teacher\Controller\ContentController.class.php 第 29 行.
NOTIC: [8] Use of undefined constant courseid - assumed 'courseid' D:\xampp\htdocs\ZH\educational_administration_system\Application\Teacher\Controller\ContentController.class.php 第 19 行.
NOTIC: [8] Use of undefined constant id - assumed 'id' D:\xampp\htdocs\ZH\educational_administration_system\Application\Teacher\Controller\ContentController.class.php 第 20 行.
NOTIC: [8] Use of undefined constant count1 - assumed 'count1' D:\xampp\htdocs\ZH\educational_administration_system\Application\Teacher\Controller\ContentController.class.php 第 28 行.
NOTIC: [8] Use of undefined constant stuID - assumed 'stuID' D:\xampp\htdocs\ZH\educational_administration_system\Application\Teacher\Controller\ContentController.class.php 第 29 行.
NOTIC: [8] Use of undefined constant courseid - assumed 'courseid' D:\xampp\htdocs\ZH\educational_administration_system\Application\Teacher\Controller\ContentController.class.php 第 19 行.
NOTIC: [8] Use of undefined constant id - assumed 'id' D:\xampp\htdocs\ZH\educational_administration_system\Application\Teacher\Controller\ContentController.class.php 第 20 行.
NOTIC: [8] Use of undefined constant count1 - assumed 'count1' D:\xampp\htdocs\ZH\educational_administration_system\Application\Teacher\Controller\ContentController.class.php 第 28 行.
NOTIC: [8] Use of undefined constant stuID - assumed 'stuID' D:\xampp\htdocs\ZH\educational_administration_system\Application\Teacher\Controller\ContentController.class.php 第 29 行.
NOTIC: [8] Use of undefined constant courseid - assumed 'courseid' D:\xampp\htdocs\ZH\educational_administration_system\Application\Teacher\Controller\ContentController.class.php 第 19 行.
NOTIC: [8] Use of undefined constant id - assumed 'id' D:\xampp\htdocs\ZH\educational_administration_system\Application\Teacher\Controller\ContentController.class.php 第 20 行.
NOTIC: [8] Use of undefined constant user - assumed 'user' D:\xampp\htdocs\ZH\educational_administration_system\Application\Teacher\Controller\ContentController.class.php 第 25 行.
NOTIC: [8] Use of undefined constant count1 - assumed 'count1' D:\xampp\htdocs\ZH\educational_administration_system\Application\Teacher\Controller\ContentController.class.php 第 28 行.
NOTIC: [8] Use of undefined constant stuID - assumed 'stuID' D:\xampp\htdocs\ZH\educational_administration_system\Application\Teacher\Controller\ContentController.class.php 第 29 行.
NOTIC: [8] Use of undefined constant courseid - assumed 'courseid' D:\xampp\htdocs\ZH\educational_administration_system\Application\Teacher\Controller\ContentController.class.php 第 19 行.
NOTIC: [8] Use of undefined constant id - assumed 'id' D:\xampp\htdocs\ZH\educational_administration_system\Application\Teacher\Controller\ContentController.class.php 第 20 行.
NOTIC: [8] Use of undefined constant user - assumed 'user' D:\xampp\htdocs\ZH\educational_administration_system\Application\Teacher\Controller\ContentController.class.php 第 25 行.
NOTIC: [8] Use of undefined constant count1 - assumed 'count1' D:\xampp\htdocs\ZH\educational_administration_system\Application\Teacher\Controller\ContentController.class.php 第 28 行.
NOTIC: [8] Use of undefined constant stuID - assumed 'stuID' D:\xampp\htdocs\ZH\educational_administration_system\Application\Teacher\Controller\ContentController.class.php 第 29 行.
NOTIC: [8] Use of undefined constant courseid - assumed 'courseid' D:\xampp\htdocs\ZH\educational_administration_system\Application\Teacher\Controller\ContentController.class.php 第 19 行.
NOTIC: [8] Use of undefined constant id - assumed 'id' D:\xampp\htdocs\ZH\educational_administration_system\Application\Teacher\Controller\ContentController.class.php 第 20 行.
NOTIC: [8] Use of undefined constant count1 - assumed 'count1' D:\xampp\htdocs\ZH\educational_administration_system\Application\Teacher\Controller\ContentController.class.php 第 28 行.
NOTIC: [8] Use of undefined constant stuID - assumed 'stuID' D:\xampp\htdocs\ZH\educational_administration_system\Application\Teacher\Controller\ContentController.class.php 第 29 行.
NOTIC: [8] Use of undefined constant courseid - assumed 'courseid' D:\xampp\htdocs\ZH\educational_administration_system\Application\Teacher\Controller\ContentController.class.php 第 19 行.
NOTIC: [8] Use of undefined constant id - assumed 'id' D:\xampp\htdocs\ZH\educational_administration_system\Application\Teacher\Controller\ContentController.class.php 第 20 行.
NOTIC: [8] Use of undefined constant count1 - assumed 'count1' D:\xampp\htdocs\ZH\educational_administration_system\Application\Teacher\Controller\ContentController.class.php 第 28 行.
NOTIC: [8] Use of undefined constant stuID - assumed 'stuID' D:\xampp\htdocs\ZH\educational_administration_system\Application\Teacher\Controller\ContentController.class.php 第 29 行.
NOTIC: [8] Use of undefined constant courseid - assumed 'courseid' D:\xampp\htdocs\ZH\educational_administration_system\Application\Teacher\Controller\ContentController.class.php 第 19 行.
NOTIC: [8] Use of undefined constant id - assumed 'id' D:\xampp\htdocs\ZH\educational_administration_system\Application\Teacher\Controller\ContentController.class.php 第 20 行.
NOTIC: [8] Use of undefined constant user - assumed 'user' D:\xampp\htdocs\ZH\educational_administration_system\Application\Teacher\Controller\ContentController.class.php 第 25 行.
NOTIC: [8] Use of undefined constant count1 - assumed 'count1' D:\xampp\htdocs\ZH\educational_administration_system\Application\Teacher\Controller\ContentController.class.php 第 28 行.
NOTIC: [8] Use of undefined constant stuID - assumed 'stuID' D:\xampp\htdocs\ZH\educational_administration_system\Application\Teacher\Controller\ContentController.class.php 第 29 行.
NOTIC: [8] Use of undefined constant courseid - assumed 'courseid' D:\xampp\htdocs\ZH\educational_administration_system\Application\Teacher\Controller\ContentController.class.php 第 19 行.
NOTIC: [8] Use of undefined constant id - assumed 'id' D:\xampp\htdocs\ZH\educational_administration_system\Application\Teacher\Controller\ContentController.class.php 第 20 行.
NOTIC: [8] Use of undefined constant count1 - assumed 'count1' D:\xampp\htdocs\ZH\educational_administration_system\Application\Teacher\Controller\ContentController.class.php 第 28 行.
NOTIC: [8] Use of undefined constant stuID - assumed 'stuID' D:\xampp\htdocs\ZH\educational_administration_system\Application\Teacher\Controller\ContentController.class.php 第 29 行.
NOTIC: [8] Use of undefined constant courseid - assumed 'courseid' D:\xampp\htdocs\ZH\educational_administration_system\Application\Teacher\Controller\ContentController.class.php 第 19 行.
NOTIC: [8] Use of undefined constant id - assumed 'id' D:\xampp\htdocs\ZH\educational_administration_system\Application\Teacher\Controller\ContentController.class.php 第 20 行.
NOTIC: [8] Use of undefined constant count1 - assumed 'count1' D:\xampp\htdocs\ZH\educational_administration_system\Application\Teacher\Controller\ContentController.class.php 第 28 行.
NOTIC: [8] Use of undefined constant stuID - assumed 'stuID' D:\xampp\htdocs\ZH\educational_administration_system\Application\Teacher\Controller\ContentController.class.php 第 29 行.
NOTIC: [8] Use of undefined constant courseid - assumed 'courseid' D:\xampp\htdocs\ZH\educational_administration_system\Application\Teacher\Controller\ContentController.class.php 第 19 行.
NOTIC: [8] Use of undefined constant id - assumed 'id' D:\xampp\htdocs\ZH\educational_administration_system\Application\Teacher\Controller\ContentController.class.php 第 20 行.
NOTIC: [8] Use of undefined constant user - assumed 'user' D:\xampp\htdocs\ZH\educational_administration_system\Application\Teacher\Controller\ContentController.class.php 第 23 行.
NOTIC: [8] Use of undefined constant count1 - assumed 'count1' D:\xampp\htdocs\ZH\educational_administration_system\Application\Teacher\Controller\ContentController.class.php 第 28 行.
NOTIC: [8] Use of undefined constant stuID - assumed 'stuID' D:\xampp\htdocs\ZH\educational_administration_system\Application\Teacher\Controller\ContentController.class.php 第 29 行.
NOTIC: [8] Use of undefined constant courseid - assumed 'courseid' D:\xampp\htdocs\ZH\educational_administration_system\Application\Teacher\Controller\ContentController.class.php 第 19 行.
NOTIC: [8] Use of undefined constant id - assumed 'id' D:\xampp\htdocs\ZH\educational_administration_system\Application\Teacher\Controller\ContentController.class.php 第 20 行.
NOTIC: [8] Use of undefined constant user - assumed 'user' D:\xampp\htdocs\ZH\educational_administration_system\Application\Teacher\Controller\ContentController.class.php 第 25 行.
NOTIC: [8] Use of undefined constant count1 - assumed 'count1' D:\xampp\htdocs\ZH\educational_administration_system\Application\Teacher\Controller\ContentController.class.php 第 28 行.
NOTIC: [8] Use of undefined constant stuID - assumed 'stuID' D:\xampp\htdocs\ZH\educational_administration_system\Application\Teacher\Controller\ContentController.class.php 第 29 行.
NOTIC: [8] Use of undefined constant courseid - assumed 'courseid' D:\xampp\htdocs\ZH\educational_administration_system\Application\Teacher\Controller\ContentController.class.php 第 19 行.
NOTIC: [8] Use of undefined constant id - assumed 'id' D:\xampp\htdocs\ZH\educational_administration_system\Application\Teacher\Controller\ContentController.class.php 第 20 行.
NOTIC: [8] Use of undefined constant count1 - assumed 'count1' D:\xampp\htdocs\ZH\educational_administration_system\Application\Teacher\Controller\ContentController.class.php 第 28 行.
NOTIC: [8] Use of undefined constant stuID - assumed 'stuID' D:\xampp\htdocs\ZH\educational_administration_system\Application\Teacher\Controller\ContentController.class.php 第 29 行.
NOTIC: [8] Use of undefined constant courseid - assumed 'courseid' D:\xampp\htdocs\ZH\educational_administration_system\Application\Teacher\Controller\ContentController.class.php 第 19 行.
NOTIC: [8] Use of undefined constant id - assumed 'id' D:\xampp\htdocs\ZH\educational_administration_system\Application\Teacher\Controller\ContentController.class.php 第 20 行.
NOTIC: [8] Use of undefined constant user - assumed 'user' D:\xampp\htdocs\ZH\educational_administration_system\Application\Teacher\Controller\ContentController.class.php 第 25 行.
NOTIC: [8] Use of undefined constant count1 - assumed 'count1' D:\xampp\htdocs\ZH\educational_administration_system\Application\Teacher\Controller\ContentController.class.php 第 28 行.
NOTIC: [8] Use of undefined constant stuID - assumed 'stuID' D:\xampp\htdocs\ZH\educational_administration_system\Application\Teacher\Controller\ContentController.class.php 第 29 行.
NOTIC: [8] Use of undefined constant courseid - assumed 'courseid' D:\xampp\htdocs\ZH\educational_administration_system\Application\Teacher\Controller\ContentController.class.php 第 19 行.
NOTIC: [8] Use of undefined constant id - assumed 'id' D:\xampp\htdocs\ZH\educational_administration_system\Application\Teacher\Controller\ContentController.class.php 第 20 行.
NOTIC: [8] Use of undefined constant count1 - assumed 'count1' D:\xampp\htdocs\ZH\educational_administration_system\Application\Teacher\Controller\ContentController.class.php 第 28 行.
NOTIC: [8] Use of undefined constant stuID - assumed 'stuID' D:\xampp\htdocs\ZH\educational_administration_system\Application\Teacher\Controller\ContentController.class.php 第 29 行.
NOTIC: [8] Use of undefined constant courseid - assumed 'courseid' D:\xampp\htdocs\ZH\educational_administration_system\Application\Teacher\Controller\ContentController.class.php 第 19 行.
NOTIC: [8] Use of undefined constant id - assumed 'id' D:\xampp\htdocs\ZH\educational_administration_system\Application\Teacher\Controller\ContentController.class.php 第 20 行.
NOTIC: [8] Use of undefined constant count1 - assumed 'count1' D:\xampp\htdocs\ZH\educational_administration_system\Application\Teacher\Controller\ContentController.class.php 第 28 行.
NOTIC: [8] Use of undefined constant stuID - assumed 'stuID' D:\xampp\htdocs\ZH\educational_administration_system\Application\Teacher\Controller\ContentController.class.php 第 29 行.
NOTIC: [8] Use of undefined constant courseid - assumed 'courseid' D:\xampp\htdocs\ZH\educational_administration_system\Application\Teacher\Controller\ContentController.class.php 第 19 行.
NOTIC: [8] Use of undefined constant id - assumed 'id' D:\xampp\htdocs\ZH\educational_administration_system\Application\Teacher\Controller\ContentController.class.php 第 20 行.
NOTIC: [8] Use of undefined constant count1 - assumed 'count1' D:\xampp\htdocs\ZH\educational_administration_system\Application\Teacher\Controller\ContentController.class.php 第 28 行.
NOTIC: [8] Use of undefined constant stuID - assumed 'stuID' D:\xampp\htdocs\ZH\educational_administration_system\Application\Teacher\Controller\ContentController.class.php 第 29 行.
NOTIC: [8] Use of undefined constant courseid - assumed 'courseid' D:\xampp\htdocs\ZH\educational_administration_system\Application\Teacher\Controller\ContentController.class.php 第 19 行.
NOTIC: [8] Use of undefined constant id - assumed 'id' D:\xampp\htdocs\ZH\educational_administration_system\Application\Teacher\Controller\ContentController.class.php 第 20 行.
NOTIC: [8] Use of undefined constant user - assumed 'user' D:\xampp\htdocs\ZH\educational_administration_system\Application\Teacher\Controller\ContentController.class.php 第 25 行.
NOTIC: [8] Use of undefined constant count1 - assumed 'count1' D:\xampp\htdocs\ZH\educational_administration_system\Application\Teacher\Controller\ContentController.class.php 第 28 行.
NOTIC: [8] Use of undefined constant stuID - assumed 'stuID' D:\xampp\htdocs\ZH\educational_administration_system\Application\Teacher\Controller\ContentController.class.php 第 29 行.
NOTIC: [8] Use of undefined constant courseid - assumed 'courseid' D:\xampp\htdocs\ZH\educational_administration_system\Application\Teacher\Controller\ContentController.class.php 第 19 行.
NOTIC: [8] Use of undefined constant id - assumed 'id' D:\xampp\htdocs\ZH\educational_administration_system\Application\Teacher\Controller\ContentController.class.php 第 20 行.
NOTIC: [8] Use of undefined constant count1 - assumed 'count1' D:\xampp\htdocs\ZH\educational_administration_system\Application\Teacher\Controller\ContentController.class.php 第 28 行.
NOTIC: [8] Use of undefined constant stuID - assumed 'stuID' D:\xampp\htdocs\ZH\educational_administration_system\Application\Teacher\Controller\ContentController.class.php 第 29 行.
NOTIC: [8] Use of undefined constant courseid - assumed 'courseid' D:\xampp\htdocs\ZH\educational_administration_system\Application\Teacher\Controller\ContentController.class.php 第 19 行.
NOTIC: [8] Use of undefined constant id - assumed 'id' D:\xampp\htdocs\ZH\educational_administration_system\Application\Teacher\Controller\ContentController.class.php 第 20 行.
NOTIC: [8] Use of undefined constant count1 - assumed 'count1' D:\xampp\htdocs\ZH\educational_administration_system\Application\Teacher\Controller\ContentController.class.php 第 28 行.
NOTIC: [8] Use of undefined constant stuID - assumed 'stuID' D:\xampp\htdocs\ZH\educational_administration_system\Application\Teacher\Controller\ContentController.class.php 第 29 行.
NOTIC: [8] Use of undefined constant courseid - assumed 'courseid' D:\xampp\htdocs\ZH\educational_administration_system\Application\Teacher\Controller\ContentController.class.php 第 19 行.
NOTIC: [8] Use of undefined constant id - assumed 'id' D:\xampp\htdocs\ZH\educational_administration_system\Application\Teacher\Controller\ContentController.class.php 第 20 行.
NOTIC: [8] Use of undefined constant user - assumed 'user' D:\xampp\htdocs\ZH\educational_administration_system\Application\Teacher\Controller\ContentController.class.php 第 23 行.
NOTIC: [8] Use of undefined constant count1 - assumed 'count1' D:\xampp\htdocs\ZH\educational_administration_system\Application\Teacher\Controller\ContentController.class.php 第 28 行.
NOTIC: [8] Use of undefined constant stuID - assumed 'stuID' D:\xampp\htdocs\ZH\educational_administration_system\Application\Teacher\Controller\ContentController.class.php 第 29 行.
NOTIC: [8] Use of undefined constant courseid - assumed 'courseid' D:\xampp\htdocs\ZH\educational_administration_system\Application\Teacher\Controller\ContentController.class.php 第 19 行.
NOTIC: [8] Use of undefined constant id - assumed 'id' D:\xampp\htdocs\ZH\educational_administration_system\Application\Teacher\Controller\ContentController.class.php 第 20 行.
NOTIC: [8] Use of undefined constant count1 - assumed 'count1' D:\xampp\htdocs\ZH\educational_administration_system\Application\Teacher\Controller\ContentController.class.php 第 28 行.
NOTIC: [8] Use of undefined constant stuID - assumed 'stuID' D:\xampp\htdocs\ZH\educational_administration_system\Application\Teacher\Controller\ContentController.class.php 第 29 行.
NOTIC: [8] Use of undefined constant courseid - assumed 'courseid' D:\xampp\htdocs\ZH\educational_administration_system\Application\Teacher\Controller\ContentController.class.php 第 19 行.
NOTIC: [8] Use of undefined constant id - assumed 'id' D:\xampp\htdocs\ZH\educational_administration_system\Application\Teacher\Controller\ContentController.class.php 第 20 行.
NOTIC: [8] Use of undefined constant count1 - assumed 'count1' D:\xampp\htdocs\ZH\educational_administration_system\Application\Teacher\Controller\ContentController.class.php 第 28 行.
NOTIC: [8] Use of undefined constant stuID - assumed 'stuID' D:\xampp\htdocs\ZH\educational_administration_system\Application\Teacher\Controller\ContentController.class.php 第 29 行.
NOTIC: [8] Use of undefined constant courseid - assumed 'courseid' D:\xampp\htdocs\ZH\educational_administration_system\Application\Teacher\Controller\ContentController.class.php 第 19 行.
NOTIC: [8] Use of undefined constant id - assumed 'id' D:\xampp\htdocs\ZH\educational_administration_system\Application\Teacher\Controller\ContentController.class.php 第 20 行.
NOTIC: [8] Use of undefined constant count1 - assumed 'count1' D:\xampp\htdocs\ZH\educational_administration_system\Application\Teacher\Controller\ContentController.class.php 第 28 行.
NOTIC: [8] Use of undefined constant stuID - assumed 'stuID' D:\xampp\htdocs\ZH\educational_administration_system\Application\Teacher\Controller\ContentController.class.php 第 29 行.
NOTIC: [8] Use of undefined constant courseid - assumed 'courseid' D:\xampp\htdocs\ZH\educational_administration_system\Application\Teacher\Controller\ContentController.class.php 第 19 行.
NOTIC: [8] Use of undefined constant id - assumed 'id' D:\xampp\htdocs\ZH\educational_administration_system\Application\Teacher\Controller\ContentController.class.php 第 20 行.
NOTIC: [8] Use of undefined constant count1 - assumed 'count1' D:\xampp\htdocs\ZH\educational_administration_system\Application\Teacher\Controller\ContentController.class.php 第 28 行.
NOTIC: [8] Use of undefined constant stuID - assumed 'stuID' D:\xampp\htdocs\ZH\educational_administration_system\Application\Teacher\Controller\ContentController.class.php 第 29 行.
NOTIC: [8] Use of undefined constant courseid - assumed 'courseid' D:\xampp\htdocs\ZH\educational_administration_system\Application\Teacher\Controller\ContentController.class.php 第 19 行.
NOTIC: [8] Use of undefined constant id - assumed 'id' D:\xampp\htdocs\ZH\educational_administration_system\Application\Teacher\Controller\ContentController.class.php 第 20 行.
NOTIC: [8] Use of undefined constant count1 - assumed 'count1' D:\xampp\htdocs\ZH\educational_administration_system\Application\Teacher\Controller\ContentController.class.php 第 28 行.
NOTIC: [8] Use of undefined constant stuID - assumed 'stuID' D:\xampp\htdocs\ZH\educational_administration_system\Application\Teacher\Controller\ContentController.class.php 第 29 行.
NOTIC: [8] Use of undefined constant courseid - assumed 'courseid' D:\xampp\htdocs\ZH\educational_administration_system\Application\Teacher\Controller\ContentController.class.php 第 19 行.
NOTIC: [8] Use of undefined constant id - assumed 'id' D:\xampp\htdocs\ZH\educational_administration_system\Application\Teacher\Controller\ContentController.class.php 第 20 行.
NOTIC: [8] Use of undefined constant count1 - assumed 'count1' D:\xampp\htdocs\ZH\educational_administration_system\Application\Teacher\Controller\ContentController.class.php 第 28 行.
NOTIC: [8] Use of undefined constant stuID - assumed 'stuID' D:\xampp\htdocs\ZH\educational_administration_system\Application\Teacher\Controller\ContentController.class.php 第 29 行.
NOTIC: [8] Use of undefined constant courseid - assumed 'courseid' D:\xampp\htdocs\ZH\educational_administration_system\Application\Teacher\Controller\ContentController.class.php 第 19 行.
NOTIC: [8] Use of undefined constant id - assumed 'id' D:\xampp\htdocs\ZH\educational_administration_system\Application\Teacher\Controller\ContentController.class.php 第 20 行.
NOTIC: [8] Use of undefined constant user - assumed 'user' D:\xampp\htdocs\ZH\educational_administration_system\Application\Teacher\Controller\ContentController.class.php 第 25 行.
NOTIC: [8] Use of undefined constant count1 - assumed 'count1' D:\xampp\htdocs\ZH\educational_administration_system\Application\Teacher\Controller\ContentController.class.php 第 28 行.
NOTIC: [8] Use of undefined constant stuID - assumed 'stuID' D:\xampp\htdocs\ZH\educational_administration_system\Application\Teacher\Controller\ContentController.class.php 第 29 行.
NOTIC: [8] Use of undefined constant courseid - assumed 'courseid' D:\xampp\htdocs\ZH\educational_administration_system\Application\Teacher\Controller\ContentController.class.php 第 19 行.
NOTIC: [8] Use of undefined constant id - assumed 'id' D:\xampp\htdocs\ZH\educational_administration_system\Application\Teacher\Controller\ContentController.class.php 第 20 行.
NOTIC: [8] Use of undefined constant count1 - assumed 'count1' D:\xampp\htdocs\ZH\educational_administration_system\Application\Teacher\Controller\ContentController.class.php 第 28 行.
NOTIC: [8] Use of undefined constant stuID - assumed 'stuID' D:\xampp\htdocs\ZH\educational_administration_system\Application\Teacher\Controller\ContentController.class.php 第 29 行.
NOTIC: [8] Use of undefined constant courseid - assumed 'courseid' D:\xampp\htdocs\ZH\educational_administration_system\Application\Teacher\Controller\ContentController.class.php 第 19 行.
NOTIC: [8] Use of undefined constant id - assumed 'id' D:\xampp\htdocs\ZH\educational_administration_system\Application\Teacher\Controller\ContentController.class.php 第 20 行.
NOTIC: [8] Use of undefined constant count1 - assumed 'count1' D:\xampp\htdocs\ZH\educational_administration_system\Application\Teacher\Controller\ContentController.class.php 第 28 行.
NOTIC: [8] Use of undefined constant stuID - assumed 'stuID' D:\xampp\htdocs\ZH\educational_administration_system\Application\Teacher\Controller\ContentController.class.php 第 29 行.
INFO: [ view_parse ] --START--
INFO: [ template_filter ] --START--
INFO: Run Behavior\ContentReplaceBehavior [ RunTime:0.000050s ]
INFO: [ template_filter ] --END-- [ RunTime:0.000107s ]
NOTIC: [8] Undefined variable: user D:\xampp\htdocs\ZH\educational_administration_system\Application\Runtime\Cache\Teacher\a7e244bda1181bed3af8bcfaa6b7c7a1.php 第 49 行.
INFO: Run Behavior\ParseTemplateBehavior [ RunTime:0.008061s ]
INFO: [ view_parse ] --END-- [ RunTime:0.008098s ]
INFO: [ view_filter ] --START--
INFO: Run Behavior\WriteHtmlCacheBehavior [ RunTime:0.000518s ]
INFO: [ view_filter ] --END-- [ RunTime:0.000546s ]
INFO: [ app_end ] --START--
INFO: Run Behavior\ShowPageTraceBehavior [ RunTime:0.000939s ]
INFO: [ app_end ] --END-- [ RunTime:0.000972s ]

[ 2017-03-14T16:03:07+08:00 ] ::1 /ZH/educational_administration_system/index.php/Teacher/Content/courseDetail
INFO: [ app_init ] --START--
INFO: Run Behavior\BuildLiteBehavior [ RunTime:0.000037s ]
INFO: [ app_init ] --END-- [ RunTime:0.000742s ]
INFO: [ app_begin ] --START--
INFO: Run Behavior\ReadHtmlCacheBehavior [ RunTime:0.000696s ]
INFO: [ app_begin ] --END-- [ RunTime:0.000730s ]
SQL: SHOW COLUMNS FROM `edu_course` [ RunTime:0.0109s ]
NOTIC: [8] Use of undefined constant id - assumed 'id' D:\xampp\htdocs\ZH\educational_administration_system\Application\Teacher\Controller\ContentController.class.php 第 41 行.
SQL: SELECT `plan` FROM `edu_course` WHERE `id` = 6 LIMIT 1   [ RunTime:0.0003s ]
SQL: SHOW COLUMNS FROM `edu_login` [ RunTime:0.0056s ]
NOTIC: [8] Use of undefined constant user - assumed 'user' D:\xampp\htdocs\ZH\educational_administration_system\Application\Teacher\Controller\ContentController.class.php 第 47 行.
SQL: SELECT * FROM `edu_login` WHERE `user` = '1317404001' LIMIT 1   [ RunTime:0.0003s ]
NOTIC: [8] Use of undefined constant room - assumed 'room' D:\xampp\htdocs\ZH\educational_administration_system\Application\Teacher\Controller\ContentController.class.php 第 49 行.
NOTIC: [8] Use of undefined constant user - assumed 'user' D:\xampp\htdocs\ZH\educational_administration_system\Application\Teacher\Controller\ContentController.class.php 第 47 行.
SQL: SELECT * FROM `edu_login` WHERE `user` = '1317404002' LIMIT 1   [ RunTime:0.0003s ]
NOTIC: [8] Use of undefined constant room - assumed 'room' D:\xampp\htdocs\ZH\educational_administration_system\Application\Teacher\Controller\ContentController.class.php 第 49 行.
NOTIC: [8] Use of undefined constant user - assumed 'user' D:\xampp\htdocs\ZH\educational_administration_system\Application\Teacher\Controller\ContentController.class.php 第 47 行.
SQL: SELECT * FROM `edu_login` WHERE `user` = '1317404003' LIMIT 1   [ RunTime:0.0002s ]
NOTIC: [8] Use of undefined constant room - assumed 'room' D:\xampp\htdocs\ZH\educational_administration_system\Application\Teacher\Controller\ContentController.class.php 第 49 行.
NOTIC: [8] Use of undefined constant user - assumed 'user' D:\xampp\htdocs\ZH\educational_administration_system\Application\Teacher\Controller\ContentController.class.php 第 47 行.
SQL: SELECT * FROM `edu_login` WHERE `user` = '1317404005' LIMIT 1   [ RunTime:0.0002s ]
NOTIC: [8] Use of undefined constant room - assumed 'room' D:\xampp\htdocs\ZH\educational_administration_system\Application\Teacher\Controller\ContentController.class.php 第 49 行.
NOTIC: [8] Use of undefined constant user - assumed 'user' D:\xampp\htdocs\ZH\educational_administration_system\Application\Teacher\Controller\ContentController.class.php 第 55 行.
NOTIC: [8] Use of undefined constant user - assumed 'user' D:\xampp\htdocs\ZH\educational_administration_system\Application\Teacher\Controller\ContentController.class.php 第 55 行.
NOTIC: [8] Use of undefined constant user - assumed 'user' D:\xampp\htdocs\ZH\educational_administration_system\Application\Teacher\Controller\ContentController.class.php 第 55 行.
NOTIC: [8] Use of undefined constant user - assumed 'user' D:\xampp\htdocs\ZH\educational_administration_system\Application\Teacher\Controller\ContentController.class.php 第 55 行.
NOTIC: [8] Use of undefined constant user - assumed 'user' D:\xampp\htdocs\ZH\educational_administration_system\Application\Teacher\Controller\ContentController.class.php 第 55 行.
NOTIC: [8] Use of undefined constant user - assumed 'user' D:\xampp\htdocs\ZH\educational_administration_system\Application\Teacher\Controller\ContentController.class.php 第 55 行.
NOTIC: [8] Use of undefined constant user - assumed 'user' D:\xampp\htdocs\ZH\educational_administration_system\Application\Teacher\Controller\ContentController.class.php 第 55 行.
NOTIC: [8] Use of undefined constant user - assumed 'user' D:\xampp\htdocs\ZH\educational_administration_system\Application\Teacher\Controller\ContentController.class.php 第 55 行.
NOTIC: [8] Use of undefined constant user - assumed 'user' D:\xampp\htdocs\ZH\educational_administration_system\Application\Teacher\Controller\ContentController.class.php 第 55 行.
NOTIC: [8] Use of undefined constant user - assumed 'user' D:\xampp\htdocs\ZH\educational_administration_system\Application\Teacher\Controller\ContentController.class.php 第 55 行.
NOTIC: [8] Use of undefined constant user - assumed 'user' D:\xampp\htdocs\ZH\educational_administration_system\Application\Teacher\Controller\ContentController.class.php 第 55 行.
NOTIC: [8] Use of undefined constant user - assumed 'user' D:\xampp\htdocs\ZH\educational_administration_system\Application\Teacher\Controller\ContentController.class.php 第 55 行.

[ 2017-03-14T16:03:15+08:00 ] ::1 /ZH/educational_administration_system/index.php/Teacher/Content/courseDetail
INFO: [ app_init ] --START--
INFO: Run Behavior\BuildLiteBehavior [ RunTime:0.000010s ]
INFO: [ app_init ] --END-- [ RunTime:0.000376s ]
INFO: [ app_begin ] --START--
INFO: Run Behavior\ReadHtmlCacheBehavior [ RunTime:0.000764s ]
INFO: [ app_begin ] --END-- [ RunTime:0.000810s ]
SQL: SHOW COLUMNS FROM `edu_course` [ RunTime:0.0180s ]
NOTIC: [8] Use of undefined constant id - assumed 'id' D:\xampp\htdocs\ZH\educational_administration_system\Application\Teacher\Controller\ContentController.class.php 第 41 行.
SQL: SELECT `plan` FROM `edu_course` WHERE `id` = 10 LIMIT 1   [ RunTime:0.0003s ]
SQL: SHOW COLUMNS FROM `edu_login` [ RunTime:0.0055s ]
NOTIC: [8] Use of undefined constant user - assumed 'user' D:\xampp\htdocs\ZH\educational_administration_system\Application\Teacher\Controller\ContentController.class.php 第 47 行.
SQL: SELECT * FROM `edu_login` WHERE `user` = '1317404001' LIMIT 1   [ RunTime:0.0003s ]
NOTIC: [8] Use of undefined constant room - assumed 'room' D:\xampp\htdocs\ZH\educational_administration_system\Application\Teacher\Controller\ContentController.class.php 第 49 行.
NOTIC: [8] Use of undefined constant user - assumed 'user' D:\xampp\htdocs\ZH\educational_administration_system\Application\Teacher\Controller\ContentController.class.php 第 47 行.
SQL: SELECT * FROM `edu_login` WHERE `user` = '1317403901' LIMIT 1   [ RunTime:0.0002s ]
NOTIC: [8] Use of undefined constant room - assumed 'room' D:\xampp\htdocs\ZH\educational_administration_system\Application\Teacher\Controller\ContentController.class.php 第 49 行.
NOTIC: [8] Use of undefined constant user - assumed 'user' D:\xampp\htdocs\ZH\educational_administration_system\Application\Teacher\Controller\ContentController.class.php 第 47 行.
SQL: SELECT * FROM `edu_login` WHERE `user` = '1317404002' LIMIT 1   [ RunTime:0.0002s ]
NOTIC: [8] Use of undefined constant room - assumed 'room' D:\xampp\htdocs\ZH\educational_administration_system\Application\Teacher\Controller\ContentController.class.php 第 49 行.
NOTIC: [8] Use of undefined constant user - assumed 'user' D:\xampp\htdocs\ZH\educational_administration_system\Application\Teacher\Controller\ContentController.class.php 第 47 行.
SQL: SELECT * FROM `edu_login` WHERE `user` = '1317404005' LIMIT 1   [ RunTime:0.0002s ]
NOTIC: [8] Use of undefined constant room - assumed 'room' D:\xampp\htdocs\ZH\educational_administration_system\Application\Teacher\Controller\ContentController.class.php 第 49 行.
NOTIC: [8] Use of undefined constant user - assumed 'user' D:\xampp\htdocs\ZH\educational_administration_system\Application\Teacher\Controller\ContentController.class.php 第 55 行.
NOTIC: [8] Use of undefined constant user - assumed 'user' D:\xampp\htdocs\ZH\educational_administration_system\Application\Teacher\Controller\ContentController.class.php 第 55 行.
NOTIC: [8] Use of undefined constant user - assumed 'user' D:\xampp\htdocs\ZH\educational_administration_system\Application\Teacher\Controller\ContentController.class.php 第 55 行.
NOTIC: [8] Use of undefined constant user - assumed 'user' D:\xampp\htdocs\ZH\educational_administration_system\Application\Teacher\Controller\ContentController.class.php 第 55 行.
NOTIC: [8] Use of undefined constant user - assumed 'user' D:\xampp\htdocs\ZH\educational_administration_system\Application\Teacher\Controller\ContentController.class.php 第 55 行.
NOTIC: [8] Use of undefined constant user - assumed 'user' D:\xampp\htdocs\ZH\educational_administration_system\Application\Teacher\Controller\ContentController.class.php 第 55 行.
NOTIC: [8] Use of undefined constant user - assumed 'user' D:\xampp\htdocs\ZH\educational_administration_system\Application\Teacher\Controller\ContentController.class.php 第 55 行.
NOTIC: [8] Use of undefined constant user - assumed 'user' D:\xampp\htdocs\ZH\educational_administration_system\Application\Teacher\Controller\ContentController.class.php 第 55 行.
NOTIC: [8] Use of undefined constant user - assumed 'user' D:\xampp\htdocs\ZH\educational_administration_system\Application\Teacher\Controller\ContentController.class.php 第 55 行.
NOTIC: [8] Use of undefined constant user - assumed 'user' D:\xampp\htdocs\ZH\educational_administration_system\Application\Teacher\Controller\ContentController.class.php 第 55 行.
NOTIC: [8] Use of undefined constant user - assumed 'user' D:\xampp\htdocs\ZH\educational_administration_system\Application\Teacher\Controller\ContentController.class.php 第 55 行.
NOTIC: [8] Use of undefined constant user - assumed 'user' D:\xampp\htdocs\ZH\educational_administration_system\Application\Teacher\Controller\ContentController.class.php 第 55 行.

